2025-01-08T22:35:00.650+0100 INFO               [main]                         be.pxl.services.CommentTests  - Starting CommentTests using Java 21.0.2 with PID 8288 (started by Arne in C:\Users\Arne\Documents\PXL_VIERDE_JAAR\1_FullstackJava\Project\project-ArneJanssenPXL\backend-java\FullStackJavaPXL\comment-service)
2025-01-08T22:35:00.651+0100 DEBUG              [main]                         be.pxl.services.CommentTests  - Running with Spring Boot v3.3.5, Spring v6.1.14
2025-01-08T22:35:00.653+0100 INFO               [main]                         be.pxl.services.CommentTests  - No active profile set, falling back to 1 default profile: "default"
2025-01-08T22:35:08.307+0100 INFO               [main]                         be.pxl.services.CommentTests  - Started CommentTests in 8.911 seconds (process running for 32.082)
2025-01-08T22:35:08.709+0100 INFO               [main]                         be.pxl.services.controller.api.CommentController - Calling endpoint [DELETE] /api/comment/1
2025-01-08T22:35:08.710+0100 INFO               [main]                         be.pxl.services.services.CommentService - Finding comment with id 1
2025-01-08T22:35:08.742+0100 INFO               [main]                         be.pxl.services.services.CommentService - Checking for correct permissions.
2025-01-08T22:35:08.742+0100 INFO               [main]                         be.pxl.services.services.CommentService - User: testUser has the correct permissions
2025-01-08T22:35:08.743+0100 INFO               [main]                         be.pxl.services.services.CommentService - Deleting comment with id: 1
2025-01-08T22:35:08.766+0100 INFO               [main]                         be.pxl.services.services.CommentService - Comment has been deletet
2025-01-08T22:35:08.857+0100 INFO               [main]                         be.pxl.services.controller.api.CommentController - Calling endpoint [POST] /api/comment/
2025-01-08T22:35:08.857+0100 INFO               [main]                         be.pxl.services.services.CommentService - Finding post with id: 15
2025-01-08T22:35:08.877+0100 INFO               [main]                         be.pxl.services.services.CommentService - Post with id: 15 found
2025-01-08T22:35:08.877+0100 INFO               [main]                         be.pxl.services.services.CommentService - Checking for correct permissions.
2025-01-08T22:35:08.926+0100 INFO               [main]                         be.pxl.services.controller.api.CommentController - Calling endpoint [GET] /api/comment/15
2025-01-08T22:35:08.927+0100 INFO               [main]                         be.pxl.services.services.CommentService - Retrieving all comments
2025-01-08T22:35:08.971+0100 INFO               [main]                         be.pxl.services.services.CommentService - Mapping [Comment(id=2, postId=15, text=Sample Comment, dateCreated=2025-01-08T22:35:08.903895, commenter=testUser, commenterId=123)] To CommentResponse
2025-01-08T22:35:09.106+0100 INFO               [main]                         be.pxl.services.controller.api.CommentController - Calling endpoint [POST] /api/comment/
2025-01-08T22:35:09.106+0100 INFO               [main]                         be.pxl.services.services.CommentService - Finding post with id: 15
2025-01-08T22:35:09.111+0100 INFO               [main]                         be.pxl.services.services.CommentService - Post with id: 15 found
2025-01-08T22:35:09.111+0100 INFO               [main]                         be.pxl.services.services.CommentService - Checking for correct permissions.
2025-01-08T22:35:09.111+0100 INFO               [main]                         be.pxl.services.services.CommentService - User: testUser has the correct permissions
2025-01-08T22:35:09.112+0100 INFO               [main]                         be.pxl.services.services.CommentService - Create comment
2025-01-08T22:35:09.112+0100 INFO               [main]                         be.pxl.services.services.CommentService - Comment has been created
2025-01-08T22:35:09.112+0100 INFO               [main]                         be.pxl.services.services.CommentService - Saving comment (Comment(id=null, postId=15, text=New Comment, dateCreated=2025-01-08T22:35:09.112234200, commenter=testUser, commenterId=123)) in repository
2025-01-08T22:35:09.129+0100 INFO               [main]                         be.pxl.services.services.CommentService - Successfully saved comment with id: 3
2025-01-08T22:35:09.129+0100 INFO               [main]                         be.pxl.services.services.CommentService - Mapping Comment(id=3, postId=15, text=New Comment, dateCreated=2025-01-08T22:35:09.112234200, commenter=testUser, commenterId=123) To CommentResponse
2025-01-08T22:35:09.185+0100 INFO               [main]                         be.pxl.services.controller.api.CommentController - Calling endpoint [PUT] /api/comment/4
2025-01-08T22:35:09.185+0100 INFO               [main]                         be.pxl.services.services.CommentService - Finding comment with id 4
2025-01-08T22:35:09.196+0100 INFO               [main]                         be.pxl.services.services.CommentService - Finding post with id: 4
2025-01-08T22:35:09.197+0100 INFO               [main]                         be.pxl.services.services.CommentService - Post with id: 4 found
2025-01-08T22:35:09.197+0100 INFO               [main]                         be.pxl.services.services.CommentService - Checking for correct permissions.
2025-01-08T22:35:09.197+0100 INFO               [main]                         be.pxl.services.services.CommentService - User: testUser has the correct permissions
2025-01-08T22:35:09.197+0100 INFO               [main]                         be.pxl.services.services.CommentService - Checking if user is owner
2025-01-08T22:35:09.197+0100 INFO               [main]                         be.pxl.services.services.CommentService - User is the owner
2025-01-08T22:35:09.197+0100 INFO               [main]                         be.pxl.services.services.CommentService - Checking for correct postStatus
2025-01-08T22:35:09.197+0100 INFO               [main]                         be.pxl.services.services.CommentService - Post has appropriate PostStatus
2025-01-08T22:35:09.197+0100 INFO               [main]                         be.pxl.services.services.CommentService - Updating comment properties
2025-01-08T22:35:09.197+0100 INFO               [main]                         be.pxl.services.services.CommentService - Saving comment (Comment(id=4, postId=15, text=Updated Comment, dateCreated=2025-01-08T22:35:09.163730, commenter=testUser, commenterId=123)) in repository
2025-01-08T22:35:09.220+0100 INFO               [main]                         be.pxl.services.services.CommentService - Successfully saved comment with id: 4
2025-01-08T22:35:09.220+0100 INFO               [main]                         be.pxl.services.services.CommentService - Mapping Comment(id=4, postId=15, text=Updated Comment, dateCreated=2025-01-08T22:35:09.163730, commenter=testUser, commenterId=123) To CommentResponse
2025-01-08T22:37:58.728+0100 INFO               [main]                         be.pxl.services.CommentTests  - Starting CommentTests using Java 21.0.2 with PID 7056 (started by Arne in C:\Users\Arne\Documents\PXL_VIERDE_JAAR\1_FullstackJava\Project\project-ArneJanssenPXL\backend-java\FullStackJavaPXL\comment-service)
2025-01-08T22:37:58.729+0100 DEBUG              [main]                         be.pxl.services.CommentTests  - Running with Spring Boot v3.3.5, Spring v6.1.14
2025-01-08T22:37:58.730+0100 INFO               [main]                         be.pxl.services.CommentTests  - No active profile set, falling back to 1 default profile: "default"
2025-01-08T22:38:06.740+0100 INFO               [main]                         be.pxl.services.CommentTests  - Started CommentTests in 9.403 seconds (process running for 32.612)
2025-01-08T22:38:07.120+0100 INFO               [main]                         be.pxl.services.controller.api.CommentController - Calling endpoint [DELETE] /api/comment/1
2025-01-08T22:38:07.121+0100 INFO               [main]                         be.pxl.services.services.CommentService - Finding comment with id 1
2025-01-08T22:38:07.150+0100 INFO               [main]                         be.pxl.services.services.CommentService - Checking for correct permissions.
2025-01-08T22:38:07.150+0100 INFO               [main]                         be.pxl.services.services.CommentService - User: testUser has the correct permissions
2025-01-08T22:38:07.150+0100 INFO               [main]                         be.pxl.services.services.CommentService - Deleting comment with id: 1
2025-01-08T22:38:07.177+0100 INFO               [main]                         be.pxl.services.services.CommentService - Comment has been deletet
2025-01-08T22:38:07.257+0100 INFO               [main]                         be.pxl.services.controller.api.CommentController - Calling endpoint [POST] /api/comment/
2025-01-08T22:38:07.257+0100 INFO               [main]                         be.pxl.services.services.CommentService - Finding post with id: 15
2025-01-08T22:38:07.280+0100 INFO               [main]                         be.pxl.services.services.CommentService - Post with id: 15 found
2025-01-08T22:38:07.281+0100 INFO               [main]                         be.pxl.services.services.CommentService - Checking for correct permissions.
2025-01-08T22:38:07.325+0100 INFO               [main]                         be.pxl.services.controller.api.CommentController - Calling endpoint [GET] /api/comment/15
2025-01-08T22:38:07.326+0100 INFO               [main]                         be.pxl.services.services.CommentService - Retrieving all comments
2025-01-08T22:38:07.363+0100 INFO               [main]                         be.pxl.services.services.CommentService - Mapping [Comment(id=2, postId=15, text=Sample Comment, dateCreated=2025-01-08T22:38:07.310042, commenter=testUser, commenterId=123)] To CommentResponse
2025-01-08T22:38:07.479+0100 INFO               [main]                         be.pxl.services.controller.api.CommentController - Calling endpoint [POST] /api/comment/
2025-01-08T22:38:07.479+0100 INFO               [main]                         be.pxl.services.services.CommentService - Finding post with id: 15
2025-01-08T22:38:07.484+0100 INFO               [main]                         be.pxl.services.services.CommentService - Post with id: 15 found
2025-01-08T22:38:07.484+0100 INFO               [main]                         be.pxl.services.services.CommentService - Checking for correct permissions.
2025-01-08T22:38:07.484+0100 INFO               [main]                         be.pxl.services.services.CommentService - User: testUser has the correct permissions
2025-01-08T22:38:07.485+0100 INFO               [main]                         be.pxl.services.services.CommentService - Create comment
2025-01-08T22:38:07.485+0100 INFO               [main]                         be.pxl.services.services.CommentService - Comment has been created
2025-01-08T22:38:07.485+0100 INFO               [main]                         be.pxl.services.services.CommentService - Saving comment (Comment(id=null, postId=15, text=New Comment, dateCreated=2025-01-08T22:38:07.485111700, commenter=testUser, commenterId=123)) in repository
2025-01-08T22:38:07.501+0100 INFO               [main]                         be.pxl.services.services.CommentService - Successfully saved comment with id: 3
2025-01-08T22:38:07.501+0100 INFO               [main]                         be.pxl.services.services.CommentService - Mapping Comment(id=3, postId=15, text=New Comment, dateCreated=2025-01-08T22:38:07.485111700, commenter=testUser, commenterId=123) To CommentResponse
2025-01-08T22:38:07.554+0100 INFO               [main]                         be.pxl.services.controller.api.CommentController - Calling endpoint [PUT] /api/comment/4
2025-01-08T22:38:07.555+0100 INFO               [main]                         be.pxl.services.services.CommentService - Finding comment with id 4
2025-01-08T22:38:07.568+0100 INFO               [main]                         be.pxl.services.services.CommentService - Finding post with id: 4
2025-01-08T22:38:07.569+0100 INFO               [main]                         be.pxl.services.services.CommentService - Post with id: 4 found
2025-01-08T22:38:07.569+0100 INFO               [main]                         be.pxl.services.services.CommentService - Checking for correct permissions.
2025-01-08T22:38:07.569+0100 INFO               [main]                         be.pxl.services.services.CommentService - User: testUser has the correct permissions
2025-01-08T22:38:07.570+0100 INFO               [main]                         be.pxl.services.services.CommentService - Checking if user is owner
2025-01-08T22:38:07.570+0100 INFO               [main]                         be.pxl.services.services.CommentService - User is the owner
2025-01-08T22:38:07.570+0100 INFO               [main]                         be.pxl.services.services.CommentService - Checking for correct postStatus
2025-01-08T22:38:07.570+0100 INFO               [main]                         be.pxl.services.services.CommentService - Post has appropriate PostStatus
2025-01-08T22:38:07.570+0100 INFO               [main]                         be.pxl.services.services.CommentService - Updating comment properties
2025-01-08T22:38:07.570+0100 INFO               [main]                         be.pxl.services.services.CommentService - Saving comment (Comment(id=4, postId=15, text=Updated Comment, dateCreated=2025-01-08T22:38:07.532876, commenter=testUser, commenterId=123)) in repository
2025-01-08T22:38:07.595+0100 INFO               [main]                         be.pxl.services.services.CommentService - Successfully saved comment with id: 4
2025-01-08T22:38:07.596+0100 INFO               [main]                         be.pxl.services.services.CommentService - Mapping Comment(id=4, postId=15, text=Updated Comment, dateCreated=2025-01-08T22:38:07.532876, commenter=testUser, commenterId=123) To CommentResponse
2025-01-08T22:46:19.246+0100 INFO               [main]                         be.pxl.services.CommentTests  - Starting CommentTests using Java 21.0.2 with PID 17604 (started by Arne in C:\Users\Arne\Documents\PXL_VIERDE_JAAR\1_FullstackJava\Project\project-ArneJanssenPXL\backend-java\FullStackJavaPXL\comment-service)
2025-01-08T22:46:19.247+0100 DEBUG              [main]                         be.pxl.services.CommentTests  - Running with Spring Boot v3.3.5, Spring v6.1.14
2025-01-08T22:46:19.247+0100 INFO               [main]                         be.pxl.services.CommentTests  - No active profile set, falling back to 1 default profile: "default"
2025-01-08T22:46:27.017+0100 INFO               [main]                         be.pxl.services.CommentTests  - Started CommentTests in 9.026 seconds (process running for 29.679)
2025-01-08T22:46:27.382+0100 INFO               [main]                         be.pxl.services.controller.api.CommentController - Calling endpoint [DELETE] /api/comment/1
2025-01-08T22:46:27.383+0100 INFO               [main]                         be.pxl.services.services.CommentService - Finding comment with id 1
2025-01-08T22:46:27.410+0100 INFO               [main]                         be.pxl.services.services.CommentService - Checking for correct permissions.
2025-01-08T22:46:27.410+0100 INFO               [main]                         be.pxl.services.services.CommentService - User: testUser has the correct permissions
2025-01-08T22:46:27.411+0100 INFO               [main]                         be.pxl.services.services.CommentService - Deleting comment with id: 1
2025-01-08T22:46:27.433+0100 INFO               [main]                         be.pxl.services.services.CommentService - Comment has been deletet
2025-01-08T22:46:27.513+0100 INFO               [main]                         be.pxl.services.controller.api.CommentController - Calling endpoint [POST] /api/comment/
2025-01-08T22:46:27.514+0100 INFO               [main]                         be.pxl.services.services.CommentService - Finding post with id: 15
2025-01-08T22:46:27.540+0100 INFO               [main]                         be.pxl.services.services.CommentService - Post with id: 15 found
2025-01-08T22:46:27.540+0100 INFO               [main]                         be.pxl.services.services.CommentService - Checking for correct permissions.
2025-01-08T22:46:27.601+0100 INFO               [main]                         be.pxl.services.controller.api.CommentController - Calling endpoint [PUT] /api/comment/2
2025-01-08T22:46:27.601+0100 INFO               [main]                         be.pxl.services.services.CommentService - Finding comment with id 2
2025-01-08T22:46:27.616+0100 INFO               [main]                         be.pxl.services.services.CommentService - Finding post with id: 2
2025-01-08T22:46:27.622+0100 INFO               [main]                         be.pxl.services.services.CommentService - Post with id: 2 found
2025-01-08T22:46:27.622+0100 INFO               [main]                         be.pxl.services.services.CommentService - Checking for correct permissions.
2025-01-08T22:46:27.622+0100 INFO               [main]                         be.pxl.services.services.CommentService - User: testUser has the correct permissions
2025-01-08T22:46:27.622+0100 INFO               [main]                         be.pxl.services.services.CommentService - Checking if user is owner
2025-01-08T22:46:27.622+0100 INFO               [main]                         be.pxl.services.services.CommentService - User is the owner
2025-01-08T22:46:27.623+0100 INFO               [main]                         be.pxl.services.services.CommentService - Checking for correct postStatus
2025-01-08T22:46:27.680+0100 INFO               [main]                         be.pxl.services.controller.api.CommentController - Calling endpoint [GET] /api/comment/15
2025-01-08T22:46:27.680+0100 INFO               [main]                         be.pxl.services.services.CommentService - Retrieving all comments
2025-01-08T22:46:27.715+0100 INFO               [main]                         be.pxl.services.services.CommentService - Mapping [Comment(id=3, postId=15, text=Sample Comment, dateCreated=2025-01-08T22:46:27.659312, commenter=testUser, commenterId=123)] To CommentResponse
2025-01-08T22:46:27.811+0100 INFO               [main]                         be.pxl.services.controller.api.CommentController - Calling endpoint [PUT] /api/comment/4
2025-01-08T22:46:27.812+0100 INFO               [main]                         be.pxl.services.services.CommentService - Finding comment with id 4
2025-01-08T22:46:27.823+0100 INFO               [main]                         be.pxl.services.services.CommentService - Finding post with id: 4
2025-01-08T22:46:27.823+0100 INFO               [main]                         be.pxl.services.services.CommentService - Post with id: 4 found
2025-01-08T22:46:27.823+0100 INFO               [main]                         be.pxl.services.services.CommentService - Checking for correct permissions.
2025-01-08T22:46:27.823+0100 INFO               [main]                         be.pxl.services.services.CommentService - User: testUser has the correct permissions
2025-01-08T22:46:27.823+0100 INFO               [main]                         be.pxl.services.services.CommentService - Checking if user is owner
2025-01-08T22:46:27.867+0100 INFO               [main]                         be.pxl.services.controller.api.CommentController - Calling endpoint [POST] /api/comment/
2025-01-08T22:46:27.867+0100 INFO               [main]                         be.pxl.services.services.CommentService - Finding post with id: 15
2025-01-08T22:46:27.867+0100 INFO               [main]                         be.pxl.services.services.CommentService - Post with id: 15 found
2025-01-08T22:46:27.868+0100 INFO               [main]                         be.pxl.services.services.CommentService - Checking for correct permissions.
2025-01-08T22:46:27.868+0100 INFO               [main]                         be.pxl.services.services.CommentService - User: testUser has the correct permissions
2025-01-08T22:46:27.868+0100 INFO               [main]                         be.pxl.services.services.CommentService - Create comment
2025-01-08T22:46:27.868+0100 INFO               [main]                         be.pxl.services.services.CommentService - Comment has been created
2025-01-08T22:46:27.868+0100 INFO               [main]                         be.pxl.services.services.CommentService - Saving comment (Comment(id=null, postId=15, text=New Comment, dateCreated=2025-01-08T22:46:27.868530400, commenter=testUser, commenterId=123)) in repository
2025-01-08T22:46:27.884+0100 INFO               [main]                         be.pxl.services.services.CommentService - Successfully saved comment with id: 5
2025-01-08T22:46:27.884+0100 INFO               [main]                         be.pxl.services.services.CommentService - Mapping Comment(id=5, postId=15, text=New Comment, dateCreated=2025-01-08T22:46:27.868530400, commenter=testUser, commenterId=123) To CommentResponse
2025-01-08T22:46:27.935+0100 INFO               [main]                         be.pxl.services.controller.api.CommentController - Calling endpoint [PUT] /api/comment/6
2025-01-08T22:46:27.935+0100 INFO               [main]                         be.pxl.services.services.CommentService - Finding comment with id 6
2025-01-08T22:46:27.947+0100 INFO               [main]                         be.pxl.services.services.CommentService - Finding post with id: 6
2025-01-08T22:46:27.948+0100 INFO               [main]                         be.pxl.services.services.CommentService - Post with id: 6 found
2025-01-08T22:46:27.948+0100 INFO               [main]                         be.pxl.services.services.CommentService - Checking for correct permissions.
2025-01-08T22:46:27.948+0100 INFO               [main]                         be.pxl.services.services.CommentService - User: testUser has the correct permissions
2025-01-08T22:46:27.948+0100 INFO               [main]                         be.pxl.services.services.CommentService - Checking if user is owner
2025-01-08T22:46:27.948+0100 INFO               [main]                         be.pxl.services.services.CommentService - User is the owner
2025-01-08T22:46:27.948+0100 INFO               [main]                         be.pxl.services.services.CommentService - Checking for correct postStatus
2025-01-08T22:46:27.948+0100 INFO               [main]                         be.pxl.services.services.CommentService - Post has appropriate PostStatus
2025-01-08T22:46:27.948+0100 INFO               [main]                         be.pxl.services.services.CommentService - Updating comment properties
2025-01-08T22:46:27.948+0100 INFO               [main]                         be.pxl.services.services.CommentService - Saving comment (Comment(id=6, postId=15, text=Updated Comment, dateCreated=2025-01-08T22:46:27.916785, commenter=testUser, commenterId=123)) in repository
2025-01-08T22:46:27.977+0100 INFO               [main]                         be.pxl.services.services.CommentService - Successfully saved comment with id: 6
2025-01-08T22:46:27.977+0100 INFO               [main]                         be.pxl.services.services.CommentService - Mapping Comment(id=6, postId=15, text=Updated Comment, dateCreated=2025-01-08T22:46:27.916785, commenter=testUser, commenterId=123) To CommentResponse
2025-01-08T22:46:28.023+0100 INFO               [main]                         be.pxl.services.controller.api.CommentController - Calling endpoint [PUT] /api/comment/7
2025-01-08T22:46:28.023+0100 INFO               [main]                         be.pxl.services.services.CommentService - Finding comment with id 7
2025-01-08T22:46:28.034+0100 INFO               [main]                         be.pxl.services.services.CommentService - Finding post with id: 7
2025-01-08T22:46:28.034+0100 INFO               [main]                         be.pxl.services.services.CommentService - Post with id: 7 found
2025-01-08T22:46:28.034+0100 INFO               [main]                         be.pxl.services.services.CommentService - Checking for correct permissions.
2025-01-08T22:47:49.966+0100 INFO               [main]                         be.pxl.services.CommentTests  - Starting CommentTests using Java 21.0.2 with PID 13100 (started by Arne in C:\Users\Arne\Documents\PXL_VIERDE_JAAR\1_FullstackJava\Project\project-ArneJanssenPXL\backend-java\FullStackJavaPXL\comment-service)
2025-01-08T22:47:49.969+0100 DEBUG              [main]                         be.pxl.services.CommentTests  - Running with Spring Boot v3.3.5, Spring v6.1.14
2025-01-08T22:47:49.970+0100 INFO               [main]                         be.pxl.services.CommentTests  - No active profile set, falling back to 1 default profile: "default"
2025-01-08T22:47:58.315+0100 INFO               [main]                         be.pxl.services.CommentTests  - Started CommentTests in 9.735 seconds (process running for 30.958)
2025-01-08T22:47:58.641+0100 INFO               [main]                         be.pxl.services.controller.api.CommentController - Calling endpoint [DELETE] /api/comment/1
2025-01-08T22:47:58.642+0100 INFO               [main]                         be.pxl.services.services.CommentService - Finding comment with id 1
2025-01-08T22:47:58.671+0100 INFO               [main]                         be.pxl.services.services.CommentService - Checking for correct permissions.
2025-01-08T22:47:58.671+0100 INFO               [main]                         be.pxl.services.services.CommentService - User: testUser has the correct permissions
2025-01-08T22:47:58.671+0100 INFO               [main]                         be.pxl.services.services.CommentService - Deleting comment with id: 1
2025-01-08T22:47:58.698+0100 INFO               [main]                         be.pxl.services.services.CommentService - Comment has been deletet
2025-01-08T22:47:58.782+0100 INFO               [main]                         be.pxl.services.controller.api.CommentController - Calling endpoint [POST] /api/comment/
2025-01-08T22:47:58.782+0100 INFO               [main]                         be.pxl.services.services.CommentService - Finding post with id: 15
2025-01-08T22:47:58.803+0100 INFO               [main]                         be.pxl.services.services.CommentService - Post with id: 15 found
2025-01-08T22:47:58.803+0100 INFO               [main]                         be.pxl.services.services.CommentService - Checking for correct permissions.
2025-01-08T22:47:58.858+0100 INFO               [main]                         be.pxl.services.controller.api.CommentController - Calling endpoint [PUT] /api/comment/2
2025-01-08T22:47:58.858+0100 INFO               [main]                         be.pxl.services.services.CommentService - Finding comment with id 2
2025-01-08T22:47:58.870+0100 INFO               [main]                         be.pxl.services.services.CommentService - Finding post with id: 2
2025-01-08T22:47:58.875+0100 INFO               [main]                         be.pxl.services.services.CommentService - Post with id: 2 found
2025-01-08T22:47:58.876+0100 INFO               [main]                         be.pxl.services.services.CommentService - Checking for correct permissions.
2025-01-08T22:47:58.876+0100 INFO               [main]                         be.pxl.services.services.CommentService - User: testUser has the correct permissions
2025-01-08T22:47:58.876+0100 INFO               [main]                         be.pxl.services.services.CommentService - Checking if user is owner
2025-01-08T22:47:58.876+0100 INFO               [main]                         be.pxl.services.services.CommentService - User is the owner
2025-01-08T22:47:58.877+0100 INFO               [main]                         be.pxl.services.services.CommentService - Checking for correct postStatus
2025-01-08T22:47:58.925+0100 INFO               [main]                         be.pxl.services.controller.api.CommentController - Calling endpoint [GET] /api/comment/15
2025-01-08T22:47:58.926+0100 INFO               [main]                         be.pxl.services.services.CommentService - Retrieving all comments
2025-01-08T22:47:58.962+0100 INFO               [main]                         be.pxl.services.services.CommentService - Mapping [Comment(id=3, postId=15, text=Sample Comment, dateCreated=2025-01-08T22:47:58.907311, commenter=testUser, commenterId=123)] To CommentResponse
2025-01-08T22:47:59.060+0100 INFO               [main]                         be.pxl.services.controller.api.CommentController - Calling endpoint [PUT] /api/comment/4
2025-01-08T22:47:59.060+0100 INFO               [main]                         be.pxl.services.services.CommentService - Finding comment with id 4
2025-01-08T22:47:59.071+0100 INFO               [main]                         be.pxl.services.services.CommentService - Finding post with id: 4
2025-01-08T22:47:59.071+0100 INFO               [main]                         be.pxl.services.services.CommentService - Post with id: 4 found
2025-01-08T22:47:59.071+0100 INFO               [main]                         be.pxl.services.services.CommentService - Checking for correct permissions.
2025-01-08T22:47:59.072+0100 INFO               [main]                         be.pxl.services.services.CommentService - User: testUser has the correct permissions
2025-01-08T22:47:59.072+0100 INFO               [main]                         be.pxl.services.services.CommentService - Checking if user is owner
2025-01-08T22:47:59.103+0100 INFO               [main]                         be.pxl.services.controller.api.CommentController - Calling endpoint [POST] /api/comment/
2025-01-08T22:47:59.103+0100 INFO               [main]                         be.pxl.services.services.CommentService - Finding post with id: 15
2025-01-08T22:47:59.103+0100 INFO               [main]                         be.pxl.services.services.CommentService - Post with id: 15 found
2025-01-08T22:47:59.103+0100 INFO               [main]                         be.pxl.services.services.CommentService - Checking for correct permissions.
2025-01-08T22:47:59.103+0100 INFO               [main]                         be.pxl.services.services.CommentService - User: testUser has the correct permissions
2025-01-08T22:47:59.103+0100 INFO               [main]                         be.pxl.services.services.CommentService - Create comment
2025-01-08T22:47:59.105+0100 INFO               [main]                         be.pxl.services.services.CommentService - Comment has been created
2025-01-08T22:47:59.105+0100 INFO               [main]                         be.pxl.services.services.CommentService - Saving comment (Comment(id=null, postId=15, text=New Comment, dateCreated=2025-01-08T22:47:59.105141700, commenter=testUser, commenterId=123)) in repository
2025-01-08T22:47:59.120+0100 INFO               [main]                         be.pxl.services.services.CommentService - Successfully saved comment with id: 5
2025-01-08T22:47:59.120+0100 INFO               [main]                         be.pxl.services.services.CommentService - Mapping Comment(id=5, postId=15, text=New Comment, dateCreated=2025-01-08T22:47:59.105141700, commenter=testUser, commenterId=123) To CommentResponse
2025-01-08T22:47:59.172+0100 INFO               [main]                         be.pxl.services.controller.api.CommentController - Calling endpoint [PUT] /api/comment/6
2025-01-08T22:47:59.172+0100 INFO               [main]                         be.pxl.services.services.CommentService - Finding comment with id 6
2025-01-08T22:47:59.184+0100 INFO               [main]                         be.pxl.services.services.CommentService - Finding post with id: 6
2025-01-08T22:47:59.184+0100 INFO               [main]                         be.pxl.services.services.CommentService - Post with id: 6 found
2025-01-08T22:47:59.185+0100 INFO               [main]                         be.pxl.services.services.CommentService - Checking for correct permissions.
2025-01-08T22:47:59.185+0100 INFO               [main]                         be.pxl.services.services.CommentService - User: testUser has the correct permissions
2025-01-08T22:47:59.185+0100 INFO               [main]                         be.pxl.services.services.CommentService - Checking if user is owner
2025-01-08T22:47:59.185+0100 INFO               [main]                         be.pxl.services.services.CommentService - User is the owner
2025-01-08T22:47:59.185+0100 INFO               [main]                         be.pxl.services.services.CommentService - Checking for correct postStatus
2025-01-08T22:47:59.185+0100 INFO               [main]                         be.pxl.services.services.CommentService - Post has appropriate PostStatus
2025-01-08T22:47:59.185+0100 INFO               [main]                         be.pxl.services.services.CommentService - Updating comment properties
2025-01-08T22:47:59.185+0100 INFO               [main]                         be.pxl.services.services.CommentService - Saving comment (Comment(id=6, postId=15, text=Updated Comment, dateCreated=2025-01-08T22:47:59.152334, commenter=testUser, commenterId=123)) in repository
2025-01-08T22:47:59.211+0100 INFO               [main]                         be.pxl.services.services.CommentService - Successfully saved comment with id: 6
2025-01-08T22:47:59.211+0100 INFO               [main]                         be.pxl.services.services.CommentService - Mapping Comment(id=6, postId=15, text=Updated Comment, dateCreated=2025-01-08T22:47:59.152334, commenter=testUser, commenterId=123) To CommentResponse
2025-01-08T22:47:59.258+0100 INFO               [main]                         be.pxl.services.controller.api.CommentController - Calling endpoint [PUT] /api/comment/7
2025-01-08T22:47:59.258+0100 INFO               [main]                         be.pxl.services.services.CommentService - Finding comment with id 7
2025-01-08T22:47:59.268+0100 INFO               [main]                         be.pxl.services.services.CommentService - Finding post with id: 7
2025-01-08T22:47:59.269+0100 INFO               [main]                         be.pxl.services.services.CommentService - Post with id: 7 found
2025-01-08T22:47:59.269+0100 INFO               [main]                         be.pxl.services.services.CommentService - Checking for correct permissions.
2025-01-08T22:49:01.783+0100 INFO               [main]                         be.pxl.services.CommentTests  - Starting CommentTests using Java 21.0.2 with PID 12208 (started by Arne in C:\Users\Arne\Documents\PXL_VIERDE_JAAR\1_FullstackJava\Project\project-ArneJanssenPXL\backend-java\FullStackJavaPXL\comment-service)
2025-01-08T22:49:01.785+0100 DEBUG              [main]                         be.pxl.services.CommentTests  - Running with Spring Boot v3.3.5, Spring v6.1.14
2025-01-08T22:49:01.786+0100 INFO               [main]                         be.pxl.services.CommentTests  - No active profile set, falling back to 1 default profile: "default"
2025-01-08T22:49:09.562+0100 INFO               [main]                         be.pxl.services.CommentTests  - Started CommentTests in 9.048 seconds (process running for 30.205)
2025-01-08T22:49:09.892+0100 INFO               [main]                         be.pxl.services.controller.api.CommentController - Calling endpoint [DELETE] /api/comment/1
2025-01-08T22:49:09.892+0100 INFO               [main]                         be.pxl.services.services.CommentService - Finding comment with id 1
2025-01-08T22:49:09.921+0100 INFO               [main]                         be.pxl.services.services.CommentService - Checking for correct permissions.
2025-01-08T22:49:09.921+0100 INFO               [main]                         be.pxl.services.services.CommentService - User: testUser has the correct permissions
2025-01-08T22:49:09.921+0100 INFO               [main]                         be.pxl.services.services.CommentService - Deleting comment with id: 1
2025-01-08T22:49:09.948+0100 INFO               [main]                         be.pxl.services.services.CommentService - Comment has been deletet
2025-01-08T22:49:10.036+0100 INFO               [main]                         be.pxl.services.controller.api.CommentController - Calling endpoint [POST] /api/comment/
2025-01-08T22:49:10.036+0100 INFO               [main]                         be.pxl.services.services.CommentService - Finding post with id: 15
2025-01-08T22:49:10.061+0100 INFO               [main]                         be.pxl.services.services.CommentService - Post with id: 15 found
2025-01-08T22:49:10.061+0100 INFO               [main]                         be.pxl.services.services.CommentService - Checking for correct permissions.
2025-01-08T22:49:10.115+0100 INFO               [main]                         be.pxl.services.controller.api.CommentController - Calling endpoint [PUT] /api/comment/2
2025-01-08T22:49:10.115+0100 INFO               [main]                         be.pxl.services.services.CommentService - Finding comment with id 2
2025-01-08T22:49:10.127+0100 INFO               [main]                         be.pxl.services.services.CommentService - Finding post with id: 2
2025-01-08T22:49:10.133+0100 INFO               [main]                         be.pxl.services.services.CommentService - Post with id: 2 found
2025-01-08T22:49:10.134+0100 INFO               [main]                         be.pxl.services.services.CommentService - Checking for correct permissions.
2025-01-08T22:49:10.134+0100 INFO               [main]                         be.pxl.services.services.CommentService - User: testUser has the correct permissions
2025-01-08T22:49:10.134+0100 INFO               [main]                         be.pxl.services.services.CommentService - Checking if user is owner
2025-01-08T22:49:10.134+0100 INFO               [main]                         be.pxl.services.services.CommentService - User is the owner
2025-01-08T22:49:10.134+0100 INFO               [main]                         be.pxl.services.services.CommentService - Checking for correct postStatus
2025-01-08T22:49:10.189+0100 INFO               [main]                         be.pxl.services.controller.api.CommentController - Calling endpoint [GET] /api/comment/15
2025-01-08T22:49:10.189+0100 INFO               [main]                         be.pxl.services.services.CommentService - Retrieving all comments
2025-01-08T22:49:10.224+0100 INFO               [main]                         be.pxl.services.services.CommentService - Mapping [Comment(id=3, postId=15, text=Sample Comment, dateCreated=2025-01-08T22:49:10.169755, commenter=testUser, commenterId=123)] To CommentResponse
2025-01-08T22:49:10.344+0100 INFO               [main]                         be.pxl.services.controller.api.CommentController - Calling endpoint [PUT] /api/comment/4
2025-01-08T22:49:10.344+0100 INFO               [main]                         be.pxl.services.services.CommentService - Finding comment with id 4
2025-01-08T22:49:10.357+0100 INFO               [main]                         be.pxl.services.services.CommentService - Finding post with id: 4
2025-01-08T22:49:10.357+0100 INFO               [main]                         be.pxl.services.services.CommentService - Post with id: 4 found
2025-01-08T22:49:10.358+0100 INFO               [main]                         be.pxl.services.services.CommentService - Checking for correct permissions.
2025-01-08T22:49:10.358+0100 INFO               [main]                         be.pxl.services.services.CommentService - User: testUser has the correct permissions
2025-01-08T22:49:10.358+0100 INFO               [main]                         be.pxl.services.services.CommentService - Checking if user is owner
2025-01-08T22:49:10.392+0100 INFO               [main]                         be.pxl.services.controller.api.CommentController - Calling endpoint [POST] /api/comment/
2025-01-08T22:49:10.392+0100 INFO               [main]                         be.pxl.services.services.CommentService - Finding post with id: 15
2025-01-08T22:49:10.392+0100 INFO               [main]                         be.pxl.services.services.CommentService - Post with id: 15 found
2025-01-08T22:49:10.392+0100 INFO               [main]                         be.pxl.services.services.CommentService - Checking for correct permissions.
2025-01-08T22:49:10.393+0100 INFO               [main]                         be.pxl.services.services.CommentService - User: testUser has the correct permissions
2025-01-08T22:49:10.393+0100 INFO               [main]                         be.pxl.services.services.CommentService - Create comment
2025-01-08T22:49:10.393+0100 INFO               [main]                         be.pxl.services.services.CommentService - Comment has been created
2025-01-08T22:49:10.393+0100 INFO               [main]                         be.pxl.services.services.CommentService - Saving comment (Comment(id=null, postId=15, text=New Comment, dateCreated=2025-01-08T22:49:10.393489500, commenter=testUser, commenterId=123)) in repository
2025-01-08T22:49:10.410+0100 INFO               [main]                         be.pxl.services.services.CommentService - Successfully saved comment with id: 5
2025-01-08T22:49:10.410+0100 INFO               [main]                         be.pxl.services.services.CommentService - Mapping Comment(id=5, postId=15, text=New Comment, dateCreated=2025-01-08T22:49:10.393489500, commenter=testUser, commenterId=123) To CommentResponse
2025-01-08T22:49:10.464+0100 INFO               [main]                         be.pxl.services.controller.api.CommentController - Calling endpoint [PUT] /api/comment/6
2025-01-08T22:49:10.464+0100 INFO               [main]                         be.pxl.services.services.CommentService - Finding comment with id 6
2025-01-08T22:49:10.478+0100 INFO               [main]                         be.pxl.services.services.CommentService - Finding post with id: 6
2025-01-08T22:49:10.478+0100 INFO               [main]                         be.pxl.services.services.CommentService - Post with id: 6 found
2025-01-08T22:49:10.478+0100 INFO               [main]                         be.pxl.services.services.CommentService - Checking for correct permissions.
2025-01-08T22:49:10.478+0100 INFO               [main]                         be.pxl.services.services.CommentService - User: testUser has the correct permissions
2025-01-08T22:49:10.478+0100 INFO               [main]                         be.pxl.services.services.CommentService - Checking if user is owner
2025-01-08T22:49:10.478+0100 INFO               [main]                         be.pxl.services.services.CommentService - User is the owner
2025-01-08T22:49:10.479+0100 INFO               [main]                         be.pxl.services.services.CommentService - Checking for correct postStatus
2025-01-08T22:49:10.479+0100 INFO               [main]                         be.pxl.services.services.CommentService - Post has appropriate PostStatus
2025-01-08T22:49:10.479+0100 INFO               [main]                         be.pxl.services.services.CommentService - Updating comment properties
2025-01-08T22:49:10.479+0100 INFO               [main]                         be.pxl.services.services.CommentService - Saving comment (Comment(id=6, postId=15, text=Updated Comment, dateCreated=2025-01-08T22:49:10.445249, commenter=testUser, commenterId=123)) in repository
2025-01-08T22:49:10.509+0100 INFO               [main]                         be.pxl.services.services.CommentService - Successfully saved comment with id: 6
2025-01-08T22:49:10.510+0100 INFO               [main]                         be.pxl.services.services.CommentService - Mapping Comment(id=6, postId=15, text=Updated Comment, dateCreated=2025-01-08T22:49:10.445249, commenter=testUser, commenterId=123) To CommentResponse
2025-01-08T22:49:10.557+0100 INFO               [main]                         be.pxl.services.controller.api.CommentController - Calling endpoint [PUT] /api/comment/7
2025-01-08T22:49:10.557+0100 INFO               [main]                         be.pxl.services.services.CommentService - Finding comment with id 7
2025-01-08T22:49:10.569+0100 INFO               [main]                         be.pxl.services.services.CommentService - Finding post with id: 7
2025-01-08T22:49:10.569+0100 INFO               [main]                         be.pxl.services.services.CommentService - Post with id: 7 found
2025-01-08T22:49:10.569+0100 INFO               [main]                         be.pxl.services.services.CommentService - Checking for correct permissions.
