2024-11-20T11:33:33.679+0100 INFO               [main]                         be.pxl.services.PostTests     - Starting PostTests using Java 21.0.2 with PID 612 (started by Arne in C:\Users\Arne\Documents\PXL_VIERDE_JAAR\1_FullstackJava\Project\project-ArneJanssenPXL\backend-java\FullStackJavaPXL\post-service)
2024-11-20T11:33:33.700+0100 DEBUG              [main]                         be.pxl.services.PostTests     - Running with Spring Boot v3.3.5, Spring v6.1.14
2024-11-20T11:33:33.701+0100 INFO               [main]                         be.pxl.services.PostTests     - No active profile set, falling back to 1 default profile: "default"
2024-11-20T11:33:43.162+0100 INFO               [main]                         be.pxl.services.PostTests     - Started PostTests in 11.77 seconds (process running for 37.399)
2024-11-20T11:33:44.263+0100 INFO               [main]                         be.pxl.services.controller.api.PostController - Calling endpoint [GET] /api/post/2 with params: 2 in PathVariable
2024-11-20T11:33:44.263+0100 INFO               [main]                         be.pxl.services.services.PostService - Finding post with id: 2
2024-11-20T11:33:44.322+0100 INFO               [main]                         be.pxl.services.services.PostService - Successfully found post with id: 2
2024-11-20T11:33:44.323+0100 INFO               [main]                         be.pxl.services.services.PostService - Mapping Post(id=2, author=Author2, content=Post Content 2, datePublished=2024-11-16T11:33:44.045539, isConcept=false, title=Title2, category=Category2) To PostResponse
2024-11-20T11:33:44.572+0100 INFO               [main]                         be.pxl.services.controller.api.PostController - Calling endpoint [GET] /api/post/published
2024-11-20T11:33:44.572+0100 INFO               [main]                         be.pxl.services.services.PostService - Retrieving all published posts
2024-11-20T11:33:44.619+0100 INFO               [main]                         be.pxl.services.services.PostService - Mapping [Post(id=4, author=Author2, content=Post Content 2, datePublished=2024-11-16T11:33:44.539685, isConcept=false, title=Title2, category=Category2)] To PostResponse
2024-11-20T11:33:44.758+0100 INFO               [main]                         be.pxl.services.controller.api.PostController - Calling endpoint [GET] /api/post
2024-11-20T11:33:44.758+0100 INFO               [main]                         be.pxl.services.services.PostService - Retrieving all posts
2024-11-20T11:33:44.771+0100 INFO               [main]                         be.pxl.services.services.PostService - Mapping [Post(id=5, author=Author1, content=Post Content, datePublished=2024-11-20T11:33:44.707485, isConcept=true, title=Title, category=Category), Post(id=6, author=Author2, content=Post Content 2, datePublished=2024-11-16T11:33:44.707485, isConcept=false, title=Title2, category=Category2)] To PostResponse
2024-11-20T11:33:44.907+0100 INFO               [main]                         be.pxl.services.controller.api.PostController - Calling endpoint [PUT] /api/post/7 with params: 7 in PathVariable & with params: PostRequest(id=null, author=Author1000, content=New Content, datePublished=2024-11-08T11:33:44.892908600, isConcept=false, title=Title2, category=Category2) in RequestBody
2024-11-20T11:33:44.908+0100 INFO               [main]                         be.pxl.services.services.PostService - Finding post with id: 7
2024-11-20T11:33:44.920+0100 INFO               [main]                         be.pxl.services.services.PostService - Updating post properties
2024-11-20T11:33:44.921+0100 INFO               [main]                         be.pxl.services.services.PostService - Saving post (Post(id=7, author=Author1000, content=New Content, datePublished=2024-11-08T11:33:44.892908600, isConcept=false, title=Title2, category=Category2)) in repository
2024-11-20T11:33:44.947+0100 INFO               [main]                         be.pxl.services.services.PostService - Successfully saved post with id: 7
2024-11-20T11:33:44.947+0100 INFO               [main]                         be.pxl.services.services.PostService - Mapping Post(id=7, author=Author1000, content=New Content, datePublished=2024-11-08T11:33:44.892908600, isConcept=false, title=Title2, category=Category2) To PostResponse
2024-11-20T11:33:45.000+0100 INFO               [main]                         be.pxl.services.controller.api.PostController - Calling endpoint [POST] /api/post with params: PostRequest(id=null, author=Author, content=Post Content, datePublished=2024-11-20T11:33:44.997875900, isConcept=true, title=Title, category=Category) in RequestBody
2024-11-20T11:33:45.001+0100 INFO               [main]                         be.pxl.services.services.PostService - Creating post with post-request: PostRequest(id=null, author=Author, content=Post Content, datePublished=2024-11-20T11:33:44.997875900, isConcept=true, title=Title, category=Category)
2024-11-20T11:33:45.001+0100 INFO               [main]                         be.pxl.services.services.PostService - Saving post (Post(id=null, author=Author, content=Post Content, datePublished=2024-11-20T11:33:44.997875900, isConcept=true, title=Title, category=Category)) in repository
2024-11-20T11:33:45.025+0100 INFO               [main]                         be.pxl.services.services.PostService - Successfully saved post with id: 8
2024-11-20T11:33:45.025+0100 INFO               [main]                         be.pxl.services.services.PostService - Mapping Post(id=8, author=Author, content=Post Content, datePublished=2024-11-20T11:33:44.997875900, isConcept=true, title=Title, category=Category) To PostResponse
2024-11-20T11:33:45.096+0100 INFO               [main]                         be.pxl.services.controller.api.PostController - Calling endpoint [GET] /api/post/concept
2024-11-20T11:33:45.097+0100 INFO               [main]                         be.pxl.services.services.PostService - Retrieving all concept posts
2024-11-20T11:33:45.102+0100 INFO               [main]                         be.pxl.services.services.PostService - Mapping [Post(id=9, author=Author1, content=Post Content, datePublished=2024-11-20T11:33:45.068406, isConcept=true, title=Title, category=Category)] To PostResponse
2024-11-20T11:37:57.005+0100 INFO               [main]                         be.pxl.services.PostTests     - Starting PostTests using Java 21.0.2 with PID 22636 (started by Arne in C:\Users\Arne\Documents\PXL_VIERDE_JAAR\1_FullstackJava\Project\project-ArneJanssenPXL\backend-java\FullStackJavaPXL\post-service)
2024-11-20T11:37:57.006+0100 DEBUG              [main]                         be.pxl.services.PostTests     - Running with Spring Boot v3.3.5, Spring v6.1.14
2024-11-20T11:37:57.007+0100 INFO               [main]                         be.pxl.services.PostTests     - No active profile set, falling back to 1 default profile: "default"
2024-11-20T11:38:05.450+0100 INFO               [main]                         be.pxl.services.PostTests     - Started PostTests in 10.668 seconds (process running for 33.113)
2024-11-20T11:38:06.425+0100 INFO               [main]                         be.pxl.services.controller.api.PostController - Calling endpoint [GET] /api/post/2 with params: 2 in PathVariable
2024-11-20T11:38:06.425+0100 INFO               [main]                         be.pxl.services.services.PostService - Finding post with id: 2
2024-11-20T11:38:06.459+0100 INFO               [main]                         be.pxl.services.services.PostService - Successfully found post with id: 2
2024-11-20T11:38:06.460+0100 INFO               [main]                         be.pxl.services.services.PostService - Mapping Post(id=2, author=Author2, content=Post Content 2, datePublished=2024-11-16T11:38:06.284583, isConcept=false, title=Title2, category=Category2) To PostResponse
2024-11-20T11:38:06.642+0100 INFO               [main]                         be.pxl.services.controller.api.PostController - Calling endpoint [GET] /api/post/published
2024-11-20T11:38:06.642+0100 INFO               [main]                         be.pxl.services.services.PostService - Retrieving all published posts
2024-11-20T11:38:06.671+0100 INFO               [main]                         be.pxl.services.services.PostService - Mapping [Post(id=4, author=Author2, content=Post Content 2, datePublished=2024-11-16T11:38:06.605216, isConcept=false, title=Title2, category=Category2)] To PostResponse
2024-11-20T11:38:06.805+0100 INFO               [main]                         be.pxl.services.controller.api.PostController - Calling endpoint [GET] /api/post
2024-11-20T11:38:06.805+0100 INFO               [main]                         be.pxl.services.services.PostService - Retrieving all posts
2024-11-20T11:38:06.821+0100 INFO               [main]                         be.pxl.services.services.PostService - Mapping [Post(id=5, author=Author1, content=Post Content, datePublished=2024-11-20T11:38:06.766630, isConcept=true, title=Title, category=Category), Post(id=6, author=Author2, content=Post Content 2, datePublished=2024-11-16T11:38:06.766630, isConcept=false, title=Title2, category=Category2)] To PostResponse
2024-11-20T11:38:06.919+0100 INFO               [main]                         be.pxl.services.controller.api.PostController - Calling endpoint [PUT] /api/post/7 with params: 7 in PathVariable & with params: PostRequest(id=null, author=Author1000, content=New Content, datePublished=2024-11-08T11:38:06.898657400, isConcept=false, title=Title2, category=Category2) in RequestBody
2024-11-20T11:38:06.921+0100 INFO               [main]                         be.pxl.services.services.PostService - Finding post with id: 7
2024-11-20T11:38:06.935+0100 INFO               [main]                         be.pxl.services.services.PostService - Updating post properties
2024-11-20T11:38:06.936+0100 INFO               [main]                         be.pxl.services.services.PostService - Saving post (Post(id=7, author=Author1000, content=New Content, datePublished=2024-11-08T11:38:06.898657400, isConcept=false, title=Title2, category=Category2)) in repository
2024-11-20T11:38:06.961+0100 INFO               [main]                         be.pxl.services.services.PostService - Successfully saved post with id: 7
2024-11-20T11:38:06.961+0100 INFO               [main]                         be.pxl.services.services.PostService - Mapping Post(id=7, author=Author1000, content=New Content, datePublished=2024-11-08T11:38:06.898657400, isConcept=false, title=Title2, category=Category2) To PostResponse
2024-11-20T11:38:07.021+0100 INFO               [main]                         be.pxl.services.controller.api.PostController - Calling endpoint [POST] /api/post with params: PostRequest(id=null, author=Author, content=Post Content, datePublished=2024-11-20T11:38:07.018790700, isConcept=true, title=Title, category=Category) in RequestBody
2024-11-20T11:38:07.022+0100 INFO               [main]                         be.pxl.services.services.PostService - Creating post with post-request: PostRequest(id=null, author=Author, content=Post Content, datePublished=2024-11-20T11:38:07.018790700, isConcept=true, title=Title, category=Category)
2024-11-20T11:38:07.022+0100 INFO               [main]                         be.pxl.services.services.PostService - Saving post (Post(id=null, author=Author, content=Post Content, datePublished=2024-11-20T11:38:07.018790700, isConcept=true, title=Title, category=Category)) in repository
2024-11-20T11:38:07.038+0100 INFO               [main]                         be.pxl.services.services.PostService - Successfully saved post with id: 8
2024-11-20T11:38:07.038+0100 INFO               [main]                         be.pxl.services.services.PostService - Mapping Post(id=8, author=Author, content=Post Content, datePublished=2024-11-20T11:38:07.018790700, isConcept=true, title=Title, category=Category) To PostResponse
2024-11-20T11:38:07.113+0100 INFO               [main]                         be.pxl.services.controller.api.PostController - Calling endpoint [GET] /api/post/concept
2024-11-20T11:38:07.114+0100 INFO               [main]                         be.pxl.services.services.PostService - Retrieving all concept posts
2024-11-20T11:38:07.119+0100 INFO               [main]                         be.pxl.services.services.PostService - Mapping [Post(id=9, author=Author1, content=Post Content, datePublished=2024-11-20T11:38:07.081065, isConcept=true, title=Title, category=Category)] To PostResponse
2024-11-20T11:39:44.211+0100 INFO               [main]                         be.pxl.services.PostTests     - Starting PostTests using Java 21.0.2 with PID 9332 (started by Arne in C:\Users\Arne\Documents\PXL_VIERDE_JAAR\1_FullstackJava\Project\project-ArneJanssenPXL\backend-java\FullStackJavaPXL\post-service)
2024-11-20T11:39:44.213+0100 DEBUG              [main]                         be.pxl.services.PostTests     - Running with Spring Boot v3.3.5, Spring v6.1.14
2024-11-20T11:39:44.214+0100 INFO               [main]                         be.pxl.services.PostTests     - No active profile set, falling back to 1 default profile: "default"
2024-11-20T11:39:52.822+0100 INFO               [main]                         be.pxl.services.PostTests     - Started PostTests in 10.892 seconds (process running for 33.265)
2024-11-20T11:39:53.743+0100 INFO               [main]                         be.pxl.services.controller.api.PostController - Calling endpoint [GET] /api/post/2 with params: 2 in PathVariable
2024-11-20T11:39:53.744+0100 INFO               [main]                         be.pxl.services.services.PostService - Finding post with id: 2
2024-11-20T11:39:53.778+0100 INFO               [main]                         be.pxl.services.services.PostService - Successfully found post with id: 2
2024-11-20T11:39:53.778+0100 INFO               [main]                         be.pxl.services.services.PostService - Mapping Post(id=2, author=Author2, content=Post Content 2, datePublished=2024-11-16T11:39:53.591569, isConcept=false, title=Title2, category=Category2) To PostResponse
2024-11-20T11:39:53.951+0100 INFO               [main]                         be.pxl.services.controller.api.PostController - Calling endpoint [GET] /api/post/published
2024-11-20T11:39:53.952+0100 INFO               [main]                         be.pxl.services.services.PostService - Retrieving all published posts
2024-11-20T11:39:53.980+0100 INFO               [main]                         be.pxl.services.services.PostService - Mapping [Post(id=4, author=Author2, content=Post Content 2, datePublished=2024-11-16T11:39:53.913698, isConcept=false, title=Title2, category=Category2)] To PostResponse
2024-11-20T11:39:54.106+0100 INFO               [main]                         be.pxl.services.controller.api.PostController - Calling endpoint [GET] /api/post
2024-11-20T11:39:54.107+0100 INFO               [main]                         be.pxl.services.services.PostService - Retrieving all posts
2024-11-20T11:39:54.125+0100 INFO               [main]                         be.pxl.services.services.PostService - Mapping [Post(id=5, author=Author1, content=Post Content, datePublished=2024-11-20T11:39:54.066853, isConcept=true, title=Title, category=Category), Post(id=6, author=Author2, content=Post Content 2, datePublished=2024-11-16T11:39:54.066853, isConcept=false, title=Title2, category=Category2)] To PostResponse
2024-11-20T11:39:54.213+0100 INFO               [main]                         be.pxl.services.controller.api.PostController - Calling endpoint [PUT] /api/post/7 with params: 7 in PathVariable & with params: PostRequest(id=null, author=Author1000, content=New Content, datePublished=2024-11-08T11:39:54.194318, isConcept=false, title=Title2, category=Category2) in RequestBody
2024-11-20T11:39:54.213+0100 INFO               [main]                         be.pxl.services.services.PostService - Finding post with id: 7
2024-11-20T11:39:54.226+0100 INFO               [main]                         be.pxl.services.services.PostService - Updating post properties
2024-11-20T11:39:54.227+0100 INFO               [main]                         be.pxl.services.services.PostService - Saving post (Post(id=7, author=Author1000, content=New Content, datePublished=2024-11-08T11:39:54.194318, isConcept=false, title=Title2, category=Category2)) in repository
2024-11-20T11:39:54.251+0100 INFO               [main]                         be.pxl.services.services.PostService - Successfully saved post with id: 7
2024-11-20T11:39:54.251+0100 INFO               [main]                         be.pxl.services.services.PostService - Mapping Post(id=7, author=Author1000, content=New Content, datePublished=2024-11-08T11:39:54.194318, isConcept=false, title=Title2, category=Category2) To PostResponse
2024-11-20T11:39:54.317+0100 INFO               [main]                         be.pxl.services.controller.api.PostController - Calling endpoint [POST] /api/post with params: PostRequest(id=null, author=Author, content=Post Content, datePublished=2024-11-20T11:39:54.313847500, isConcept=true, title=Title, category=Category) in RequestBody
2024-11-20T11:39:54.317+0100 INFO               [main]                         be.pxl.services.services.PostService - Creating post with post-request: PostRequest(id=null, author=Author, content=Post Content, datePublished=2024-11-20T11:39:54.313847500, isConcept=true, title=Title, category=Category)
2024-11-20T11:39:54.318+0100 INFO               [main]                         be.pxl.services.services.PostService - Saving post (Post(id=null, author=Author, content=Post Content, datePublished=2024-11-20T11:39:54.313847500, isConcept=true, title=Title, category=Category)) in repository
2024-11-20T11:39:54.334+0100 INFO               [main]                         be.pxl.services.services.PostService - Successfully saved post with id: 8
2024-11-20T11:39:54.335+0100 INFO               [main]                         be.pxl.services.services.PostService - Mapping Post(id=8, author=Author, content=Post Content, datePublished=2024-11-20T11:39:54.313847500, isConcept=true, title=Title, category=Category) To PostResponse
2024-11-20T11:39:54.423+0100 INFO               [main]                         be.pxl.services.controller.api.PostController - Calling endpoint [GET] /api/post/concept
2024-11-20T11:39:54.424+0100 INFO               [main]                         be.pxl.services.services.PostService - Retrieving all concept posts
2024-11-20T11:39:54.429+0100 INFO               [main]                         be.pxl.services.services.PostService - Mapping [Post(id=9, author=Author1, content=Post Content, datePublished=2024-11-20T11:39:54.385913, isConcept=true, title=Title, category=Category)] To PostResponse
2024-11-20T11:41:10.070+0100 INFO               [main]                         be.pxl.services.PostTests     - Starting PostTests using Java 21.0.2 with PID 29936 (started by Arne in C:\Users\Arne\Documents\PXL_VIERDE_JAAR\1_FullstackJava\Project\project-ArneJanssenPXL\backend-java\FullStackJavaPXL\post-service)
2024-11-20T11:41:10.071+0100 DEBUG              [main]                         be.pxl.services.PostTests     - Running with Spring Boot v3.3.5, Spring v6.1.14
2024-11-20T11:41:10.073+0100 INFO               [main]                         be.pxl.services.PostTests     - No active profile set, falling back to 1 default profile: "default"
2024-11-20T11:41:18.683+0100 INFO               [main]                         be.pxl.services.PostTests     - Started PostTests in 10.874 seconds (process running for 34.12)
2024-11-20T11:41:19.534+0100 INFO               [main]                         be.pxl.services.controller.api.PostController - Calling endpoint [GET] /api/post/2 with params: 2 in PathVariable
2024-11-20T11:41:19.534+0100 INFO               [main]                         be.pxl.services.services.PostService - Finding post with id: 2
2024-11-20T11:41:19.565+0100 INFO               [main]                         be.pxl.services.services.PostService - Successfully found post with id: 2
2024-11-20T11:41:19.565+0100 INFO               [main]                         be.pxl.services.services.PostService - Mapping Post(id=2, author=Author2, content=Post Content 2, datePublished=2024-11-16T11:41:19.408643, isConcept=false, title=Title2, category=Category2) To PostResponse
2024-11-20T11:41:19.706+0100 INFO               [main]                         be.pxl.services.controller.api.PostController - Calling endpoint [GET] /api/post/published
2024-11-20T11:41:19.706+0100 INFO               [main]                         be.pxl.services.services.PostService - Retrieving all published posts
2024-11-20T11:41:19.738+0100 INFO               [main]                         be.pxl.services.services.PostService - Mapping [Post(id=4, author=Author2, content=Post Content 2, datePublished=2024-11-16T11:41:19.671518, isConcept=false, title=Title2, category=Category2)] To PostResponse
2024-11-20T11:41:19.892+0100 INFO               [main]                         be.pxl.services.controller.api.PostController - Calling endpoint [GET] /api/post
2024-11-20T11:41:19.892+0100 INFO               [main]                         be.pxl.services.services.PostService - Retrieving all posts
2024-11-20T11:41:19.908+0100 INFO               [main]                         be.pxl.services.services.PostService - Mapping [Post(id=5, author=Author1, content=Post Content, datePublished=2024-11-20T11:41:19.860754, isConcept=true, title=Title, category=Category), Post(id=6, author=Author2, content=Post Content 2, datePublished=2024-11-16T11:41:19.860754, isConcept=false, title=Title2, category=Category2)] To PostResponse
2024-11-20T11:41:19.990+0100 INFO               [main]                         be.pxl.services.controller.api.PostController - Calling endpoint [PUT] /api/post/7 with params: 7 in PathVariable & with params: PostRequest(id=null, author=Author1000, content=New Content, datePublished=2024-11-08T11:41:19.972434600, isConcept=false, title=Title2, category=Category2) in RequestBody
2024-11-20T11:41:19.991+0100 INFO               [main]                         be.pxl.services.services.PostService - Finding post with id: 7
2024-11-20T11:41:20.006+0100 INFO               [main]                         be.pxl.services.services.PostService - Updating post properties
2024-11-20T11:41:20.006+0100 INFO               [main]                         be.pxl.services.services.PostService - Saving post (Post(id=7, author=Author1000, content=New Content, datePublished=2024-11-08T11:41:19.972434600, isConcept=false, title=Title2, category=Category2)) in repository
2024-11-20T11:41:20.036+0100 INFO               [main]                         be.pxl.services.services.PostService - Successfully saved post with id: 7
2024-11-20T11:41:20.036+0100 INFO               [main]                         be.pxl.services.services.PostService - Mapping Post(id=7, author=Author1000, content=New Content, datePublished=2024-11-08T11:41:19.972434600, isConcept=false, title=Title2, category=Category2) To PostResponse
2024-11-20T11:41:20.090+0100 INFO               [main]                         be.pxl.services.controller.api.PostController - Calling endpoint [POST] /api/post with params: PostRequest(id=null, author=Author, content=Post Content, datePublished=2024-11-20T11:41:20.087862400, isConcept=true, title=Title, category=Category) in RequestBody
2024-11-20T11:41:20.091+0100 INFO               [main]                         be.pxl.services.services.PostService - Creating post with post-request: PostRequest(id=null, author=Author, content=Post Content, datePublished=2024-11-20T11:41:20.087862400, isConcept=true, title=Title, category=Category)
2024-11-20T11:41:20.091+0100 INFO               [main]                         be.pxl.services.services.PostService - Saving post (Post(id=null, author=Author, content=Post Content, datePublished=2024-11-20T11:41:20.087862400, isConcept=true, title=Title, category=Category)) in repository
2024-11-20T11:41:20.105+0100 INFO               [main]                         be.pxl.services.services.PostService - Successfully saved post with id: 8
2024-11-20T11:41:20.106+0100 INFO               [main]                         be.pxl.services.services.PostService - Mapping Post(id=8, author=Author, content=Post Content, datePublished=2024-11-20T11:41:20.087862400, isConcept=true, title=Title, category=Category) To PostResponse
2024-11-20T11:41:20.177+0100 INFO               [main]                         be.pxl.services.controller.api.PostController - Calling endpoint [GET] /api/post/concept
2024-11-20T11:41:20.177+0100 INFO               [main]                         be.pxl.services.services.PostService - Retrieving all concept posts
2024-11-20T11:41:20.183+0100 INFO               [main]                         be.pxl.services.services.PostService - Mapping [Post(id=9, author=Author1, content=Post Content, datePublished=2024-11-20T11:41:20.147901, isConcept=true, title=Title, category=Category)] To PostResponse
2024-11-20T11:42:54.240+0100 INFO               [main]                         be.pxl.services.PostTests     - Starting PostTests using Java 21.0.2 with PID 24504 (started by Arne in C:\Users\Arne\Documents\PXL_VIERDE_JAAR\1_FullstackJava\Project\project-ArneJanssenPXL\backend-java\FullStackJavaPXL\post-service)
2024-11-20T11:42:54.242+0100 DEBUG              [main]                         be.pxl.services.PostTests     - Running with Spring Boot v3.3.5, Spring v6.1.14
2024-11-20T11:42:54.243+0100 INFO               [main]                         be.pxl.services.PostTests     - No active profile set, falling back to 1 default profile: "default"
2024-11-20T11:43:02.804+0100 INFO               [main]                         be.pxl.services.PostTests     - Started PostTests in 10.871 seconds (process running for 34.485)
2024-11-20T11:43:03.690+0100 INFO               [main]                         be.pxl.services.controller.api.PostController - Calling endpoint [GET] /api/post/2 with params: 2 in PathVariable
2024-11-20T11:43:03.690+0100 INFO               [main]                         be.pxl.services.services.PostService - Finding post with id: 2
2024-11-20T11:43:03.720+0100 INFO               [main]                         be.pxl.services.services.PostService - Successfully found post with id: 2
2024-11-20T11:43:03.720+0100 INFO               [main]                         be.pxl.services.services.PostService - Mapping Post(id=2, author=Author2, content=Post Content 2, datePublished=2024-11-16T11:43:03.564518, isConcept=false, title=Title2, category=Category2) To PostResponse
2024-11-20T11:43:03.860+0100 INFO               [main]                         be.pxl.services.controller.api.PostController - Calling endpoint [GET] /api/post/published
2024-11-20T11:43:03.860+0100 INFO               [main]                         be.pxl.services.services.PostService - Retrieving all published posts
2024-11-20T11:43:03.902+0100 INFO               [main]                         be.pxl.services.services.PostService - Mapping [Post(id=4, author=Author2, content=Post Content 2, datePublished=2024-11-16T11:43:03.823933, isConcept=false, title=Title2, category=Category2)] To PostResponse
2024-11-20T11:43:04.086+0100 INFO               [main]                         be.pxl.services.controller.api.PostController - Calling endpoint [GET] /api/post
2024-11-20T11:43:04.086+0100 INFO               [main]                         be.pxl.services.services.PostService - Retrieving all posts
2024-11-20T11:43:04.099+0100 INFO               [main]                         be.pxl.services.services.PostService - Mapping [Post(id=5, author=Author1, content=Post Content, datePublished=2024-11-20T11:43:04.042722, isConcept=true, title=Title, category=Category), Post(id=6, author=Author2, content=Post Content 2, datePublished=2024-11-16T11:43:04.042722, isConcept=false, title=Title2, category=Category2)] To PostResponse
2024-11-20T11:43:04.176+0100 INFO               [main]                         be.pxl.services.controller.api.PostController - Calling endpoint [PUT] /api/post/7 with params: 7 in PathVariable & with params: PostRequest(id=null, author=Author1000, content=New Content, datePublished=2024-11-08T11:43:04.161108, isConcept=false, title=Title2, category=Category2) in RequestBody
2024-11-20T11:43:04.177+0100 INFO               [main]                         be.pxl.services.services.PostService - Finding post with id: 7
2024-11-20T11:43:04.190+0100 INFO               [main]                         be.pxl.services.services.PostService - Updating post properties
2024-11-20T11:43:04.190+0100 INFO               [main]                         be.pxl.services.services.PostService - Saving post (Post(id=7, author=Author1000, content=New Content, datePublished=2024-11-08T11:43:04.161108, isConcept=false, title=Title2, category=Category2)) in repository
2024-11-20T11:43:04.214+0100 INFO               [main]                         be.pxl.services.services.PostService - Successfully saved post with id: 7
2024-11-20T11:43:04.214+0100 INFO               [main]                         be.pxl.services.services.PostService - Mapping Post(id=7, author=Author1000, content=New Content, datePublished=2024-11-08T11:43:04.161108, isConcept=false, title=Title2, category=Category2) To PostResponse
2024-11-20T11:43:04.267+0100 INFO               [main]                         be.pxl.services.controller.api.PostController - Calling endpoint [POST] /api/post with params: PostRequest(id=null, author=Author, content=Post Content, datePublished=2024-11-20T11:43:04.265038600, isConcept=true, title=Title, category=Category) in RequestBody
2024-11-20T11:43:04.267+0100 INFO               [main]                         be.pxl.services.services.PostService - Creating post with post-request: PostRequest(id=null, author=Author, content=Post Content, datePublished=2024-11-20T11:43:04.265038600, isConcept=true, title=Title, category=Category)
2024-11-20T11:43:04.267+0100 INFO               [main]                         be.pxl.services.services.PostService - Saving post (Post(id=null, author=Author, content=Post Content, datePublished=2024-11-20T11:43:04.265038600, isConcept=true, title=Title, category=Category)) in repository
2024-11-20T11:43:04.281+0100 INFO               [main]                         be.pxl.services.services.PostService - Successfully saved post with id: 8
2024-11-20T11:43:04.282+0100 INFO               [main]                         be.pxl.services.services.PostService - Mapping Post(id=8, author=Author, content=Post Content, datePublished=2024-11-20T11:43:04.265038600, isConcept=true, title=Title, category=Category) To PostResponse
2024-11-20T11:43:04.353+0100 INFO               [main]                         be.pxl.services.controller.api.PostController - Calling endpoint [GET] /api/post/concept
2024-11-20T11:43:04.353+0100 INFO               [main]                         be.pxl.services.services.PostService - Retrieving all concept posts
2024-11-20T11:43:04.358+0100 INFO               [main]                         be.pxl.services.services.PostService - Mapping [Post(id=9, author=Author1, content=Post Content, datePublished=2024-11-20T11:43:04.323028, isConcept=true, title=Title, category=Category)] To PostResponse
2024-11-20T11:46:32.180+0100 INFO               [main]                         be.pxl.services.PostTests     - Starting PostTests using Java 21.0.2 with PID 17924 (started by Arne in C:\Users\Arne\Documents\PXL_VIERDE_JAAR\1_FullstackJava\Project\project-ArneJanssenPXL\backend-java\FullStackJavaPXL\post-service)
2024-11-20T11:46:32.181+0100 DEBUG              [main]                         be.pxl.services.PostTests     - Running with Spring Boot v3.3.5, Spring v6.1.14
2024-11-20T11:46:32.183+0100 INFO               [main]                         be.pxl.services.PostTests     - No active profile set, falling back to 1 default profile: "default"
2024-11-20T11:46:40.754+0100 INFO               [main]                         be.pxl.services.PostTests     - Started PostTests in 10.802 seconds (process running for 33.133)
2024-11-20T11:46:41.625+0100 INFO               [main]                         be.pxl.services.controller.api.PostController - Calling endpoint [GET] /api/post/2 with params: 2 in PathVariable
2024-11-20T11:46:41.625+0100 INFO               [main]                         be.pxl.services.services.PostService - Finding post with id: 2
2024-11-20T11:46:41.662+0100 INFO               [main]                         be.pxl.services.services.PostService - Successfully found post with id: 2
2024-11-20T11:46:41.662+0100 INFO               [main]                         be.pxl.services.services.PostService - Mapping Post(id=2, author=Author2, content=Post Content 2, datePublished=2024-11-16T11:46:41.492541, isConcept=false, title=Title2, category=Category2) To PostResponse
2024-11-20T11:46:41.789+0100 INFO               [main]                         be.pxl.services.controller.api.PostController - Calling endpoint [GET] /api/post/published
2024-11-20T11:46:41.791+0100 INFO               [main]                         be.pxl.services.services.PostService - Retrieving all published posts
2024-11-20T11:46:41.820+0100 INFO               [main]                         be.pxl.services.services.PostService - Mapping [Post(id=4, author=Author2, content=Post Content 2, datePublished=2024-11-16T11:46:41.756506, isConcept=false, title=Title2, category=Category2)] To PostResponse
2024-11-20T11:46:42.008+0100 INFO               [main]                         be.pxl.services.controller.api.PostController - Calling endpoint [GET] /api/post
2024-11-20T11:46:42.009+0100 INFO               [main]                         be.pxl.services.services.PostService - Retrieving all posts
2024-11-20T11:46:42.023+0100 INFO               [main]                         be.pxl.services.services.PostService - Mapping [Post(id=5, author=Author1, content=Post Content, datePublished=2024-11-20T11:46:41.963049, isConcept=true, title=Title, category=Category), Post(id=6, author=Author2, content=Post Content 2, datePublished=2024-11-16T11:46:41.963049, isConcept=false, title=Title2, category=Category2)] To PostResponse
2024-11-20T11:46:42.105+0100 INFO               [main]                         be.pxl.services.controller.api.PostController - Calling endpoint [PUT] /api/post/7 with params: 7 in PathVariable & with params: PostRequest(id=null, author=Author1000, content=New Content, datePublished=2024-11-08T11:46:42.088021400, isConcept=false, title=Title2, category=Category2) in RequestBody
2024-11-20T11:46:42.106+0100 INFO               [main]                         be.pxl.services.services.PostService - Finding post with id: 7
2024-11-20T11:46:42.119+0100 INFO               [main]                         be.pxl.services.services.PostService - Updating post properties
2024-11-20T11:46:42.119+0100 INFO               [main]                         be.pxl.services.services.PostService - Saving post (Post(id=7, author=Author1000, content=New Content, datePublished=2024-11-08T11:46:42.088021400, isConcept=false, title=Title2, category=Category2)) in repository
2024-11-20T11:46:42.144+0100 INFO               [main]                         be.pxl.services.services.PostService - Successfully saved post with id: 7
2024-11-20T11:46:42.145+0100 INFO               [main]                         be.pxl.services.services.PostService - Mapping Post(id=7, author=Author1000, content=New Content, datePublished=2024-11-08T11:46:42.088021400, isConcept=false, title=Title2, category=Category2) To PostResponse
2024-11-20T11:46:42.198+0100 INFO               [main]                         be.pxl.services.controller.api.PostController - Calling endpoint [POST] /api/post with params: PostRequest(id=null, author=Author, content=Post Content, datePublished=2024-11-20T11:46:42.195287600, isConcept=true, title=Title, category=Category) in RequestBody
2024-11-20T11:46:42.198+0100 INFO               [main]                         be.pxl.services.services.PostService - Creating post with post-request: PostRequest(id=null, author=Author, content=Post Content, datePublished=2024-11-20T11:46:42.195287600, isConcept=true, title=Title, category=Category)
2024-11-20T11:46:42.198+0100 INFO               [main]                         be.pxl.services.services.PostService - Saving post (Post(id=null, author=Author, content=Post Content, datePublished=2024-11-20T11:46:42.195287600, isConcept=true, title=Title, category=Category)) in repository
2024-11-20T11:46:42.214+0100 INFO               [main]                         be.pxl.services.services.PostService - Successfully saved post with id: 8
2024-11-20T11:46:42.215+0100 INFO               [main]                         be.pxl.services.services.PostService - Mapping Post(id=8, author=Author, content=Post Content, datePublished=2024-11-20T11:46:42.195287600, isConcept=true, title=Title, category=Category) To PostResponse
2024-11-20T11:46:42.284+0100 INFO               [main]                         be.pxl.services.controller.api.PostController - Calling endpoint [GET] /api/post/concept
2024-11-20T11:46:42.284+0100 INFO               [main]                         be.pxl.services.services.PostService - Retrieving all concept posts
2024-11-20T11:46:42.289+0100 INFO               [main]                         be.pxl.services.services.PostService - Mapping [Post(id=9, author=Author1, content=Post Content, datePublished=2024-11-20T11:46:42.252035, isConcept=true, title=Title, category=Category)] To PostResponse
2024-11-20T11:48:03.038+0100 INFO               [main]                         be.pxl.services.PostTests     - Starting PostTests using Java 21.0.2 with PID 11060 (started by Arne in C:\Users\Arne\Documents\PXL_VIERDE_JAAR\1_FullstackJava\Project\project-ArneJanssenPXL\backend-java\FullStackJavaPXL\post-service)
2024-11-20T11:48:03.039+0100 DEBUG              [main]                         be.pxl.services.PostTests     - Running with Spring Boot v3.3.5, Spring v6.1.14
2024-11-20T11:48:03.040+0100 INFO               [main]                         be.pxl.services.PostTests     - No active profile set, falling back to 1 default profile: "default"
2024-11-20T11:48:11.793+0100 INFO               [main]                         be.pxl.services.PostTests     - Started PostTests in 11.031 seconds (process running for 32.47)
2024-11-20T11:48:12.730+0100 INFO               [main]                         be.pxl.services.controller.api.PostController - Calling endpoint [GET] /api/post/2 with params: 2 in PathVariable
2024-11-20T11:48:12.731+0100 INFO               [main]                         be.pxl.services.services.PostService - Finding post with id: 2
2024-11-20T11:48:12.778+0100 INFO               [main]                         be.pxl.services.services.PostService - Successfully found post with id: 2
2024-11-20T11:48:12.779+0100 INFO               [main]                         be.pxl.services.services.PostService - Mapping Post(id=2, author=Author2, content=Post Content 2, datePublished=2024-11-16T11:48:12.572238, isConcept=false, title=Title2, category=Category2) To PostResponse
2024-11-20T11:48:12.965+0100 INFO               [main]                         be.pxl.services.controller.api.PostController - Calling endpoint [GET] /api/post/published
2024-11-20T11:48:12.965+0100 INFO               [main]                         be.pxl.services.services.PostService - Retrieving all published posts
2024-11-20T11:48:13.001+0100 INFO               [main]                         be.pxl.services.services.PostService - Mapping [Post(id=4, author=Author2, content=Post Content 2, datePublished=2024-11-16T11:48:12.916144, isConcept=false, title=Title2, category=Category2)] To PostResponse
2024-11-20T11:48:13.114+0100 INFO               [main]                         be.pxl.services.controller.api.PostController - Calling endpoint [GET] /api/post
2024-11-20T11:48:13.114+0100 INFO               [main]                         be.pxl.services.services.PostService - Retrieving all posts
2024-11-20T11:48:13.132+0100 INFO               [main]                         be.pxl.services.services.PostService - Mapping [Post(id=5, author=Author1, content=Post Content, datePublished=2024-11-20T11:48:13.077232, isConcept=true, title=Title, category=Category), Post(id=6, author=Author2, content=Post Content 2, datePublished=2024-11-16T11:48:13.077232, isConcept=false, title=Title2, category=Category2)] To PostResponse
2024-11-20T11:48:13.225+0100 INFO               [main]                         be.pxl.services.controller.api.PostController - Calling endpoint [PUT] /api/post/7 with params: 7 in PathVariable & with params: PostRequest(id=null, author=Author1000, content=New Content, datePublished=2024-11-08T11:48:13.205637300, isConcept=false, title=Title2, category=Category2) in RequestBody
2024-11-20T11:48:13.226+0100 INFO               [main]                         be.pxl.services.services.PostService - Finding post with id: 7
2024-11-20T11:48:13.239+0100 INFO               [main]                         be.pxl.services.services.PostService - Updating post properties
2024-11-20T11:48:13.239+0100 INFO               [main]                         be.pxl.services.services.PostService - Saving post (Post(id=7, author=Author1000, content=New Content, datePublished=2024-11-08T11:48:13.205637300, isConcept=false, title=Title2, category=Category2)) in repository
2024-11-20T11:48:13.270+0100 INFO               [main]                         be.pxl.services.services.PostService - Successfully saved post with id: 7
2024-11-20T11:48:13.270+0100 INFO               [main]                         be.pxl.services.services.PostService - Mapping Post(id=7, author=Author1000, content=New Content, datePublished=2024-11-08T11:48:13.205637300, isConcept=false, title=Title2, category=Category2) To PostResponse
2024-11-20T11:48:13.336+0100 INFO               [main]                         be.pxl.services.controller.api.PostController - Calling endpoint [POST] /api/post with params: PostRequest(id=null, author=Author, content=Post Content, datePublished=2024-11-20T11:48:13.332029600, isConcept=true, title=Title, category=Category) in RequestBody
2024-11-20T11:48:13.336+0100 INFO               [main]                         be.pxl.services.services.PostService - Creating post with post-request: PostRequest(id=null, author=Author, content=Post Content, datePublished=2024-11-20T11:48:13.332029600, isConcept=true, title=Title, category=Category)
2024-11-20T11:48:13.336+0100 INFO               [main]                         be.pxl.services.services.PostService - Saving post (Post(id=null, author=Author, content=Post Content, datePublished=2024-11-20T11:48:13.332029600, isConcept=true, title=Title, category=Category)) in repository
2024-11-20T11:48:13.352+0100 INFO               [main]                         be.pxl.services.services.PostService - Successfully saved post with id: 8
2024-11-20T11:48:13.353+0100 INFO               [main]                         be.pxl.services.services.PostService - Mapping Post(id=8, author=Author, content=Post Content, datePublished=2024-11-20T11:48:13.332029600, isConcept=true, title=Title, category=Category) To PostResponse
2024-11-20T11:48:13.428+0100 INFO               [main]                         be.pxl.services.controller.api.PostController - Calling endpoint [GET] /api/post/concept
2024-11-20T11:48:13.429+0100 INFO               [main]                         be.pxl.services.services.PostService - Retrieving all concept posts
2024-11-20T11:48:13.433+0100 INFO               [main]                         be.pxl.services.services.PostService - Mapping [Post(id=9, author=Author1, content=Post Content, datePublished=2024-11-20T11:48:13.397970, isConcept=true, title=Title, category=Category)] To PostResponse
2024-11-20T11:53:01.165+0100 INFO               [main]                         be.pxl.services.PostTests     - Starting PostTests using Java 21.0.2 with PID 31716 (started by Arne in C:\Users\Arne\Documents\PXL_VIERDE_JAAR\1_FullstackJava\Project\project-ArneJanssenPXL\backend-java\FullStackJavaPXL\post-service)
2024-11-20T11:53:01.167+0100 DEBUG              [main]                         be.pxl.services.PostTests     - Running with Spring Boot v3.3.5, Spring v6.1.14
2024-11-20T11:53:01.169+0100 INFO               [main]                         be.pxl.services.PostTests     - No active profile set, falling back to 1 default profile: "default"
2024-11-20T11:53:09.896+0100 INFO               [main]                         be.pxl.services.PostTests     - Started PostTests in 10.962 seconds (process running for 33.192)
2024-11-20T11:53:10.779+0100 INFO               [main]                         be.pxl.services.controller.api.PostController - Calling endpoint [GET] /api/post/2 with params: 2 in PathVariable
2024-11-20T11:53:10.779+0100 INFO               [main]                         be.pxl.services.services.PostService - Finding post with id: 2
2024-11-20T11:53:10.808+0100 INFO               [main]                         be.pxl.services.services.PostService - Successfully found post with id: 2
2024-11-20T11:53:10.809+0100 INFO               [main]                         be.pxl.services.services.PostService - Mapping Post(id=2, author=Author2, content=Post Content 2, datePublished=2024-11-16T11:53:10.650643, isConcept=false, title=Title2, category=Category2) To PostResponse
2024-11-20T11:53:10.992+0100 INFO               [main]                         be.pxl.services.controller.api.PostController - Calling endpoint [GET] /api/post/published
2024-11-20T11:53:10.992+0100 INFO               [main]                         be.pxl.services.services.PostService - Retrieving all published posts
2024-11-20T11:53:11.019+0100 INFO               [main]                         be.pxl.services.services.PostService - Mapping [Post(id=4, author=Author2, content=Post Content 2, datePublished=2024-11-16T11:53:10.953808, isConcept=false, title=Title2, category=Category2)] To PostResponse
2024-11-20T11:53:11.131+0100 INFO               [main]                         be.pxl.services.controller.api.PostController - Calling endpoint [GET] /api/post
2024-11-20T11:53:11.131+0100 INFO               [main]                         be.pxl.services.services.PostService - Retrieving all posts
2024-11-20T11:53:11.148+0100 INFO               [main]                         be.pxl.services.services.PostService - Mapping [Post(id=5, author=Author1, content=Post Content, datePublished=2024-11-20T11:53:11.095706, isConcept=true, title=Title, category=Category), Post(id=6, author=Author2, content=Post Content 2, datePublished=2024-11-16T11:53:11.095706, isConcept=false, title=Title2, category=Category2)] To PostResponse
2024-11-20T11:53:11.239+0100 INFO               [main]                         be.pxl.services.controller.api.PostController - Calling endpoint [PUT] /api/post/7 with params: 7 in PathVariable & with params: PostRequest(id=null, author=Author1000, content=New Content, datePublished=2024-11-08T11:53:11.221539, isConcept=false, title=Title2, category=Category2) in RequestBody
2024-11-20T11:53:11.240+0100 INFO               [main]                         be.pxl.services.services.PostService - Finding post with id: 7
2024-11-20T11:53:11.255+0100 INFO               [main]                         be.pxl.services.services.PostService - Updating post properties
2024-11-20T11:53:11.255+0100 INFO               [main]                         be.pxl.services.services.PostService - Saving post (Post(id=7, author=Author1000, content=New Content, datePublished=2024-11-08T11:53:11.221539, isConcept=false, title=Title2, category=Category2)) in repository
2024-11-20T11:53:11.280+0100 INFO               [main]                         be.pxl.services.services.PostService - Successfully saved post with id: 7
2024-11-20T11:53:11.280+0100 INFO               [main]                         be.pxl.services.services.PostService - Mapping Post(id=7, author=Author1000, content=New Content, datePublished=2024-11-08T11:53:11.221539, isConcept=false, title=Title2, category=Category2) To PostResponse
2024-11-20T11:53:11.345+0100 INFO               [main]                         be.pxl.services.controller.api.PostController - Calling endpoint [POST] /api/post with params: PostRequest(id=null, author=Author, content=Post Content, datePublished=2024-11-20T11:53:11.341861300, isConcept=true, title=Title, category=Category) in RequestBody
2024-11-20T11:53:11.346+0100 INFO               [main]                         be.pxl.services.services.PostService - Creating post with post-request: PostRequest(id=null, author=Author, content=Post Content, datePublished=2024-11-20T11:53:11.341861300, isConcept=true, title=Title, category=Category)
2024-11-20T11:53:11.347+0100 INFO               [main]                         be.pxl.services.services.PostService - Saving post (Post(id=null, author=Author, content=Post Content, datePublished=2024-11-20T11:53:11.341861300, isConcept=true, title=Title, category=Category)) in repository
2024-11-20T11:53:11.365+0100 INFO               [main]                         be.pxl.services.services.PostService - Successfully saved post with id: 8
2024-11-20T11:53:11.365+0100 INFO               [main]                         be.pxl.services.services.PostService - Mapping Post(id=8, author=Author, content=Post Content, datePublished=2024-11-20T11:53:11.341861300, isConcept=true, title=Title, category=Category) To PostResponse
2024-11-20T11:53:11.448+0100 INFO               [main]                         be.pxl.services.controller.api.PostController - Calling endpoint [GET] /api/post/concept
2024-11-20T11:53:11.448+0100 INFO               [main]                         be.pxl.services.services.PostService - Retrieving all concept posts
2024-11-20T11:53:11.454+0100 INFO               [main]                         be.pxl.services.services.PostService - Mapping [Post(id=9, author=Author1, content=Post Content, datePublished=2024-11-20T11:53:11.408863, isConcept=true, title=Title, category=Category)] To PostResponse
2024-11-20T11:54:20.182+0100 INFO               [main]                         be.pxl.services.PostTests     - Starting PostTests using Java 21.0.2 with PID 13852 (started by Arne in C:\Users\Arne\Documents\PXL_VIERDE_JAAR\1_FullstackJava\Project\project-ArneJanssenPXL\backend-java\FullStackJavaPXL\post-service)
2024-11-20T11:54:20.184+0100 DEBUG              [main]                         be.pxl.services.PostTests     - Running with Spring Boot v3.3.5, Spring v6.1.14
2024-11-20T11:54:20.185+0100 INFO               [main]                         be.pxl.services.PostTests     - No active profile set, falling back to 1 default profile: "default"
2024-11-20T11:54:28.669+0100 INFO               [main]                         be.pxl.services.PostTests     - Started PostTests in 10.675 seconds (process running for 32.638)
2024-11-20T11:54:29.547+0100 INFO               [main]                         be.pxl.services.controller.api.PostController - Calling endpoint [GET] /api/post/2 with params: 2 in PathVariable
2024-11-20T11:54:29.547+0100 INFO               [main]                         be.pxl.services.services.PostService - Finding post with id: 2
2024-11-20T11:54:29.584+0100 INFO               [main]                         be.pxl.services.services.PostService - Successfully found post with id: 2
2024-11-20T11:54:29.585+0100 INFO               [main]                         be.pxl.services.services.PostService - Mapping Post(id=2, author=Author2, content=Post Content 2, datePublished=2024-11-16T11:54:29.390939, isConcept=false, title=Title2, category=Category2) To PostResponse
2024-11-20T11:54:29.777+0100 INFO               [main]                         be.pxl.services.controller.api.PostController - Calling endpoint [GET] /api/post/published
2024-11-20T11:54:29.778+0100 INFO               [main]                         be.pxl.services.services.PostService - Retrieving all published posts
2024-11-20T11:54:29.810+0100 INFO               [main]                         be.pxl.services.services.PostService - Mapping [Post(id=4, author=Author2, content=Post Content 2, datePublished=2024-11-16T11:54:29.740370, isConcept=false, title=Title2, category=Category2)] To PostResponse
2024-11-20T11:54:29.938+0100 INFO               [main]                         be.pxl.services.controller.api.PostController - Calling endpoint [GET] /api/post
2024-11-20T11:54:29.939+0100 INFO               [main]                         be.pxl.services.services.PostService - Retrieving all posts
2024-11-20T11:54:29.955+0100 INFO               [main]                         be.pxl.services.services.PostService - Mapping [Post(id=5, author=Author1, content=Post Content, datePublished=2024-11-20T11:54:29.899238, isConcept=true, title=Title, category=Category), Post(id=6, author=Author2, content=Post Content 2, datePublished=2024-11-16T11:54:29.899238, isConcept=false, title=Title2, category=Category2)] To PostResponse
2024-11-20T11:54:30.042+0100 INFO               [main]                         be.pxl.services.controller.api.PostController - Calling endpoint [PUT] /api/post/7 with params: 7 in PathVariable & with params: PostRequest(id=null, author=Author1000, content=New Content, datePublished=2024-11-08T11:54:30.023335400, isConcept=false, title=Title2, category=Category2) in RequestBody
2024-11-20T11:54:30.043+0100 INFO               [main]                         be.pxl.services.services.PostService - Finding post with id: 7
2024-11-20T11:54:30.056+0100 INFO               [main]                         be.pxl.services.services.PostService - Updating post properties
2024-11-20T11:54:30.056+0100 INFO               [main]                         be.pxl.services.services.PostService - Saving post (Post(id=7, author=Author1000, content=New Content, datePublished=2024-11-08T11:54:30.023335400, isConcept=false, title=Title2, category=Category2)) in repository
2024-11-20T11:54:30.080+0100 INFO               [main]                         be.pxl.services.services.PostService - Successfully saved post with id: 7
2024-11-20T11:54:30.080+0100 INFO               [main]                         be.pxl.services.services.PostService - Mapping Post(id=7, author=Author1000, content=New Content, datePublished=2024-11-08T11:54:30.023335400, isConcept=false, title=Title2, category=Category2) To PostResponse
2024-11-20T11:54:30.137+0100 INFO               [main]                         be.pxl.services.controller.api.PostController - Calling endpoint [POST] /api/post with params: PostRequest(id=null, author=Author, content=Post Content, datePublished=2024-11-20T11:54:30.134633500, isConcept=true, title=Title, category=Category) in RequestBody
2024-11-20T11:54:30.138+0100 INFO               [main]                         be.pxl.services.services.PostService - Creating post with post-request: PostRequest(id=null, author=Author, content=Post Content, datePublished=2024-11-20T11:54:30.134633500, isConcept=true, title=Title, category=Category)
2024-11-20T11:54:30.138+0100 INFO               [main]                         be.pxl.services.services.PostService - Saving post (Post(id=null, author=Author, content=Post Content, datePublished=2024-11-20T11:54:30.134633500, isConcept=true, title=Title, category=Category)) in repository
2024-11-20T11:54:30.152+0100 INFO               [main]                         be.pxl.services.services.PostService - Successfully saved post with id: 8
2024-11-20T11:54:30.152+0100 INFO               [main]                         be.pxl.services.services.PostService - Mapping Post(id=8, author=Author, content=Post Content, datePublished=2024-11-20T11:54:30.134633500, isConcept=true, title=Title, category=Category) To PostResponse
2024-11-20T11:54:30.235+0100 INFO               [main]                         be.pxl.services.controller.api.PostController - Calling endpoint [GET] /api/post/concept
2024-11-20T11:54:30.235+0100 INFO               [main]                         be.pxl.services.services.PostService - Retrieving all concept posts
2024-11-20T11:54:30.240+0100 INFO               [main]                         be.pxl.services.services.PostService - Mapping [Post(id=9, author=Author1, content=Post Content, datePublished=2024-11-20T11:54:30.200557, isConcept=true, title=Title, category=Category)] To PostResponse
