2024-11-27T08:34:06.934+0100 INFO               [main]                         be.pxl.services.PostTests     - Starting PostTests using Java 21.0.2 with PID 4984 (started by Arne in C:\Users\Arne\Documents\PXL_VIERDE_JAAR\1_FullstackJava\Project\project-ArneJanssenPXL\backend-java\FullStackJavaPXL\post-service)
2024-11-27T08:34:06.942+0100 DEBUG              [main]                         be.pxl.services.PostTests     - Running with Spring Boot v3.3.5, Spring v6.1.14
2024-11-27T08:34:06.943+0100 INFO               [main]                         be.pxl.services.PostTests     - No active profile set, falling back to 1 default profile: "default"
2024-11-27T08:34:14.331+0100 INFO               [main]                         be.pxl.services.PostTests     - Started PostTests in 8.773 seconds (process running for 41.43)
2024-11-27T08:34:15.323+0100 INFO               [main]                         be.pxl.services.controller.api.PostController - Calling endpoint [GET] /api/post/2 with params: 2 in PathVariable
2024-11-27T08:34:15.323+0100 INFO               [main]                         be.pxl.services.services.PostService - Finding post with id: 2
2024-11-27T08:34:15.357+0100 INFO               [main]                         be.pxl.services.services.PostService - Successfully found post with id: 2
2024-11-27T08:34:15.357+0100 INFO               [main]                         be.pxl.services.services.PostService - Mapping Post(id=2, author=Author2, content=Post Content 2, datePublished=2024-11-23T08:34:15.179241, isConcept=false, title=Title2, category=Category2) To PostResponse
2024-11-27T08:34:15.544+0100 INFO               [main]                         be.pxl.services.controller.api.PostController - Calling endpoint [GET] /api/post/published
2024-11-27T08:34:15.545+0100 INFO               [main]                         be.pxl.services.services.PostService - Retrieving all published posts
2024-11-27T08:34:15.580+0100 INFO               [main]                         be.pxl.services.services.PostService - Mapping [Post(id=4, author=Author2, content=Post Content 2, datePublished=2024-11-23T08:34:15.510406, isConcept=false, title=Title2, category=Category2)] To PostResponse
2024-11-27T08:34:15.696+0100 INFO               [main]                         be.pxl.services.controller.api.PostController - Calling endpoint [GET] /api/post
2024-11-27T08:34:15.696+0100 INFO               [main]                         be.pxl.services.services.PostService - Retrieving all posts
2024-11-27T08:34:15.713+0100 INFO               [main]                         be.pxl.services.services.PostService - Mapping [Post(id=5, author=Author1, content=Post Content, datePublished=2024-11-27T08:34:15.662179, isConcept=true, title=Title, category=Category), Post(id=6, author=Author2, content=Post Content 2, datePublished=2024-11-23T08:34:15.662179, isConcept=false, title=Title2, category=Category2)] To PostResponse
2024-11-27T08:34:15.804+0100 INFO               [main]                         be.pxl.services.controller.api.PostController - Calling endpoint [PUT] /api/post/7 with params: 7 in PathVariable & with params: PostRequest(id=null, author=Author1000, content=New Content, datePublished=2024-11-15T08:34:15.784578900, isConcept=false, title=Title2, category=Category2) in RequestBody
2024-11-27T08:34:15.805+0100 INFO               [main]                         be.pxl.services.services.PostService - Finding post with id: 7
2024-11-27T08:34:15.821+0100 INFO               [main]                         be.pxl.services.services.PostService - Updating post properties
2024-11-27T08:34:15.821+0100 INFO               [main]                         be.pxl.services.services.PostService - Saving post (Post(id=7, author=Author1000, content=New Content, datePublished=2024-11-15T08:34:15.784578900, isConcept=false, title=Title2, category=Category2)) in repository
2024-11-27T08:34:15.851+0100 INFO               [main]                         be.pxl.services.services.PostService - Successfully saved post with id: 7
2024-11-27T08:34:15.852+0100 INFO               [main]                         be.pxl.services.services.PostService - Mapping Post(id=7, author=Author1000, content=New Content, datePublished=2024-11-15T08:34:15.784578900, isConcept=false, title=Title2, category=Category2) To PostResponse
2024-11-27T08:34:15.914+0100 INFO               [main]                         be.pxl.services.controller.api.PostController - Calling endpoint [POST] /api/post with params: PostRequest(id=null, author=Author, content=Post Content, datePublished=2024-11-27T08:34:15.910302100, isConcept=true, title=Title, category=Category) in RequestBody
2024-11-27T08:34:15.914+0100 INFO               [main]                         be.pxl.services.services.PostService - Creating post with post-request: PostRequest(id=null, author=Author, content=Post Content, datePublished=2024-11-27T08:34:15.910302100, isConcept=true, title=Title, category=Category)
2024-11-27T08:34:15.915+0100 INFO               [main]                         be.pxl.services.services.PostService - Saving post (Post(id=null, author=Author, content=Post Content, datePublished=2024-11-27T08:34:15.910302100, isConcept=true, title=Title, category=Category)) in repository
2024-11-27T08:34:15.931+0100 INFO               [main]                         be.pxl.services.services.PostService - Successfully saved post with id: 8
2024-11-27T08:34:15.931+0100 INFO               [main]                         be.pxl.services.services.PostService - Mapping Post(id=8, author=Author, content=Post Content, datePublished=2024-11-27T08:34:15.910302100, isConcept=true, title=Title, category=Category) To PostResponse
2024-11-27T08:34:16.011+0100 INFO               [main]                         be.pxl.services.controller.api.PostController - Calling endpoint [GET] /api/post/concept
2024-11-27T08:34:16.011+0100 INFO               [main]                         be.pxl.services.services.PostService - Retrieving all concept posts
2024-11-27T08:34:16.017+0100 INFO               [main]                         be.pxl.services.services.PostService - Mapping [Post(id=9, author=Author1, content=Post Content, datePublished=2024-11-27T08:34:15.975176, isConcept=true, title=Title, category=Category)] To PostResponse
2024-11-27T08:45:21.836+0100 INFO               [main]                         be.pxl.services.PostTests     - Starting PostTests using Java 21.0.2 with PID 12560 (started by Arne in C:\Users\Arne\Documents\PXL_VIERDE_JAAR\1_FullstackJava\Project\project-ArneJanssenPXL\backend-java\FullStackJavaPXL\post-service)
2024-11-27T08:45:21.837+0100 DEBUG              [main]                         be.pxl.services.PostTests     - Running with Spring Boot v3.3.5, Spring v6.1.14
2024-11-27T08:45:21.837+0100 INFO               [main]                         be.pxl.services.PostTests     - No active profile set, falling back to 1 default profile: "default"
2024-11-27T08:45:28.573+0100 INFO               [main]                         be.pxl.services.PostTests     - Started PostTests in 8.103 seconds (process running for 31.498)
2024-11-27T08:45:29.465+0100 INFO               [main]                         be.pxl.services.controller.api.PostController - Calling endpoint [GET] /api/post/2 with params: 2 in PathVariable
2024-11-27T08:45:29.465+0100 INFO               [main]                         be.pxl.services.services.PostService - Finding post with id: 2
2024-11-27T08:45:29.496+0100 INFO               [main]                         be.pxl.services.services.PostService - Successfully found post with id: 2
2024-11-27T08:45:29.496+0100 INFO               [main]                         be.pxl.services.services.PostService - Mapping Post(id=2, author=Author2, content=Post Content 2, datePublished=2024-11-23T08:45:29.330158, isConcept=false, title=Title2, category=Category2) To PostResponse
2024-11-27T08:45:29.708+0100 INFO               [main]                         be.pxl.services.controller.api.PostController - Calling endpoint [GET] /api/post/published
2024-11-27T08:45:29.709+0100 INFO               [main]                         be.pxl.services.services.PostService - Retrieving all published posts
2024-11-27T08:45:29.743+0100 INFO               [main]                         be.pxl.services.services.PostService - Mapping [Post(id=4, author=Author2, content=Post Content 2, datePublished=2024-11-23T08:45:29.668774, isConcept=false, title=Title2, category=Category2)] To PostResponse
2024-11-27T08:45:29.869+0100 INFO               [main]                         be.pxl.services.controller.api.PostController - Calling endpoint [GET] /api/post
2024-11-27T08:45:29.870+0100 INFO               [main]                         be.pxl.services.services.PostService - Retrieving all posts
2024-11-27T08:45:29.886+0100 INFO               [main]                         be.pxl.services.services.PostService - Mapping [Post(id=5, author=Author1, content=Post Content, datePublished=2024-11-27T08:45:29.832497, isConcept=true, title=Title, category=Category), Post(id=6, author=Author2, content=Post Content 2, datePublished=2024-11-23T08:45:29.832497, isConcept=false, title=Title2, category=Category2)] To PostResponse
2024-11-27T08:45:29.983+0100 INFO               [main]                         be.pxl.services.controller.api.PostController - Calling endpoint [PUT] /api/post/7 with params: 7 in PathVariable & with params: PostRequest(id=null, author=Author1000, content=New Content, datePublished=2024-11-15T08:45:29.961764300, isConcept=false, title=Title2, category=Category2) in RequestBody
2024-11-27T08:45:29.984+0100 INFO               [main]                         be.pxl.services.services.PostService - Finding post with id: 7
2024-11-27T08:45:29.999+0100 INFO               [main]                         be.pxl.services.services.PostService - Updating post properties
2024-11-27T08:45:29.999+0100 INFO               [main]                         be.pxl.services.services.PostService - Saving post (Post(id=7, author=Author1000, content=New Content, datePublished=2024-11-15T08:45:29.961764300, isConcept=false, title=Title2, category=Category2)) in repository
2024-11-27T08:45:30.027+0100 INFO               [main]                         be.pxl.services.services.PostService - Successfully saved post with id: 7
2024-11-27T08:45:30.028+0100 INFO               [main]                         be.pxl.services.services.PostService - Mapping Post(id=7, author=Author1000, content=New Content, datePublished=2024-11-15T08:45:29.961764300, isConcept=false, title=Title2, category=Category2) To PostResponse
2024-11-27T08:45:30.086+0100 INFO               [main]                         be.pxl.services.controller.api.PostController - Calling endpoint [POST] /api/post with params: PostRequest(id=null, author=Author, content=Post Content, datePublished=2024-11-27T08:45:30.082870900, isConcept=true, title=Title, category=Category) in RequestBody
2024-11-27T08:45:30.086+0100 INFO               [main]                         be.pxl.services.services.PostService - Creating post with post-request: PostRequest(id=null, author=Author, content=Post Content, datePublished=2024-11-27T08:45:30.082870900, isConcept=true, title=Title, category=Category)
2024-11-27T08:45:30.086+0100 INFO               [main]                         be.pxl.services.services.PostService - Saving post (Post(id=null, author=Author, content=Post Content, datePublished=2024-11-27T08:45:30.082870900, isConcept=true, title=Title, category=Category)) in repository
2024-11-27T08:45:30.103+0100 INFO               [main]                         be.pxl.services.services.PostService - Successfully saved post with id: 8
2024-11-27T08:45:30.103+0100 INFO               [main]                         be.pxl.services.services.PostService - Mapping Post(id=8, author=Author, content=Post Content, datePublished=2024-11-27T08:45:30.082870900, isConcept=true, title=Title, category=Category) To PostResponse
2024-11-27T08:45:30.179+0100 INFO               [main]                         be.pxl.services.controller.api.PostController - Calling endpoint [GET] /api/post/concept
2024-11-27T08:45:30.179+0100 INFO               [main]                         be.pxl.services.services.PostService - Retrieving all concept posts
2024-11-27T08:45:30.185+0100 INFO               [main]                         be.pxl.services.services.PostService - Mapping [Post(id=9, author=Author1, content=Post Content, datePublished=2024-11-27T08:45:30.146197, isConcept=true, title=Title, category=Category)] To PostResponse
2024-11-27T08:53:24.474+0100 INFO               [main]                         be.pxl.services.PostTests     - Starting PostTests using Java 21.0.2 with PID 31520 (started by Arne in C:\Users\Arne\Documents\PXL_VIERDE_JAAR\1_FullstackJava\Project\project-ArneJanssenPXL\backend-java\FullStackJavaPXL\post-service)
2024-11-27T08:53:24.474+0100 DEBUG              [main]                         be.pxl.services.PostTests     - Running with Spring Boot v3.3.5, Spring v6.1.14
2024-11-27T08:53:24.476+0100 INFO               [main]                         be.pxl.services.PostTests     - No active profile set, falling back to 1 default profile: "default"
2024-11-27T08:53:31.509+0100 INFO               [main]                         be.pxl.services.PostTests     - Started PostTests in 8.336 seconds (process running for 31.414)
2024-11-27T08:53:32.426+0100 INFO               [main]                         be.pxl.services.controller.api.PostController - Calling endpoint [GET] /api/post/2 with params: 2 in PathVariable
2024-11-27T08:53:32.426+0100 INFO               [main]                         be.pxl.services.services.PostService - Finding post with id: 2
2024-11-27T08:53:32.455+0100 INFO               [main]                         be.pxl.services.services.PostService - Successfully found post with id: 2
2024-11-27T08:53:32.455+0100 INFO               [main]                         be.pxl.services.services.PostService - Mapping Post(id=2, author=Author2, content=Post Content 2, datePublished=2024-11-23T08:53:32.285042, isConcept=false, title=Title2, category=Category2) To PostResponse
2024-11-27T08:53:32.637+0100 INFO               [main]                         be.pxl.services.controller.api.PostController - Calling endpoint [GET] /api/post/published
2024-11-27T08:53:32.637+0100 INFO               [main]                         be.pxl.services.services.PostService - Retrieving all published posts
2024-11-27T08:53:32.671+0100 INFO               [main]                         be.pxl.services.services.PostService - Mapping [Post(id=4, author=Author2, content=Post Content 2, datePublished=2024-11-23T08:53:32.600512, isConcept=false, title=Title2, category=Category2)] To PostResponse
2024-11-27T08:53:32.754+0100 INFO               [main]                         be.pxl.services.controller.api.PostController - Calling endpoint [GET] /api/post/25 with params: 25 in PathVariable
2024-11-27T08:53:32.754+0100 INFO               [main]                         be.pxl.services.services.PostService - Finding post with id: 25
2024-11-27T08:53:32.825+0100 INFO               [main]                         be.pxl.services.controller.api.PostController - Calling endpoint [GET] /api/post
2024-11-27T08:53:32.826+0100 INFO               [main]                         be.pxl.services.services.PostService - Retrieving all posts
2024-11-27T08:53:32.839+0100 INFO               [main]                         be.pxl.services.services.PostService - Mapping [Post(id=5, author=Author1, content=Post Content, datePublished=2024-11-27T08:53:32.792812, isConcept=true, title=Title, category=Category), Post(id=6, author=Author2, content=Post Content 2, datePublished=2024-11-23T08:53:32.792812, isConcept=false, title=Title2, category=Category2)] To PostResponse
2024-11-27T08:53:32.921+0100 INFO               [main]                         be.pxl.services.controller.api.PostController - Calling endpoint [PUT] /api/post/7 with params: 7 in PathVariable & with params: PostRequest(id=null, author=Author1000, content=New Content, datePublished=2024-11-15T08:53:32.904531500, isConcept=false, title=Title2, category=Category2) in RequestBody
2024-11-27T08:53:32.922+0100 INFO               [main]                         be.pxl.services.services.PostService - Finding post with id: 7
2024-11-27T08:53:32.934+0100 INFO               [main]                         be.pxl.services.services.PostService - Updating post properties
2024-11-27T08:53:32.934+0100 INFO               [main]                         be.pxl.services.services.PostService - Saving post (Post(id=7, author=Author1000, content=New Content, datePublished=2024-11-15T08:53:32.904531500, isConcept=false, title=Title2, category=Category2)) in repository
2024-11-27T08:53:32.957+0100 INFO               [main]                         be.pxl.services.services.PostService - Successfully saved post with id: 7
2024-11-27T08:53:32.958+0100 INFO               [main]                         be.pxl.services.services.PostService - Mapping Post(id=7, author=Author1000, content=New Content, datePublished=2024-11-15T08:53:32.904531500, isConcept=false, title=Title2, category=Category2) To PostResponse
2024-11-27T08:53:33.011+0100 INFO               [main]                         be.pxl.services.controller.api.PostController - Calling endpoint [POST] /api/post with params: PostRequest(id=null, author=Author, content=Post Content, datePublished=2024-11-27T08:53:33.009398300, isConcept=true, title=Title, category=Category) in RequestBody
2024-11-27T08:53:33.012+0100 INFO               [main]                         be.pxl.services.services.PostService - Creating post with post-request: PostRequest(id=null, author=Author, content=Post Content, datePublished=2024-11-27T08:53:33.009398300, isConcept=true, title=Title, category=Category)
2024-11-27T08:53:33.012+0100 INFO               [main]                         be.pxl.services.services.PostService - Saving post (Post(id=null, author=Author, content=Post Content, datePublished=2024-11-27T08:53:33.009398300, isConcept=true, title=Title, category=Category)) in repository
2024-11-27T08:53:33.029+0100 INFO               [main]                         be.pxl.services.services.PostService - Successfully saved post with id: 8
2024-11-27T08:53:33.029+0100 INFO               [main]                         be.pxl.services.services.PostService - Mapping Post(id=8, author=Author, content=Post Content, datePublished=2024-11-27T08:53:33.009398300, isConcept=true, title=Title, category=Category) To PostResponse
2024-11-27T08:53:33.099+0100 INFO               [main]                         be.pxl.services.controller.api.PostController - Calling endpoint [GET] /api/post/concept
2024-11-27T08:53:33.099+0100 INFO               [main]                         be.pxl.services.services.PostService - Retrieving all concept posts
2024-11-27T08:53:33.104+0100 INFO               [main]                         be.pxl.services.services.PostService - Mapping [Post(id=9, author=Author1, content=Post Content, datePublished=2024-11-27T08:53:33.069670, isConcept=true, title=Title, category=Category)] To PostResponse
2024-11-27T08:56:18.879+0100 INFO               [main]                         be.pxl.services.PostTests     - Starting PostTests using Java 21.0.2 with PID 34200 (started by Arne in C:\Users\Arne\Documents\PXL_VIERDE_JAAR\1_FullstackJava\Project\project-ArneJanssenPXL\backend-java\FullStackJavaPXL\post-service)
2024-11-27T08:56:18.880+0100 DEBUG              [main]                         be.pxl.services.PostTests     - Running with Spring Boot v3.3.5, Spring v6.1.14
2024-11-27T08:56:18.881+0100 INFO               [main]                         be.pxl.services.PostTests     - No active profile set, falling back to 1 default profile: "default"
2024-11-27T08:56:25.842+0100 INFO               [main]                         be.pxl.services.PostTests     - Started PostTests in 8.271 seconds (process running for 30.932)
2024-11-27T08:56:26.734+0100 INFO               [main]                         be.pxl.services.controller.api.PostController - Calling endpoint [GET] /api/post/2 with params: 2 in PathVariable
2024-11-27T08:56:26.734+0100 INFO               [main]                         be.pxl.services.services.PostService - Finding post with id: 2
2024-11-27T08:56:26.765+0100 INFO               [main]                         be.pxl.services.services.PostService - Successfully found post with id: 2
2024-11-27T08:56:26.765+0100 INFO               [main]                         be.pxl.services.services.PostService - Mapping Post(id=2, author=Author2, content=Post Content 2, datePublished=2024-11-23T08:56:26.602810, isConcept=false, title=Title2, category=Category2) To PostResponse
2024-11-27T08:56:26.997+0100 INFO               [main]                         be.pxl.services.controller.api.PostController - Calling endpoint [GET] /api/post/published
2024-11-27T08:56:26.997+0100 INFO               [main]                         be.pxl.services.services.PostService - Retrieving all published posts
2024-11-27T08:56:27.029+0100 INFO               [main]                         be.pxl.services.services.PostService - Mapping [Post(id=4, author=Author2, content=Post Content 2, datePublished=2024-11-23T08:56:26.960245, isConcept=false, title=Title2, category=Category2)] To PostResponse
2024-11-27T08:56:27.118+0100 INFO               [main]                         be.pxl.services.controller.api.PostController - Calling endpoint [GET] /api/post/25 with params: 25 in PathVariable
2024-11-27T08:56:27.119+0100 INFO               [main]                         be.pxl.services.services.PostService - Finding post with id: 25
2024-11-27T08:56:27.192+0100 INFO               [main]                         be.pxl.services.controller.api.PostController - Calling endpoint [GET] /api/post
2024-11-27T08:56:27.193+0100 INFO               [main]                         be.pxl.services.services.PostService - Retrieving all posts
2024-11-27T08:56:27.210+0100 INFO               [main]                         be.pxl.services.services.PostService - Mapping [Post(id=5, author=Author1, content=Post Content, datePublished=2024-11-27T08:56:27.158560, isConcept=true, title=Title, category=Category), Post(id=6, author=Author2, content=Post Content 2, datePublished=2024-11-23T08:56:27.158560, isConcept=false, title=Title2, category=Category2)] To PostResponse
2024-11-27T08:56:27.292+0100 INFO               [main]                         be.pxl.services.controller.api.PostController - Calling endpoint [PUT] /api/post/7 with params: 7 in PathVariable & with params: PostRequest(id=null, author=Author1000, content=New Content, datePublished=2024-11-15T08:56:27.276687600, isConcept=false, title=Title2, category=Category2) in RequestBody
2024-11-27T08:56:27.292+0100 INFO               [main]                         be.pxl.services.services.PostService - Finding post with id: 7
2024-11-27T08:56:27.305+0100 INFO               [main]                         be.pxl.services.services.PostService - Updating post properties
2024-11-27T08:56:27.305+0100 INFO               [main]                         be.pxl.services.services.PostService - Saving post (Post(id=7, author=Author1000, content=New Content, datePublished=2024-11-15T08:56:27.276687600, isConcept=false, title=Title2, category=Category2)) in repository
2024-11-27T08:56:27.331+0100 INFO               [main]                         be.pxl.services.services.PostService - Successfully saved post with id: 7
2024-11-27T08:56:27.331+0100 INFO               [main]                         be.pxl.services.services.PostService - Mapping Post(id=7, author=Author1000, content=New Content, datePublished=2024-11-15T08:56:27.276687600, isConcept=false, title=Title2, category=Category2) To PostResponse
2024-11-27T08:56:27.386+0100 INFO               [main]                         be.pxl.services.controller.api.PostController - Calling endpoint [POST] /api/post with params: PostRequest(id=null, author=Author, content=Post Content, datePublished=2024-11-27T08:56:27.383803500, isConcept=true, title=Title, category=Category) in RequestBody
2024-11-27T08:56:27.386+0100 INFO               [main]                         be.pxl.services.services.PostService - Creating post with post-request: PostRequest(id=null, author=Author, content=Post Content, datePublished=2024-11-27T08:56:27.383803500, isConcept=true, title=Title, category=Category)
2024-11-27T08:56:27.386+0100 INFO               [main]                         be.pxl.services.services.PostService - Saving post (Post(id=null, author=Author, content=Post Content, datePublished=2024-11-27T08:56:27.383803500, isConcept=true, title=Title, category=Category)) in repository
2024-11-27T08:56:27.405+0100 INFO               [main]                         be.pxl.services.services.PostService - Successfully saved post with id: 8
2024-11-27T08:56:27.405+0100 INFO               [main]                         be.pxl.services.services.PostService - Mapping Post(id=8, author=Author, content=Post Content, datePublished=2024-11-27T08:56:27.383803500, isConcept=true, title=Title, category=Category) To PostResponse
2024-11-27T08:56:27.483+0100 INFO               [main]                         be.pxl.services.controller.api.PostController - Calling endpoint [GET] /api/post/concept
2024-11-27T08:56:27.483+0100 INFO               [main]                         be.pxl.services.services.PostService - Retrieving all concept posts
2024-11-27T08:56:27.488+0100 INFO               [main]                         be.pxl.services.services.PostService - Mapping [Post(id=9, author=Author1, content=Post Content, datePublished=2024-11-27T08:56:27.448821, isConcept=true, title=Title, category=Category)] To PostResponse
