2024-12-04T09:47:55.048+0100 INFO               [main]                         be.pxl.services.PostTests     - Starting PostTests using Java 21.0.2 with PID 13012 (started by Arne in C:\Users\Arne\Documents\PXL_VIERDE_JAAR\1_FullstackJava\Project\project-ArneJanssenPXL\backend-java\FullStackJavaPXL\post-service)
2024-12-04T09:47:55.060+0100 DEBUG              [main]                         be.pxl.services.PostTests     - Running with Spring Boot v3.3.5, Spring v6.1.14
2024-12-04T09:47:55.061+0100 INFO               [main]                         be.pxl.services.PostTests     - No active profile set, falling back to 1 default profile: "default"
2024-12-04T09:48:04.028+0100 INFO               [main]                         be.pxl.services.PostTests     - Started PostTests in 11.31 seconds (process running for 40.982)
2024-12-04T09:48:05.052+0100 INFO               [main]                         be.pxl.services.controller.api.PostController - Calling endpoint [GET] /api/post/2 with params: 2 in PathVariable
2024-12-04T09:48:05.052+0100 INFO               [main]                         be.pxl.services.services.PostService - Finding post with id: 2
2024-12-04T09:48:05.086+0100 INFO               [main]                         be.pxl.services.services.PostService - Successfully found post with id: 2
2024-12-04T09:48:05.086+0100 INFO               [main]                         be.pxl.services.services.PostService - Mapping Post(id=2, author=Author2, content=Post Content 2, datePublished=2024-11-30T09:48:04.905155, isConcept=false, title=Title2, category=Category2) To PostResponse
2024-12-04T09:48:05.322+0100 INFO               [main]                         be.pxl.services.controller.api.PostController - Calling endpoint [GET] /api/post/published
2024-12-04T09:48:05.322+0100 INFO               [main]                         be.pxl.services.services.PostService - Retrieving all published posts
2024-12-04T09:48:05.359+0100 INFO               [main]                         be.pxl.services.services.PostService - Mapping [Post(id=4, author=Author2, content=Post Content 2, datePublished=2024-11-30T09:48:05.274351, isConcept=false, title=Title2, category=Category2)] To PostResponse
2024-12-04T09:48:05.435+0100 INFO               [main]                         be.pxl.services.controller.api.PostController - Calling endpoint [GET] /api/post/25 with params: 25 in PathVariable
2024-12-04T09:48:05.435+0100 INFO               [main]                         be.pxl.services.services.PostService - Finding post with id: 25
2024-12-04T09:48:05.509+0100 INFO               [main]                         be.pxl.services.controller.api.PostController - Calling endpoint [GET] /api/post
2024-12-04T09:48:05.509+0100 INFO               [main]                         be.pxl.services.services.PostService - Retrieving all posts
2024-12-04T09:48:05.527+0100 INFO               [main]                         be.pxl.services.services.PostService - Mapping [Post(id=5, author=Author1, content=Post Content, datePublished=2024-12-04T09:48:05.475712, isConcept=true, title=Title, category=Category), Post(id=6, author=Author2, content=Post Content 2, datePublished=2024-11-30T09:48:05.475712, isConcept=false, title=Title2, category=Category2)] To PostResponse
2024-12-04T09:48:05.620+0100 INFO               [main]                         be.pxl.services.controller.api.PostController - Calling endpoint [PUT] /api/post/7 with params: 7 in PathVariable & with params: PostRequest(id=null, author=Author1000, content=New Content, datePublished=2024-11-22T09:48:05.600796400, isConcept=false, title=Title2, category=Category2) in RequestBody
2024-12-04T09:48:05.620+0100 INFO               [main]                         be.pxl.services.services.PostService - Finding post with id: 7
2024-12-04T09:48:05.635+0100 INFO               [main]                         be.pxl.services.services.PostService - Updating post properties
2024-12-04T09:48:05.635+0100 INFO               [main]                         be.pxl.services.services.PostService - Saving post (Post(id=7, author=Author1000, content=New Content, datePublished=2024-11-22T09:48:05.600796400, isConcept=false, title=Title2, category=Category2)) in repository
2024-12-04T09:48:05.664+0100 INFO               [main]                         be.pxl.services.services.PostService - Successfully saved post with id: 7
2024-12-04T09:48:05.664+0100 INFO               [main]                         be.pxl.services.services.PostService - Mapping Post(id=7, author=Author1000, content=New Content, datePublished=2024-11-22T09:48:05.600796400, isConcept=false, title=Title2, category=Category2) To PostResponse
2024-12-04T09:48:05.725+0100 INFO               [main]                         be.pxl.services.controller.api.PostController - Calling endpoint [POST] /api/post with params: PostRequest(id=null, author=Author, content=Post Content, datePublished=2024-12-04T09:48:05.721361500, isConcept=true, title=Title, category=Category) in RequestBody
2024-12-04T09:48:05.725+0100 INFO               [main]                         be.pxl.services.services.PostService - Creating post with post-request: PostRequest(id=null, author=Author, content=Post Content, datePublished=2024-12-04T09:48:05.721361500, isConcept=true, title=Title, category=Category)
2024-12-04T09:48:05.725+0100 INFO               [main]                         be.pxl.services.services.PostService - Saving post (Post(id=null, author=Author, content=Post Content, datePublished=2024-12-04T09:48:05.721361500, isConcept=true, title=Title, category=Category)) in repository
2024-12-04T09:48:05.742+0100 INFO               [main]                         be.pxl.services.services.PostService - Successfully saved post with id: 8
2024-12-04T09:48:05.743+0100 INFO               [main]                         be.pxl.services.services.PostService - Mapping Post(id=8, author=Author, content=Post Content, datePublished=2024-12-04T09:48:05.721361500, isConcept=true, title=Title, category=Category) To PostResponse
2024-12-04T09:48:05.826+0100 INFO               [main]                         be.pxl.services.controller.api.PostController - Calling endpoint [GET] /api/post/concept
2024-12-04T09:48:05.826+0100 INFO               [main]                         be.pxl.services.services.PostService - Retrieving all concept posts
2024-12-04T09:48:05.834+0100 INFO               [main]                         be.pxl.services.services.PostService - Mapping [Post(id=9, author=Author1, content=Post Content, datePublished=2024-12-04T09:48:05.792296, isConcept=true, title=Title, category=Category)] To PostResponse
