2024-11-17T17:24:43.142+0100 INFO               [main]                         be.pxl.services.PostTests     - Starting PostTests using Java 21.0.2 with PID 23048 (started by Arne in C:\Users\Arne\Documents\PXL_VIERDE_JAAR\1_FullstackJava\Project\project-ArneJanssenPXL\backend-java\FullStackJavaPXL\post-service)
2024-11-17T17:24:43.143+0100 DEBUG              [main]                         be.pxl.services.PostTests     - Running with Spring Boot v3.3.5, Spring v6.1.14
2024-11-17T17:24:43.144+0100 INFO               [main]                         be.pxl.services.PostTests     - No active profile set, falling back to 1 default profile: "default"
2024-11-17T17:24:50.243+0100 INFO               [main]                         be.pxl.services.PostTests     - Started PostTests in 8.337 seconds (process running for 34.085)
2024-11-17T17:24:51.167+0100 INFO               [main]                         be.pxl.services.controller.api.PostController - Calling endpoint [GET] /api/post/published
2024-11-17T17:24:51.168+0100 INFO               [main]                         be.pxl.services.services.PostService - Retrieving all published posts
2024-11-17T17:24:51.212+0100 INFO               [main]                         be.pxl.services.services.PostService - Mapping [Post(id=2, author=Author2, content=Post Content 2, datePublished=2024-11-13T17:24:51.026317, isConcept=false, title=Title2, category=Category2)] To PostResponse
2024-11-17T17:24:51.443+0100 INFO               [main]                         be.pxl.services.controller.api.PostController - Calling endpoint [GET] /api/post
2024-11-17T17:24:51.443+0100 INFO               [main]                         be.pxl.services.services.PostService - Retrieving all posts
2024-11-17T17:24:51.459+0100 INFO               [main]                         be.pxl.services.services.PostService - Mapping [Post(id=3, author=Author1, content=Post Content, datePublished=2024-11-17T17:24:51.408766, isConcept=true, title=Title, category=Category), Post(id=4, author=Author2, content=Post Content 2, datePublished=2024-11-13T17:24:51.408766, isConcept=false, title=Title2, category=Category2)] To PostResponse
2024-11-17T17:24:51.560+0100 INFO               [main]                         be.pxl.services.controller.api.PostController - Calling endpoint [PUT] /api/post/5 with params: 5 in PathVariable & with params: PostRequest(id=null, author=Author1000, content=New Content, datePublished=2024-11-05T17:24:51.529279200, isConcept=false, title=Title2, category=Category2) in RequestBody
2024-11-17T17:24:51.561+0100 INFO               [main]                         be.pxl.services.services.PostService - Finding post with id: 5
2024-11-17T17:24:51.584+0100 INFO               [main]                         be.pxl.services.services.PostService - Updating post properties
2024-11-17T17:24:51.585+0100 INFO               [main]                         be.pxl.services.services.PostService - Saving post (Post(id=5, author=Author1000, content=New Content, datePublished=2024-11-05T17:24:51.529279200, isConcept=false, title=Title2, category=Category)) in repository
2024-11-17T17:24:51.610+0100 INFO               [main]                         be.pxl.services.services.PostService - Successfully saved post with id: 5
2024-11-17T17:24:51.611+0100 INFO               [main]                         be.pxl.services.services.PostService - Mapping Post(id=5, author=Author1000, content=New Content, datePublished=2024-11-05T17:24:51.529279200, isConcept=false, title=Title2, category=Category) To PostResponse
2024-11-17T17:24:51.657+0100 INFO               [main]                         be.pxl.services.controller.api.PostController - Calling endpoint [POST] /api/post with params: PostRequest(id=null, author=Author, content=Post Content, datePublished=2024-11-17T17:24:51.654386400, isConcept=true, title=Title, category=Category) in RequestBody
2024-11-17T17:24:51.657+0100 INFO               [main]                         be.pxl.services.services.PostService - Creating post with post-request: PostRequest(id=null, author=Author, content=Post Content, datePublished=2024-11-17T17:24:51.654386400, isConcept=true, title=Title, category=Category)
2024-11-17T17:24:51.658+0100 INFO               [main]                         be.pxl.services.services.PostService - Saving post (Post(id=null, author=Author, content=Post Content, datePublished=2024-11-17T17:24:51.654386400, isConcept=true, title=Title, category=Category)) in repository
2024-11-17T17:24:51.674+0100 INFO               [main]                         be.pxl.services.services.PostService - Successfully saved post with id: 6
2024-11-17T17:24:51.674+0100 INFO               [main]                         be.pxl.services.services.PostService - Mapping Post(id=6, author=Author, content=Post Content, datePublished=2024-11-17T17:24:51.654386400, isConcept=true, title=Title, category=Category) To PostResponse
2024-11-17T17:24:51.748+0100 INFO               [main]                         be.pxl.services.controller.api.PostController - Calling endpoint [GET] /api/post/concept
2024-11-17T17:24:51.749+0100 INFO               [main]                         be.pxl.services.services.PostService - Retrieving all concept posts
2024-11-17T17:24:51.753+0100 INFO               [main]                         be.pxl.services.services.PostService - Mapping [Post(id=7, author=Author1, content=Post Content, datePublished=2024-11-17T17:24:51.715762, isConcept=true, title=Title, category=Category)] To PostResponse
2024-11-17T17:27:10.226+0100 INFO               [main]                         be.pxl.services.PostTests     - Starting PostTests using Java 21.0.2 with PID 16524 (started by Arne in C:\Users\Arne\Documents\PXL_VIERDE_JAAR\1_FullstackJava\Project\project-ArneJanssenPXL\backend-java\FullStackJavaPXL\post-service)
2024-11-17T17:27:10.227+0100 DEBUG              [main]                         be.pxl.services.PostTests     - Running with Spring Boot v3.3.5, Spring v6.1.14
2024-11-17T17:27:10.228+0100 INFO               [main]                         be.pxl.services.PostTests     - No active profile set, falling back to 1 default profile: "default"
2024-11-17T17:27:16.948+0100 INFO               [main]                         be.pxl.services.PostTests     - Started PostTests in 7.915 seconds (process running for 32.093)
2024-11-17T17:27:17.825+0100 INFO               [main]                         be.pxl.services.controller.api.PostController - Calling endpoint [GET] /api/post/published
2024-11-17T17:27:17.825+0100 INFO               [main]                         be.pxl.services.services.PostService - Retrieving all published posts
2024-11-17T17:27:17.861+0100 INFO               [main]                         be.pxl.services.services.PostService - Mapping [Post(id=2, author=Author2, content=Post Content 2, datePublished=2024-11-13T17:27:17.704085, isConcept=false, title=Title2, category=Category2)] To PostResponse
2024-11-17T17:27:18.075+0100 INFO               [main]                         be.pxl.services.controller.api.PostController - Calling endpoint [GET] /api/post
2024-11-17T17:27:18.076+0100 INFO               [main]                         be.pxl.services.services.PostService - Retrieving all posts
2024-11-17T17:27:18.093+0100 INFO               [main]                         be.pxl.services.services.PostService - Mapping [Post(id=3, author=Author1, content=Post Content, datePublished=2024-11-17T17:27:18.036499, isConcept=true, title=Title, category=Category), Post(id=4, author=Author2, content=Post Content 2, datePublished=2024-11-13T17:27:18.036499, isConcept=false, title=Title2, category=Category2)] To PostResponse
2024-11-17T17:27:18.190+0100 INFO               [main]                         be.pxl.services.controller.api.PostController - Calling endpoint [PUT] /api/post/5 with params: 5 in PathVariable & with params: PostRequest(id=null, author=Author1000, content=New Content, datePublished=2024-11-05T17:27:18.164607300, isConcept=false, title=Title2, category=Category2) in RequestBody
2024-11-17T17:27:18.191+0100 INFO               [main]                         be.pxl.services.services.PostService - Finding post with id: 5
2024-11-17T17:27:18.211+0100 INFO               [main]                         be.pxl.services.services.PostService - Updating post properties
2024-11-17T17:27:18.212+0100 INFO               [main]                         be.pxl.services.services.PostService - Saving post (Post(id=5, author=Author1000, content=New Content, datePublished=2024-11-05T17:27:18.164607300, isConcept=false, title=Title2, category=Category2)) in repository
2024-11-17T17:27:18.233+0100 INFO               [main]                         be.pxl.services.services.PostService - Successfully saved post with id: 5
2024-11-17T17:27:18.233+0100 INFO               [main]                         be.pxl.services.services.PostService - Mapping Post(id=5, author=Author1000, content=New Content, datePublished=2024-11-05T17:27:18.164607300, isConcept=false, title=Title2, category=Category2) To PostResponse
2024-11-17T17:27:18.288+0100 INFO               [main]                         be.pxl.services.controller.api.PostController - Calling endpoint [POST] /api/post with params: PostRequest(id=null, author=Author, content=Post Content, datePublished=2024-11-17T17:27:18.285642200, isConcept=true, title=Title, category=Category) in RequestBody
2024-11-17T17:27:18.289+0100 INFO               [main]                         be.pxl.services.services.PostService - Creating post with post-request: PostRequest(id=null, author=Author, content=Post Content, datePublished=2024-11-17T17:27:18.285642200, isConcept=true, title=Title, category=Category)
2024-11-17T17:27:18.289+0100 INFO               [main]                         be.pxl.services.services.PostService - Saving post (Post(id=null, author=Author, content=Post Content, datePublished=2024-11-17T17:27:18.285642200, isConcept=true, title=Title, category=Category)) in repository
2024-11-17T17:27:18.304+0100 INFO               [main]                         be.pxl.services.services.PostService - Successfully saved post with id: 6
2024-11-17T17:27:18.304+0100 INFO               [main]                         be.pxl.services.services.PostService - Mapping Post(id=6, author=Author, content=Post Content, datePublished=2024-11-17T17:27:18.285642200, isConcept=true, title=Title, category=Category) To PostResponse
2024-11-17T17:27:18.375+0100 INFO               [main]                         be.pxl.services.controller.api.PostController - Calling endpoint [GET] /api/post/concept
2024-11-17T17:27:18.375+0100 INFO               [main]                         be.pxl.services.services.PostService - Retrieving all concept posts
2024-11-17T17:27:18.381+0100 INFO               [main]                         be.pxl.services.services.PostService - Mapping [Post(id=7, author=Author1, content=Post Content, datePublished=2024-11-17T17:27:18.343959, isConcept=true, title=Title, category=Category)] To PostResponse
