2024-12-10T16:03:05.929+0100 INFO               [main]                         be.pxl.services.ConfigServiceApplication - Starting ConfigServiceApplication using Java 21.0.2 with PID 47804 (C:\Users\Arne\Documents\PXL_VIERDE_JAAR\1_FullstackJava\Project\project-ArneJanssenPXL\backend-java\FullStackJavaPXL\config-service\target\classes started by Arne in C:\Users\Arne\Documents\PXL_VIERDE_JAAR\1_FullstackJava\Project\project-ArneJanssenPXL\backend-java\FullStackJavaPXL)
2024-12-10T16:03:05.939+0100 DEBUG              [main]                         be.pxl.services.ConfigServiceApplication - Running with Spring Boot v3.3.5, Spring v6.1.14
2024-12-10T16:03:05.940+0100 INFO               [main]                         be.pxl.services.ConfigServiceApplication - The following 1 profile is active: "native"
2024-12-10T16:03:08.574+0100 INFO               [main]                         be.pxl.services.ConfigServiceApplication - Started ConfigServiceApplication in 3.48 seconds (process running for 7.497)
2024-12-10T16:03:32.467+0100 INFO               [main]                         be.pxl.services.GatewayServiceApplication - Starting GatewayServiceApplication using Java 21.0.2 with PID 39736 (C:\Users\Arne\Documents\PXL_VIERDE_JAAR\1_FullstackJava\Project\project-ArneJanssenPXL\backend-java\FullStackJavaPXL\gateway-service\target\classes started by Arne in C:\Users\Arne\Documents\PXL_VIERDE_JAAR\1_FullstackJava\Project\project-ArneJanssenPXL\backend-java\FullStackJavaPXL)
2024-12-10T16:03:32.469+0100 DEBUG              [main]                         be.pxl.services.GatewayServiceApplication - Running with Spring Boot v3.3.5, Spring v6.1.14
2024-12-10T16:03:32.470+0100 INFO               [main]                         be.pxl.services.GatewayServiceApplication - No active profile set, falling back to 1 default profile: "default"
2024-12-10T16:03:36.025+0100 INFO               [main]                         be.pxl.services.GatewayServiceApplication - Started GatewayServiceApplication in 4.954 seconds (process running for 8.574)
2024-12-10T16:04:14.296+0100 INFO               [main]                         be.pxl.services.DiscoveryServiceApplication - Starting DiscoveryServiceApplication using Java 21.0.2 with PID 46804 (C:\Users\Arne\Documents\PXL_VIERDE_JAAR\1_FullstackJava\Project\project-ArneJanssenPXL\backend-java\FullStackJavaPXL\discovery-service\target\classes started by Arne in C:\Users\Arne\Documents\PXL_VIERDE_JAAR\1_FullstackJava\Project\project-ArneJanssenPXL\backend-java\FullStackJavaPXL)
2024-12-10T16:04:14.298+0100 DEBUG              [main]                         be.pxl.services.DiscoveryServiceApplication - Running with Spring Boot v3.3.5, Spring v6.1.14
2024-12-10T16:04:14.299+0100 INFO               [main]                         be.pxl.services.DiscoveryServiceApplication - No active profile set, falling back to 1 default profile: "default"
2024-12-10T16:04:18.681+0100 INFO               [main]                         be.pxl.services.DiscoveryServiceApplication - Started DiscoveryServiceApplication in 5.571 seconds (process running for 8.884)
2024-12-10T16:04:33.624+0100 INFO               [main]                         be.pxl.services.GatewayServiceApplication - Starting GatewayServiceApplication using Java 21.0.2 with PID 11904 (C:\Users\Arne\Documents\PXL_VIERDE_JAAR\1_FullstackJava\Project\project-ArneJanssenPXL\backend-java\FullStackJavaPXL\gateway-service\target\classes started by Arne in C:\Users\Arne\Documents\PXL_VIERDE_JAAR\1_FullstackJava\Project\project-ArneJanssenPXL\backend-java\FullStackJavaPXL)
2024-12-10T16:04:33.627+0100 DEBUG              [main]                         be.pxl.services.GatewayServiceApplication - Running with Spring Boot v3.3.5, Spring v6.1.14
2024-12-10T16:04:33.628+0100 INFO               [main]                         be.pxl.services.GatewayServiceApplication - No active profile set, falling back to 1 default profile: "default"
2024-12-10T16:04:36.822+0100 INFO               [main]                         be.pxl.services.GatewayServiceApplication - Started GatewayServiceApplication in 4.371 seconds (process running for 5.139)
2024-12-10T16:05:03.424+0100 INFO               [main]                         be.pxl.services.PostServiceApplication - Starting PostServiceApplication using Java 21.0.2 with PID 36452 (C:\Users\Arne\Documents\PXL_VIERDE_JAAR\1_FullstackJava\Project\project-ArneJanssenPXL\backend-java\FullStackJavaPXL\post-service\target\classes started by Arne in C:\Users\Arne\Documents\PXL_VIERDE_JAAR\1_FullstackJava\Project\project-ArneJanssenPXL\backend-java\FullStackJavaPXL)
2024-12-10T16:05:03.425+0100 DEBUG              [main]                         be.pxl.services.PostServiceApplication - Running with Spring Boot v3.3.5, Spring v6.1.14
2024-12-10T16:05:03.426+0100 INFO               [main]                         be.pxl.services.PostServiceApplication - No active profile set, falling back to 1 default profile: "default"
2024-12-10T16:05:10.672+0100 INFO               [main]                         be.pxl.services.PostServiceApplication - Started PostServiceApplication in 8.42 seconds (process running for 9.296)
2024-12-10T16:06:00.021+0100 INFO               [http-nio-8081-exec-1]         be.pxl.services.controller.api.PostController - Calling endpoint [GET] /api/post/published
2024-12-10T16:06:00.021+0100 INFO               [http-nio-8081-exec-1]         be.pxl.services.services.PostService - Retrieving all published posts
2024-12-10T16:06:00.181+0100 INFO               [http-nio-8081-exec-1]         be.pxl.services.services.PostService - Mapping [] To PostResponse
2024-12-10T16:06:56.941+0100 INFO               [http-nio-8081-exec-2]         be.pxl.services.controller.api.PostController - Calling endpoint [GET] /api/post/published
2024-12-10T16:06:56.941+0100 INFO               [http-nio-8081-exec-2]         be.pxl.services.services.PostService - Retrieving all published posts
2024-12-10T16:06:56.945+0100 INFO               [http-nio-8081-exec-2]         be.pxl.services.services.PostService - Mapping [] To PostResponse
2024-12-10T16:07:24.088+0100 INFO               [http-nio-8081-exec-4]         be.pxl.services.controller.api.PostController - Calling endpoint [GET] /api/post/published
2024-12-10T16:07:24.089+0100 INFO               [http-nio-8081-exec-4]         be.pxl.services.services.PostService - Retrieving all published posts
2024-12-10T16:07:24.092+0100 INFO               [http-nio-8081-exec-4]         be.pxl.services.services.PostService - Mapping [] To PostResponse
2024-12-10T16:39:41.461+0100 INFO               [http-nio-8081-exec-5]         be.pxl.services.controller.api.PostController - Calling endpoint [GET] /api/post/published
2024-12-10T16:39:41.461+0100 INFO               [http-nio-8081-exec-5]         be.pxl.services.services.PostService - Retrieving all published posts
2024-12-10T16:39:41.482+0100 INFO               [http-nio-8081-exec-5]         be.pxl.services.services.PostService - Mapping [] To PostResponse
2024-12-10T16:40:42.290+0100 INFO               [http-nio-8081-exec-6]         be.pxl.services.controller.api.PostController - Calling endpoint [GET] /api/post/published
2024-12-10T16:40:42.290+0100 INFO               [http-nio-8081-exec-6]         be.pxl.services.services.PostService - Retrieving all published posts
2024-12-10T16:40:42.293+0100 INFO               [http-nio-8081-exec-6]         be.pxl.services.services.PostService - Mapping [] To PostResponse
2024-12-10T16:41:54.563+0100 INFO               [http-nio-8081-exec-9]         be.pxl.services.controller.api.PostController - Calling endpoint [GET] /api/post/published
2024-12-10T16:41:54.564+0100 INFO               [http-nio-8081-exec-9]         be.pxl.services.services.PostService - Retrieving all published posts
2024-12-10T16:41:54.568+0100 INFO               [http-nio-8081-exec-9]         be.pxl.services.services.PostService - Mapping [] To PostResponse
2024-12-10T16:53:53.080+0100 INFO               [http-nio-8081-exec-2]         be.pxl.services.controller.api.PostController - Calling endpoint [GET] /api/post/published
2024-12-10T16:53:53.081+0100 INFO               [http-nio-8081-exec-2]         be.pxl.services.services.PostService - Retrieving all published posts
2024-12-10T16:53:53.085+0100 INFO               [http-nio-8081-exec-2]         be.pxl.services.services.PostService - Mapping [] To PostResponse
2024-12-10T16:53:56.013+0100 INFO               [http-nio-8081-exec-4]         be.pxl.services.controller.api.PostController - Calling endpoint [GET] /api/post/published
2024-12-10T16:53:56.013+0100 INFO               [http-nio-8081-exec-4]         be.pxl.services.services.PostService - Retrieving all published posts
2024-12-10T16:53:56.017+0100 INFO               [http-nio-8081-exec-4]         be.pxl.services.services.PostService - Mapping [] To PostResponse
2024-12-10T16:53:58.066+0100 INFO               [http-nio-8081-exec-5]         be.pxl.services.controller.api.PostController - Calling endpoint [GET] /api/post/published
2024-12-10T16:53:58.066+0100 INFO               [http-nio-8081-exec-5]         be.pxl.services.services.PostService - Retrieving all published posts
2024-12-10T16:53:58.070+0100 INFO               [http-nio-8081-exec-5]         be.pxl.services.services.PostService - Mapping [] To PostResponse
2024-12-10T16:56:10.263+0100 INFO               [http-nio-8081-exec-6]         be.pxl.services.controller.api.PostController - Calling endpoint [GET] /api/post/published
2024-12-10T16:56:10.264+0100 INFO               [http-nio-8081-exec-6]         be.pxl.services.services.PostService - Retrieving all published posts
2024-12-10T16:56:10.308+0100 INFO               [http-nio-8081-exec-6]         be.pxl.services.services.PostService - Mapping [Post(id=3, author=niksUpdate, authorId=0, content=moeUpdate, title=zwijgUpdateCheckDate, category=bookUpdate, datePublished=2024-11-27T08:50:50.437, dateCreated=null, postStatus=PUBLISHED), Post(id=4, author=Lector, authorId=0, content=Leer hoe te werken in C# en .Net., title=Net Essentials, category=AONAfterConceptCommentaar, datePublished=2024-11-27T08:45:07.101, dateCreated=null, postStatus=PUBLISHED)] To PostResponse
2024-12-10T16:59:49.968+0100 INFO               [http-nio-8081-exec-9]         be.pxl.services.controller.api.PostController - Calling endpoint [GET] /api/post/3 with params: 3 in PathVariable
2024-12-10T16:59:49.968+0100 INFO               [http-nio-8081-exec-9]         be.pxl.services.services.PostService - Finding post with id: 3
2024-12-10T16:59:50.036+0100 INFO               [http-nio-8081-exec-9]         be.pxl.services.services.PostService - Successfully found post with id: 3
2024-12-10T16:59:50.036+0100 INFO               [http-nio-8081-exec-9]         be.pxl.services.services.PostService - Mapping Post(id=3, author=niksUpdate, authorId=0, content=moeUpdate, title=zwijgUpdateCheckDate, category=bookUpdate, datePublished=2024-11-27T08:50:50.437, dateCreated=null, postStatus=PUBLISHED) To PostResponse
2024-12-10T16:59:58.485+0100 INFO               [http-nio-8081-exec-10]        be.pxl.services.controller.api.PostController - Calling endpoint [GET] /api/post/3 with params: 3 in PathVariable
2024-12-10T16:59:58.485+0100 INFO               [http-nio-8081-exec-10]        be.pxl.services.services.PostService - Finding post with id: 3
2024-12-10T16:59:58.490+0100 INFO               [http-nio-8081-exec-10]        be.pxl.services.services.PostService - Successfully found post with id: 3
2024-12-10T16:59:58.490+0100 INFO               [http-nio-8081-exec-10]        be.pxl.services.services.PostService - Mapping Post(id=3, author=niksUpdate, authorId=0, content=moeUpdate, title=zwijgUpdateCheckDate, category=bookUpdate, datePublished=2024-11-27T08:50:50.437, dateCreated=null, postStatus=PUBLISHED) To PostResponse
2024-12-10T17:38:20.591+0100 INFO               [http-nio-8081-exec-10]        be.pxl.services.controller.api.PostController - Calling endpoint [POST] /api/post with params: PostRequest(content=content, title=titel, category=categgore, postStatus=CONCEPT) in RequestBody
2024-12-10T17:38:20.594+0100 INFO               [http-nio-8081-exec-10]        be.pxl.services.services.PostService - Creating post with post-request: PostRequest(content=content, title=titel, category=categgore, postStatus=CONCEPT)
2024-12-10T17:38:20.594+0100 INFO               [http-nio-8081-exec-10]        be.pxl.services.services.PostService - Saving post (Post(id=null, author=author, authorId=2, content=content, title=titel, category=categgore, datePublished=null, dateCreated=2024-12-10T17:38:20.594648200, postStatus=CONCEPT)) in repository
2024-12-10T17:40:13.773+0100 INFO               [http-nio-8081-exec-1]         be.pxl.services.controller.api.PostController - Calling endpoint [GET] /api/post
2024-12-10T17:40:13.773+0100 INFO               [http-nio-8081-exec-1]         be.pxl.services.services.PostService - Retrieving all posts
2024-12-10T17:40:13.784+0100 INFO               [http-nio-8081-exec-1]         be.pxl.services.services.PostService - Mapping [Post(id=3, author=niksUpdate, authorId=0, content=moeUpdate, title=zwijgUpdateCheckDate, category=bookUpdate, datePublished=2024-11-27T08:50:50.437, dateCreated=null, postStatus=PUBLISHED), Post(id=4, author=Lector, authorId=0, content=Leer hoe te werken in C# en .Net., title=Net Essentials, category=AONAfterConceptCommentaar, datePublished=2024-11-27T08:45:07.101, dateCreated=null, postStatus=PUBLISHED)] To PostResponse
2024-12-10T17:40:40.068+0100 INFO               [http-nio-8081-exec-2]         be.pxl.services.controller.api.PostController - Calling endpoint [GET] /api/post
2024-12-10T17:40:40.069+0100 INFO               [http-nio-8081-exec-2]         be.pxl.services.services.PostService - Retrieving all posts
2024-12-10T17:40:40.077+0100 INFO               [http-nio-8081-exec-2]         be.pxl.services.services.PostService - Mapping [Post(id=3, author=niksUpdate, authorId=0, content=moeUpdate, title=zwijgUpdateCheckDate, category=bookUpdate, datePublished=2024-11-27T08:50:50.437, dateCreated=null, postStatus=PUBLISHED), Post(id=4, author=Lector, authorId=0, content=Leer hoe te werken in C# en .Net., title=Net Essentials, category=AONAfterConceptCommentaar, datePublished=2024-11-27T08:45:07.101, dateCreated=null, postStatus=PUBLISHED)] To PostResponse
2024-12-10T17:41:00.734+0100 INFO               [http-nio-8081-exec-4]         be.pxl.services.controller.api.PostController - Calling endpoint [POST] /api/post with params: PostRequest(content=content, title=titel, category=categgore, postStatus=CONCEPT) in RequestBody
2024-12-10T17:41:00.734+0100 INFO               [http-nio-8081-exec-4]         be.pxl.services.services.PostService - Creating post with post-request: PostRequest(content=content, title=titel, category=categgore, postStatus=CONCEPT)
2024-12-10T17:41:00.734+0100 INFO               [http-nio-8081-exec-4]         be.pxl.services.services.PostService - Saving post (Post(id=null, author=author, authorId=2, content=content, title=titel, category=categgore, datePublished=null, dateCreated=2024-12-10T17:41:00.734364900, postStatus=CONCEPT)) in repository
2024-12-10T17:42:29.575+0100 INFO               [http-nio-8081-exec-5]         be.pxl.services.controller.api.PostController - Calling endpoint [POST] /api/post with params: PostRequest(content=content, title=titel, category=categgore, postStatus=CONCEPT) in RequestBody
2024-12-10T17:42:29.575+0100 INFO               [http-nio-8081-exec-5]         be.pxl.services.services.PostService - Creating post with post-request: PostRequest(content=content, title=titel, category=categgore, postStatus=CONCEPT)
2024-12-10T17:42:29.575+0100 INFO               [http-nio-8081-exec-5]         be.pxl.services.services.PostService - Saving post (Post(id=null, author=author, authorId=2, content=content, title=titel, category=categgore, datePublished=null, dateCreated=2024-12-10T17:42:29.575650700, postStatus=CONCEPT)) in repository
2024-12-10T17:44:28.134+0100 INFO               [http-nio-8081-exec-7]         be.pxl.services.controller.api.PostController - Calling endpoint [GET] /api/post/published
2024-12-10T17:44:28.134+0100 INFO               [http-nio-8081-exec-7]         be.pxl.services.services.PostService - Retrieving all published posts
2024-12-10T17:44:28.139+0100 INFO               [http-nio-8081-exec-7]         be.pxl.services.services.PostService - Mapping [Post(id=3, author=niksUpdate, authorId=0, content=moeUpdate, title=zwijgUpdateCheckDate, category=bookUpdate, datePublished=2024-11-27T08:50:50.437, dateCreated=null, postStatus=PUBLISHED), Post(id=4, author=Lector, authorId=0, content=Leer hoe te werken in C# en .Net., title=Net Essentials, category=AONAfterConceptCommentaar, datePublished=2024-11-27T08:45:07.101, dateCreated=null, postStatus=PUBLISHED)] To PostResponse
2024-12-10T17:49:50.116+0100 INFO               [http-nio-8081-exec-8]         be.pxl.services.controller.api.PostController - Calling endpoint [POST] /api/post with params: PostRequest(content=cotent, title=titel, category=cate, postStatus=CONCEPT) in RequestBody
2024-12-10T17:49:50.117+0100 INFO               [http-nio-8081-exec-8]         be.pxl.services.services.PostService - Creating post with post-request: PostRequest(content=cotent, title=titel, category=cate, postStatus=CONCEPT)
2024-12-10T17:49:50.117+0100 INFO               [http-nio-8081-exec-8]         be.pxl.services.services.PostService - Saving post (Post(id=null, author=redacteur1, authorId=3, content=cotent, title=titel, category=cate, datePublished=null, dateCreated=2024-12-10T17:49:50.117684600, postStatus=CONCEPT)) in repository
2024-12-10T17:53:34.863+0100 INFO               [http-nio-8081-exec-9]         be.pxl.services.controller.api.PostController - Calling endpoint [POST] /api/post with params: PostRequest(content=cotent, title=titel, category=cate, postStatus=CONCEPT) in RequestBody
2024-12-10T17:53:34.863+0100 INFO               [http-nio-8081-exec-9]         be.pxl.services.services.PostService - Creating post with post-request: PostRequest(content=cotent, title=titel, category=cate, postStatus=CONCEPT)
2024-12-10T17:53:34.864+0100 INFO               [http-nio-8081-exec-9]         be.pxl.services.services.PostService - Saving post (Post(id=null, author=redacteur1, authorId=3, content=cotent, title=titel, category=cate, datePublished=null, dateCreated=2024-12-10T17:53:34.864472800, postStatus=CONCEPT)) in repository
2024-12-10T17:54:01.481+0100 INFO               [main]                         be.pxl.services.PostServiceApplication - Starting PostServiceApplication using Java 21.0.2 with PID 43660 (C:\Users\Arne\Documents\PXL_VIERDE_JAAR\1_FullstackJava\Project\project-ArneJanssenPXL\backend-java\FullStackJavaPXL\post-service\target\classes started by Arne in C:\Users\Arne\Documents\PXL_VIERDE_JAAR\1_FullstackJava\Project\project-ArneJanssenPXL\backend-java\FullStackJavaPXL)
2024-12-10T17:54:01.482+0100 DEBUG              [main]                         be.pxl.services.PostServiceApplication - Running with Spring Boot v3.3.5, Spring v6.1.14
2024-12-10T17:54:01.483+0100 INFO               [main]                         be.pxl.services.PostServiceApplication - No active profile set, falling back to 1 default profile: "default"
2024-12-10T17:54:07.631+0100 INFO               [main]                         be.pxl.services.PostServiceApplication - Started PostServiceApplication in 7.844 seconds (process running for 8.749)
2024-12-10T17:55:02.765+0100 INFO               [http-nio-8081-exec-1]         be.pxl.services.controller.api.PostController - Calling endpoint [GET] /api/post/published
2024-12-10T17:55:02.765+0100 INFO               [http-nio-8081-exec-1]         be.pxl.services.services.PostService - Retrieving all published posts
2024-12-10T17:55:02.920+0100 INFO               [http-nio-8081-exec-1]         be.pxl.services.services.PostService - Mapping [] To PostResponse
2024-12-10T17:55:13.761+0100 INFO               [http-nio-8081-exec-2]         be.pxl.services.controller.api.PostController - Calling endpoint [POST] /api/post with params: PostRequest(content=content, title=titel, category=categorie, postStatus=CONCEPT) in RequestBody
2024-12-10T17:55:13.761+0100 INFO               [http-nio-8081-exec-2]         be.pxl.services.services.PostService - Creating post with post-request: PostRequest(content=content, title=titel, category=categorie, postStatus=CONCEPT)
2024-12-10T17:55:13.762+0100 INFO               [http-nio-8081-exec-2]         be.pxl.services.services.PostService - Saving post (Post(id=null, author=redacteur1, authorId=3, content=content, title=titel, category=categorie, datePublished=null, dateCreated=2024-12-10T17:55:13.762892, postStatus=CONCEPT)) in repository
2024-12-10T17:56:33.447+0100 INFO               [main]                         be.pxl.services.PostServiceApplication - Starting PostServiceApplication using Java 21.0.2 with PID 41220 (C:\Users\Arne\Documents\PXL_VIERDE_JAAR\1_FullstackJava\Project\project-ArneJanssenPXL\backend-java\FullStackJavaPXL\post-service\target\classes started by Arne in C:\Users\Arne\Documents\PXL_VIERDE_JAAR\1_FullstackJava\Project\project-ArneJanssenPXL\backend-java\FullStackJavaPXL)
2024-12-10T17:56:33.448+0100 DEBUG              [main]                         be.pxl.services.PostServiceApplication - Running with Spring Boot v3.3.5, Spring v6.1.14
2024-12-10T17:56:33.449+0100 INFO               [main]                         be.pxl.services.PostServiceApplication - No active profile set, falling back to 1 default profile: "default"
2024-12-10T17:56:38.956+0100 INFO               [main]                         be.pxl.services.PostServiceApplication - Started PostServiceApplication in 6.671 seconds (process running for 7.524)
2024-12-10T17:58:06.263+0100 INFO               [http-nio-8081-exec-1]         be.pxl.services.controller.api.PostController - Calling endpoint [POST] /api/post with params: PostRequest(content=cotnent, title=titel, category=categireoe, postStatus=CONCEPT) in RequestBody
2024-12-10T17:58:06.263+0100 INFO               [http-nio-8081-exec-1]         be.pxl.services.services.PostService - Creating post with post-request: PostRequest(content=cotnent, title=titel, category=categireoe, postStatus=CONCEPT)
2024-12-10T17:58:06.264+0100 INFO               [http-nio-8081-exec-1]         be.pxl.services.services.PostService - Saving post (Post(id=null, author=redacteur1, authorId=3, content=cotnent, title=titel, category=categireoe, datePublished=null, dateCreated=2024-12-10T17:58:06.264045100, postStatus=CONCEPT)) in repository
2024-12-10T17:58:06.351+0100 INFO               [http-nio-8081-exec-1]         be.pxl.services.services.PostService - Successfully saved post with id: 5
2024-12-10T17:58:06.351+0100 INFO               [http-nio-8081-exec-1]         be.pxl.services.services.PostService - Mapping Post(id=5, author=redacteur1, authorId=3, content=cotnent, title=titel, category=categireoe, datePublished=null, dateCreated=2024-12-10T17:58:06.264045100, postStatus=CONCEPT) To PostResponse
2024-12-10T17:58:06.379+0100 INFO               [http-nio-8081-exec-2]         be.pxl.services.controller.api.PostController - Calling endpoint [GET] /api/post/published
2024-12-10T17:58:06.379+0100 INFO               [http-nio-8081-exec-2]         be.pxl.services.services.PostService - Retrieving all published posts
2024-12-10T17:58:06.517+0100 INFO               [http-nio-8081-exec-2]         be.pxl.services.services.PostService - Mapping [] To PostResponse
2024-12-10T18:00:52.710+0100 INFO               [http-nio-8081-exec-3]         be.pxl.services.controller.api.PostController - Calling endpoint [POST] /api/post with params: PostRequest(content=Zie dit dan!, title=publishedPost, category=boeit niet, postStatus=SUBMITTED) in RequestBody
2024-12-10T18:00:52.710+0100 INFO               [http-nio-8081-exec-3]         be.pxl.services.services.PostService - Creating post with post-request: PostRequest(content=Zie dit dan!, title=publishedPost, category=boeit niet, postStatus=SUBMITTED)
2024-12-10T18:00:52.710+0100 INFO               [http-nio-8081-exec-3]         be.pxl.services.services.PostService - Saving post (Post(id=null, author=redacteur1, authorId=3, content=Zie dit dan!, title=publishedPost, category=boeit niet, datePublished=null, dateCreated=2024-12-10T18:00:52.710306100, postStatus=SUBMITTED)) in repository
2024-12-10T18:00:52.717+0100 INFO               [http-nio-8081-exec-3]         be.pxl.services.services.PostService - Successfully saved post with id: 6
2024-12-10T18:00:52.718+0100 INFO               [http-nio-8081-exec-3]         be.pxl.services.services.PostService - Mapping Post(id=6, author=redacteur1, authorId=3, content=Zie dit dan!, title=publishedPost, category=boeit niet, datePublished=null, dateCreated=2024-12-10T18:00:52.710306100, postStatus=SUBMITTED) To PostResponse
2024-12-10T18:00:52.735+0100 INFO               [http-nio-8081-exec-5]         be.pxl.services.controller.api.PostController - Calling endpoint [GET] /api/post/published
2024-12-10T18:00:52.737+0100 INFO               [http-nio-8081-exec-5]         be.pxl.services.services.PostService - Retrieving all published posts
2024-12-10T18:00:52.740+0100 INFO               [http-nio-8081-exec-5]         be.pxl.services.services.PostService - Mapping [] To PostResponse
2024-12-10T18:07:03.495+0100 INFO               [http-nio-8081-exec-7]         be.pxl.services.controller.api.PostController - Calling endpoint [GET] /api/post/published
2024-12-10T18:07:03.495+0100 INFO               [http-nio-8081-exec-7]         be.pxl.services.services.PostService - Retrieving all published posts
2024-12-10T18:07:03.498+0100 INFO               [http-nio-8081-exec-7]         be.pxl.services.services.PostService - Mapping [] To PostResponse
2024-12-10T18:07:21.284+0100 INFO               [http-nio-8081-exec-8]         be.pxl.services.controller.api.PostController - Calling endpoint [GET] /api/post/published
2024-12-10T18:07:21.284+0100 INFO               [http-nio-8081-exec-8]         be.pxl.services.services.PostService - Retrieving all published posts
2024-12-10T18:07:21.288+0100 INFO               [http-nio-8081-exec-8]         be.pxl.services.services.PostService - Mapping [] To PostResponse
2024-12-10T18:07:37.301+0100 INFO               [http-nio-8081-exec-9]         be.pxl.services.controller.api.PostController - Calling endpoint [GET] /api/post/published
2024-12-10T18:07:37.302+0100 INFO               [http-nio-8081-exec-9]         be.pxl.services.services.PostService - Retrieving all published posts
2024-12-10T18:07:37.306+0100 INFO               [http-nio-8081-exec-9]         be.pxl.services.services.PostService - Mapping [] To PostResponse
2024-12-10T18:07:39.285+0100 INFO               [http-nio-8081-exec-10]        be.pxl.services.controller.api.PostController - Calling endpoint [GET] /api/post/published
2024-12-10T18:07:39.286+0100 INFO               [http-nio-8081-exec-10]        be.pxl.services.services.PostService - Retrieving all published posts
2024-12-10T18:07:39.290+0100 INFO               [http-nio-8081-exec-10]        be.pxl.services.services.PostService - Mapping [] To PostResponse
2024-12-10T18:08:00.269+0100 INFO               [http-nio-8081-exec-1]         be.pxl.services.controller.api.PostController - Calling endpoint [GET] /api/post/published
2024-12-10T18:08:00.269+0100 INFO               [http-nio-8081-exec-1]         be.pxl.services.services.PostService - Retrieving all published posts
2024-12-10T18:08:00.272+0100 INFO               [http-nio-8081-exec-1]         be.pxl.services.services.PostService - Mapping [] To PostResponse
2024-12-10T18:08:02.268+0100 INFO               [http-nio-8081-exec-2]         be.pxl.services.controller.api.PostController - Calling endpoint [GET] /api/post/published
2024-12-10T18:08:02.268+0100 INFO               [http-nio-8081-exec-2]         be.pxl.services.services.PostService - Retrieving all published posts
2024-12-10T18:08:02.271+0100 INFO               [http-nio-8081-exec-2]         be.pxl.services.services.PostService - Mapping [] To PostResponse
2024-12-10T18:08:05.291+0100 INFO               [http-nio-8081-exec-4]         be.pxl.services.controller.api.PostController - Calling endpoint [GET] /api/post/published
2024-12-10T18:08:05.291+0100 INFO               [http-nio-8081-exec-4]         be.pxl.services.services.PostService - Retrieving all published posts
2024-12-10T18:08:05.295+0100 INFO               [http-nio-8081-exec-4]         be.pxl.services.services.PostService - Mapping [] To PostResponse
2024-12-10T18:08:07.258+0100 INFO               [http-nio-8081-exec-3]         be.pxl.services.controller.api.PostController - Calling endpoint [GET] /api/post/published
2024-12-10T18:08:07.258+0100 INFO               [http-nio-8081-exec-3]         be.pxl.services.services.PostService - Retrieving all published posts
2024-12-10T18:08:07.262+0100 INFO               [http-nio-8081-exec-3]         be.pxl.services.services.PostService - Mapping [] To PostResponse
2024-12-10T18:08:35.297+0100 INFO               [http-nio-8081-exec-5]         be.pxl.services.controller.api.PostController - Calling endpoint [GET] /api/post/published
2024-12-10T18:08:35.297+0100 INFO               [http-nio-8081-exec-5]         be.pxl.services.services.PostService - Retrieving all published posts
2024-12-10T18:08:35.300+0100 INFO               [http-nio-8081-exec-5]         be.pxl.services.services.PostService - Mapping [] To PostResponse
2024-12-10T18:08:43.273+0100 INFO               [http-nio-8081-exec-6]         be.pxl.services.controller.api.PostController - Calling endpoint [GET] /api/post/published
2024-12-10T18:08:43.274+0100 INFO               [http-nio-8081-exec-6]         be.pxl.services.services.PostService - Retrieving all published posts
2024-12-10T18:08:43.278+0100 INFO               [http-nio-8081-exec-6]         be.pxl.services.services.PostService - Mapping [] To PostResponse
2024-12-10T18:08:48.331+0100 INFO               [http-nio-8081-exec-7]         be.pxl.services.controller.api.PostController - Calling endpoint [GET] /api/post/published
2024-12-10T18:08:48.331+0100 INFO               [http-nio-8081-exec-7]         be.pxl.services.services.PostService - Retrieving all published posts
2024-12-10T18:08:48.335+0100 INFO               [http-nio-8081-exec-7]         be.pxl.services.services.PostService - Mapping [] To PostResponse
2024-12-10T18:08:50.282+0100 INFO               [http-nio-8081-exec-8]         be.pxl.services.controller.api.PostController - Calling endpoint [GET] /api/post/published
2024-12-10T18:08:50.282+0100 INFO               [http-nio-8081-exec-8]         be.pxl.services.services.PostService - Retrieving all published posts
2024-12-10T18:08:50.285+0100 INFO               [http-nio-8081-exec-8]         be.pxl.services.services.PostService - Mapping [] To PostResponse
2024-12-10T18:08:55.257+0100 INFO               [http-nio-8081-exec-9]         be.pxl.services.controller.api.PostController - Calling endpoint [GET] /api/post/published
2024-12-10T18:08:55.257+0100 INFO               [http-nio-8081-exec-9]         be.pxl.services.services.PostService - Retrieving all published posts
2024-12-10T18:08:55.262+0100 INFO               [http-nio-8081-exec-9]         be.pxl.services.services.PostService - Mapping [] To PostResponse
2024-12-10T18:08:59.254+0100 INFO               [http-nio-8081-exec-10]        be.pxl.services.controller.api.PostController - Calling endpoint [GET] /api/post/published
2024-12-10T18:08:59.254+0100 INFO               [http-nio-8081-exec-10]        be.pxl.services.services.PostService - Retrieving all published posts
2024-12-10T18:08:59.259+0100 INFO               [http-nio-8081-exec-10]        be.pxl.services.services.PostService - Mapping [] To PostResponse
2024-12-10T18:09:33.482+0100 INFO               [http-nio-8081-exec-1]         be.pxl.services.controller.api.PostController - Calling endpoint [POST] /api/post with params: PostRequest(content=ja doe het eens en zorg dat je werkt maen, title=publiceerPost, category=zoekheithetuit, postStatus=PUBLISHED) in RequestBody
2024-12-10T18:09:33.482+0100 INFO               [http-nio-8081-exec-1]         be.pxl.services.services.PostService - Creating post with post-request: PostRequest(content=ja doe het eens en zorg dat je werkt maen, title=publiceerPost, category=zoekheithetuit, postStatus=PUBLISHED)
2024-12-10T18:09:33.482+0100 INFO               [http-nio-8081-exec-1]         be.pxl.services.services.PostService - Saving post (Post(id=null, author=redacteur1, authorId=3, content=ja doe het eens en zorg dat je werkt maen, title=publiceerPost, category=zoekheithetuit, datePublished=null, dateCreated=2024-12-10T18:09:33.482372700, postStatus=PUBLISHED)) in repository
2024-12-10T18:09:33.498+0100 INFO               [http-nio-8081-exec-1]         be.pxl.services.services.PostService - Successfully saved post with id: 7
2024-12-10T18:09:33.498+0100 INFO               [http-nio-8081-exec-1]         be.pxl.services.services.PostService - Mapping Post(id=7, author=redacteur1, authorId=3, content=ja doe het eens en zorg dat je werkt maen, title=publiceerPost, category=zoekheithetuit, datePublished=null, dateCreated=2024-12-10T18:09:33.482372700, postStatus=PUBLISHED) To PostResponse
2024-12-10T18:09:33.516+0100 INFO               [http-nio-8081-exec-2]         be.pxl.services.controller.api.PostController - Calling endpoint [GET] /api/post/published
2024-12-10T18:09:33.516+0100 INFO               [http-nio-8081-exec-2]         be.pxl.services.services.PostService - Retrieving all published posts
2024-12-10T18:09:33.528+0100 INFO               [http-nio-8081-exec-2]         be.pxl.services.services.PostService - Mapping [Post(id=7, author=redacteur1, authorId=3, content=ja doe het eens en zorg dat je werkt maen, title=publiceerPost, category=zoekheithetuit, datePublished=null, dateCreated=2024-12-10T18:09:33.482373, postStatus=PUBLISHED)] To PostResponse
2024-12-10T18:09:52.678+0100 INFO               [http-nio-8081-exec-4]         be.pxl.services.controller.api.PostController - Calling endpoint [GET] /api/post/published
2024-12-10T18:09:52.679+0100 INFO               [http-nio-8081-exec-4]         be.pxl.services.services.PostService - Retrieving all published posts
2024-12-10T18:09:52.682+0100 INFO               [http-nio-8081-exec-4]         be.pxl.services.services.PostService - Mapping [Post(id=7, author=redacteur1, authorId=3, content=ja doe het eens en zorg dat je werkt maen, title=publiceerPost, category=zoekheithetuit, datePublished=null, dateCreated=2024-12-10T18:09:33.482373, postStatus=PUBLISHED)] To PostResponse
2024-12-10T18:09:55.586+0100 INFO               [http-nio-8081-exec-3]         be.pxl.services.controller.api.PostController - Calling endpoint [GET] /api/post/published
2024-12-10T18:09:55.586+0100 INFO               [http-nio-8081-exec-3]         be.pxl.services.services.PostService - Retrieving all published posts
2024-12-10T18:09:55.591+0100 INFO               [http-nio-8081-exec-3]         be.pxl.services.services.PostService - Mapping [Post(id=7, author=redacteur1, authorId=3, content=ja doe het eens en zorg dat je werkt maen, title=publiceerPost, category=zoekheithetuit, datePublished=null, dateCreated=2024-12-10T18:09:33.482373, postStatus=PUBLISHED)] To PostResponse
2024-12-10T18:10:00.321+0100 INFO               [http-nio-8081-exec-5]         be.pxl.services.controller.api.PostController - Calling endpoint [GET] /api/post/published
2024-12-10T18:10:00.321+0100 INFO               [http-nio-8081-exec-5]         be.pxl.services.services.PostService - Retrieving all published posts
2024-12-10T18:10:00.324+0100 INFO               [http-nio-8081-exec-5]         be.pxl.services.services.PostService - Mapping [Post(id=7, author=redacteur1, authorId=3, content=ja doe het eens en zorg dat je werkt maen, title=publiceerPost, category=zoekheithetuit, datePublished=null, dateCreated=2024-12-10T18:09:33.482373, postStatus=PUBLISHED)] To PostResponse
2024-12-10T18:10:07.063+0100 INFO               [http-nio-8081-exec-6]         be.pxl.services.controller.api.PostController - Calling endpoint [GET] /api/post/published
2024-12-10T18:10:07.065+0100 INFO               [http-nio-8081-exec-6]         be.pxl.services.services.PostService - Retrieving all published posts
2024-12-10T18:10:07.067+0100 INFO               [http-nio-8081-exec-6]         be.pxl.services.services.PostService - Mapping [Post(id=7, author=redacteur1, authorId=3, content=ja doe het eens en zorg dat je werkt maen, title=publiceerPost, category=zoekheithetuit, datePublished=null, dateCreated=2024-12-10T18:09:33.482373, postStatus=PUBLISHED)] To PostResponse
2024-12-10T18:10:12.852+0100 INFO               [http-nio-8081-exec-7]         be.pxl.services.controller.api.PostController - Calling endpoint [GET] /api/post/published
2024-12-10T18:10:12.852+0100 INFO               [http-nio-8081-exec-7]         be.pxl.services.services.PostService - Retrieving all published posts
2024-12-10T18:10:12.856+0100 INFO               [http-nio-8081-exec-7]         be.pxl.services.services.PostService - Mapping [Post(id=7, author=redacteur1, authorId=3, content=ja doe het eens en zorg dat je werkt maen, title=publiceerPost, category=zoekheithetuit, datePublished=null, dateCreated=2024-12-10T18:09:33.482373, postStatus=PUBLISHED)] To PostResponse
2024-12-10T18:10:17.540+0100 INFO               [http-nio-8081-exec-8]         be.pxl.services.controller.api.PostController - Calling endpoint [GET] /api/post/published
2024-12-10T18:10:17.540+0100 INFO               [http-nio-8081-exec-8]         be.pxl.services.services.PostService - Retrieving all published posts
2024-12-10T18:10:17.544+0100 INFO               [http-nio-8081-exec-8]         be.pxl.services.services.PostService - Mapping [Post(id=7, author=redacteur1, authorId=3, content=ja doe het eens en zorg dat je werkt maen, title=publiceerPost, category=zoekheithetuit, datePublished=null, dateCreated=2024-12-10T18:09:33.482373, postStatus=PUBLISHED)] To PostResponse
2024-12-10T18:10:20.999+0100 INFO               [http-nio-8081-exec-9]         be.pxl.services.controller.api.PostController - Calling endpoint [GET] /api/post/7 with params: 7 in PathVariable
2024-12-10T18:10:20.999+0100 INFO               [http-nio-8081-exec-9]         be.pxl.services.services.PostService - Finding post with id: 7
2024-12-10T18:10:21.019+0100 INFO               [http-nio-8081-exec-9]         be.pxl.services.services.PostService - Successfully found post with id: 7
2024-12-10T18:10:21.019+0100 INFO               [http-nio-8081-exec-9]         be.pxl.services.services.PostService - Mapping Post(id=7, author=redacteur1, authorId=3, content=ja doe het eens en zorg dat je werkt maen, title=publiceerPost, category=zoekheithetuit, datePublished=null, dateCreated=2024-12-10T18:09:33.482373, postStatus=PUBLISHED) To PostResponse
2024-12-10T18:12:24.043+0100 INFO               [main]                         be.pxl.services.PostServiceApplication - Starting PostServiceApplication using Java 21.0.2 with PID 41116 (C:\Users\Arne\Documents\PXL_VIERDE_JAAR\1_FullstackJava\Project\project-ArneJanssenPXL\backend-java\FullStackJavaPXL\post-service\target\classes started by Arne in C:\Users\Arne\Documents\PXL_VIERDE_JAAR\1_FullstackJava\Project\project-ArneJanssenPXL\backend-java\FullStackJavaPXL)
2024-12-10T18:12:24.044+0100 DEBUG              [main]                         be.pxl.services.PostServiceApplication - Running with Spring Boot v3.3.5, Spring v6.1.14
2024-12-10T18:12:24.044+0100 INFO               [main]                         be.pxl.services.PostServiceApplication - No active profile set, falling back to 1 default profile: "default"
2024-12-10T18:12:30.209+0100 INFO               [main]                         be.pxl.services.PostServiceApplication - Started PostServiceApplication in 7.471 seconds (process running for 8.372)
2024-12-10T18:18:46.648+0100 INFO               [http-nio-8081-exec-1]         be.pxl.services.controller.api.PostController - Calling endpoint [POST] /api/post with params: PostRequest(content=ContentVrede, title=TotaalTitle, category=Categorie, postStatus=PUBLISHED) in RequestBody
2024-12-10T18:18:46.649+0100 INFO               [http-nio-8081-exec-1]         be.pxl.services.services.PostService - Creating post with post-request: PostRequest(content=ContentVrede, title=TotaalTitle, category=Categorie, postStatus=PUBLISHED)
2024-12-10T18:18:46.649+0100 INFO               [http-nio-8081-exec-1]         be.pxl.services.services.PostService - Saving post (Post(id=null, author=redacteur1, authorId=3, content=ContentVrede, title=TotaalTitle, category=Categorie, datePublished=2024-12-10T18:18:46.649108600, dateCreated=2024-12-10T18:18:46.649108600, postStatus=PUBLISHED)) in repository
2024-12-10T18:18:46.764+0100 INFO               [http-nio-8081-exec-1]         be.pxl.services.services.PostService - Successfully saved post with id: 8
2024-12-10T18:18:46.764+0100 INFO               [http-nio-8081-exec-1]         be.pxl.services.services.PostService - Mapping Post(id=8, author=redacteur1, authorId=3, content=ContentVrede, title=TotaalTitle, category=Categorie, datePublished=2024-12-10T18:18:46.649108600, dateCreated=2024-12-10T18:18:46.649108600, postStatus=PUBLISHED) To PostResponse
2024-12-10T18:18:46.799+0100 INFO               [http-nio-8081-exec-2]         be.pxl.services.controller.api.PostController - Calling endpoint [GET] /api/post/published
2024-12-10T18:18:46.799+0100 INFO               [http-nio-8081-exec-2]         be.pxl.services.services.PostService - Retrieving all published posts
2024-12-10T18:18:46.935+0100 INFO               [http-nio-8081-exec-2]         be.pxl.services.services.PostService - Mapping [Post(id=7, author=redacteur1, authorId=3, content=ja doe het eens en zorg dat je werkt maen, title=publiceerPost, category=zoekheithetuit, datePublished=null, dateCreated=2024-12-10T18:09:33.482373, postStatus=PUBLISHED), Post(id=8, author=redacteur1, authorId=3, content=ContentVrede, title=TotaalTitle, category=Categorie, datePublished=2024-12-10T18:18:46.649109, dateCreated=2024-12-10T18:18:46.649109, postStatus=PUBLISHED)] To PostResponse
2024-12-10T18:20:14.339+0100 INFO               [http-nio-8081-exec-4]         be.pxl.services.controller.api.PostController - Calling endpoint [GET] /api/post/published
2024-12-10T18:20:14.339+0100 INFO               [http-nio-8081-exec-4]         be.pxl.services.services.PostService - Retrieving all published posts
2024-12-10T18:20:14.343+0100 INFO               [http-nio-8081-exec-4]         be.pxl.services.services.PostService - Mapping [Post(id=7, author=redacteur1, authorId=3, content=ja doe het eens en zorg dat je werkt maen, title=publiceerPost, category=zoekheithetuit, datePublished=null, dateCreated=2024-12-10T18:09:33.482373, postStatus=PUBLISHED), Post(id=8, author=redacteur1, authorId=3, content=ContentVrede, title=TotaalTitle, category=Categorie, datePublished=2024-12-10T18:18:46.649109, dateCreated=2024-12-10T18:18:46.649109, postStatus=PUBLISHED)] To PostResponse
2024-12-10T18:20:22.271+0100 INFO               [http-nio-8081-exec-3]         be.pxl.services.controller.api.PostController - Calling endpoint [GET] /api/post/published
2024-12-10T18:20:22.271+0100 INFO               [http-nio-8081-exec-3]         be.pxl.services.services.PostService - Retrieving all published posts
2024-12-10T18:20:22.276+0100 INFO               [http-nio-8081-exec-3]         be.pxl.services.services.PostService - Mapping [Post(id=7, author=redacteur1, authorId=3, content=ja doe het eens en zorg dat je werkt maen, title=publiceerPost, category=zoekheithetuit, datePublished=null, dateCreated=2024-12-10T18:09:33.482373, postStatus=PUBLISHED), Post(id=8, author=redacteur1, authorId=3, content=ContentVrede, title=TotaalTitle, category=Categorie, datePublished=2024-12-10T18:18:46.649109, dateCreated=2024-12-10T18:18:46.649109, postStatus=PUBLISHED)] To PostResponse
2024-12-10T18:20:25.282+0100 INFO               [http-nio-8081-exec-6]         be.pxl.services.controller.api.PostController - Calling endpoint [GET] /api/post/published
2024-12-10T18:20:25.282+0100 INFO               [http-nio-8081-exec-6]         be.pxl.services.services.PostService - Retrieving all published posts
2024-12-10T18:20:25.286+0100 INFO               [http-nio-8081-exec-6]         be.pxl.services.services.PostService - Mapping [Post(id=7, author=redacteur1, authorId=3, content=ja doe het eens en zorg dat je werkt maen, title=publiceerPost, category=zoekheithetuit, datePublished=null, dateCreated=2024-12-10T18:09:33.482373, postStatus=PUBLISHED), Post(id=8, author=redacteur1, authorId=3, content=ContentVrede, title=TotaalTitle, category=Categorie, datePublished=2024-12-10T18:18:46.649109, dateCreated=2024-12-10T18:18:46.649109, postStatus=PUBLISHED)] To PostResponse
2024-12-10T18:20:27.262+0100 INFO               [http-nio-8081-exec-7]         be.pxl.services.controller.api.PostController - Calling endpoint [GET] /api/post/published
2024-12-10T18:20:27.263+0100 INFO               [http-nio-8081-exec-7]         be.pxl.services.services.PostService - Retrieving all published posts
2024-12-10T18:20:27.267+0100 INFO               [http-nio-8081-exec-7]         be.pxl.services.services.PostService - Mapping [Post(id=7, author=redacteur1, authorId=3, content=ja doe het eens en zorg dat je werkt maen, title=publiceerPost, category=zoekheithetuit, datePublished=null, dateCreated=2024-12-10T18:09:33.482373, postStatus=PUBLISHED), Post(id=8, author=redacteur1, authorId=3, content=ContentVrede, title=TotaalTitle, category=Categorie, datePublished=2024-12-10T18:18:46.649109, dateCreated=2024-12-10T18:18:46.649109, postStatus=PUBLISHED)] To PostResponse
2024-12-10T21:49:53.780+0100 INFO               [main]                         be.pxl.services.ConfigServiceApplication - Starting ConfigServiceApplication using Java 21.0.2 with PID 47108 (C:\Users\Arne\Documents\PXL_VIERDE_JAAR\1_FullstackJava\Project\project-ArneJanssenPXL\backend-java\FullStackJavaPXL\config-service\target\classes started by Arne in C:\Users\Arne\Documents\PXL_VIERDE_JAAR\1_FullstackJava\Project\project-ArneJanssenPXL\backend-java\FullStackJavaPXL)
2024-12-10T21:49:53.781+0100 DEBUG              [main]                         be.pxl.services.ConfigServiceApplication - Running with Spring Boot v3.3.5, Spring v6.1.14
2024-12-10T21:49:53.783+0100 INFO               [main]                         be.pxl.services.ConfigServiceApplication - The following 1 profile is active: "native"
2024-12-10T21:49:56.164+0100 INFO               [main]                         be.pxl.services.ConfigServiceApplication - Started ConfigServiceApplication in 3.247 seconds (process running for 4.316)
2024-12-10T21:50:07.673+0100 INFO               [main]                         be.pxl.services.DiscoveryServiceApplication - Starting DiscoveryServiceApplication using Java 21.0.2 with PID 40544 (C:\Users\Arne\Documents\PXL_VIERDE_JAAR\1_FullstackJava\Project\project-ArneJanssenPXL\backend-java\FullStackJavaPXL\discovery-service\target\classes started by Arne in C:\Users\Arne\Documents\PXL_VIERDE_JAAR\1_FullstackJava\Project\project-ArneJanssenPXL\backend-java\FullStackJavaPXL)
2024-12-10T21:50:07.679+0100 DEBUG              [main]                         be.pxl.services.DiscoveryServiceApplication - Running with Spring Boot v3.3.5, Spring v6.1.14
2024-12-10T21:50:07.681+0100 INFO               [main]                         be.pxl.services.DiscoveryServiceApplication - No active profile set, falling back to 1 default profile: "default"
2024-12-10T21:50:12.128+0100 INFO               [main]                         be.pxl.services.DiscoveryServiceApplication - Started DiscoveryServiceApplication in 5.929 seconds (process running for 6.897)
2024-12-10T21:50:21.380+0100 INFO               [main]                         be.pxl.services.GatewayServiceApplication - Starting GatewayServiceApplication using Java 21.0.2 with PID 14828 (C:\Users\Arne\Documents\PXL_VIERDE_JAAR\1_FullstackJava\Project\project-ArneJanssenPXL\backend-java\FullStackJavaPXL\gateway-service\target\classes started by Arne in C:\Users\Arne\Documents\PXL_VIERDE_JAAR\1_FullstackJava\Project\project-ArneJanssenPXL\backend-java\FullStackJavaPXL)
2024-12-10T21:50:21.381+0100 DEBUG              [main]                         be.pxl.services.GatewayServiceApplication - Running with Spring Boot v3.3.5, Spring v6.1.14
2024-12-10T21:50:21.383+0100 INFO               [main]                         be.pxl.services.GatewayServiceApplication - No active profile set, falling back to 1 default profile: "default"
2024-12-10T21:50:24.968+0100 INFO               [main]                         be.pxl.services.GatewayServiceApplication - Started GatewayServiceApplication in 4.795 seconds (process running for 5.618)
2024-12-10T21:50:36.300+0100 INFO               [main]                         be.pxl.services.PostServiceApplication - Starting PostServiceApplication using Java 21.0.2 with PID 23344 (C:\Users\Arne\Documents\PXL_VIERDE_JAAR\1_FullstackJava\Project\project-ArneJanssenPXL\backend-java\FullStackJavaPXL\post-service\target\classes started by Arne in C:\Users\Arne\Documents\PXL_VIERDE_JAAR\1_FullstackJava\Project\project-ArneJanssenPXL\backend-java\FullStackJavaPXL)
2024-12-10T21:50:36.301+0100 DEBUG              [main]                         be.pxl.services.PostServiceApplication - Running with Spring Boot v3.3.5, Spring v6.1.14
2024-12-10T21:50:36.302+0100 INFO               [main]                         be.pxl.services.PostServiceApplication - No active profile set, falling back to 1 default profile: "default"
2024-12-10T21:50:42.757+0100 INFO               [main]                         be.pxl.services.PostServiceApplication - Started PostServiceApplication in 7.544 seconds (process running for 8.392)
2024-12-10T21:51:38.765+0100 INFO               [http-nio-8081-exec-1]         be.pxl.services.controller.api.PostController - Calling endpoint [GET] /api/post/published
2024-12-10T21:51:38.765+0100 INFO               [http-nio-8081-exec-1]         be.pxl.services.services.PostService - Retrieving all published posts
2024-12-10T21:51:38.939+0100 INFO               [http-nio-8081-exec-1]         be.pxl.services.services.PostService - Mapping [Post(id=7, author=redacteur1, authorId=3, content=ja doe het eens en zorg dat je werkt maen, title=publiceerPost, category=zoekheithetuit, datePublished=null, dateCreated=2024-12-10T18:09:33.482373, postStatus=PUBLISHED), Post(id=8, author=redacteur1, authorId=3, content=ContentVrede, title=TotaalTitle, category=Categorie, datePublished=2024-12-10T18:18:46.649109, dateCreated=2024-12-10T18:18:46.649109, postStatus=PUBLISHED)] To PostResponse
2024-12-10T21:51:43.033+0100 INFO               [http-nio-8081-exec-2]         be.pxl.services.controller.api.PostController - Calling endpoint [GET] /api/post/published
2024-12-10T21:51:43.033+0100 INFO               [http-nio-8081-exec-2]         be.pxl.services.services.PostService - Retrieving all published posts
2024-12-10T21:51:43.041+0100 INFO               [http-nio-8081-exec-2]         be.pxl.services.services.PostService - Mapping [Post(id=7, author=redacteur1, authorId=3, content=ja doe het eens en zorg dat je werkt maen, title=publiceerPost, category=zoekheithetuit, datePublished=null, dateCreated=2024-12-10T18:09:33.482373, postStatus=PUBLISHED), Post(id=8, author=redacteur1, authorId=3, content=ContentVrede, title=TotaalTitle, category=Categorie, datePublished=2024-12-10T18:18:46.649109, dateCreated=2024-12-10T18:18:46.649109, postStatus=PUBLISHED)] To PostResponse
2024-12-10T21:52:38.431+0100 INFO               [http-nio-8081-exec-3]         be.pxl.services.controller.api.PostController - Calling endpoint [GET] /api/post/published
2024-12-10T21:52:38.431+0100 INFO               [http-nio-8081-exec-3]         be.pxl.services.services.PostService - Retrieving all published posts
2024-12-10T21:52:38.436+0100 INFO               [http-nio-8081-exec-3]         be.pxl.services.services.PostService - Mapping [Post(id=7, author=redacteur1, authorId=3, content=ja doe het eens en zorg dat je werkt maen, title=publiceerPost, category=zoekheithetuit, datePublished=null, dateCreated=2024-12-10T18:09:33.482373, postStatus=PUBLISHED), Post(id=8, author=redacteur1, authorId=3, content=ContentVrede, title=TotaalTitle, category=Categorie, datePublished=2024-12-10T18:18:46.649109, dateCreated=2024-12-10T18:18:46.649109, postStatus=PUBLISHED)] To PostResponse
2024-12-10T21:53:46.809+0100 INFO               [http-nio-8081-exec-4]         be.pxl.services.controller.api.PostController - Calling endpoint [GET] /api/post/published
2024-12-10T21:53:46.810+0100 INFO               [http-nio-8081-exec-4]         be.pxl.services.services.PostService - Retrieving all published posts
2024-12-10T21:53:46.815+0100 INFO               [http-nio-8081-exec-4]         be.pxl.services.services.PostService - Mapping [Post(id=7, author=redacteur1, authorId=3, content=ja doe het eens en zorg dat je werkt maen, title=publiceerPost, category=zoekheithetuit, datePublished=null, dateCreated=2024-12-10T18:09:33.482373, postStatus=PUBLISHED), Post(id=8, author=redacteur1, authorId=3, content=ContentVrede, title=TotaalTitle, category=Categorie, datePublished=2024-12-10T18:18:46.649109, dateCreated=2024-12-10T18:18:46.649109, postStatus=PUBLISHED)] To PostResponse
2024-12-10T21:53:55.432+0100 INFO               [http-nio-8081-exec-6]         be.pxl.services.controller.api.PostController - Calling endpoint [GET] /api/post/published
2024-12-10T21:53:55.432+0100 INFO               [http-nio-8081-exec-6]         be.pxl.services.services.PostService - Retrieving all published posts
2024-12-10T21:53:55.437+0100 INFO               [http-nio-8081-exec-6]         be.pxl.services.services.PostService - Mapping [Post(id=7, author=redacteur1, authorId=3, content=ja doe het eens en zorg dat je werkt maen, title=publiceerPost, category=zoekheithetuit, datePublished=null, dateCreated=2024-12-10T18:09:33.482373, postStatus=PUBLISHED), Post(id=8, author=redacteur1, authorId=3, content=ContentVrede, title=TotaalTitle, category=Categorie, datePublished=2024-12-10T18:18:46.649109, dateCreated=2024-12-10T18:18:46.649109, postStatus=PUBLISHED)] To PostResponse
2024-12-10T21:54:17.001+0100 INFO               [http-nio-8081-exec-7]         be.pxl.services.controller.api.PostController - Calling endpoint [GET] /api/post/published
2024-12-10T21:54:17.002+0100 INFO               [http-nio-8081-exec-7]         be.pxl.services.services.PostService - Retrieving all published posts
2024-12-10T21:54:17.006+0100 INFO               [http-nio-8081-exec-7]         be.pxl.services.services.PostService - Mapping [Post(id=7, author=redacteur1, authorId=3, content=ja doe het eens en zorg dat je werkt maen, title=publiceerPost, category=zoekheithetuit, datePublished=null, dateCreated=2024-12-10T18:09:33.482373, postStatus=PUBLISHED), Post(id=8, author=redacteur1, authorId=3, content=ContentVrede, title=TotaalTitle, category=Categorie, datePublished=2024-12-10T18:18:46.649109, dateCreated=2024-12-10T18:18:46.649109, postStatus=PUBLISHED)] To PostResponse
2024-12-10T21:55:13.716+0100 INFO               [http-nio-8081-exec-8]         be.pxl.services.controller.api.PostController - Calling endpoint [GET] /api/post/published
2024-12-10T21:55:13.717+0100 INFO               [http-nio-8081-exec-8]         be.pxl.services.services.PostService - Retrieving all published posts
2024-12-10T21:55:13.725+0100 INFO               [http-nio-8081-exec-8]         be.pxl.services.services.PostService - Mapping [Post(id=7, author=redacteur1, authorId=3, content=ja doe het eens en zorg dat je werkt maen, title=publiceerPost, category=zoekheithetuit, datePublished=null, dateCreated=2024-12-10T18:09:33.482373, postStatus=PUBLISHED), Post(id=8, author=redacteur1, authorId=3, content=ContentVrede, title=TotaalTitle, category=Categorie, datePublished=2024-12-10T18:18:46.649109, dateCreated=2024-12-10T18:18:46.649109, postStatus=PUBLISHED)] To PostResponse
2024-12-10T21:57:01.538+0100 INFO               [http-nio-8081-exec-10]        be.pxl.services.controller.api.PostController - Calling endpoint [GET] /api/post/published
2024-12-10T21:57:01.538+0100 INFO               [http-nio-8081-exec-10]        be.pxl.services.services.PostService - Retrieving all published posts
2024-12-10T21:57:01.544+0100 INFO               [http-nio-8081-exec-10]        be.pxl.services.services.PostService - Mapping [Post(id=7, author=redacteur1, authorId=3, content=ja doe het eens en zorg dat je werkt maen, title=publiceerPost, category=zoekheithetuit, datePublished=null, dateCreated=2024-12-10T18:09:33.482373, postStatus=PUBLISHED), Post(id=8, author=redacteur1, authorId=3, content=ContentVrede, title=TotaalTitle, category=Categorie, datePublished=2024-12-10T18:18:46.649109, dateCreated=2024-12-10T18:18:46.649109, postStatus=PUBLISHED)] To PostResponse
2024-12-10T21:57:13.004+0100 INFO               [http-nio-8081-exec-1]         be.pxl.services.controller.api.PostController - Calling endpoint [GET] /api/post/published
2024-12-10T21:57:13.005+0100 INFO               [http-nio-8081-exec-1]         be.pxl.services.services.PostService - Retrieving all published posts
2024-12-10T21:57:13.009+0100 INFO               [http-nio-8081-exec-1]         be.pxl.services.services.PostService - Mapping [Post(id=7, author=redacteur1, authorId=3, content=ja doe het eens en zorg dat je werkt maen, title=publiceerPost, category=zoekheithetuit, datePublished=null, dateCreated=2024-12-10T18:09:33.482373, postStatus=PUBLISHED), Post(id=8, author=redacteur1, authorId=3, content=ContentVrede, title=TotaalTitle, category=Categorie, datePublished=2024-12-10T18:18:46.649109, dateCreated=2024-12-10T18:18:46.649109, postStatus=PUBLISHED)] To PostResponse
2024-12-10T21:57:51.787+0100 INFO               [http-nio-8081-exec-2]         be.pxl.services.controller.api.PostController - Calling endpoint [GET] /api/post/published
2024-12-10T21:57:51.788+0100 INFO               [http-nio-8081-exec-2]         be.pxl.services.services.PostService - Retrieving all published posts
2024-12-10T21:57:51.793+0100 INFO               [http-nio-8081-exec-2]         be.pxl.services.services.PostService - Mapping [Post(id=7, author=redacteur1, authorId=3, content=ja doe het eens en zorg dat je werkt maen, title=publiceerPost, category=zoekheithetuit, datePublished=null, dateCreated=2024-12-10T18:09:33.482373, postStatus=PUBLISHED), Post(id=8, author=redacteur1, authorId=3, content=ContentVrede, title=TotaalTitle, category=Categorie, datePublished=2024-12-10T18:18:46.649109, dateCreated=2024-12-10T18:18:46.649109, postStatus=PUBLISHED)] To PostResponse
