2024-12-19T08:13:31.751+0100 INFO               [main]                         be.pxl.services.ConfigServiceApplication - Starting ConfigServiceApplication using Java 21.0.2 with PID 25588 (C:\Users\Arne\Documents\PXL_VIERDE_JAAR\1_FullstackJava\Project\project-ArneJanssenPXL\backend-java\FullStackJavaPXL\config-service\target\classes started by Arne in C:\Users\Arne\Documents\PXL_VIERDE_JAAR\1_FullstackJava\Project\project-ArneJanssenPXL\backend-java\FullStackJavaPXL)
2024-12-19T08:13:31.762+0100 DEBUG              [main]                         be.pxl.services.ConfigServiceApplication - Running with Spring Boot v3.3.5, Spring v6.1.14
2024-12-19T08:13:31.763+0100 INFO               [main]                         be.pxl.services.ConfigServiceApplication - The following 1 profile is active: "native"
2024-12-19T08:13:34.346+0100 INFO               [main]                         be.pxl.services.ConfigServiceApplication - Started ConfigServiceApplication in 3.458 seconds (process running for 7.032)
2024-12-19T08:14:01.822+0100 INFO               [main]                         be.pxl.services.DiscoveryServiceApplication - Starting DiscoveryServiceApplication using Java 21.0.2 with PID 41240 (C:\Users\Arne\Documents\PXL_VIERDE_JAAR\1_FullstackJava\Project\project-ArneJanssenPXL\backend-java\FullStackJavaPXL\discovery-service\target\classes started by Arne in C:\Users\Arne\Documents\PXL_VIERDE_JAAR\1_FullstackJava\Project\project-ArneJanssenPXL\backend-java\FullStackJavaPXL)
2024-12-19T08:14:01.823+0100 DEBUG              [main]                         be.pxl.services.DiscoveryServiceApplication - Running with Spring Boot v3.3.5, Spring v6.1.14
2024-12-19T08:14:01.824+0100 INFO               [main]                         be.pxl.services.DiscoveryServiceApplication - No active profile set, falling back to 1 default profile: "default"
2024-12-19T08:14:09.431+0100 INFO               [main]                         be.pxl.services.DiscoveryServiceApplication - Started DiscoveryServiceApplication in 10.027 seconds (process running for 14.384)
2024-12-19T08:15:16.942+0100 INFO               [main]                         be.pxl.services.GatewayServiceApplication - Starting GatewayServiceApplication using Java 21.0.2 with PID 26224 (C:\Users\Arne\Documents\PXL_VIERDE_JAAR\1_FullstackJava\Project\project-ArneJanssenPXL\backend-java\FullStackJavaPXL\gateway-service\target\classes started by Arne in C:\Users\Arne\Documents\PXL_VIERDE_JAAR\1_FullstackJava\Project\project-ArneJanssenPXL\backend-java\FullStackJavaPXL)
2024-12-19T08:15:16.944+0100 DEBUG              [main]                         be.pxl.services.GatewayServiceApplication - Running with Spring Boot v3.3.5, Spring v6.1.14
2024-12-19T08:15:16.946+0100 INFO               [main]                         be.pxl.services.GatewayServiceApplication - No active profile set, falling back to 1 default profile: "default"
2024-12-19T08:15:20.636+0100 INFO               [main]                         be.pxl.services.GatewayServiceApplication - Started GatewayServiceApplication in 4.915 seconds (process running for 7.056)
2024-12-19T08:15:32.585+0100 INFO               [main]                         be.pxl.services.PostServiceApplication - Starting PostServiceApplication using Java 21.0.2 with PID 34284 (C:\Users\Arne\Documents\PXL_VIERDE_JAAR\1_FullstackJava\Project\project-ArneJanssenPXL\backend-java\FullStackJavaPXL\post-service\target\classes started by Arne in C:\Users\Arne\Documents\PXL_VIERDE_JAAR\1_FullstackJava\Project\project-ArneJanssenPXL\backend-java\FullStackJavaPXL)
2024-12-19T08:15:32.586+0100 DEBUG              [main]                         be.pxl.services.PostServiceApplication - Running with Spring Boot v3.3.5, Spring v6.1.14
2024-12-19T08:15:32.587+0100 INFO               [main]                         be.pxl.services.PostServiceApplication - No active profile set, falling back to 1 default profile: "default"
2024-12-19T08:15:39.947+0100 INFO               [main]                         be.pxl.services.PostServiceApplication - Started PostServiceApplication in 8.583 seconds (process running for 10.277)
2024-12-19T08:15:40.076+0100 INFO               [org.springframework.amqp.rabbit.RabbitListenerEndpointContainer#0-1] be.pxl.services.services.MailSenderService - Placing subject: PostVoorTest afgekeurd and text: PostVoorTest is afgekeurd en zal herschreven moeten worden, om vervolgens weer ingediend te worden. into mail properties.
2024-12-19T08:15:54.363+0100 INFO               [main]                         be.pxl.services.ReviewServiceApplication - Starting ReviewServiceApplication using Java 21.0.2 with PID 1540 (C:\Users\Arne\Documents\PXL_VIERDE_JAAR\1_FullstackJava\Project\project-ArneJanssenPXL\backend-java\FullStackJavaPXL\review-service\target\classes started by Arne in C:\Users\Arne\Documents\PXL_VIERDE_JAAR\1_FullstackJava\Project\project-ArneJanssenPXL\backend-java\FullStackJavaPXL)
2024-12-19T08:15:54.365+0100 DEBUG              [main]                         be.pxl.services.ReviewServiceApplication - Running with Spring Boot v3.3.5, Spring v6.1.14
2024-12-19T08:15:54.366+0100 INFO               [main]                         be.pxl.services.ReviewServiceApplication - No active profile set, falling back to 1 default profile: "default"
2024-12-19T08:16:00.476+0100 INFO               [main]                         be.pxl.services.ReviewServiceApplication - Started ReviewServiceApplication in 7.277 seconds (process running for 8.436)
2024-12-19T08:16:58.936+0100 INFO               [http-nio-8081-exec-1]         be.pxl.services.controller.api.PostController - Calling endpoint [GET] /api/post/published
2024-12-19T08:16:58.936+0100 INFO               [http-nio-8081-exec-1]         be.pxl.services.services.PostService - Retrieving all published posts
2024-12-19T08:16:59.039+0100 INFO               [http-nio-8081-exec-1]         be.pxl.services.services.PostService - Mapping [Post(id=6, author=redacteur1, authorId=3, content=Zie dit dan!, title=submittedPost, category=boeit niet, datePublished=2024-12-16T19:04:31.608573, dateCreated=2024-12-10T18:00:52.710306, postStatus=PUBLISHED), Post(id=7, author=redacteur1, authorId=3, content=ja doe het eens en zorg dat je werkt maenEdit, title=publiceerPostEdit, category=zoekheithetuitEdit, datePublished=2024-12-13T13:51:39.888183, dateCreated=2024-12-10T18:09:33.482373, postStatus=PUBLISHED), Post(id=8, author=redacteur1, authorId=3, content=ContentVrede, title=TotaalTitle, category=Categorie, datePublished=2024-12-10T18:18:46.649109, dateCreated=2024-12-10T18:18:46.649109, postStatus=PUBLISHED), Post(id=10, author=redacteur1, authorId=3, content=TestContent, title=TestTitle, category=TestCategorie, datePublished=2024-12-13T13:52:16.631831, dateCreated=2024-12-11T16:20:39.186251, postStatus=PUBLISHED)] To PostResponse
2024-12-19T08:17:01.307+0100 INFO               [http-nio-8081-exec-2]         be.pxl.services.controller.api.PostController - Calling endpoint [GET] /api/post/submitted
2024-12-19T08:17:01.307+0100 INFO               [http-nio-8081-exec-2]         be.pxl.services.services.PostService - Retrieving all submitted posts
2024-12-19T08:17:01.311+0100 INFO               [http-nio-8081-exec-2]         be.pxl.services.services.PostService - Mapping [] To PostResponse
2024-12-19T08:17:24.808+0100 INFO               [http-nio-8081-exec-3]         be.pxl.services.controller.api.PostController - Calling endpoint [POST] /api/post with params: PostRequest(content=Test voor een email, title=EmailTest, category=Email, postStatus=CONCEPT) in RequestBody
2024-12-19T08:17:24.808+0100 INFO               [http-nio-8081-exec-3]         be.pxl.services.services.PostService - Creating post with post-request: PostRequest(content=Test voor een email, title=EmailTest, category=Email, postStatus=CONCEPT)
2024-12-19T08:17:24.809+0100 INFO               [http-nio-8081-exec-3]         be.pxl.services.services.PostService - Saving post (Post(id=null, author=redacteur1, authorId=3, content=Test voor een email, title=EmailTest, category=Email, datePublished=null, dateCreated=2024-12-19T08:17:24.809390, postStatus=CONCEPT)) in repository
2024-12-19T08:17:24.853+0100 INFO               [http-nio-8081-exec-3]         be.pxl.services.services.PostService - Successfully saved post with id: 13
2024-12-19T08:17:24.855+0100 INFO               [http-nio-8081-exec-3]         be.pxl.services.services.PostService - Mapping Post(id=13, author=redacteur1, authorId=3, content=Test voor een email, title=EmailTest, category=Email, datePublished=null, dateCreated=2024-12-19T08:17:24.809390, postStatus=CONCEPT) To PostResponse
2024-12-19T08:17:24.876+0100 INFO               [http-nio-8081-exec-4]         be.pxl.services.controller.api.PostController - Calling endpoint [GET] /api/post/published
2024-12-19T08:17:24.876+0100 INFO               [http-nio-8081-exec-4]         be.pxl.services.services.PostService - Retrieving all published posts
2024-12-19T08:17:24.881+0100 INFO               [http-nio-8081-exec-4]         be.pxl.services.services.PostService - Mapping [Post(id=6, author=redacteur1, authorId=3, content=Zie dit dan!, title=submittedPost, category=boeit niet, datePublished=2024-12-16T19:04:31.608573, dateCreated=2024-12-10T18:00:52.710306, postStatus=PUBLISHED), Post(id=7, author=redacteur1, authorId=3, content=ja doe het eens en zorg dat je werkt maenEdit, title=publiceerPostEdit, category=zoekheithetuitEdit, datePublished=2024-12-13T13:51:39.888183, dateCreated=2024-12-10T18:09:33.482373, postStatus=PUBLISHED), Post(id=8, author=redacteur1, authorId=3, content=ContentVrede, title=TotaalTitle, category=Categorie, datePublished=2024-12-10T18:18:46.649109, dateCreated=2024-12-10T18:18:46.649109, postStatus=PUBLISHED), Post(id=10, author=redacteur1, authorId=3, content=TestContent, title=TestTitle, category=TestCategorie, datePublished=2024-12-13T13:52:16.631831, dateCreated=2024-12-11T16:20:39.186251, postStatus=PUBLISHED)] To PostResponse
2024-12-19T08:17:29.853+0100 INFO               [http-nio-8081-exec-5]         be.pxl.services.controller.api.PostController - Calling endpoint [GET] /api/post/filter/CONCEPT
2024-12-19T08:17:29.853+0100 INFO               [http-nio-8081-exec-5]         be.pxl.services.services.PostService - Retrieving all CONCEPT posts by author: 3
2024-12-19T08:17:29.861+0100 INFO               [http-nio-8081-exec-5]         be.pxl.services.services.PostService - Mapping [Post(id=12, author=redacteur1, authorId=3, content=COntent voor concept dinege, title=ConceptVisual, category=Conceptie, datePublished=null, dateCreated=2024-12-16T17:38:16.691118, postStatus=CONCEPT), Post(id=13, author=redacteur1, authorId=3, content=Test voor een email, title=EmailTest, category=Email, datePublished=null, dateCreated=2024-12-19T08:17:24.809390, postStatus=CONCEPT)] To PostResponse
2024-12-19T08:17:31.862+0100 INFO               [http-nio-8081-exec-6]         be.pxl.services.controller.api.PostController - Calling endpoint [GET] /api/post/13 with params: 13 in PathVariable
2024-12-19T08:17:31.862+0100 INFO               [http-nio-8081-exec-6]         be.pxl.services.services.PostService - Finding post with id: 13
2024-12-19T08:17:31.868+0100 INFO               [http-nio-8081-exec-6]         be.pxl.services.services.PostService - Successfully found post with id: 13
2024-12-19T08:17:31.869+0100 INFO               [http-nio-8081-exec-6]         be.pxl.services.services.PostService - Mapping Post(id=13, author=redacteur1, authorId=3, content=Test voor een email, title=EmailTest, category=Email, datePublished=null, dateCreated=2024-12-19T08:17:24.809390, postStatus=CONCEPT) To PostResponse
2024-12-19T08:17:32.028+0100 INFO               [http-nio-8082-exec-1]         be.pxl.services.controller.api.ReviewController - Calling endpoint [GET] /api/review/13
2024-12-19T08:17:32.029+0100 INFO               [http-nio-8082-exec-1]         be.pxl.services.services.ReviewService - Retrieving all review
2024-12-19T08:17:32.190+0100 INFO               [http-nio-8082-exec-1]         be.pxl.services.services.ReviewService - Mapping [] To ReviewResponse
2024-12-19T08:17:32.752+0100 INFO               [http-nio-8081-exec-7]         be.pxl.services.controller.api.PostController - Calling endpoint [GET] /api/post/13 with params: 13 in PathVariable
2024-12-19T08:17:32.753+0100 INFO               [http-nio-8081-exec-7]         be.pxl.services.services.PostService - Finding post with id: 13
2024-12-19T08:17:32.758+0100 INFO               [http-nio-8081-exec-7]         be.pxl.services.services.PostService - Successfully found post with id: 13
2024-12-19T08:17:32.758+0100 INFO               [http-nio-8081-exec-7]         be.pxl.services.services.PostService - Mapping Post(id=13, author=redacteur1, authorId=3, content=Test voor een email, title=EmailTest, category=Email, datePublished=null, dateCreated=2024-12-19T08:17:24.809390, postStatus=CONCEPT) To PostResponse
2024-12-19T08:17:35.554+0100 INFO               [http-nio-8081-exec-8]         be.pxl.services.controller.api.PostController - Calling endpoint [PUT] /api/post/13 with params: 13 in PathVariable & with params: PostRequest(content=Test voor een email, title=EmailTest, category=Email, postStatus=SUBMITTED) in RequestBody
2024-12-19T08:17:35.554+0100 INFO               [http-nio-8081-exec-8]         be.pxl.services.services.PostService - Finding post with id: 13
2024-12-19T08:17:35.559+0100 INFO               [http-nio-8081-exec-8]         be.pxl.services.services.PostService - Checking if log user is owner
2024-12-19T08:17:35.559+0100 INFO               [http-nio-8081-exec-8]         be.pxl.services.services.PostService - User is the owner
2024-12-19T08:17:35.560+0100 INFO               [http-nio-8081-exec-8]         be.pxl.services.services.PostService - Updating post properties
2024-12-19T08:17:35.560+0100 INFO               [http-nio-8081-exec-8]         be.pxl.services.services.PostService - Saving post (Post(id=13, author=redacteur1, authorId=3, content=Test voor een email, title=EmailTest, category=Email, datePublished=null, dateCreated=2024-12-19T08:17:24.809390, postStatus=SUBMITTED)) in repository
2024-12-19T08:17:35.576+0100 INFO               [http-nio-8081-exec-8]         be.pxl.services.services.PostService - Successfully saved post with id: 13
2024-12-19T08:17:35.577+0100 INFO               [http-nio-8081-exec-8]         be.pxl.services.services.PostService - Mapping Post(id=13, author=redacteur1, authorId=3, content=Test voor een email, title=EmailTest, category=Email, datePublished=null, dateCreated=2024-12-19T08:17:24.809390, postStatus=SUBMITTED) To PostResponse
2024-12-19T08:17:35.599+0100 INFO               [http-nio-8081-exec-9]         be.pxl.services.controller.api.PostController - Calling endpoint [GET] /api/post/published
2024-12-19T08:17:35.599+0100 INFO               [http-nio-8081-exec-9]         be.pxl.services.services.PostService - Retrieving all published posts
2024-12-19T08:17:35.604+0100 INFO               [http-nio-8081-exec-9]         be.pxl.services.services.PostService - Mapping [Post(id=6, author=redacteur1, authorId=3, content=Zie dit dan!, title=submittedPost, category=boeit niet, datePublished=2024-12-16T19:04:31.608573, dateCreated=2024-12-10T18:00:52.710306, postStatus=PUBLISHED), Post(id=7, author=redacteur1, authorId=3, content=ja doe het eens en zorg dat je werkt maenEdit, title=publiceerPostEdit, category=zoekheithetuitEdit, datePublished=2024-12-13T13:51:39.888183, dateCreated=2024-12-10T18:09:33.482373, postStatus=PUBLISHED), Post(id=8, author=redacteur1, authorId=3, content=ContentVrede, title=TotaalTitle, category=Categorie, datePublished=2024-12-10T18:18:46.649109, dateCreated=2024-12-10T18:18:46.649109, postStatus=PUBLISHED), Post(id=10, author=redacteur1, authorId=3, content=TestContent, title=TestTitle, category=TestCategorie, datePublished=2024-12-13T13:52:16.631831, dateCreated=2024-12-11T16:20:39.186251, postStatus=PUBLISHED)] To PostResponse
2024-12-19T08:17:37.088+0100 INFO               [http-nio-8081-exec-10]        be.pxl.services.controller.api.PostController - Calling endpoint [GET] /api/post/submitted
2024-12-19T08:17:37.088+0100 INFO               [http-nio-8081-exec-10]        be.pxl.services.services.PostService - Retrieving all submitted posts
2024-12-19T08:17:37.093+0100 INFO               [http-nio-8081-exec-10]        be.pxl.services.services.PostService - Mapping [Post(id=13, author=redacteur1, authorId=3, content=Test voor een email, title=EmailTest, category=Email, datePublished=null, dateCreated=2024-12-19T08:17:24.809390, postStatus=SUBMITTED)] To PostResponse
2024-12-19T08:17:38.141+0100 INFO               [http-nio-8081-exec-1]         be.pxl.services.controller.api.PostController - Calling endpoint [GET] /api/post/13 with params: 13 in PathVariable
2024-12-19T08:17:38.141+0100 INFO               [http-nio-8081-exec-1]         be.pxl.services.services.PostService - Finding post with id: 13
2024-12-19T08:17:38.144+0100 INFO               [http-nio-8082-exec-3]         be.pxl.services.controller.api.ReviewController - Calling endpoint [GET] /api/review/13
2024-12-19T08:17:38.144+0100 INFO               [http-nio-8082-exec-3]         be.pxl.services.services.ReviewService - Retrieving all review
2024-12-19T08:17:38.147+0100 INFO               [http-nio-8081-exec-1]         be.pxl.services.services.PostService - Successfully found post with id: 13
2024-12-19T08:17:38.147+0100 INFO               [http-nio-8081-exec-1]         be.pxl.services.services.PostService - Mapping Post(id=13, author=redacteur1, authorId=3, content=Test voor een email, title=EmailTest, category=Email, datePublished=null, dateCreated=2024-12-19T08:17:24.809390, postStatus=SUBMITTED) To PostResponse
2024-12-19T08:17:38.147+0100 INFO               [http-nio-8082-exec-3]         be.pxl.services.services.ReviewService - Mapping [] To ReviewResponse
2024-12-19T08:17:50.877+0100 INFO               [http-nio-8082-exec-2]         be.pxl.services.controller.api.ReviewController - Calling endpoint [POST] /api/review/13reject
2024-12-19T08:17:50.877+0100 INFO               [http-nio-8082-exec-2]         be.pxl.services.services.ReviewService - Finding post with id: 13
2024-12-19T08:17:51.009+0100 INFO               [http-nio-8081-exec-2]         be.pxl.services.controller.api.PostController - Calling endpoint [GET] /api/post/13 with params: 13 in PathVariable
2024-12-19T08:17:51.009+0100 INFO               [http-nio-8081-exec-2]         be.pxl.services.services.PostService - Finding post with id: 13
2024-12-19T08:17:51.013+0100 INFO               [http-nio-8081-exec-2]         be.pxl.services.services.PostService - Successfully found post with id: 13
2024-12-19T08:17:51.013+0100 INFO               [http-nio-8081-exec-2]         be.pxl.services.services.PostService - Mapping Post(id=13, author=redacteur1, authorId=3, content=Test voor een email, title=EmailTest, category=Email, datePublished=null, dateCreated=2024-12-19T08:17:24.809390, postStatus=SUBMITTED) To PostResponse
2024-12-19T08:17:51.029+0100 INFO               [http-nio-8082-exec-2]         be.pxl.services.services.ReviewService - Post with id: 13 found
2024-12-19T08:17:51.029+0100 INFO               [http-nio-8082-exec-2]         be.pxl.services.services.ReviewService - Checking is post: 13 exists
2024-12-19T08:17:51.030+0100 INFO               [http-nio-8082-exec-2]         be.pxl.services.services.ReviewService - Post 13 does exist
2024-12-19T08:17:51.030+0100 INFO               [http-nio-8082-exec-2]         be.pxl.services.services.ReviewService - Checking if post: 13 is submitted
2024-12-19T08:17:51.030+0100 INFO               [http-nio-8082-exec-2]         be.pxl.services.services.ReviewService - Post 13 has been submitted
2024-12-19T08:17:51.030+0100 INFO               [http-nio-8082-exec-2]         be.pxl.services.services.ReviewService - Sending a Rejected Message To Post-Service
2024-12-19T08:17:51.150+0100 INFO               [http-nio-8082-exec-2]         be.pxl.services.services.ReviewService - Building the review object.
2024-12-19T08:17:51.150+0100 INFO               [http-nio-8082-exec-2]         be.pxl.services.services.ReviewService - Saving review (Review(id=null, postId=13, feedback=Niet goed deze post, iets meer werken., dateCreated=2024-12-19T08:17:51.150807600, reviewer=redacteur1, reviewerId=3)) in repository
2024-12-19T08:17:51.169+0100 INFO               [org.springframework.amqp.rabbit.RabbitListenerEndpointContainer#0-1] be.pxl.services.services.MailSenderService - Placing subject: EmailTest afgekeurd and text: EmailTest is afgekeurd en zal herschreven moeten worden, om vervolgens weer ingediend te worden. into mail properties.
2024-12-19T08:17:51.233+0100 INFO               [http-nio-8082-exec-2]         be.pxl.services.services.ReviewService - Successfully saved review with id: 7
2024-12-19T08:17:51.250+0100 INFO               [http-nio-8081-exec-3]         be.pxl.services.controller.api.PostController - Calling endpoint [GET] /api/post/submitted
2024-12-19T08:17:51.250+0100 INFO               [http-nio-8081-exec-3]         be.pxl.services.services.PostService - Retrieving all submitted posts
2024-12-19T08:17:51.253+0100 INFO               [http-nio-8081-exec-3]         be.pxl.services.services.PostService - Mapping [] To PostResponse
