2024-12-13T13:38:51.310+0100 INFO               [main]                         be.pxl.services.ConfigServiceApplication - Starting ConfigServiceApplication using Java 21.0.2 with PID 19372 (C:\Users\Arne\Documents\PXL_VIERDE_JAAR\1_FullstackJava\Project\project-ArneJanssenPXL\backend-java\FullStackJavaPXL\config-service\target\classes started by Arne in C:\Users\Arne\Documents\PXL_VIERDE_JAAR\1_FullstackJava\Project\project-ArneJanssenPXL\backend-java\FullStackJavaPXL)
2024-12-13T13:38:51.321+0100 DEBUG              [main]                         be.pxl.services.ConfigServiceApplication - Running with Spring Boot v3.3.5, Spring v6.1.14
2024-12-13T13:38:51.322+0100 INFO               [main]                         be.pxl.services.ConfigServiceApplication - The following 1 profile is active: "native"
2024-12-13T13:38:55.905+0100 INFO               [main]                         be.pxl.services.ConfigServiceApplication - Started ConfigServiceApplication in 6.454 seconds (process running for 10.234)
2024-12-13T13:39:15.284+0100 INFO               [main]                         be.pxl.services.DiscoveryServiceApplication - Starting DiscoveryServiceApplication using Java 21.0.2 with PID 38864 (C:\Users\Arne\Documents\PXL_VIERDE_JAAR\1_FullstackJava\Project\project-ArneJanssenPXL\backend-java\FullStackJavaPXL\discovery-service\target\classes started by Arne in C:\Users\Arne\Documents\PXL_VIERDE_JAAR\1_FullstackJava\Project\project-ArneJanssenPXL\backend-java\FullStackJavaPXL)
2024-12-13T13:39:15.286+0100 DEBUG              [main]                         be.pxl.services.DiscoveryServiceApplication - Running with Spring Boot v3.3.5, Spring v6.1.14
2024-12-13T13:39:15.287+0100 INFO               [main]                         be.pxl.services.DiscoveryServiceApplication - No active profile set, falling back to 1 default profile: "default"
2024-12-13T13:39:22.954+0100 INFO               [main]                         be.pxl.services.DiscoveryServiceApplication - Started DiscoveryServiceApplication in 10.107 seconds (process running for 14.785)
2024-12-13T13:49:32.304+0100 INFO               [main]                         be.pxl.services.GatewayServiceApplication - Starting GatewayServiceApplication using Java 21.0.2 with PID 28592 (C:\Users\Arne\Documents\PXL_VIERDE_JAAR\1_FullstackJava\Project\project-ArneJanssenPXL\backend-java\FullStackJavaPXL\gateway-service\target\classes started by Arne in C:\Users\Arne\Documents\PXL_VIERDE_JAAR\1_FullstackJava\Project\project-ArneJanssenPXL\backend-java\FullStackJavaPXL)
2024-12-13T13:49:32.306+0100 DEBUG              [main]                         be.pxl.services.GatewayServiceApplication - Running with Spring Boot v3.3.5, Spring v6.1.14
2024-12-13T13:49:32.307+0100 INFO               [main]                         be.pxl.services.GatewayServiceApplication - No active profile set, falling back to 1 default profile: "default"
2024-12-13T13:49:40.962+0100 INFO               [main]                         be.pxl.services.GatewayServiceApplication - Started GatewayServiceApplication in 10.857 seconds (process running for 13.143)
2024-12-13T13:50:03.783+0100 INFO               [main]                         be.pxl.services.PostServiceApplication - Starting PostServiceApplication using Java 21.0.2 with PID 19956 (C:\Users\Arne\Documents\PXL_VIERDE_JAAR\1_FullstackJava\Project\project-ArneJanssenPXL\backend-java\FullStackJavaPXL\post-service\target\classes started by Arne in C:\Users\Arne\Documents\PXL_VIERDE_JAAR\1_FullstackJava\Project\project-ArneJanssenPXL\backend-java\FullStackJavaPXL)
2024-12-13T13:50:03.784+0100 DEBUG              [main]                         be.pxl.services.PostServiceApplication - Running with Spring Boot v3.3.5, Spring v6.1.14
2024-12-13T13:50:03.785+0100 INFO               [main]                         be.pxl.services.PostServiceApplication - No active profile set, falling back to 1 default profile: "default"
2024-12-13T13:50:13.519+0100 INFO               [main]                         be.pxl.services.PostServiceApplication - Started PostServiceApplication in 12.004 seconds (process running for 12.888)
2024-12-13T13:50:49.589+0100 INFO               [http-nio-8081-exec-1]         be.pxl.services.controller.api.PostController - Calling endpoint [GET] /api/post/published
2024-12-13T13:50:49.589+0100 INFO               [http-nio-8081-exec-1]         be.pxl.services.services.PostService - Retrieving all published posts
2024-12-13T13:50:49.764+0100 INFO               [http-nio-8081-exec-1]         be.pxl.services.services.PostService - Mapping [Post(id=7, author=redacteur1, authorId=3, content=ja doe het eens en zorg dat je werkt maenEdit, title=publiceerPostEdit, category=zoekheithetuitEdit, datePublished=null, dateCreated=2024-12-10T18:09:33.482373, postStatus=PUBLISHED), Post(id=8, author=redacteur1, authorId=3, content=ContentVrede, title=TotaalTitle, category=Categorie, datePublished=2024-12-10T18:18:46.649109, dateCreated=2024-12-10T18:18:46.649109, postStatus=PUBLISHED), Post(id=10, author=redacteur1, authorId=3, content=TestContent, title=TestTitle, category=TestCategorie, datePublished=null, dateCreated=2024-12-11T16:20:39.186251, postStatus=PUBLISHED)] To PostResponse
2024-12-13T13:51:00.554+0100 INFO               [http-nio-8081-exec-2]         be.pxl.services.controller.api.PostController - Calling endpoint [GET] /api/post/10 with params: 10 in PathVariable
2024-12-13T13:51:00.554+0100 INFO               [http-nio-8081-exec-2]         be.pxl.services.services.PostService - Finding post with id: 10
2024-12-13T13:51:00.586+0100 INFO               [http-nio-8081-exec-2]         be.pxl.services.services.PostService - Successfully found post with id: 10
2024-12-13T13:51:00.586+0100 INFO               [http-nio-8081-exec-2]         be.pxl.services.services.PostService - Mapping Post(id=10, author=redacteur1, authorId=3, content=TestContent, title=TestTitle, category=TestCategorie, datePublished=null, dateCreated=2024-12-11T16:20:39.186251, postStatus=PUBLISHED) To PostResponse
2024-12-13T13:51:02.539+0100 INFO               [http-nio-8081-exec-3]         be.pxl.services.controller.api.PostController - Calling endpoint [GET] /api/post/10 with params: 10 in PathVariable
2024-12-13T13:51:02.539+0100 INFO               [http-nio-8081-exec-3]         be.pxl.services.services.PostService - Finding post with id: 10
2024-12-13T13:51:02.545+0100 INFO               [http-nio-8081-exec-3]         be.pxl.services.services.PostService - Successfully found post with id: 10
2024-12-13T13:51:02.545+0100 INFO               [http-nio-8081-exec-3]         be.pxl.services.services.PostService - Mapping Post(id=10, author=redacteur1, authorId=3, content=TestContent, title=TestTitle, category=TestCategorie, datePublished=null, dateCreated=2024-12-11T16:20:39.186251, postStatus=PUBLISHED) To PostResponse
2024-12-13T13:51:07.262+0100 INFO               [http-nio-8081-exec-4]         be.pxl.services.controller.api.PostController - Calling endpoint [PUT] /api/post/10 with params: 10 in PathVariable & with params: PostRequest(content=TestContent, title=TestTitle, category=TestCategorie, postStatus=CONCEPT) in RequestBody
2024-12-13T13:51:07.263+0100 INFO               [http-nio-8081-exec-4]         be.pxl.services.services.PostService - Finding post with id: 10
2024-12-13T13:51:07.267+0100 INFO               [http-nio-8081-exec-4]         be.pxl.services.services.PostService - Checking if log user is owner
2024-12-13T13:51:07.268+0100 INFO               [http-nio-8081-exec-4]         be.pxl.services.services.PostService - User is the owner
2024-12-13T13:51:07.268+0100 INFO               [http-nio-8081-exec-4]         be.pxl.services.services.PostService - Updating post properties
2024-12-13T13:51:07.268+0100 INFO               [http-nio-8081-exec-4]         be.pxl.services.services.PostService - Saving post (Post(id=10, author=redacteur1, authorId=3, content=TestContent, title=TestTitle, category=TestCategorie, datePublished=null, dateCreated=2024-12-11T16:20:39.186251, postStatus=CONCEPT)) in repository
2024-12-13T13:51:07.321+0100 INFO               [http-nio-8081-exec-4]         be.pxl.services.services.PostService - Successfully saved post with id: 10
2024-12-13T13:51:07.321+0100 INFO               [http-nio-8081-exec-4]         be.pxl.services.services.PostService - Mapping Post(id=10, author=redacteur1, authorId=3, content=TestContent, title=TestTitle, category=TestCategorie, datePublished=null, dateCreated=2024-12-11T16:20:39.186251, postStatus=CONCEPT) To PostResponse
2024-12-13T13:51:07.345+0100 INFO               [http-nio-8081-exec-5]         be.pxl.services.controller.api.PostController - Calling endpoint [GET] /api/post/published
2024-12-13T13:51:07.345+0100 INFO               [http-nio-8081-exec-5]         be.pxl.services.services.PostService - Retrieving all published posts
2024-12-13T13:51:07.350+0100 INFO               [http-nio-8081-exec-5]         be.pxl.services.services.PostService - Mapping [Post(id=7, author=redacteur1, authorId=3, content=ja doe het eens en zorg dat je werkt maenEdit, title=publiceerPostEdit, category=zoekheithetuitEdit, datePublished=null, dateCreated=2024-12-10T18:09:33.482373, postStatus=PUBLISHED), Post(id=8, author=redacteur1, authorId=3, content=ContentVrede, title=TotaalTitle, category=Categorie, datePublished=2024-12-10T18:18:46.649109, dateCreated=2024-12-10T18:18:46.649109, postStatus=PUBLISHED)] To PostResponse
2024-12-13T13:51:10.231+0100 INFO               [http-nio-8081-exec-6]         be.pxl.services.controller.api.PostController - Calling endpoint [GET] /api/post/7 with params: 7 in PathVariable
2024-12-13T13:51:10.231+0100 INFO               [http-nio-8081-exec-6]         be.pxl.services.services.PostService - Finding post with id: 7
2024-12-13T13:51:10.235+0100 INFO               [http-nio-8081-exec-6]         be.pxl.services.services.PostService - Successfully found post with id: 7
2024-12-13T13:51:10.235+0100 INFO               [http-nio-8081-exec-6]         be.pxl.services.services.PostService - Mapping Post(id=7, author=redacteur1, authorId=3, content=ja doe het eens en zorg dat je werkt maenEdit, title=publiceerPostEdit, category=zoekheithetuitEdit, datePublished=null, dateCreated=2024-12-10T18:09:33.482373, postStatus=PUBLISHED) To PostResponse
2024-12-13T13:51:11.062+0100 INFO               [http-nio-8081-exec-8]         be.pxl.services.controller.api.PostController - Calling endpoint [GET] /api/post/7 with params: 7 in PathVariable
2024-12-13T13:51:11.063+0100 INFO               [http-nio-8081-exec-8]         be.pxl.services.services.PostService - Finding post with id: 7
2024-12-13T13:51:11.068+0100 INFO               [http-nio-8081-exec-8]         be.pxl.services.services.PostService - Successfully found post with id: 7
2024-12-13T13:51:11.068+0100 INFO               [http-nio-8081-exec-8]         be.pxl.services.services.PostService - Mapping Post(id=7, author=redacteur1, authorId=3, content=ja doe het eens en zorg dat je werkt maenEdit, title=publiceerPostEdit, category=zoekheithetuitEdit, datePublished=null, dateCreated=2024-12-10T18:09:33.482373, postStatus=PUBLISHED) To PostResponse
2024-12-13T13:51:13.618+0100 INFO               [http-nio-8081-exec-7]         be.pxl.services.controller.api.PostController - Calling endpoint [PUT] /api/post/7 with params: 7 in PathVariable & with params: PostRequest(content=ja doe het eens en zorg dat je werkt maenEdit, title=publiceerPostEdit, category=zoekheithetuitEdit, postStatus=CONCEPT) in RequestBody
2024-12-13T13:51:13.618+0100 INFO               [http-nio-8081-exec-7]         be.pxl.services.services.PostService - Finding post with id: 7
2024-12-13T13:51:13.622+0100 INFO               [http-nio-8081-exec-7]         be.pxl.services.services.PostService - Checking if log user is owner
2024-12-13T13:51:13.622+0100 INFO               [http-nio-8081-exec-7]         be.pxl.services.services.PostService - User is the owner
2024-12-13T13:51:13.622+0100 INFO               [http-nio-8081-exec-7]         be.pxl.services.services.PostService - Updating post properties
2024-12-13T13:51:13.622+0100 INFO               [http-nio-8081-exec-7]         be.pxl.services.services.PostService - Saving post (Post(id=7, author=redacteur1, authorId=3, content=ja doe het eens en zorg dat je werkt maenEdit, title=publiceerPostEdit, category=zoekheithetuitEdit, datePublished=null, dateCreated=2024-12-10T18:09:33.482373, postStatus=CONCEPT)) in repository
2024-12-13T13:51:13.636+0100 INFO               [http-nio-8081-exec-7]         be.pxl.services.services.PostService - Successfully saved post with id: 7
2024-12-13T13:51:13.636+0100 INFO               [http-nio-8081-exec-7]         be.pxl.services.services.PostService - Mapping Post(id=7, author=redacteur1, authorId=3, content=ja doe het eens en zorg dat je werkt maenEdit, title=publiceerPostEdit, category=zoekheithetuitEdit, datePublished=null, dateCreated=2024-12-10T18:09:33.482373, postStatus=CONCEPT) To PostResponse
2024-12-13T13:51:13.652+0100 INFO               [http-nio-8081-exec-9]         be.pxl.services.controller.api.PostController - Calling endpoint [GET] /api/post/published
2024-12-13T13:51:13.653+0100 INFO               [http-nio-8081-exec-9]         be.pxl.services.services.PostService - Retrieving all published posts
2024-12-13T13:51:13.655+0100 INFO               [http-nio-8081-exec-9]         be.pxl.services.services.PostService - Mapping [Post(id=8, author=redacteur1, authorId=3, content=ContentVrede, title=TotaalTitle, category=Categorie, datePublished=2024-12-10T18:18:46.649109, dateCreated=2024-12-10T18:18:46.649109, postStatus=PUBLISHED)] To PostResponse
2024-12-13T13:51:14.812+0100 INFO               [http-nio-8081-exec-10]        be.pxl.services.controller.api.PostController - Calling endpoint [GET] /api/post/concept
2024-12-13T13:51:14.812+0100 INFO               [http-nio-8081-exec-10]        be.pxl.services.services.PostService - Retrieving all concept posts by author: 3
2024-12-13T13:51:14.817+0100 INFO               [http-nio-8081-exec-10]        be.pxl.services.services.PostService - Mapping [Post(id=5, author=redacteur1, authorId=3, content=cotnent, title=titel, category=categireoe, datePublished=null, dateCreated=2024-12-10T17:58:06.264045, postStatus=CONCEPT), Post(id=7, author=redacteur1, authorId=3, content=ja doe het eens en zorg dat je werkt maenEdit, title=publiceerPostEdit, category=zoekheithetuitEdit, datePublished=null, dateCreated=2024-12-10T18:09:33.482373, postStatus=CONCEPT), Post(id=10, author=redacteur1, authorId=3, content=TestContent, title=TestTitle, category=TestCategorie, datePublished=null, dateCreated=2024-12-11T16:20:39.186251, postStatus=CONCEPT)] To PostResponse
2024-12-13T13:51:18.855+0100 INFO               [http-nio-8081-exec-1]         be.pxl.services.controller.api.PostController - Calling endpoint [GET] /api/post/10 with params: 10 in PathVariable
2024-12-13T13:51:18.856+0100 INFO               [http-nio-8081-exec-1]         be.pxl.services.services.PostService - Finding post with id: 10
2024-12-13T13:51:18.860+0100 INFO               [http-nio-8081-exec-1]         be.pxl.services.services.PostService - Successfully found post with id: 10
2024-12-13T13:51:18.861+0100 INFO               [http-nio-8081-exec-1]         be.pxl.services.services.PostService - Mapping Post(id=10, author=redacteur1, authorId=3, content=TestContent, title=TestTitle, category=TestCategorie, datePublished=null, dateCreated=2024-12-11T16:20:39.186251, postStatus=CONCEPT) To PostResponse
2024-12-13T13:51:20.474+0100 INFO               [http-nio-8081-exec-2]         be.pxl.services.controller.api.PostController - Calling endpoint [GET] /api/post/10 with params: 10 in PathVariable
2024-12-13T13:51:20.474+0100 INFO               [http-nio-8081-exec-2]         be.pxl.services.services.PostService - Finding post with id: 10
2024-12-13T13:51:20.478+0100 INFO               [http-nio-8081-exec-2]         be.pxl.services.services.PostService - Successfully found post with id: 10
2024-12-13T13:51:20.478+0100 INFO               [http-nio-8081-exec-2]         be.pxl.services.services.PostService - Mapping Post(id=10, author=redacteur1, authorId=3, content=TestContent, title=TestTitle, category=TestCategorie, datePublished=null, dateCreated=2024-12-11T16:20:39.186251, postStatus=CONCEPT) To PostResponse
2024-12-13T13:51:23.307+0100 INFO               [http-nio-8081-exec-3]         be.pxl.services.controller.api.PostController - Calling endpoint [PUT] /api/post/10 with params: 10 in PathVariable & with params: PostRequest(content=TestContent, title=TestTitle, category=TestCategorie, postStatus=PUBLISHED) in RequestBody
2024-12-13T13:51:23.307+0100 INFO               [http-nio-8081-exec-3]         be.pxl.services.services.PostService - Finding post with id: 10
2024-12-13T13:51:23.312+0100 INFO               [http-nio-8081-exec-3]         be.pxl.services.services.PostService - Checking if log user is owner
2024-12-13T13:51:23.312+0100 INFO               [http-nio-8081-exec-3]         be.pxl.services.services.PostService - User is the owner
2024-12-13T13:51:23.312+0100 INFO               [http-nio-8081-exec-3]         be.pxl.services.services.PostService - Updating post properties
2024-12-13T13:51:23.312+0100 INFO               [http-nio-8081-exec-3]         be.pxl.services.services.PostService - Saving post (Post(id=10, author=redacteur1, authorId=3, content=TestContent, title=TestTitle, category=TestCategorie, datePublished=2024-12-13T13:51:23.312139800, dateCreated=2024-12-11T16:20:39.186251, postStatus=PUBLISHED)) in repository
2024-12-13T13:51:23.320+0100 INFO               [http-nio-8081-exec-3]         be.pxl.services.services.PostService - Successfully saved post with id: 10
2024-12-13T13:51:23.320+0100 INFO               [http-nio-8081-exec-3]         be.pxl.services.services.PostService - Mapping Post(id=10, author=redacteur1, authorId=3, content=TestContent, title=TestTitle, category=TestCategorie, datePublished=2024-12-13T13:51:23.312139800, dateCreated=2024-12-11T16:20:39.186251, postStatus=PUBLISHED) To PostResponse
2024-12-13T13:51:23.338+0100 INFO               [http-nio-8081-exec-4]         be.pxl.services.controller.api.PostController - Calling endpoint [GET] /api/post/published
2024-12-13T13:51:23.338+0100 INFO               [http-nio-8081-exec-4]         be.pxl.services.services.PostService - Retrieving all published posts
2024-12-13T13:51:23.342+0100 INFO               [http-nio-8081-exec-4]         be.pxl.services.services.PostService - Mapping [Post(id=8, author=redacteur1, authorId=3, content=ContentVrede, title=TotaalTitle, category=Categorie, datePublished=2024-12-10T18:18:46.649109, dateCreated=2024-12-10T18:18:46.649109, postStatus=PUBLISHED), Post(id=10, author=redacteur1, authorId=3, content=TestContent, title=TestTitle, category=TestCategorie, datePublished=2024-12-13T13:51:23.312140, dateCreated=2024-12-11T16:20:39.186251, postStatus=PUBLISHED)] To PostResponse
2024-12-13T13:51:35.036+0100 INFO               [http-nio-8081-exec-5]         be.pxl.services.controller.api.PostController - Calling endpoint [GET] /api/post/concept
2024-12-13T13:51:35.036+0100 INFO               [http-nio-8081-exec-5]         be.pxl.services.services.PostService - Retrieving all concept posts by author: 3
2024-12-13T13:51:35.039+0100 INFO               [http-nio-8081-exec-5]         be.pxl.services.services.PostService - Mapping [Post(id=5, author=redacteur1, authorId=3, content=cotnent, title=titel, category=categireoe, datePublished=null, dateCreated=2024-12-10T17:58:06.264045, postStatus=CONCEPT), Post(id=7, author=redacteur1, authorId=3, content=ja doe het eens en zorg dat je werkt maenEdit, title=publiceerPostEdit, category=zoekheithetuitEdit, datePublished=null, dateCreated=2024-12-10T18:09:33.482373, postStatus=CONCEPT)] To PostResponse
2024-12-13T13:51:36.576+0100 INFO               [http-nio-8081-exec-6]         be.pxl.services.controller.api.PostController - Calling endpoint [GET] /api/post/7 with params: 7 in PathVariable
2024-12-13T13:51:36.576+0100 INFO               [http-nio-8081-exec-6]         be.pxl.services.services.PostService - Finding post with id: 7
2024-12-13T13:51:36.581+0100 INFO               [http-nio-8081-exec-6]         be.pxl.services.services.PostService - Successfully found post with id: 7
2024-12-13T13:51:36.581+0100 INFO               [http-nio-8081-exec-6]         be.pxl.services.services.PostService - Mapping Post(id=7, author=redacteur1, authorId=3, content=ja doe het eens en zorg dat je werkt maenEdit, title=publiceerPostEdit, category=zoekheithetuitEdit, datePublished=null, dateCreated=2024-12-10T18:09:33.482373, postStatus=CONCEPT) To PostResponse
2024-12-13T13:51:37.870+0100 INFO               [http-nio-8081-exec-8]         be.pxl.services.controller.api.PostController - Calling endpoint [GET] /api/post/7 with params: 7 in PathVariable
2024-12-13T13:51:37.870+0100 INFO               [http-nio-8081-exec-8]         be.pxl.services.services.PostService - Finding post with id: 7
2024-12-13T13:51:37.876+0100 INFO               [http-nio-8081-exec-8]         be.pxl.services.services.PostService - Successfully found post with id: 7
2024-12-13T13:51:37.876+0100 INFO               [http-nio-8081-exec-8]         be.pxl.services.services.PostService - Mapping Post(id=7, author=redacteur1, authorId=3, content=ja doe het eens en zorg dat je werkt maenEdit, title=publiceerPostEdit, category=zoekheithetuitEdit, datePublished=null, dateCreated=2024-12-10T18:09:33.482373, postStatus=CONCEPT) To PostResponse
2024-12-13T13:51:39.883+0100 INFO               [http-nio-8081-exec-7]         be.pxl.services.controller.api.PostController - Calling endpoint [PUT] /api/post/7 with params: 7 in PathVariable & with params: PostRequest(content=ja doe het eens en zorg dat je werkt maenEdit, title=publiceerPostEdit, category=zoekheithetuitEdit, postStatus=PUBLISHED) in RequestBody
2024-12-13T13:51:39.884+0100 INFO               [http-nio-8081-exec-7]         be.pxl.services.services.PostService - Finding post with id: 7
2024-12-13T13:51:39.888+0100 INFO               [http-nio-8081-exec-7]         be.pxl.services.services.PostService - Checking if log user is owner
2024-12-13T13:51:39.888+0100 INFO               [http-nio-8081-exec-7]         be.pxl.services.services.PostService - User is the owner
2024-12-13T13:51:39.888+0100 INFO               [http-nio-8081-exec-7]         be.pxl.services.services.PostService - Updating post properties
2024-12-13T13:51:39.888+0100 INFO               [http-nio-8081-exec-7]         be.pxl.services.services.PostService - Saving post (Post(id=7, author=redacteur1, authorId=3, content=ja doe het eens en zorg dat je werkt maenEdit, title=publiceerPostEdit, category=zoekheithetuitEdit, datePublished=2024-12-13T13:51:39.888182900, dateCreated=2024-12-10T18:09:33.482373, postStatus=PUBLISHED)) in repository
2024-12-13T13:51:39.895+0100 INFO               [http-nio-8081-exec-7]         be.pxl.services.services.PostService - Successfully saved post with id: 7
2024-12-13T13:51:39.895+0100 INFO               [http-nio-8081-exec-7]         be.pxl.services.services.PostService - Mapping Post(id=7, author=redacteur1, authorId=3, content=ja doe het eens en zorg dat je werkt maenEdit, title=publiceerPostEdit, category=zoekheithetuitEdit, datePublished=2024-12-13T13:51:39.888182900, dateCreated=2024-12-10T18:09:33.482373, postStatus=PUBLISHED) To PostResponse
2024-12-13T13:51:39.910+0100 INFO               [http-nio-8081-exec-9]         be.pxl.services.controller.api.PostController - Calling endpoint [GET] /api/post/published
2024-12-13T13:51:39.910+0100 INFO               [http-nio-8081-exec-9]         be.pxl.services.services.PostService - Retrieving all published posts
2024-12-13T13:51:39.915+0100 INFO               [http-nio-8081-exec-9]         be.pxl.services.services.PostService - Mapping [Post(id=7, author=redacteur1, authorId=3, content=ja doe het eens en zorg dat je werkt maenEdit, title=publiceerPostEdit, category=zoekheithetuitEdit, datePublished=2024-12-13T13:51:39.888183, dateCreated=2024-12-10T18:09:33.482373, postStatus=PUBLISHED), Post(id=8, author=redacteur1, authorId=3, content=ContentVrede, title=TotaalTitle, category=Categorie, datePublished=2024-12-10T18:18:46.649109, dateCreated=2024-12-10T18:18:46.649109, postStatus=PUBLISHED), Post(id=10, author=redacteur1, authorId=3, content=TestContent, title=TestTitle, category=TestCategorie, datePublished=2024-12-13T13:51:23.312140, dateCreated=2024-12-11T16:20:39.186251, postStatus=PUBLISHED)] To PostResponse
2024-12-13T13:52:01.134+0100 INFO               [http-nio-8081-exec-10]        be.pxl.services.controller.api.PostController - Calling endpoint [GET] /api/post/10 with params: 10 in PathVariable
2024-12-13T13:52:01.134+0100 INFO               [http-nio-8081-exec-10]        be.pxl.services.services.PostService - Finding post with id: 10
2024-12-13T13:52:01.137+0100 INFO               [http-nio-8081-exec-10]        be.pxl.services.services.PostService - Successfully found post with id: 10
2024-12-13T13:52:01.138+0100 INFO               [http-nio-8081-exec-10]        be.pxl.services.services.PostService - Mapping Post(id=10, author=redacteur1, authorId=3, content=TestContent, title=TestTitle, category=TestCategorie, datePublished=2024-12-13T13:51:23.312140, dateCreated=2024-12-11T16:20:39.186251, postStatus=PUBLISHED) To PostResponse
2024-12-13T13:52:02.919+0100 INFO               [http-nio-8081-exec-1]         be.pxl.services.controller.api.PostController - Calling endpoint [GET] /api/post/10 with params: 10 in PathVariable
2024-12-13T13:52:02.919+0100 INFO               [http-nio-8081-exec-1]         be.pxl.services.services.PostService - Finding post with id: 10
2024-12-13T13:52:02.925+0100 INFO               [http-nio-8081-exec-1]         be.pxl.services.services.PostService - Successfully found post with id: 10
2024-12-13T13:52:02.925+0100 INFO               [http-nio-8081-exec-1]         be.pxl.services.services.PostService - Mapping Post(id=10, author=redacteur1, authorId=3, content=TestContent, title=TestTitle, category=TestCategorie, datePublished=2024-12-13T13:51:23.312140, dateCreated=2024-12-11T16:20:39.186251, postStatus=PUBLISHED) To PostResponse
2024-12-13T13:52:05.444+0100 INFO               [http-nio-8081-exec-2]         be.pxl.services.controller.api.PostController - Calling endpoint [PUT] /api/post/10 with params: 10 in PathVariable & with params: PostRequest(content=TestContent, title=TestTitle, category=TestCategorie, postStatus=CONCEPT) in RequestBody
2024-12-13T13:52:05.444+0100 INFO               [http-nio-8081-exec-2]         be.pxl.services.services.PostService - Finding post with id: 10
2024-12-13T13:52:05.447+0100 INFO               [http-nio-8081-exec-2]         be.pxl.services.services.PostService - Checking if log user is owner
2024-12-13T13:52:05.448+0100 INFO               [http-nio-8081-exec-2]         be.pxl.services.services.PostService - User is the owner
2024-12-13T13:52:05.448+0100 INFO               [http-nio-8081-exec-2]         be.pxl.services.services.PostService - Updating post properties
2024-12-13T13:52:05.448+0100 INFO               [http-nio-8081-exec-2]         be.pxl.services.services.PostService - Saving post (Post(id=10, author=redacteur1, authorId=3, content=TestContent, title=TestTitle, category=TestCategorie, datePublished=null, dateCreated=2024-12-11T16:20:39.186251, postStatus=CONCEPT)) in repository
2024-12-13T13:52:05.456+0100 INFO               [http-nio-8081-exec-2]         be.pxl.services.services.PostService - Successfully saved post with id: 10
2024-12-13T13:52:05.456+0100 INFO               [http-nio-8081-exec-2]         be.pxl.services.services.PostService - Mapping Post(id=10, author=redacteur1, authorId=3, content=TestContent, title=TestTitle, category=TestCategorie, datePublished=null, dateCreated=2024-12-11T16:20:39.186251, postStatus=CONCEPT) To PostResponse
2024-12-13T13:52:05.471+0100 INFO               [http-nio-8081-exec-3]         be.pxl.services.controller.api.PostController - Calling endpoint [GET] /api/post/published
2024-12-13T13:52:05.471+0100 INFO               [http-nio-8081-exec-3]         be.pxl.services.services.PostService - Retrieving all published posts
2024-12-13T13:52:05.475+0100 INFO               [http-nio-8081-exec-3]         be.pxl.services.services.PostService - Mapping [Post(id=7, author=redacteur1, authorId=3, content=ja doe het eens en zorg dat je werkt maenEdit, title=publiceerPostEdit, category=zoekheithetuitEdit, datePublished=2024-12-13T13:51:39.888183, dateCreated=2024-12-10T18:09:33.482373, postStatus=PUBLISHED), Post(id=8, author=redacteur1, authorId=3, content=ContentVrede, title=TotaalTitle, category=Categorie, datePublished=2024-12-10T18:18:46.649109, dateCreated=2024-12-10T18:18:46.649109, postStatus=PUBLISHED)] To PostResponse
2024-12-13T13:52:11.593+0100 INFO               [http-nio-8081-exec-4]         be.pxl.services.controller.api.PostController - Calling endpoint [GET] /api/post/concept
2024-12-13T13:52:11.593+0100 INFO               [http-nio-8081-exec-4]         be.pxl.services.services.PostService - Retrieving all concept posts by author: 3
2024-12-13T13:52:11.597+0100 INFO               [http-nio-8081-exec-4]         be.pxl.services.services.PostService - Mapping [Post(id=5, author=redacteur1, authorId=3, content=cotnent, title=titel, category=categireoe, datePublished=null, dateCreated=2024-12-10T17:58:06.264045, postStatus=CONCEPT), Post(id=10, author=redacteur1, authorId=3, content=TestContent, title=TestTitle, category=TestCategorie, datePublished=null, dateCreated=2024-12-11T16:20:39.186251, postStatus=CONCEPT)] To PostResponse
2024-12-13T13:52:13.462+0100 INFO               [http-nio-8081-exec-5]         be.pxl.services.controller.api.PostController - Calling endpoint [GET] /api/post/10 with params: 10 in PathVariable
2024-12-13T13:52:13.472+0100 INFO               [http-nio-8081-exec-5]         be.pxl.services.services.PostService - Finding post with id: 10
2024-12-13T13:52:13.477+0100 INFO               [http-nio-8081-exec-5]         be.pxl.services.services.PostService - Successfully found post with id: 10
2024-12-13T13:52:13.477+0100 INFO               [http-nio-8081-exec-5]         be.pxl.services.services.PostService - Mapping Post(id=10, author=redacteur1, authorId=3, content=TestContent, title=TestTitle, category=TestCategorie, datePublished=null, dateCreated=2024-12-11T16:20:39.186251, postStatus=CONCEPT) To PostResponse
2024-12-13T13:52:14.213+0100 INFO               [http-nio-8081-exec-6]         be.pxl.services.controller.api.PostController - Calling endpoint [GET] /api/post/10 with params: 10 in PathVariable
2024-12-13T13:52:14.213+0100 INFO               [http-nio-8081-exec-6]         be.pxl.services.services.PostService - Finding post with id: 10
2024-12-13T13:52:14.218+0100 INFO               [http-nio-8081-exec-6]         be.pxl.services.services.PostService - Successfully found post with id: 10
2024-12-13T13:52:14.218+0100 INFO               [http-nio-8081-exec-6]         be.pxl.services.services.PostService - Mapping Post(id=10, author=redacteur1, authorId=3, content=TestContent, title=TestTitle, category=TestCategorie, datePublished=null, dateCreated=2024-12-11T16:20:39.186251, postStatus=CONCEPT) To PostResponse
2024-12-13T13:52:16.627+0100 INFO               [http-nio-8081-exec-8]         be.pxl.services.controller.api.PostController - Calling endpoint [PUT] /api/post/10 with params: 10 in PathVariable & with params: PostRequest(content=TestContent, title=TestTitle, category=TestCategorie, postStatus=PUBLISHED) in RequestBody
2024-12-13T13:52:16.627+0100 INFO               [http-nio-8081-exec-8]         be.pxl.services.services.PostService - Finding post with id: 10
2024-12-13T13:52:16.631+0100 INFO               [http-nio-8081-exec-8]         be.pxl.services.services.PostService - Checking if log user is owner
2024-12-13T13:52:16.631+0100 INFO               [http-nio-8081-exec-8]         be.pxl.services.services.PostService - User is the owner
2024-12-13T13:52:16.631+0100 INFO               [http-nio-8081-exec-8]         be.pxl.services.services.PostService - Updating post properties
2024-12-13T13:52:16.631+0100 INFO               [http-nio-8081-exec-8]         be.pxl.services.services.PostService - Saving post (Post(id=10, author=redacteur1, authorId=3, content=TestContent, title=TestTitle, category=TestCategorie, datePublished=2024-12-13T13:52:16.631831100, dateCreated=2024-12-11T16:20:39.186251, postStatus=PUBLISHED)) in repository
2024-12-13T13:52:16.639+0100 INFO               [http-nio-8081-exec-8]         be.pxl.services.services.PostService - Successfully saved post with id: 10
2024-12-13T13:52:16.639+0100 INFO               [http-nio-8081-exec-8]         be.pxl.services.services.PostService - Mapping Post(id=10, author=redacteur1, authorId=3, content=TestContent, title=TestTitle, category=TestCategorie, datePublished=2024-12-13T13:52:16.631831100, dateCreated=2024-12-11T16:20:39.186251, postStatus=PUBLISHED) To PostResponse
2024-12-13T13:52:16.654+0100 INFO               [http-nio-8081-exec-7]         be.pxl.services.controller.api.PostController - Calling endpoint [GET] /api/post/published
2024-12-13T13:52:16.654+0100 INFO               [http-nio-8081-exec-7]         be.pxl.services.services.PostService - Retrieving all published posts
2024-12-13T13:52:16.658+0100 INFO               [http-nio-8081-exec-7]         be.pxl.services.services.PostService - Mapping [Post(id=7, author=redacteur1, authorId=3, content=ja doe het eens en zorg dat je werkt maenEdit, title=publiceerPostEdit, category=zoekheithetuitEdit, datePublished=2024-12-13T13:51:39.888183, dateCreated=2024-12-10T18:09:33.482373, postStatus=PUBLISHED), Post(id=8, author=redacteur1, authorId=3, content=ContentVrede, title=TotaalTitle, category=Categorie, datePublished=2024-12-10T18:18:46.649109, dateCreated=2024-12-10T18:18:46.649109, postStatus=PUBLISHED), Post(id=10, author=redacteur1, authorId=3, content=TestContent, title=TestTitle, category=TestCategorie, datePublished=2024-12-13T13:52:16.631831, dateCreated=2024-12-11T16:20:39.186251, postStatus=PUBLISHED)] To PostResponse
2024-12-13T13:52:34.544+0100 INFO               [http-nio-8081-exec-9]         be.pxl.services.controller.api.PostController - Calling endpoint [GET] /api/post/submitted
2024-12-13T13:52:34.544+0100 INFO               [http-nio-8081-exec-9]         be.pxl.services.services.PostService - Retrieving all submitted posts
2024-12-13T13:52:34.547+0100 INFO               [http-nio-8081-exec-9]         be.pxl.services.services.PostService - Mapping [Post(id=6, author=redacteur1, authorId=3, content=Zie dit dan!, title=submittedPost, category=boeit niet, datePublished=null, dateCreated=2024-12-10T18:00:52.710306, postStatus=SUBMITTED), Post(id=9, author=redacteur1, authorId=3, content=Nieuwe Content, title=Nieuwe Post, category=Nieuwe Categorie, datePublished=null, dateCreated=2024-12-11T08:26:25.810780, postStatus=SUBMITTED)] To PostResponse
2024-12-13T13:53:35.204+0100 INFO               [http-nio-8081-exec-1]         be.pxl.services.controller.api.PostController - Calling endpoint [GET] /api/post/6 with params: 6 in PathVariable
2024-12-13T13:53:35.204+0100 INFO               [http-nio-8081-exec-1]         be.pxl.services.services.PostService - Finding post with id: 6
2024-12-13T13:53:35.208+0100 INFO               [http-nio-8081-exec-1]         be.pxl.services.services.PostService - Successfully found post with id: 6
2024-12-13T13:53:35.208+0100 INFO               [http-nio-8081-exec-1]         be.pxl.services.services.PostService - Mapping Post(id=6, author=redacteur1, authorId=3, content=Zie dit dan!, title=submittedPost, category=boeit niet, datePublished=null, dateCreated=2024-12-10T18:00:52.710306, postStatus=SUBMITTED) To PostResponse
2024-12-13T14:21:21.447+0100 INFO               [http-nio-8081-exec-3]         be.pxl.services.controller.api.PostController - Calling endpoint [GET] /api/post/6 with params: 6 in PathVariable
2024-12-13T14:21:21.447+0100 INFO               [http-nio-8081-exec-3]         be.pxl.services.services.PostService - Finding post with id: 6
2024-12-13T14:21:21.457+0100 INFO               [http-nio-8081-exec-3]         be.pxl.services.services.PostService - Successfully found post with id: 6
2024-12-13T14:21:21.458+0100 INFO               [http-nio-8081-exec-3]         be.pxl.services.services.PostService - Mapping Post(id=6, author=redacteur1, authorId=3, content=Zie dit dan!, title=submittedPost, category=boeit niet, datePublished=null, dateCreated=2024-12-10T18:00:52.710306, postStatus=SUBMITTED) To PostResponse
2024-12-13T15:36:32.974+0100 INFO               [http-nio-8081-exec-5]         be.pxl.services.controller.api.PostController - Calling endpoint [GET] /api/post/6 with params: 6 in PathVariable
2024-12-13T15:36:32.976+0100 INFO               [http-nio-8081-exec-5]         be.pxl.services.services.PostService - Finding post with id: 6
2024-12-13T15:36:33.007+0100 INFO               [http-nio-8081-exec-5]         be.pxl.services.services.PostService - Successfully found post with id: 6
2024-12-13T15:36:33.008+0100 INFO               [http-nio-8081-exec-5]         be.pxl.services.services.PostService - Mapping Post(id=6, author=redacteur1, authorId=3, content=Zie dit dan!, title=submittedPost, category=boeit niet, datePublished=null, dateCreated=2024-12-10T18:00:52.710306, postStatus=SUBMITTED) To PostResponse
