2024-11-27T08:32:43.241+0100 INFO               [main]                         be.pxl.services.ConfigServiceApplication - Starting ConfigServiceApplication using Java 21.0.2 with PID 19848 (C:\Users\Arne\Documents\PXL_VIERDE_JAAR\1_FullstackJava\Project\project-ArneJanssenPXL\backend-java\FullStackJavaPXL\config-service\target\classes started by Arne in C:\Users\Arne\Documents\PXL_VIERDE_JAAR\1_FullstackJava\Project\project-ArneJanssenPXL\backend-java\FullStackJavaPXL)
2024-11-27T08:32:43.251+0100 DEBUG              [main]                         be.pxl.services.ConfigServiceApplication - Running with Spring Boot v3.3.5, Spring v6.1.14
2024-11-27T08:32:43.252+0100 INFO               [main]                         be.pxl.services.ConfigServiceApplication - The following 1 profile is active: "native"
2024-11-27T08:32:45.647+0100 INFO               [main]                         be.pxl.services.ConfigServiceApplication - Started ConfigServiceApplication in 3.214 seconds (process running for 6.766)
2024-11-27T08:32:58.779+0100 INFO               [main]                         be.pxl.services.DiscoveryServiceApplication - Starting DiscoveryServiceApplication using Java 21.0.2 with PID 23576 (C:\Users\Arne\Documents\PXL_VIERDE_JAAR\1_FullstackJava\Project\project-ArneJanssenPXL\backend-java\FullStackJavaPXL\discovery-service\target\classes started by Arne in C:\Users\Arne\Documents\PXL_VIERDE_JAAR\1_FullstackJava\Project\project-ArneJanssenPXL\backend-java\FullStackJavaPXL)
2024-11-27T08:32:58.781+0100 DEBUG              [main]                         be.pxl.services.DiscoveryServiceApplication - Running with Spring Boot v3.3.5, Spring v6.1.14
2024-11-27T08:32:58.781+0100 INFO               [main]                         be.pxl.services.DiscoveryServiceApplication - No active profile set, falling back to 1 default profile: "default"
2024-11-27T08:33:06.203+0100 INFO               [main]                         be.pxl.services.DiscoveryServiceApplication - Started DiscoveryServiceApplication in 9.784 seconds (process running for 13.969)
2024-11-27T08:33:15.603+0100 INFO               [main]                         be.pxl.services.GatewayServiceApplication - Starting GatewayServiceApplication using Java 21.0.2 with PID 25880 (C:\Users\Arne\Documents\PXL_VIERDE_JAAR\1_FullstackJava\Project\project-ArneJanssenPXL\backend-java\FullStackJavaPXL\gateway-service\target\classes started by Arne in C:\Users\Arne\Documents\PXL_VIERDE_JAAR\1_FullstackJava\Project\project-ArneJanssenPXL\backend-java\FullStackJavaPXL)
2024-11-27T08:33:15.604+0100 DEBUG              [main]                         be.pxl.services.GatewayServiceApplication - Running with Spring Boot v3.3.5, Spring v6.1.14
2024-11-27T08:33:15.605+0100 INFO               [main]                         be.pxl.services.GatewayServiceApplication - No active profile set, falling back to 1 default profile: "default"
2024-11-27T08:33:24.008+0100 INFO               [main]                         be.pxl.services.GatewayServiceApplication - Started GatewayServiceApplication in 10.553 seconds (process running for 12.477)
2024-11-27T08:59:37.194+0100 INFO               [main]                         be.pxl.services.PostServiceApplication - Starting PostServiceApplication using Java 21.0.2 with PID 25612 (C:\Users\Arne\Documents\PXL_VIERDE_JAAR\1_FullstackJava\Project\project-ArneJanssenPXL\backend-java\FullStackJavaPXL\post-service\target\classes started by Arne in C:\Users\Arne\Documents\PXL_VIERDE_JAAR\1_FullstackJava\Project\project-ArneJanssenPXL\backend-java\FullStackJavaPXL)
2024-11-27T08:59:37.195+0100 DEBUG              [main]                         be.pxl.services.PostServiceApplication - Running with Spring Boot v3.3.5, Spring v6.1.14
2024-11-27T08:59:37.196+0100 INFO               [main]                         be.pxl.services.PostServiceApplication - No active profile set, falling back to 1 default profile: "default"
2024-11-27T08:59:42.524+0100 INFO               [main]                         be.pxl.services.PostServiceApplication - Started PostServiceApplication in 6.617 seconds (process running for 7.485)
2024-11-27T09:00:49.825+0100 INFO               [http-nio-8081-exec-1]         be.pxl.services.controller.api.PostController - Calling endpoint [GET] /api/post/published
2024-11-27T09:00:49.825+0100 INFO               [http-nio-8081-exec-1]         be.pxl.services.services.PostService - Retrieving all published posts
2024-11-27T09:00:49.951+0100 INFO               [http-nio-8081-exec-1]         be.pxl.services.services.PostService - Mapping [Post(id=3, author=niksUpdate, content=moeUpdate, datePublished=2024-11-23T12:30:50.102, isConcept=false, title=zwijgUpdateCheckDate, category=bookUpdate)] To PostResponse
2024-11-27T09:01:21.496+0100 INFO               [http-nio-8081-exec-2]         be.pxl.services.controller.api.PostController - Calling endpoint [GET] /api/post/published
2024-11-27T09:01:21.496+0100 INFO               [http-nio-8081-exec-2]         be.pxl.services.services.PostService - Retrieving all published posts
2024-11-27T09:01:21.499+0100 INFO               [http-nio-8081-exec-2]         be.pxl.services.services.PostService - Mapping [Post(id=3, author=niksUpdate, content=moeUpdate, datePublished=2024-11-23T12:30:50.102, isConcept=false, title=zwijgUpdateCheckDate, category=bookUpdate)] To PostResponse
2024-11-27T09:01:23.147+0100 INFO               [http-nio-8081-exec-3]         be.pxl.services.controller.api.PostController - Calling endpoint [GET] /api/post/concept
2024-11-27T09:01:23.147+0100 INFO               [http-nio-8081-exec-3]         be.pxl.services.services.PostService - Retrieving all concept posts
2024-11-27T09:01:23.150+0100 INFO               [http-nio-8081-exec-3]         be.pxl.services.services.PostService - Mapping [Post(id=4, author=Lector, content=Leer hoe te werken in C# en .Net., datePublished=2024-11-20T17:14:48.742, isConcept=true, title=Net Essentials, category=AONAfterConceptCommentaar)] To PostResponse
2024-11-27T09:01:24.375+0100 INFO               [http-nio-8081-exec-5]         be.pxl.services.controller.api.PostController - Calling endpoint [GET] /api/post/published
2024-11-27T09:01:24.375+0100 INFO               [http-nio-8081-exec-5]         be.pxl.services.services.PostService - Retrieving all published posts
2024-11-27T09:01:24.378+0100 INFO               [http-nio-8081-exec-5]         be.pxl.services.services.PostService - Mapping [Post(id=3, author=niksUpdate, content=moeUpdate, datePublished=2024-11-23T12:30:50.102, isConcept=false, title=zwijgUpdateCheckDate, category=bookUpdate)] To PostResponse
2024-11-27T09:01:25.060+0100 INFO               [http-nio-8081-exec-4]         be.pxl.services.controller.api.PostController - Calling endpoint [GET] /api/post/concept
2024-11-27T09:01:25.061+0100 INFO               [http-nio-8081-exec-4]         be.pxl.services.services.PostService - Retrieving all concept posts
2024-11-27T09:01:25.064+0100 INFO               [http-nio-8081-exec-4]         be.pxl.services.services.PostService - Mapping [Post(id=4, author=Lector, content=Leer hoe te werken in C# en .Net., datePublished=2024-11-20T17:14:48.742, isConcept=true, title=Net Essentials, category=AONAfterConceptCommentaar)] To PostResponse
2024-11-27T09:01:26.160+0100 INFO               [http-nio-8081-exec-6]         be.pxl.services.controller.api.PostController - Calling endpoint [GET] /api/post/published
2024-11-27T09:01:26.160+0100 INFO               [http-nio-8081-exec-6]         be.pxl.services.services.PostService - Retrieving all published posts
2024-11-27T09:01:26.164+0100 INFO               [http-nio-8081-exec-6]         be.pxl.services.services.PostService - Mapping [Post(id=3, author=niksUpdate, content=moeUpdate, datePublished=2024-11-23T12:30:50.102, isConcept=false, title=zwijgUpdateCheckDate, category=bookUpdate)] To PostResponse
2024-11-27T09:01:26.887+0100 INFO               [http-nio-8081-exec-7]         be.pxl.services.controller.api.PostController - Calling endpoint [GET] /api/post/concept
2024-11-27T09:01:26.887+0100 INFO               [http-nio-8081-exec-7]         be.pxl.services.services.PostService - Retrieving all concept posts
2024-11-27T09:01:26.891+0100 INFO               [http-nio-8081-exec-7]         be.pxl.services.services.PostService - Mapping [Post(id=4, author=Lector, content=Leer hoe te werken in C# en .Net., datePublished=2024-11-20T17:14:48.742, isConcept=true, title=Net Essentials, category=AONAfterConceptCommentaar)] To PostResponse
2024-11-27T09:01:33.996+0100 INFO               [http-nio-8081-exec-8]         be.pxl.services.controller.api.PostController - Calling endpoint [GET] /api/post/published
2024-11-27T09:01:33.998+0100 INFO               [http-nio-8081-exec-8]         be.pxl.services.services.PostService - Retrieving all published posts
2024-11-27T09:01:34.001+0100 INFO               [http-nio-8081-exec-8]         be.pxl.services.services.PostService - Mapping [Post(id=3, author=niksUpdate, content=moeUpdate, datePublished=2024-11-23T12:30:50.102, isConcept=false, title=zwijgUpdateCheckDate, category=bookUpdate)] To PostResponse
2024-11-27T09:01:35.575+0100 INFO               [http-nio-8081-exec-9]         be.pxl.services.controller.api.PostController - Calling endpoint [GET] /api/post/published
2024-11-27T09:01:35.575+0100 INFO               [http-nio-8081-exec-9]         be.pxl.services.services.PostService - Retrieving all published posts
2024-11-27T09:01:35.579+0100 INFO               [http-nio-8081-exec-9]         be.pxl.services.services.PostService - Mapping [Post(id=3, author=niksUpdate, content=moeUpdate, datePublished=2024-11-23T12:30:50.102, isConcept=false, title=zwijgUpdateCheckDate, category=bookUpdate)] To PostResponse
2024-11-27T09:05:55.591+0100 INFO               [http-nio-8081-exec-1]         be.pxl.services.controller.api.PostController - Calling endpoint [GET] /api/post/3 with params: 3 in PathVariable
2024-11-27T09:05:55.591+0100 INFO               [http-nio-8081-exec-1]         be.pxl.services.services.PostService - Finding post with id: 3
2024-11-27T09:05:55.616+0100 INFO               [http-nio-8081-exec-1]         be.pxl.services.services.PostService - Successfully found post with id: 3
2024-11-27T09:05:55.616+0100 INFO               [http-nio-8081-exec-1]         be.pxl.services.services.PostService - Mapping Post(id=3, author=niksUpdate, content=moeUpdate, datePublished=2024-11-23T12:30:50.102, isConcept=false, title=zwijgUpdateCheckDate, category=bookUpdate) To PostResponse
2024-11-27T09:06:13.934+0100 INFO               [http-nio-8081-exec-2]         be.pxl.services.controller.api.PostController - Calling endpoint [GET] /api/post/published
2024-11-27T09:06:13.935+0100 INFO               [http-nio-8081-exec-2]         be.pxl.services.services.PostService - Retrieving all published posts
2024-11-27T09:06:13.938+0100 INFO               [http-nio-8081-exec-2]         be.pxl.services.services.PostService - Mapping [Post(id=3, author=niksUpdate, content=moeUpdate, datePublished=2024-11-23T12:30:50.102, isConcept=false, title=zwijgUpdateCheckDate, category=bookUpdate)] To PostResponse
2024-11-27T09:06:15.093+0100 INFO               [http-nio-8081-exec-3]         be.pxl.services.controller.api.PostController - Calling endpoint [GET] /api/post/3 with params: 3 in PathVariable
2024-11-27T09:06:15.093+0100 INFO               [http-nio-8081-exec-3]         be.pxl.services.services.PostService - Finding post with id: 3
2024-11-27T09:06:15.098+0100 INFO               [http-nio-8081-exec-3]         be.pxl.services.services.PostService - Successfully found post with id: 3
2024-11-27T09:06:15.098+0100 INFO               [http-nio-8081-exec-3]         be.pxl.services.services.PostService - Mapping Post(id=3, author=niksUpdate, content=moeUpdate, datePublished=2024-11-23T12:30:50.102, isConcept=false, title=zwijgUpdateCheckDate, category=bookUpdate) To PostResponse
2024-11-27T09:06:16.105+0100 INFO               [http-nio-8081-exec-5]         be.pxl.services.controller.api.PostController - Calling endpoint [GET] /api/post/3 with params: 3 in PathVariable
2024-11-27T09:06:16.105+0100 INFO               [http-nio-8081-exec-5]         be.pxl.services.services.PostService - Finding post with id: 3
2024-11-27T09:06:16.110+0100 INFO               [http-nio-8081-exec-5]         be.pxl.services.services.PostService - Successfully found post with id: 3
2024-11-27T09:06:16.110+0100 INFO               [http-nio-8081-exec-5]         be.pxl.services.services.PostService - Mapping Post(id=3, author=niksUpdate, content=moeUpdate, datePublished=2024-11-23T12:30:50.102, isConcept=false, title=zwijgUpdateCheckDate, category=bookUpdate) To PostResponse
2024-11-27T09:06:21.188+0100 INFO               [http-nio-8081-exec-4]         be.pxl.services.controller.api.PostController - Calling endpoint [PUT] /api/post/3 with params: 3 in PathVariable & with params: PostRequest(id=null, author=niksUpdate, content=moeUpdate, datePublished=2024-11-27T08:06:16.089, isConcept=true, title=zwijgUpdateCheckDate, category=bookUpdate) in RequestBody
2024-11-27T09:06:21.188+0100 INFO               [http-nio-8081-exec-4]         be.pxl.services.services.PostService - Finding post with id: 3
2024-11-27T09:06:21.191+0100 INFO               [http-nio-8081-exec-4]         be.pxl.services.services.PostService - Updating post properties
2024-11-27T09:06:21.193+0100 INFO               [http-nio-8081-exec-4]         be.pxl.services.services.PostService - Saving post (Post(id=3, author=niksUpdate, content=moeUpdate, datePublished=2024-11-27T08:06:16.089, isConcept=true, title=zwijgUpdateCheckDate, category=bookUpdate)) in repository
2024-11-27T09:06:21.235+0100 INFO               [http-nio-8081-exec-4]         be.pxl.services.services.PostService - Successfully saved post with id: 3
2024-11-27T09:06:21.236+0100 INFO               [http-nio-8081-exec-4]         be.pxl.services.services.PostService - Mapping Post(id=3, author=niksUpdate, content=moeUpdate, datePublished=2024-11-27T08:06:16.089, isConcept=true, title=zwijgUpdateCheckDate, category=bookUpdate) To PostResponse
2024-11-27T09:06:21.254+0100 INFO               [http-nio-8081-exec-6]         be.pxl.services.controller.api.PostController - Calling endpoint [GET] /api/post/published
2024-11-27T09:06:21.254+0100 INFO               [http-nio-8081-exec-6]         be.pxl.services.services.PostService - Retrieving all published posts
2024-11-27T09:06:21.258+0100 INFO               [http-nio-8081-exec-6]         be.pxl.services.services.PostService - Mapping [] To PostResponse
2024-11-27T09:06:25.084+0100 INFO               [http-nio-8081-exec-7]         be.pxl.services.controller.api.PostController - Calling endpoint [GET] /api/post/concept
2024-11-27T09:06:25.084+0100 INFO               [http-nio-8081-exec-7]         be.pxl.services.services.PostService - Retrieving all concept posts
2024-11-27T09:06:25.089+0100 INFO               [http-nio-8081-exec-7]         be.pxl.services.services.PostService - Mapping [Post(id=3, author=niksUpdate, content=moeUpdate, datePublished=2024-11-27T08:06:16.089, isConcept=true, title=zwijgUpdateCheckDate, category=bookUpdate), Post(id=4, author=Lector, content=Leer hoe te werken in C# en .Net., datePublished=2024-11-20T17:14:48.742, isConcept=true, title=Net Essentials, category=AONAfterConceptCommentaar)] To PostResponse
2024-11-27T09:06:39.693+0100 INFO               [http-nio-8081-exec-8]         be.pxl.services.controller.api.PostController - Calling endpoint [GET] /api/post/3 with params: 3 in PathVariable
2024-11-27T09:06:39.693+0100 INFO               [http-nio-8081-exec-8]         be.pxl.services.services.PostService - Finding post with id: 3
2024-11-27T09:06:39.698+0100 INFO               [http-nio-8081-exec-8]         be.pxl.services.services.PostService - Successfully found post with id: 3
2024-11-27T09:06:39.698+0100 INFO               [http-nio-8081-exec-8]         be.pxl.services.services.PostService - Mapping Post(id=3, author=niksUpdate, content=moeUpdate, datePublished=2024-11-27T08:06:16.089, isConcept=true, title=zwijgUpdateCheckDate, category=bookUpdate) To PostResponse
2024-11-27T09:06:40.760+0100 INFO               [http-nio-8081-exec-9]         be.pxl.services.controller.api.PostController - Calling endpoint [GET] /api/post/3 with params: 3 in PathVariable
2024-11-27T09:06:40.761+0100 INFO               [http-nio-8081-exec-9]         be.pxl.services.services.PostService - Finding post with id: 3
2024-11-27T09:06:40.766+0100 INFO               [http-nio-8081-exec-9]         be.pxl.services.services.PostService - Successfully found post with id: 3
2024-11-27T09:06:40.766+0100 INFO               [http-nio-8081-exec-9]         be.pxl.services.services.PostService - Mapping Post(id=3, author=niksUpdate, content=moeUpdate, datePublished=2024-11-27T08:06:16.089, isConcept=true, title=zwijgUpdateCheckDate, category=bookUpdate) To PostResponse
2024-11-27T09:06:50.207+0100 INFO               [http-nio-8081-exec-10]        be.pxl.services.controller.api.PostController - Calling endpoint [PUT] /api/post/3 with params: 3 in PathVariable & with params: PostRequest(id=null, author=niksUpdate, content=moeUpdate, datePublished=2024-11-27T08:06:40.749, isConcept=false, title=zwijgUpdateCheckDate, category=bookUpdate) in RequestBody
2024-11-27T09:06:50.207+0100 INFO               [http-nio-8081-exec-10]        be.pxl.services.services.PostService - Finding post with id: 3
2024-11-27T09:06:50.211+0100 INFO               [http-nio-8081-exec-10]        be.pxl.services.services.PostService - Updating post properties
2024-11-27T09:06:50.211+0100 INFO               [http-nio-8081-exec-10]        be.pxl.services.services.PostService - Saving post (Post(id=3, author=niksUpdate, content=moeUpdate, datePublished=2024-11-27T08:06:40.749, isConcept=false, title=zwijgUpdateCheckDate, category=bookUpdate)) in repository
2024-11-27T09:06:50.226+0100 INFO               [http-nio-8081-exec-10]        be.pxl.services.services.PostService - Successfully saved post with id: 3
2024-11-27T09:06:50.226+0100 INFO               [http-nio-8081-exec-10]        be.pxl.services.services.PostService - Mapping Post(id=3, author=niksUpdate, content=moeUpdate, datePublished=2024-11-27T08:06:40.749, isConcept=false, title=zwijgUpdateCheckDate, category=bookUpdate) To PostResponse
2024-11-27T09:06:50.244+0100 INFO               [http-nio-8081-exec-1]         be.pxl.services.controller.api.PostController - Calling endpoint [GET] /api/post/published
2024-11-27T09:06:50.245+0100 INFO               [http-nio-8081-exec-1]         be.pxl.services.services.PostService - Retrieving all published posts
2024-11-27T09:06:50.249+0100 INFO               [http-nio-8081-exec-1]         be.pxl.services.services.PostService - Mapping [Post(id=3, author=niksUpdate, content=moeUpdate, datePublished=2024-11-27T08:06:40.749, isConcept=false, title=zwijgUpdateCheckDate, category=bookUpdate)] To PostResponse
2024-11-27T09:16:45.600+0100 INFO               [http-nio-8081-exec-3]         be.pxl.services.controller.api.PostController - Calling endpoint [GET] /api/post/3 with params: 3 in PathVariable
2024-11-27T09:16:45.601+0100 INFO               [http-nio-8081-exec-3]         be.pxl.services.services.PostService - Finding post with id: 3
2024-11-27T09:16:45.604+0100 INFO               [http-nio-8081-exec-3]         be.pxl.services.services.PostService - Successfully found post with id: 3
2024-11-27T09:16:45.605+0100 INFO               [http-nio-8081-exec-3]         be.pxl.services.services.PostService - Mapping Post(id=3, author=niksUpdate, content=moeUpdate, datePublished=2024-11-27T08:06:40.749, isConcept=false, title=zwijgUpdateCheckDate, category=bookUpdate) To PostResponse
2024-11-27T09:16:52.799+0100 INFO               [http-nio-8081-exec-5]         be.pxl.services.controller.api.PostController - Calling endpoint [GET] /api/post/published
2024-11-27T09:16:52.801+0100 INFO               [http-nio-8081-exec-5]         be.pxl.services.services.PostService - Retrieving all published posts
2024-11-27T09:16:52.803+0100 INFO               [http-nio-8081-exec-5]         be.pxl.services.services.PostService - Mapping [Post(id=3, author=niksUpdate, content=moeUpdate, datePublished=2024-11-27T08:06:40.749, isConcept=false, title=zwijgUpdateCheckDate, category=bookUpdate)] To PostResponse
2024-11-27T09:17:47.093+0100 INFO               [http-nio-8081-exec-4]         be.pxl.services.controller.api.PostController - Calling endpoint [GET] /api/post/3 with params: 3 in PathVariable
2024-11-27T09:17:47.095+0100 INFO               [http-nio-8081-exec-4]         be.pxl.services.services.PostService - Finding post with id: 3
2024-11-27T09:17:47.098+0100 INFO               [http-nio-8081-exec-4]         be.pxl.services.services.PostService - Successfully found post with id: 3
2024-11-27T09:17:47.099+0100 INFO               [http-nio-8081-exec-4]         be.pxl.services.services.PostService - Mapping Post(id=3, author=niksUpdate, content=moeUpdate, datePublished=2024-11-27T08:06:40.749, isConcept=false, title=zwijgUpdateCheckDate, category=bookUpdate) To PostResponse
2024-11-27T09:17:48.812+0100 INFO               [http-nio-8081-exec-6]         be.pxl.services.controller.api.PostController - Calling endpoint [GET] /api/post/3 with params: 3 in PathVariable
2024-11-27T09:17:48.812+0100 INFO               [http-nio-8081-exec-6]         be.pxl.services.services.PostService - Finding post with id: 3
2024-11-27T09:17:48.818+0100 INFO               [http-nio-8081-exec-6]         be.pxl.services.services.PostService - Successfully found post with id: 3
2024-11-27T09:17:48.818+0100 INFO               [http-nio-8081-exec-6]         be.pxl.services.services.PostService - Mapping Post(id=3, author=niksUpdate, content=moeUpdate, datePublished=2024-11-27T08:06:40.749, isConcept=false, title=zwijgUpdateCheckDate, category=bookUpdate) To PostResponse
2024-11-27T09:18:12.645+0100 INFO               [http-nio-8081-exec-7]         be.pxl.services.controller.api.PostController - Calling endpoint [GET] /api/post/3 with params: 3 in PathVariable
2024-11-27T09:18:12.645+0100 INFO               [http-nio-8081-exec-7]         be.pxl.services.services.PostService - Finding post with id: 3
2024-11-27T09:18:12.649+0100 INFO               [http-nio-8081-exec-7]         be.pxl.services.services.PostService - Successfully found post with id: 3
2024-11-27T09:18:12.649+0100 INFO               [http-nio-8081-exec-7]         be.pxl.services.services.PostService - Mapping Post(id=3, author=niksUpdate, content=moeUpdate, datePublished=2024-11-27T08:06:40.749, isConcept=false, title=zwijgUpdateCheckDate, category=bookUpdate) To PostResponse
2024-11-27T09:18:29.595+0100 INFO               [http-nio-8081-exec-8]         be.pxl.services.controller.api.PostController - Calling endpoint [GET] /api/post/3 with params: 3 in PathVariable
2024-11-27T09:18:29.595+0100 INFO               [http-nio-8081-exec-8]         be.pxl.services.services.PostService - Finding post with id: 3
2024-11-27T09:18:29.600+0100 INFO               [http-nio-8081-exec-8]         be.pxl.services.services.PostService - Successfully found post with id: 3
2024-11-27T09:18:29.600+0100 INFO               [http-nio-8081-exec-8]         be.pxl.services.services.PostService - Mapping Post(id=3, author=niksUpdate, content=moeUpdate, datePublished=2024-11-27T08:06:40.749, isConcept=false, title=zwijgUpdateCheckDate, category=bookUpdate) To PostResponse
2024-11-27T09:19:38.148+0100 INFO               [http-nio-8081-exec-10]        be.pxl.services.controller.api.PostController - Calling endpoint [GET] /api/post/3 with params: 3 in PathVariable
2024-11-27T09:19:38.148+0100 INFO               [http-nio-8081-exec-10]        be.pxl.services.services.PostService - Finding post with id: 3
2024-11-27T09:19:38.152+0100 INFO               [http-nio-8081-exec-10]        be.pxl.services.services.PostService - Successfully found post with id: 3
2024-11-27T09:19:38.152+0100 INFO               [http-nio-8081-exec-10]        be.pxl.services.services.PostService - Mapping Post(id=3, author=niksUpdate, content=moeUpdate, datePublished=2024-11-27T08:06:40.749, isConcept=false, title=zwijgUpdateCheckDate, category=bookUpdate) To PostResponse
2024-11-27T09:19:56.747+0100 INFO               [http-nio-8081-exec-1]         be.pxl.services.controller.api.PostController - Calling endpoint [GET] /api/post/published
2024-11-27T09:19:56.748+0100 INFO               [http-nio-8081-exec-1]         be.pxl.services.services.PostService - Retrieving all published posts
2024-11-27T09:19:56.751+0100 INFO               [http-nio-8081-exec-1]         be.pxl.services.services.PostService - Mapping [Post(id=3, author=niksUpdate, content=moeUpdate, datePublished=2024-11-27T08:06:40.749, isConcept=false, title=zwijgUpdateCheckDate, category=bookUpdate)] To PostResponse
2024-11-27T09:20:00.191+0100 INFO               [http-nio-8081-exec-2]         be.pxl.services.controller.api.PostController - Calling endpoint [GET] /api/post/concept
2024-11-27T09:20:00.191+0100 INFO               [http-nio-8081-exec-2]         be.pxl.services.services.PostService - Retrieving all concept posts
2024-11-27T09:20:00.194+0100 INFO               [http-nio-8081-exec-2]         be.pxl.services.services.PostService - Mapping [Post(id=4, author=Lector, content=Leer hoe te werken in C# en .Net., datePublished=2024-11-20T17:14:48.742, isConcept=true, title=Net Essentials, category=AONAfterConceptCommentaar)] To PostResponse
2024-11-27T09:20:01.944+0100 INFO               [http-nio-8081-exec-3]         be.pxl.services.controller.api.PostController - Calling endpoint [GET] /api/post/4 with params: 4 in PathVariable
2024-11-27T09:20:01.944+0100 INFO               [http-nio-8081-exec-3]         be.pxl.services.services.PostService - Finding post with id: 4
2024-11-27T09:20:01.947+0100 INFO               [http-nio-8081-exec-3]         be.pxl.services.services.PostService - Successfully found post with id: 4
2024-11-27T09:20:01.947+0100 INFO               [http-nio-8081-exec-3]         be.pxl.services.services.PostService - Mapping Post(id=4, author=Lector, content=Leer hoe te werken in C# en .Net., datePublished=2024-11-20T17:14:48.742, isConcept=true, title=Net Essentials, category=AONAfterConceptCommentaar) To PostResponse
2024-11-27T09:20:03.708+0100 INFO               [http-nio-8081-exec-5]         be.pxl.services.controller.api.PostController - Calling endpoint [GET] /api/post/4 with params: 4 in PathVariable
2024-11-27T09:20:03.708+0100 INFO               [http-nio-8081-exec-5]         be.pxl.services.services.PostService - Finding post with id: 4
2024-11-27T09:20:03.712+0100 INFO               [http-nio-8081-exec-5]         be.pxl.services.services.PostService - Successfully found post with id: 4
2024-11-27T09:20:03.713+0100 INFO               [http-nio-8081-exec-5]         be.pxl.services.services.PostService - Mapping Post(id=4, author=Lector, content=Leer hoe te werken in C# en .Net., datePublished=2024-11-20T17:14:48.742, isConcept=true, title=Net Essentials, category=AONAfterConceptCommentaar) To PostResponse
2024-11-27T09:21:02.610+0100 INFO               [http-nio-8081-exec-4]         be.pxl.services.controller.api.PostController - Calling endpoint [GET] /api/post/4 with params: 4 in PathVariable
2024-11-27T09:21:02.611+0100 INFO               [http-nio-8081-exec-4]         be.pxl.services.services.PostService - Finding post with id: 4
2024-11-27T09:21:02.616+0100 INFO               [http-nio-8081-exec-4]         be.pxl.services.services.PostService - Successfully found post with id: 4
2024-11-27T09:21:02.616+0100 INFO               [http-nio-8081-exec-4]         be.pxl.services.services.PostService - Mapping Post(id=4, author=Lector, content=Leer hoe te werken in C# en .Net., datePublished=2024-11-20T17:14:48.742, isConcept=true, title=Net Essentials, category=AONAfterConceptCommentaar) To PostResponse
2024-11-27T09:21:04.631+0100 INFO               [http-nio-8081-exec-6]         be.pxl.services.controller.api.PostController - Calling endpoint [GET] /api/post/4 with params: 4 in PathVariable
2024-11-27T09:21:04.631+0100 INFO               [http-nio-8081-exec-6]         be.pxl.services.services.PostService - Finding post with id: 4
2024-11-27T09:21:04.636+0100 INFO               [http-nio-8081-exec-6]         be.pxl.services.services.PostService - Successfully found post with id: 4
2024-11-27T09:21:04.637+0100 INFO               [http-nio-8081-exec-6]         be.pxl.services.services.PostService - Mapping Post(id=4, author=Lector, content=Leer hoe te werken in C# en .Net., datePublished=2024-11-20T17:14:48.742, isConcept=true, title=Net Essentials, category=AONAfterConceptCommentaar) To PostResponse
2024-11-27T09:21:17.536+0100 INFO               [http-nio-8081-exec-7]         be.pxl.services.controller.api.PostController - Calling endpoint [GET] /api/post/published
2024-11-27T09:21:17.537+0100 INFO               [http-nio-8081-exec-7]         be.pxl.services.services.PostService - Retrieving all published posts
2024-11-27T09:21:17.540+0100 INFO               [http-nio-8081-exec-7]         be.pxl.services.services.PostService - Mapping [Post(id=3, author=niksUpdate, content=moeUpdate, datePublished=2024-11-27T08:06:40.749, isConcept=false, title=zwijgUpdateCheckDate, category=bookUpdate)] To PostResponse
2024-11-27T09:21:18.695+0100 INFO               [http-nio-8081-exec-8]         be.pxl.services.controller.api.PostController - Calling endpoint [GET] /api/post/3 with params: 3 in PathVariable
2024-11-27T09:21:18.695+0100 INFO               [http-nio-8081-exec-8]         be.pxl.services.services.PostService - Finding post with id: 3
2024-11-27T09:21:18.699+0100 INFO               [http-nio-8081-exec-8]         be.pxl.services.services.PostService - Successfully found post with id: 3
2024-11-27T09:21:18.699+0100 INFO               [http-nio-8081-exec-8]         be.pxl.services.services.PostService - Mapping Post(id=3, author=niksUpdate, content=moeUpdate, datePublished=2024-11-27T08:06:40.749, isConcept=false, title=zwijgUpdateCheckDate, category=bookUpdate) To PostResponse
2024-11-27T09:21:19.284+0100 INFO               [http-nio-8081-exec-9]         be.pxl.services.controller.api.PostController - Calling endpoint [GET] /api/post/3 with params: 3 in PathVariable
2024-11-27T09:21:19.285+0100 INFO               [http-nio-8081-exec-9]         be.pxl.services.services.PostService - Finding post with id: 3
2024-11-27T09:21:19.290+0100 INFO               [http-nio-8081-exec-9]         be.pxl.services.services.PostService - Successfully found post with id: 3
2024-11-27T09:21:19.290+0100 INFO               [http-nio-8081-exec-9]         be.pxl.services.services.PostService - Mapping Post(id=3, author=niksUpdate, content=moeUpdate, datePublished=2024-11-27T08:06:40.749, isConcept=false, title=zwijgUpdateCheckDate, category=bookUpdate) To PostResponse
2024-11-27T09:21:21.448+0100 INFO               [http-nio-8081-exec-10]        be.pxl.services.controller.api.PostController - Calling endpoint [GET] /api/post/concept
2024-11-27T09:21:21.448+0100 INFO               [http-nio-8081-exec-10]        be.pxl.services.services.PostService - Retrieving all concept posts
2024-11-27T09:21:21.451+0100 INFO               [http-nio-8081-exec-10]        be.pxl.services.services.PostService - Mapping [Post(id=4, author=Lector, content=Leer hoe te werken in C# en .Net., datePublished=2024-11-20T17:14:48.742, isConcept=true, title=Net Essentials, category=AONAfterConceptCommentaar)] To PostResponse
2024-11-27T09:21:22.512+0100 INFO               [http-nio-8081-exec-1]         be.pxl.services.controller.api.PostController - Calling endpoint [GET] /api/post/4 with params: 4 in PathVariable
2024-11-27T09:21:22.512+0100 INFO               [http-nio-8081-exec-1]         be.pxl.services.services.PostService - Finding post with id: 4
2024-11-27T09:21:22.515+0100 INFO               [http-nio-8081-exec-1]         be.pxl.services.services.PostService - Successfully found post with id: 4
2024-11-27T09:21:22.515+0100 INFO               [http-nio-8081-exec-1]         be.pxl.services.services.PostService - Mapping Post(id=4, author=Lector, content=Leer hoe te werken in C# en .Net., datePublished=2024-11-20T17:14:48.742, isConcept=true, title=Net Essentials, category=AONAfterConceptCommentaar) To PostResponse
2024-11-27T09:21:23.150+0100 INFO               [http-nio-8081-exec-2]         be.pxl.services.controller.api.PostController - Calling endpoint [GET] /api/post/4 with params: 4 in PathVariable
2024-11-27T09:21:23.150+0100 INFO               [http-nio-8081-exec-2]         be.pxl.services.services.PostService - Finding post with id: 4
2024-11-27T09:21:23.156+0100 INFO               [http-nio-8081-exec-2]         be.pxl.services.services.PostService - Successfully found post with id: 4
2024-11-27T09:21:23.156+0100 INFO               [http-nio-8081-exec-2]         be.pxl.services.services.PostService - Mapping Post(id=4, author=Lector, content=Leer hoe te werken in C# en .Net., datePublished=2024-11-20T17:14:48.742, isConcept=true, title=Net Essentials, category=AONAfterConceptCommentaar) To PostResponse
2024-11-27T09:22:24.610+0100 INFO               [http-nio-8081-exec-5]         be.pxl.services.controller.api.PostController - Calling endpoint [GET] /api/post/4 with params: 4 in PathVariable
2024-11-27T09:22:24.610+0100 INFO               [http-nio-8081-exec-5]         be.pxl.services.services.PostService - Finding post with id: 4
2024-11-27T09:22:24.615+0100 INFO               [http-nio-8081-exec-5]         be.pxl.services.services.PostService - Successfully found post with id: 4
2024-11-27T09:22:24.615+0100 INFO               [http-nio-8081-exec-5]         be.pxl.services.services.PostService - Mapping Post(id=4, author=Lector, content=Leer hoe te werken in C# en .Net., datePublished=2024-11-20T17:14:48.742, isConcept=true, title=Net Essentials, category=AONAfterConceptCommentaar) To PostResponse
2024-11-27T09:23:16.568+0100 INFO               [http-nio-8081-exec-4]         be.pxl.services.controller.api.PostController - Calling endpoint [GET] /api/post/4 with params: 4 in PathVariable
2024-11-27T09:23:16.568+0100 INFO               [http-nio-8081-exec-4]         be.pxl.services.services.PostService - Finding post with id: 4
2024-11-27T09:23:16.574+0100 INFO               [http-nio-8081-exec-4]         be.pxl.services.services.PostService - Successfully found post with id: 4
2024-11-27T09:23:16.575+0100 INFO               [http-nio-8081-exec-4]         be.pxl.services.services.PostService - Mapping Post(id=4, author=Lector, content=Leer hoe te werken in C# en .Net., datePublished=2024-11-20T17:14:48.742, isConcept=true, title=Net Essentials, category=AONAfterConceptCommentaar) To PostResponse
2024-11-27T09:23:37.594+0100 INFO               [http-nio-8081-exec-6]         be.pxl.services.controller.api.PostController - Calling endpoint [GET] /api/post/4 with params: 4 in PathVariable
2024-11-27T09:23:37.594+0100 INFO               [http-nio-8081-exec-6]         be.pxl.services.services.PostService - Finding post with id: 4
2024-11-27T09:23:37.600+0100 INFO               [http-nio-8081-exec-6]         be.pxl.services.services.PostService - Successfully found post with id: 4
2024-11-27T09:23:37.600+0100 INFO               [http-nio-8081-exec-6]         be.pxl.services.services.PostService - Mapping Post(id=4, author=Lector, content=Leer hoe te werken in C# en .Net., datePublished=2024-11-20T17:14:48.742, isConcept=true, title=Net Essentials, category=AONAfterConceptCommentaar) To PostResponse
2024-11-27T09:25:23.586+0100 INFO               [http-nio-8081-exec-8]         be.pxl.services.controller.api.PostController - Calling endpoint [GET] /api/post/4 with params: 4 in PathVariable
2024-11-27T09:25:23.586+0100 INFO               [http-nio-8081-exec-8]         be.pxl.services.services.PostService - Finding post with id: 4
2024-11-27T09:25:23.591+0100 INFO               [http-nio-8081-exec-8]         be.pxl.services.services.PostService - Successfully found post with id: 4
2024-11-27T09:25:23.591+0100 INFO               [http-nio-8081-exec-8]         be.pxl.services.services.PostService - Mapping Post(id=4, author=Lector, content=Leer hoe te werken in C# en .Net., datePublished=2024-11-20T17:14:48.742, isConcept=true, title=Net Essentials, category=AONAfterConceptCommentaar) To PostResponse
2024-11-27T09:25:28.575+0100 INFO               [http-nio-8081-exec-9]         be.pxl.services.controller.api.PostController - Calling endpoint [GET] /api/post/4 with params: 4 in PathVariable
2024-11-27T09:25:28.575+0100 INFO               [http-nio-8081-exec-9]         be.pxl.services.services.PostService - Finding post with id: 4
2024-11-27T09:25:28.579+0100 INFO               [http-nio-8081-exec-9]         be.pxl.services.services.PostService - Successfully found post with id: 4
2024-11-27T09:25:28.579+0100 INFO               [http-nio-8081-exec-9]         be.pxl.services.services.PostService - Mapping Post(id=4, author=Lector, content=Leer hoe te werken in C# en .Net., datePublished=2024-11-20T17:14:48.742, isConcept=true, title=Net Essentials, category=AONAfterConceptCommentaar) To PostResponse
2024-11-27T09:25:30.551+0100 INFO               [http-nio-8081-exec-10]        be.pxl.services.controller.api.PostController - Calling endpoint [GET] /api/post/4 with params: 4 in PathVariable
2024-11-27T09:25:30.551+0100 INFO               [http-nio-8081-exec-10]        be.pxl.services.services.PostService - Finding post with id: 4
2024-11-27T09:25:30.555+0100 INFO               [http-nio-8081-exec-10]        be.pxl.services.services.PostService - Successfully found post with id: 4
2024-11-27T09:25:30.555+0100 INFO               [http-nio-8081-exec-10]        be.pxl.services.services.PostService - Mapping Post(id=4, author=Lector, content=Leer hoe te werken in C# en .Net., datePublished=2024-11-20T17:14:48.742, isConcept=true, title=Net Essentials, category=AONAfterConceptCommentaar) To PostResponse
2024-11-27T09:25:35.715+0100 INFO               [http-nio-8081-exec-1]         be.pxl.services.controller.api.PostController - Calling endpoint [GET] /api/post/4 with params: 4 in PathVariable
2024-11-27T09:25:35.716+0100 INFO               [http-nio-8081-exec-1]         be.pxl.services.services.PostService - Finding post with id: 4
2024-11-27T09:25:35.720+0100 INFO               [http-nio-8081-exec-1]         be.pxl.services.services.PostService - Successfully found post with id: 4
2024-11-27T09:25:35.720+0100 INFO               [http-nio-8081-exec-1]         be.pxl.services.services.PostService - Mapping Post(id=4, author=Lector, content=Leer hoe te werken in C# en .Net., datePublished=2024-11-20T17:14:48.742, isConcept=true, title=Net Essentials, category=AONAfterConceptCommentaar) To PostResponse
2024-11-27T09:25:51.697+0100 INFO               [http-nio-8081-exec-2]         be.pxl.services.controller.api.PostController - Calling endpoint [GET] /api/post/published
2024-11-27T09:25:51.699+0100 INFO               [http-nio-8081-exec-2]         be.pxl.services.services.PostService - Retrieving all published posts
2024-11-27T09:25:51.702+0100 INFO               [http-nio-8081-exec-2]         be.pxl.services.services.PostService - Mapping [Post(id=3, author=niksUpdate, content=moeUpdate, datePublished=2024-11-27T08:06:40.749, isConcept=false, title=zwijgUpdateCheckDate, category=bookUpdate)] To PostResponse
2024-11-27T09:25:53.722+0100 INFO               [http-nio-8081-exec-3]         be.pxl.services.controller.api.PostController - Calling endpoint [GET] /api/post/concept
2024-11-27T09:25:53.723+0100 INFO               [http-nio-8081-exec-3]         be.pxl.services.services.PostService - Retrieving all concept posts
2024-11-27T09:25:53.726+0100 INFO               [http-nio-8081-exec-3]         be.pxl.services.services.PostService - Mapping [Post(id=4, author=Lector, content=Leer hoe te werken in C# en .Net., datePublished=2024-11-20T17:14:48.742, isConcept=true, title=Net Essentials, category=AONAfterConceptCommentaar)] To PostResponse
2024-11-27T09:25:54.520+0100 INFO               [http-nio-8081-exec-5]         be.pxl.services.controller.api.PostController - Calling endpoint [GET] /api/post/4 with params: 4 in PathVariable
2024-11-27T09:25:54.520+0100 INFO               [http-nio-8081-exec-5]         be.pxl.services.services.PostService - Finding post with id: 4
2024-11-27T09:25:54.522+0100 INFO               [http-nio-8081-exec-5]         be.pxl.services.services.PostService - Successfully found post with id: 4
2024-11-27T09:25:54.524+0100 INFO               [http-nio-8081-exec-5]         be.pxl.services.services.PostService - Mapping Post(id=4, author=Lector, content=Leer hoe te werken in C# en .Net., datePublished=2024-11-20T17:14:48.742, isConcept=true, title=Net Essentials, category=AONAfterConceptCommentaar) To PostResponse
2024-11-27T09:25:55.344+0100 INFO               [http-nio-8081-exec-4]         be.pxl.services.controller.api.PostController - Calling endpoint [GET] /api/post/4 with params: 4 in PathVariable
2024-11-27T09:25:55.344+0100 INFO               [http-nio-8081-exec-4]         be.pxl.services.services.PostService - Finding post with id: 4
2024-11-27T09:25:55.349+0100 INFO               [http-nio-8081-exec-4]         be.pxl.services.services.PostService - Successfully found post with id: 4
2024-11-27T09:25:55.349+0100 INFO               [http-nio-8081-exec-4]         be.pxl.services.services.PostService - Mapping Post(id=4, author=Lector, content=Leer hoe te werken in C# en .Net., datePublished=2024-11-20T17:14:48.742, isConcept=true, title=Net Essentials, category=AONAfterConceptCommentaar) To PostResponse
2024-11-27T09:26:35.595+0100 INFO               [http-nio-8081-exec-6]         be.pxl.services.controller.api.PostController - Calling endpoint [GET] /api/post/4 with params: 4 in PathVariable
2024-11-27T09:26:35.595+0100 INFO               [http-nio-8081-exec-6]         be.pxl.services.services.PostService - Finding post with id: 4
2024-11-27T09:26:35.600+0100 INFO               [http-nio-8081-exec-6]         be.pxl.services.services.PostService - Successfully found post with id: 4
2024-11-27T09:26:35.600+0100 INFO               [http-nio-8081-exec-6]         be.pxl.services.services.PostService - Mapping Post(id=4, author=Lector, content=Leer hoe te werken in C# en .Net., datePublished=2024-11-20T17:14:48.742, isConcept=true, title=Net Essentials, category=AONAfterConceptCommentaar) To PostResponse
2024-11-27T09:26:40.612+0100 INFO               [http-nio-8081-exec-7]         be.pxl.services.controller.api.PostController - Calling endpoint [GET] /api/post/4 with params: 4 in PathVariable
2024-11-27T09:26:40.613+0100 INFO               [http-nio-8081-exec-7]         be.pxl.services.services.PostService - Finding post with id: 4
2024-11-27T09:26:40.617+0100 INFO               [http-nio-8081-exec-7]         be.pxl.services.services.PostService - Successfully found post with id: 4
2024-11-27T09:26:40.618+0100 INFO               [http-nio-8081-exec-7]         be.pxl.services.services.PostService - Mapping Post(id=4, author=Lector, content=Leer hoe te werken in C# en .Net., datePublished=2024-11-20T17:14:48.742, isConcept=true, title=Net Essentials, category=AONAfterConceptCommentaar) To PostResponse
2024-11-27T09:27:03.563+0100 INFO               [http-nio-8081-exec-8]         be.pxl.services.controller.api.PostController - Calling endpoint [GET] /api/post/4 with params: 4 in PathVariable
2024-11-27T09:27:03.564+0100 INFO               [http-nio-8081-exec-8]         be.pxl.services.services.PostService - Finding post with id: 4
2024-11-27T09:27:03.570+0100 INFO               [http-nio-8081-exec-8]         be.pxl.services.services.PostService - Successfully found post with id: 4
2024-11-27T09:27:03.570+0100 INFO               [http-nio-8081-exec-8]         be.pxl.services.services.PostService - Mapping Post(id=4, author=Lector, content=Leer hoe te werken in C# en .Net., datePublished=2024-11-20T17:14:48.742, isConcept=true, title=Net Essentials, category=AONAfterConceptCommentaar) To PostResponse
2024-11-27T09:27:05.568+0100 INFO               [http-nio-8081-exec-9]         be.pxl.services.controller.api.PostController - Calling endpoint [GET] /api/post/4 with params: 4 in PathVariable
2024-11-27T09:27:05.569+0100 INFO               [http-nio-8081-exec-9]         be.pxl.services.services.PostService - Finding post with id: 4
2024-11-27T09:27:05.574+0100 INFO               [http-nio-8081-exec-9]         be.pxl.services.services.PostService - Successfully found post with id: 4
2024-11-27T09:27:05.574+0100 INFO               [http-nio-8081-exec-9]         be.pxl.services.services.PostService - Mapping Post(id=4, author=Lector, content=Leer hoe te werken in C# en .Net., datePublished=2024-11-20T17:14:48.742, isConcept=true, title=Net Essentials, category=AONAfterConceptCommentaar) To PostResponse
2024-11-27T09:27:30.709+0100 INFO               [http-nio-8081-exec-10]        be.pxl.services.controller.api.PostController - Calling endpoint [GET] /api/post/published
2024-11-27T09:27:30.709+0100 INFO               [http-nio-8081-exec-10]        be.pxl.services.services.PostService - Retrieving all published posts
2024-11-27T09:27:30.713+0100 INFO               [http-nio-8081-exec-10]        be.pxl.services.services.PostService - Mapping [Post(id=3, author=niksUpdate, content=moeUpdate, datePublished=2024-11-27T08:06:40.749, isConcept=false, title=zwijgUpdateCheckDate, category=bookUpdate)] To PostResponse
2024-11-27T09:27:31.587+0100 INFO               [http-nio-8081-exec-1]         be.pxl.services.controller.api.PostController - Calling endpoint [GET] /api/post/concept
2024-11-27T09:27:31.587+0100 INFO               [http-nio-8081-exec-1]         be.pxl.services.services.PostService - Retrieving all concept posts
2024-11-27T09:27:31.589+0100 INFO               [http-nio-8081-exec-1]         be.pxl.services.services.PostService - Mapping [Post(id=4, author=Lector, content=Leer hoe te werken in C# en .Net., datePublished=2024-11-20T17:14:48.742, isConcept=true, title=Net Essentials, category=AONAfterConceptCommentaar)] To PostResponse
2024-11-27T09:27:32.499+0100 INFO               [http-nio-8081-exec-2]         be.pxl.services.controller.api.PostController - Calling endpoint [GET] /api/post/4 with params: 4 in PathVariable
2024-11-27T09:27:32.499+0100 INFO               [http-nio-8081-exec-2]         be.pxl.services.services.PostService - Finding post with id: 4
2024-11-27T09:27:32.504+0100 INFO               [http-nio-8081-exec-2]         be.pxl.services.services.PostService - Successfully found post with id: 4
2024-11-27T09:27:32.504+0100 INFO               [http-nio-8081-exec-2]         be.pxl.services.services.PostService - Mapping Post(id=4, author=Lector, content=Leer hoe te werken in C# en .Net., datePublished=2024-11-20T17:14:48.742, isConcept=true, title=Net Essentials, category=AONAfterConceptCommentaar) To PostResponse
2024-11-27T09:27:33.025+0100 INFO               [http-nio-8081-exec-3]         be.pxl.services.controller.api.PostController - Calling endpoint [GET] /api/post/4 with params: 4 in PathVariable
2024-11-27T09:27:33.026+0100 INFO               [http-nio-8081-exec-3]         be.pxl.services.services.PostService - Finding post with id: 4
2024-11-27T09:27:33.031+0100 INFO               [http-nio-8081-exec-3]         be.pxl.services.services.PostService - Successfully found post with id: 4
2024-11-27T09:27:33.031+0100 INFO               [http-nio-8081-exec-3]         be.pxl.services.services.PostService - Mapping Post(id=4, author=Lector, content=Leer hoe te werken in C# en .Net., datePublished=2024-11-20T17:14:48.742, isConcept=true, title=Net Essentials, category=AONAfterConceptCommentaar) To PostResponse
2024-11-27T09:41:21.642+0100 INFO               [http-nio-8081-exec-4]         be.pxl.services.controller.api.PostController - Calling endpoint [GET] /api/post/4 with params: 4 in PathVariable
2024-11-27T09:41:21.642+0100 INFO               [http-nio-8081-exec-4]         be.pxl.services.services.PostService - Finding post with id: 4
2024-11-27T09:41:21.649+0100 INFO               [http-nio-8081-exec-4]         be.pxl.services.services.PostService - Successfully found post with id: 4
2024-11-27T09:41:21.649+0100 INFO               [http-nio-8081-exec-4]         be.pxl.services.services.PostService - Mapping Post(id=4, author=Lector, content=Leer hoe te werken in C# en .Net., datePublished=2024-11-20T17:14:48.742, isConcept=true, title=Net Essentials, category=AONAfterConceptCommentaar) To PostResponse
2024-11-27T09:41:35.665+0100 INFO               [http-nio-8081-exec-6]         be.pxl.services.controller.api.PostController - Calling endpoint [GET] /api/post/published
2024-11-27T09:41:35.665+0100 INFO               [http-nio-8081-exec-6]         be.pxl.services.services.PostService - Retrieving all published posts
2024-11-27T09:41:35.669+0100 INFO               [http-nio-8081-exec-6]         be.pxl.services.services.PostService - Mapping [Post(id=3, author=niksUpdate, content=moeUpdate, datePublished=2024-11-27T08:06:40.749, isConcept=false, title=zwijgUpdateCheckDate, category=bookUpdate)] To PostResponse
2024-11-27T09:41:38.134+0100 INFO               [http-nio-8081-exec-7]         be.pxl.services.controller.api.PostController - Calling endpoint [GET] /api/post/concept
2024-11-27T09:41:38.135+0100 INFO               [http-nio-8081-exec-7]         be.pxl.services.services.PostService - Retrieving all concept posts
2024-11-27T09:41:38.137+0100 INFO               [http-nio-8081-exec-7]         be.pxl.services.services.PostService - Mapping [Post(id=4, author=Lector, content=Leer hoe te werken in C# en .Net., datePublished=2024-11-20T17:14:48.742, isConcept=true, title=Net Essentials, category=AONAfterConceptCommentaar)] To PostResponse
2024-11-27T09:41:39.126+0100 INFO               [http-nio-8081-exec-8]         be.pxl.services.controller.api.PostController - Calling endpoint [GET] /api/post/4 with params: 4 in PathVariable
2024-11-27T09:41:39.126+0100 INFO               [http-nio-8081-exec-8]         be.pxl.services.services.PostService - Finding post with id: 4
2024-11-27T09:41:39.130+0100 INFO               [http-nio-8081-exec-8]         be.pxl.services.services.PostService - Successfully found post with id: 4
2024-11-27T09:41:39.130+0100 INFO               [http-nio-8081-exec-8]         be.pxl.services.services.PostService - Mapping Post(id=4, author=Lector, content=Leer hoe te werken in C# en .Net., datePublished=2024-11-20T17:14:48.742, isConcept=true, title=Net Essentials, category=AONAfterConceptCommentaar) To PostResponse
2024-11-27T09:41:39.862+0100 INFO               [http-nio-8081-exec-9]         be.pxl.services.controller.api.PostController - Calling endpoint [GET] /api/post/4 with params: 4 in PathVariable
2024-11-27T09:41:39.862+0100 INFO               [http-nio-8081-exec-9]         be.pxl.services.services.PostService - Finding post with id: 4
2024-11-27T09:41:39.867+0100 INFO               [http-nio-8081-exec-9]         be.pxl.services.services.PostService - Successfully found post with id: 4
2024-11-27T09:41:39.867+0100 INFO               [http-nio-8081-exec-9]         be.pxl.services.services.PostService - Mapping Post(id=4, author=Lector, content=Leer hoe te werken in C# en .Net., datePublished=2024-11-20T17:14:48.742, isConcept=true, title=Net Essentials, category=AONAfterConceptCommentaar) To PostResponse
2024-11-27T09:43:07.865+0100 INFO               [http-nio-8081-exec-1]         be.pxl.services.controller.api.PostController - Calling endpoint [GET] /api/post/4 with params: 4 in PathVariable
2024-11-27T09:43:07.866+0100 INFO               [http-nio-8081-exec-1]         be.pxl.services.services.PostService - Finding post with id: 4
2024-11-27T09:43:07.872+0100 INFO               [http-nio-8081-exec-1]         be.pxl.services.services.PostService - Successfully found post with id: 4
2024-11-27T09:43:07.873+0100 INFO               [http-nio-8081-exec-1]         be.pxl.services.services.PostService - Mapping Post(id=4, author=Lector, content=Leer hoe te werken in C# en .Net., datePublished=2024-11-20T17:14:48.742, isConcept=true, title=Net Essentials, category=AONAfterConceptCommentaar) To PostResponse
2024-11-27T09:43:29.483+0100 INFO               [http-nio-8081-exec-2]         be.pxl.services.controller.api.PostController - Calling endpoint [GET] /api/post/published
2024-11-27T09:43:29.483+0100 INFO               [http-nio-8081-exec-2]         be.pxl.services.services.PostService - Retrieving all published posts
2024-11-27T09:43:29.486+0100 INFO               [http-nio-8081-exec-2]         be.pxl.services.services.PostService - Mapping [Post(id=3, author=niksUpdate, content=moeUpdate, datePublished=2024-11-27T08:06:40.749, isConcept=false, title=zwijgUpdateCheckDate, category=bookUpdate)] To PostResponse
2024-11-27T09:43:31.499+0100 INFO               [http-nio-8081-exec-3]         be.pxl.services.controller.api.PostController - Calling endpoint [GET] /api/post/concept
2024-11-27T09:43:31.499+0100 INFO               [http-nio-8081-exec-3]         be.pxl.services.services.PostService - Retrieving all concept posts
2024-11-27T09:43:31.502+0100 INFO               [http-nio-8081-exec-3]         be.pxl.services.services.PostService - Mapping [Post(id=4, author=Lector, content=Leer hoe te werken in C# en .Net., datePublished=2024-11-20T17:14:48.742, isConcept=true, title=Net Essentials, category=AONAfterConceptCommentaar)] To PostResponse
2024-11-27T09:43:32.521+0100 INFO               [http-nio-8081-exec-5]         be.pxl.services.controller.api.PostController - Calling endpoint [GET] /api/post/4 with params: 4 in PathVariable
2024-11-27T09:43:32.521+0100 INFO               [http-nio-8081-exec-5]         be.pxl.services.services.PostService - Finding post with id: 4
2024-11-27T09:43:32.524+0100 INFO               [http-nio-8081-exec-5]         be.pxl.services.services.PostService - Successfully found post with id: 4
2024-11-27T09:43:32.524+0100 INFO               [http-nio-8081-exec-5]         be.pxl.services.services.PostService - Mapping Post(id=4, author=Lector, content=Leer hoe te werken in C# en .Net., datePublished=2024-11-20T17:14:48.742, isConcept=true, title=Net Essentials, category=AONAfterConceptCommentaar) To PostResponse
2024-11-27T09:43:33.156+0100 INFO               [http-nio-8081-exec-4]         be.pxl.services.controller.api.PostController - Calling endpoint [GET] /api/post/4 with params: 4 in PathVariable
2024-11-27T09:43:33.157+0100 INFO               [http-nio-8081-exec-4]         be.pxl.services.services.PostService - Finding post with id: 4
2024-11-27T09:43:33.161+0100 INFO               [http-nio-8081-exec-4]         be.pxl.services.services.PostService - Successfully found post with id: 4
2024-11-27T09:43:33.161+0100 INFO               [http-nio-8081-exec-4]         be.pxl.services.services.PostService - Mapping Post(id=4, author=Lector, content=Leer hoe te werken in C# en .Net., datePublished=2024-11-20T17:14:48.742, isConcept=true, title=Net Essentials, category=AONAfterConceptCommentaar) To PostResponse
2024-11-27T09:43:50.823+0100 INFO               [http-nio-8081-exec-6]         be.pxl.services.controller.api.PostController - Calling endpoint [GET] /api/post/4 with params: 4 in PathVariable
2024-11-27T09:43:50.823+0100 INFO               [http-nio-8081-exec-6]         be.pxl.services.services.PostService - Finding post with id: 4
2024-11-27T09:43:50.830+0100 INFO               [http-nio-8081-exec-6]         be.pxl.services.services.PostService - Successfully found post with id: 4
2024-11-27T09:43:50.830+0100 INFO               [http-nio-8081-exec-6]         be.pxl.services.services.PostService - Mapping Post(id=4, author=Lector, content=Leer hoe te werken in C# en .Net., datePublished=2024-11-20T17:14:48.742, isConcept=true, title=Net Essentials, category=AONAfterConceptCommentaar) To PostResponse
2024-11-27T09:44:06.192+0100 INFO               [http-nio-8081-exec-7]         be.pxl.services.controller.api.PostController - Calling endpoint [GET] /api/post/published
2024-11-27T09:44:06.192+0100 INFO               [http-nio-8081-exec-7]         be.pxl.services.services.PostService - Retrieving all published posts
2024-11-27T09:44:06.195+0100 INFO               [http-nio-8081-exec-7]         be.pxl.services.services.PostService - Mapping [Post(id=3, author=niksUpdate, content=moeUpdate, datePublished=2024-11-27T08:06:40.749, isConcept=false, title=zwijgUpdateCheckDate, category=bookUpdate)] To PostResponse
2024-11-27T09:44:08.206+0100 INFO               [http-nio-8081-exec-8]         be.pxl.services.controller.api.PostController - Calling endpoint [GET] /api/post/concept
2024-11-27T09:44:08.206+0100 INFO               [http-nio-8081-exec-8]         be.pxl.services.services.PostService - Retrieving all concept posts
2024-11-27T09:44:08.209+0100 INFO               [http-nio-8081-exec-8]         be.pxl.services.services.PostService - Mapping [Post(id=4, author=Lector, content=Leer hoe te werken in C# en .Net., datePublished=2024-11-20T17:14:48.742, isConcept=true, title=Net Essentials, category=AONAfterConceptCommentaar)] To PostResponse
2024-11-27T09:44:09.218+0100 INFO               [http-nio-8081-exec-9]         be.pxl.services.controller.api.PostController - Calling endpoint [GET] /api/post/4 with params: 4 in PathVariable
2024-11-27T09:44:09.218+0100 INFO               [http-nio-8081-exec-9]         be.pxl.services.services.PostService - Finding post with id: 4
2024-11-27T09:44:09.222+0100 INFO               [http-nio-8081-exec-9]         be.pxl.services.services.PostService - Successfully found post with id: 4
2024-11-27T09:44:09.222+0100 INFO               [http-nio-8081-exec-9]         be.pxl.services.services.PostService - Mapping Post(id=4, author=Lector, content=Leer hoe te werken in C# en .Net., datePublished=2024-11-20T17:14:48.742, isConcept=true, title=Net Essentials, category=AONAfterConceptCommentaar) To PostResponse
2024-11-27T09:44:09.941+0100 INFO               [http-nio-8081-exec-10]        be.pxl.services.controller.api.PostController - Calling endpoint [GET] /api/post/4 with params: 4 in PathVariable
2024-11-27T09:44:09.941+0100 INFO               [http-nio-8081-exec-10]        be.pxl.services.services.PostService - Finding post with id: 4
2024-11-27T09:44:09.945+0100 INFO               [http-nio-8081-exec-10]        be.pxl.services.services.PostService - Successfully found post with id: 4
2024-11-27T09:44:09.945+0100 INFO               [http-nio-8081-exec-10]        be.pxl.services.services.PostService - Mapping Post(id=4, author=Lector, content=Leer hoe te werken in C# en .Net., datePublished=2024-11-20T17:14:48.742, isConcept=true, title=Net Essentials, category=AONAfterConceptCommentaar) To PostResponse
2024-11-27T09:44:48.338+0100 INFO               [http-nio-8081-exec-1]         be.pxl.services.controller.api.PostController - Calling endpoint [GET] /api/post/4 with params: 4 in PathVariable
2024-11-27T09:44:48.338+0100 INFO               [http-nio-8081-exec-1]         be.pxl.services.services.PostService - Finding post with id: 4
2024-11-27T09:44:48.344+0100 INFO               [http-nio-8081-exec-1]         be.pxl.services.services.PostService - Successfully found post with id: 4
2024-11-27T09:44:48.344+0100 INFO               [http-nio-8081-exec-1]         be.pxl.services.services.PostService - Mapping Post(id=4, author=Lector, content=Leer hoe te werken in C# en .Net., datePublished=2024-11-20T17:14:48.742, isConcept=true, title=Net Essentials, category=AONAfterConceptCommentaar) To PostResponse
2024-11-27T09:45:04.115+0100 INFO               [http-nio-8081-exec-2]         be.pxl.services.controller.api.PostController - Calling endpoint [GET] /api/post/published
2024-11-27T09:45:04.115+0100 INFO               [http-nio-8081-exec-2]         be.pxl.services.services.PostService - Retrieving all published posts
2024-11-27T09:45:04.119+0100 INFO               [http-nio-8081-exec-2]         be.pxl.services.services.PostService - Mapping [Post(id=3, author=niksUpdate, content=moeUpdate, datePublished=2024-11-27T08:06:40.749, isConcept=false, title=zwijgUpdateCheckDate, category=bookUpdate)] To PostResponse
2024-11-27T09:45:05.574+0100 INFO               [http-nio-8081-exec-3]         be.pxl.services.controller.api.PostController - Calling endpoint [GET] /api/post/concept
2024-11-27T09:45:05.574+0100 INFO               [http-nio-8081-exec-3]         be.pxl.services.services.PostService - Retrieving all concept posts
2024-11-27T09:45:05.577+0100 INFO               [http-nio-8081-exec-3]         be.pxl.services.services.PostService - Mapping [Post(id=4, author=Lector, content=Leer hoe te werken in C# en .Net., datePublished=2024-11-20T17:14:48.742, isConcept=true, title=Net Essentials, category=AONAfterConceptCommentaar)] To PostResponse
2024-11-27T09:45:06.384+0100 INFO               [http-nio-8081-exec-5]         be.pxl.services.controller.api.PostController - Calling endpoint [GET] /api/post/4 with params: 4 in PathVariable
2024-11-27T09:45:06.385+0100 INFO               [http-nio-8081-exec-5]         be.pxl.services.services.PostService - Finding post with id: 4
2024-11-27T09:45:06.388+0100 INFO               [http-nio-8081-exec-5]         be.pxl.services.services.PostService - Successfully found post with id: 4
2024-11-27T09:45:06.389+0100 INFO               [http-nio-8081-exec-5]         be.pxl.services.services.PostService - Mapping Post(id=4, author=Lector, content=Leer hoe te werken in C# en .Net., datePublished=2024-11-20T17:14:48.742, isConcept=true, title=Net Essentials, category=AONAfterConceptCommentaar) To PostResponse
2024-11-27T09:45:07.120+0100 INFO               [http-nio-8081-exec-4]         be.pxl.services.controller.api.PostController - Calling endpoint [GET] /api/post/4 with params: 4 in PathVariable
2024-11-27T09:45:07.120+0100 INFO               [http-nio-8081-exec-4]         be.pxl.services.services.PostService - Finding post with id: 4
2024-11-27T09:45:07.122+0100 INFO               [http-nio-8081-exec-4]         be.pxl.services.services.PostService - Successfully found post with id: 4
2024-11-27T09:45:07.122+0100 INFO               [http-nio-8081-exec-4]         be.pxl.services.services.PostService - Mapping Post(id=4, author=Lector, content=Leer hoe te werken in C# en .Net., datePublished=2024-11-20T17:14:48.742, isConcept=true, title=Net Essentials, category=AONAfterConceptCommentaar) To PostResponse
2024-11-27T09:46:42.297+0100 INFO               [http-nio-8081-exec-7]         be.pxl.services.controller.api.PostController - Calling endpoint [PUT] /api/post/4 with params: 4 in PathVariable & with params: PostRequest(id=null, author=Lector, content=Leer hoe te werken in C# en .Net., datePublished=2024-11-27T08:45:07.101, isConcept=false, title=Net Essentials, category=AONAfterConceptCommentaar) in RequestBody
2024-11-27T09:46:42.297+0100 INFO               [http-nio-8081-exec-7]         be.pxl.services.services.PostService - Finding post with id: 4
2024-11-27T09:46:42.301+0100 INFO               [http-nio-8081-exec-7]         be.pxl.services.services.PostService - Updating post properties
2024-11-27T09:46:42.301+0100 INFO               [http-nio-8081-exec-7]         be.pxl.services.services.PostService - Saving post (Post(id=4, author=Lector, content=Leer hoe te werken in C# en .Net., datePublished=2024-11-27T08:45:07.101, isConcept=false, title=Net Essentials, category=AONAfterConceptCommentaar)) in repository
2024-11-27T09:46:42.308+0100 INFO               [http-nio-8081-exec-7]         be.pxl.services.services.PostService - Successfully saved post with id: 4
2024-11-27T09:46:42.308+0100 INFO               [http-nio-8081-exec-7]         be.pxl.services.services.PostService - Mapping Post(id=4, author=Lector, content=Leer hoe te werken in C# en .Net., datePublished=2024-11-27T08:45:07.101, isConcept=false, title=Net Essentials, category=AONAfterConceptCommentaar) To PostResponse
2024-11-27T09:46:42.324+0100 INFO               [http-nio-8081-exec-8]         be.pxl.services.controller.api.PostController - Calling endpoint [GET] /api/post/published
2024-11-27T09:46:42.325+0100 INFO               [http-nio-8081-exec-8]         be.pxl.services.services.PostService - Retrieving all published posts
2024-11-27T09:46:42.328+0100 INFO               [http-nio-8081-exec-8]         be.pxl.services.services.PostService - Mapping [Post(id=3, author=niksUpdate, content=moeUpdate, datePublished=2024-11-27T08:06:40.749, isConcept=false, title=zwijgUpdateCheckDate, category=bookUpdate), Post(id=4, author=Lector, content=Leer hoe te werken in C# en .Net., datePublished=2024-11-27T08:45:07.101, isConcept=false, title=Net Essentials, category=AONAfterConceptCommentaar)] To PostResponse
2024-11-27T09:46:46.908+0100 INFO               [http-nio-8081-exec-9]         be.pxl.services.controller.api.PostController - Calling endpoint [GET] /api/post/3 with params: 3 in PathVariable
2024-11-27T09:46:46.909+0100 INFO               [http-nio-8081-exec-9]         be.pxl.services.services.PostService - Finding post with id: 3
2024-11-27T09:46:46.912+0100 INFO               [http-nio-8081-exec-9]         be.pxl.services.services.PostService - Successfully found post with id: 3
2024-11-27T09:46:46.912+0100 INFO               [http-nio-8081-exec-9]         be.pxl.services.services.PostService - Mapping Post(id=3, author=niksUpdate, content=moeUpdate, datePublished=2024-11-27T08:06:40.749, isConcept=false, title=zwijgUpdateCheckDate, category=bookUpdate) To PostResponse
2024-11-27T09:46:47.627+0100 INFO               [http-nio-8081-exec-10]        be.pxl.services.controller.api.PostController - Calling endpoint [GET] /api/post/3 with params: 3 in PathVariable
2024-11-27T09:46:47.627+0100 INFO               [http-nio-8081-exec-10]        be.pxl.services.services.PostService - Finding post with id: 3
2024-11-27T09:46:47.631+0100 INFO               [http-nio-8081-exec-10]        be.pxl.services.services.PostService - Successfully found post with id: 3
2024-11-27T09:46:47.632+0100 INFO               [http-nio-8081-exec-10]        be.pxl.services.services.PostService - Mapping Post(id=3, author=niksUpdate, content=moeUpdate, datePublished=2024-11-27T08:06:40.749, isConcept=false, title=zwijgUpdateCheckDate, category=bookUpdate) To PostResponse
2024-11-27T09:47:08.676+0100 INFO               [http-nio-8081-exec-1]         be.pxl.services.controller.api.PostController - Calling endpoint [GET] /api/post/3 with params: 3 in PathVariable
2024-11-27T09:47:08.676+0100 INFO               [http-nio-8081-exec-1]         be.pxl.services.services.PostService - Finding post with id: 3
2024-11-27T09:47:08.679+0100 INFO               [http-nio-8081-exec-1]         be.pxl.services.services.PostService - Successfully found post with id: 3
2024-11-27T09:47:08.680+0100 INFO               [http-nio-8081-exec-1]         be.pxl.services.services.PostService - Mapping Post(id=3, author=niksUpdate, content=moeUpdate, datePublished=2024-11-27T08:06:40.749, isConcept=false, title=zwijgUpdateCheckDate, category=bookUpdate) To PostResponse
2024-11-27T09:47:12.632+0100 INFO               [http-nio-8081-exec-2]         be.pxl.services.controller.api.PostController - Calling endpoint [GET] /api/post/3 with params: 3 in PathVariable
2024-11-27T09:47:12.632+0100 INFO               [http-nio-8081-exec-2]         be.pxl.services.services.PostService - Finding post with id: 3
2024-11-27T09:47:12.637+0100 INFO               [http-nio-8081-exec-2]         be.pxl.services.services.PostService - Successfully found post with id: 3
2024-11-27T09:47:12.637+0100 INFO               [http-nio-8081-exec-2]         be.pxl.services.services.PostService - Mapping Post(id=3, author=niksUpdate, content=moeUpdate, datePublished=2024-11-27T08:06:40.749, isConcept=false, title=zwijgUpdateCheckDate, category=bookUpdate) To PostResponse
2024-11-27T09:47:30.612+0100 INFO               [http-nio-8081-exec-3]         be.pxl.services.controller.api.PostController - Calling endpoint [GET] /api/post/published
2024-11-27T09:47:30.612+0100 INFO               [http-nio-8081-exec-3]         be.pxl.services.services.PostService - Retrieving all published posts
2024-11-27T09:47:30.615+0100 INFO               [http-nio-8081-exec-3]         be.pxl.services.services.PostService - Mapping [Post(id=3, author=niksUpdate, content=moeUpdate, datePublished=2024-11-27T08:06:40.749, isConcept=false, title=zwijgUpdateCheckDate, category=bookUpdate), Post(id=4, author=Lector, content=Leer hoe te werken in C# en .Net., datePublished=2024-11-27T08:45:07.101, isConcept=false, title=Net Essentials, category=AONAfterConceptCommentaar)] To PostResponse
2024-11-27T09:47:32.878+0100 INFO               [http-nio-8081-exec-5]         be.pxl.services.controller.api.PostController - Calling endpoint [GET] /api/post/3 with params: 3 in PathVariable
2024-11-27T09:47:32.878+0100 INFO               [http-nio-8081-exec-5]         be.pxl.services.services.PostService - Finding post with id: 3
2024-11-27T09:47:32.881+0100 INFO               [http-nio-8081-exec-5]         be.pxl.services.services.PostService - Successfully found post with id: 3
2024-11-27T09:47:32.881+0100 INFO               [http-nio-8081-exec-5]         be.pxl.services.services.PostService - Mapping Post(id=3, author=niksUpdate, content=moeUpdate, datePublished=2024-11-27T08:06:40.749, isConcept=false, title=zwijgUpdateCheckDate, category=bookUpdate) To PostResponse
2024-11-27T09:47:33.424+0100 INFO               [http-nio-8081-exec-4]         be.pxl.services.controller.api.PostController - Calling endpoint [GET] /api/post/3 with params: 3 in PathVariable
2024-11-27T09:47:33.424+0100 INFO               [http-nio-8081-exec-4]         be.pxl.services.services.PostService - Finding post with id: 3
2024-11-27T09:47:33.428+0100 INFO               [http-nio-8081-exec-4]         be.pxl.services.services.PostService - Successfully found post with id: 3
2024-11-27T09:47:33.428+0100 INFO               [http-nio-8081-exec-4]         be.pxl.services.services.PostService - Mapping Post(id=3, author=niksUpdate, content=moeUpdate, datePublished=2024-11-27T08:06:40.749, isConcept=false, title=zwijgUpdateCheckDate, category=bookUpdate) To PostResponse
2024-11-27T09:47:35.986+0100 INFO               [http-nio-8081-exec-6]         be.pxl.services.controller.api.PostController - Calling endpoint [PUT] /api/post/3 with params: 3 in PathVariable & with params: PostRequest(id=null, author=niksUpdate, content=moeUpdate, datePublished=2024-11-27T08:47:33.414, isConcept=false, title=zwijgUpdateCheckDate, category=bookUpdate) in RequestBody
2024-11-27T09:47:35.986+0100 INFO               [http-nio-8081-exec-6]         be.pxl.services.services.PostService - Finding post with id: 3
2024-11-27T09:47:35.990+0100 INFO               [http-nio-8081-exec-6]         be.pxl.services.services.PostService - Updating post properties
2024-11-27T09:47:35.990+0100 INFO               [http-nio-8081-exec-6]         be.pxl.services.services.PostService - Saving post (Post(id=3, author=niksUpdate, content=moeUpdate, datePublished=2024-11-27T08:47:33.414, isConcept=false, title=zwijgUpdateCheckDate, category=bookUpdate)) in repository
2024-11-27T09:47:35.998+0100 INFO               [http-nio-8081-exec-6]         be.pxl.services.services.PostService - Successfully saved post with id: 3
2024-11-27T09:47:35.998+0100 INFO               [http-nio-8081-exec-6]         be.pxl.services.services.PostService - Mapping Post(id=3, author=niksUpdate, content=moeUpdate, datePublished=2024-11-27T08:47:33.414, isConcept=false, title=zwijgUpdateCheckDate, category=bookUpdate) To PostResponse
2024-11-27T09:47:36.031+0100 INFO               [http-nio-8081-exec-7]         be.pxl.services.controller.api.PostController - Calling endpoint [GET] /api/post/published
2024-11-27T09:47:36.031+0100 INFO               [http-nio-8081-exec-7]         be.pxl.services.services.PostService - Retrieving all published posts
2024-11-27T09:47:36.034+0100 INFO               [http-nio-8081-exec-7]         be.pxl.services.services.PostService - Mapping [Post(id=3, author=niksUpdate, content=moeUpdate, datePublished=2024-11-27T08:47:33.414, isConcept=false, title=zwijgUpdateCheckDate, category=bookUpdate), Post(id=4, author=Lector, content=Leer hoe te werken in C# en .Net., datePublished=2024-11-27T08:45:07.101, isConcept=false, title=Net Essentials, category=AONAfterConceptCommentaar)] To PostResponse
2024-11-27T09:47:45.623+0100 INFO               [http-nio-8081-exec-8]         be.pxl.services.controller.api.PostController - Calling endpoint [GET] /api/post/published
2024-11-27T09:47:45.623+0100 INFO               [http-nio-8081-exec-8]         be.pxl.services.services.PostService - Retrieving all published posts
2024-11-27T09:47:45.627+0100 INFO               [http-nio-8081-exec-8]         be.pxl.services.services.PostService - Mapping [Post(id=3, author=niksUpdate, content=moeUpdate, datePublished=2024-11-27T08:47:33.414, isConcept=false, title=zwijgUpdateCheckDate, category=bookUpdate), Post(id=4, author=Lector, content=Leer hoe te werken in C# en .Net., datePublished=2024-11-27T08:45:07.101, isConcept=false, title=Net Essentials, category=AONAfterConceptCommentaar)] To PostResponse
2024-11-27T09:48:13.417+0100 INFO               [http-nio-8081-exec-9]         be.pxl.services.controller.api.PostController - Calling endpoint [GET] /api/post/published
2024-11-27T09:48:13.417+0100 INFO               [http-nio-8081-exec-9]         be.pxl.services.services.PostService - Retrieving all published posts
2024-11-27T09:48:13.421+0100 INFO               [http-nio-8081-exec-9]         be.pxl.services.services.PostService - Mapping [Post(id=3, author=niksUpdate, content=moeUpdate, datePublished=2024-11-27T08:47:33.414, isConcept=false, title=zwijgUpdateCheckDate, category=bookUpdate), Post(id=4, author=Lector, content=Leer hoe te werken in C# en .Net., datePublished=2024-11-27T08:45:07.101, isConcept=false, title=Net Essentials, category=AONAfterConceptCommentaar)] To PostResponse
2024-11-27T09:48:15.631+0100 INFO               [http-nio-8081-exec-10]        be.pxl.services.controller.api.PostController - Calling endpoint [GET] /api/post/3 with params: 3 in PathVariable
2024-11-27T09:48:15.631+0100 INFO               [http-nio-8081-exec-10]        be.pxl.services.services.PostService - Finding post with id: 3
2024-11-27T09:48:15.635+0100 INFO               [http-nio-8081-exec-10]        be.pxl.services.services.PostService - Successfully found post with id: 3
2024-11-27T09:48:15.635+0100 INFO               [http-nio-8081-exec-10]        be.pxl.services.services.PostService - Mapping Post(id=3, author=niksUpdate, content=moeUpdate, datePublished=2024-11-27T08:47:33.414, isConcept=false, title=zwijgUpdateCheckDate, category=bookUpdate) To PostResponse
2024-11-27T09:48:16.792+0100 INFO               [http-nio-8081-exec-1]         be.pxl.services.controller.api.PostController - Calling endpoint [GET] /api/post/3 with params: 3 in PathVariable
2024-11-27T09:48:16.792+0100 INFO               [http-nio-8081-exec-1]         be.pxl.services.services.PostService - Finding post with id: 3
2024-11-27T09:48:16.795+0100 INFO               [http-nio-8081-exec-1]         be.pxl.services.services.PostService - Successfully found post with id: 3
2024-11-27T09:48:16.796+0100 INFO               [http-nio-8081-exec-1]         be.pxl.services.services.PostService - Mapping Post(id=3, author=niksUpdate, content=moeUpdate, datePublished=2024-11-27T08:47:33.414, isConcept=false, title=zwijgUpdateCheckDate, category=bookUpdate) To PostResponse
2024-11-27T09:48:18.932+0100 INFO               [http-nio-8081-exec-2]         be.pxl.services.controller.api.PostController - Calling endpoint [PUT] /api/post/3 with params: 3 in PathVariable & with params: PostRequest(id=null, author=niksUpdate, content=moeUpdate, datePublished=2024-11-27T08:48:16.781, isConcept=false, title=zwijgUpdateCheckDate, category=bookUpdate) in RequestBody
2024-11-27T09:48:18.932+0100 INFO               [http-nio-8081-exec-2]         be.pxl.services.services.PostService - Finding post with id: 3
2024-11-27T09:48:18.935+0100 INFO               [http-nio-8081-exec-2]         be.pxl.services.services.PostService - Updating post properties
2024-11-27T09:48:18.935+0100 INFO               [http-nio-8081-exec-2]         be.pxl.services.services.PostService - Saving post (Post(id=3, author=niksUpdate, content=moeUpdate, datePublished=2024-11-27T08:48:16.781, isConcept=false, title=zwijgUpdateCheckDate, category=bookUpdate)) in repository
2024-11-27T09:48:18.947+0100 INFO               [http-nio-8081-exec-2]         be.pxl.services.services.PostService - Successfully saved post with id: 3
2024-11-27T09:48:18.949+0100 INFO               [http-nio-8081-exec-2]         be.pxl.services.services.PostService - Mapping Post(id=3, author=niksUpdate, content=moeUpdate, datePublished=2024-11-27T08:48:16.781, isConcept=false, title=zwijgUpdateCheckDate, category=bookUpdate) To PostResponse
2024-11-27T09:48:18.965+0100 INFO               [http-nio-8081-exec-3]         be.pxl.services.controller.api.PostController - Calling endpoint [GET] /api/post/published
2024-11-27T09:48:18.965+0100 INFO               [http-nio-8081-exec-3]         be.pxl.services.services.PostService - Retrieving all published posts
2024-11-27T09:48:18.969+0100 INFO               [http-nio-8081-exec-3]         be.pxl.services.services.PostService - Mapping [Post(id=3, author=niksUpdate, content=moeUpdate, datePublished=2024-11-27T08:48:16.781, isConcept=false, title=zwijgUpdateCheckDate, category=bookUpdate), Post(id=4, author=Lector, content=Leer hoe te werken in C# en .Net., datePublished=2024-11-27T08:45:07.101, isConcept=false, title=Net Essentials, category=AONAfterConceptCommentaar)] To PostResponse
2024-11-27T09:48:27.681+0100 INFO               [http-nio-8081-exec-5]         be.pxl.services.controller.api.PostController - Calling endpoint [GET] /api/post/concept
2024-11-27T09:48:27.681+0100 INFO               [http-nio-8081-exec-5]         be.pxl.services.services.PostService - Retrieving all concept posts
2024-11-27T09:48:27.684+0100 INFO               [http-nio-8081-exec-5]         be.pxl.services.services.PostService - Mapping [] To PostResponse
2024-11-27T09:48:28.461+0100 INFO               [http-nio-8081-exec-4]         be.pxl.services.controller.api.PostController - Calling endpoint [GET] /api/post/published
2024-11-27T09:48:28.461+0100 INFO               [http-nio-8081-exec-4]         be.pxl.services.services.PostService - Retrieving all published posts
2024-11-27T09:48:28.464+0100 INFO               [http-nio-8081-exec-4]         be.pxl.services.services.PostService - Mapping [Post(id=3, author=niksUpdate, content=moeUpdate, datePublished=2024-11-27T08:48:16.781, isConcept=false, title=zwijgUpdateCheckDate, category=bookUpdate), Post(id=4, author=Lector, content=Leer hoe te werken in C# en .Net., datePublished=2024-11-27T08:45:07.101, isConcept=false, title=Net Essentials, category=AONAfterConceptCommentaar)] To PostResponse
2024-11-27T09:48:29.710+0100 INFO               [http-nio-8081-exec-6]         be.pxl.services.controller.api.PostController - Calling endpoint [GET] /api/post/3 with params: 3 in PathVariable
2024-11-27T09:48:29.710+0100 INFO               [http-nio-8081-exec-6]         be.pxl.services.services.PostService - Finding post with id: 3
2024-11-27T09:48:29.714+0100 INFO               [http-nio-8081-exec-6]         be.pxl.services.services.PostService - Successfully found post with id: 3
2024-11-27T09:48:29.714+0100 INFO               [http-nio-8081-exec-6]         be.pxl.services.services.PostService - Mapping Post(id=3, author=niksUpdate, content=moeUpdate, datePublished=2024-11-27T08:48:16.781, isConcept=false, title=zwijgUpdateCheckDate, category=bookUpdate) To PostResponse
2024-11-27T09:48:30.410+0100 INFO               [http-nio-8081-exec-7]         be.pxl.services.controller.api.PostController - Calling endpoint [GET] /api/post/3 with params: 3 in PathVariable
2024-11-27T09:48:30.410+0100 INFO               [http-nio-8081-exec-7]         be.pxl.services.services.PostService - Finding post with id: 3
2024-11-27T09:48:30.413+0100 INFO               [http-nio-8081-exec-7]         be.pxl.services.services.PostService - Successfully found post with id: 3
2024-11-27T09:48:30.413+0100 INFO               [http-nio-8081-exec-7]         be.pxl.services.services.PostService - Mapping Post(id=3, author=niksUpdate, content=moeUpdate, datePublished=2024-11-27T08:48:16.781, isConcept=false, title=zwijgUpdateCheckDate, category=bookUpdate) To PostResponse
2024-11-27T09:48:32.558+0100 INFO               [http-nio-8081-exec-8]         be.pxl.services.controller.api.PostController - Calling endpoint [PUT] /api/post/3 with params: 3 in PathVariable & with params: PostRequest(id=null, author=niksUpdate, content=moeUpdate, datePublished=2024-11-27T08:48:30.400, isConcept=false, title=zwijgUpdateCheckDate, category=bookUpdate) in RequestBody
2024-11-27T09:48:32.559+0100 INFO               [http-nio-8081-exec-8]         be.pxl.services.services.PostService - Finding post with id: 3
2024-11-27T09:48:32.562+0100 INFO               [http-nio-8081-exec-8]         be.pxl.services.services.PostService - Updating post properties
2024-11-27T09:48:32.562+0100 INFO               [http-nio-8081-exec-8]         be.pxl.services.services.PostService - Saving post (Post(id=3, author=niksUpdate, content=moeUpdate, datePublished=2024-11-27T08:48:30.400, isConcept=false, title=zwijgUpdateCheckDate, category=bookUpdate)) in repository
2024-11-27T09:48:32.574+0100 INFO               [http-nio-8081-exec-8]         be.pxl.services.services.PostService - Successfully saved post with id: 3
2024-11-27T09:48:32.574+0100 INFO               [http-nio-8081-exec-8]         be.pxl.services.services.PostService - Mapping Post(id=3, author=niksUpdate, content=moeUpdate, datePublished=2024-11-27T08:48:30.400, isConcept=false, title=zwijgUpdateCheckDate, category=bookUpdate) To PostResponse
2024-11-27T09:48:32.589+0100 INFO               [http-nio-8081-exec-9]         be.pxl.services.controller.api.PostController - Calling endpoint [GET] /api/post/published
2024-11-27T09:48:32.589+0100 INFO               [http-nio-8081-exec-9]         be.pxl.services.services.PostService - Retrieving all published posts
2024-11-27T09:48:32.591+0100 INFO               [http-nio-8081-exec-9]         be.pxl.services.services.PostService - Mapping [Post(id=3, author=niksUpdate, content=moeUpdate, datePublished=2024-11-27T08:48:30.400, isConcept=false, title=zwijgUpdateCheckDate, category=bookUpdate), Post(id=4, author=Lector, content=Leer hoe te werken in C# en .Net., datePublished=2024-11-27T08:45:07.101, isConcept=false, title=Net Essentials, category=AONAfterConceptCommentaar)] To PostResponse
2024-11-27T09:48:49.651+0100 INFO               [http-nio-8081-exec-10]        be.pxl.services.controller.api.PostController - Calling endpoint [GET] /api/post/published
2024-11-27T09:48:49.651+0100 INFO               [http-nio-8081-exec-10]        be.pxl.services.services.PostService - Retrieving all published posts
2024-11-27T09:48:49.654+0100 INFO               [http-nio-8081-exec-10]        be.pxl.services.services.PostService - Mapping [Post(id=3, author=niksUpdate, content=moeUpdate, datePublished=2024-11-27T08:48:30.400, isConcept=false, title=zwijgUpdateCheckDate, category=bookUpdate), Post(id=4, author=Lector, content=Leer hoe te werken in C# en .Net., datePublished=2024-11-27T08:45:07.101, isConcept=false, title=Net Essentials, category=AONAfterConceptCommentaar)] To PostResponse
2024-11-27T09:48:53.642+0100 INFO               [http-nio-8081-exec-1]         be.pxl.services.controller.api.PostController - Calling endpoint [GET] /api/post/published
2024-11-27T09:48:53.642+0100 INFO               [http-nio-8081-exec-1]         be.pxl.services.services.PostService - Retrieving all published posts
2024-11-27T09:48:53.645+0100 INFO               [http-nio-8081-exec-1]         be.pxl.services.services.PostService - Mapping [Post(id=3, author=niksUpdate, content=moeUpdate, datePublished=2024-11-27T08:48:30.400, isConcept=false, title=zwijgUpdateCheckDate, category=bookUpdate), Post(id=4, author=Lector, content=Leer hoe te werken in C# en .Net., datePublished=2024-11-27T08:45:07.101, isConcept=false, title=Net Essentials, category=AONAfterConceptCommentaar)] To PostResponse
2024-11-27T09:49:55.626+0100 INFO               [http-nio-8081-exec-3]         be.pxl.services.controller.api.PostController - Calling endpoint [GET] /api/post/published
2024-11-27T09:49:55.626+0100 INFO               [http-nio-8081-exec-3]         be.pxl.services.services.PostService - Retrieving all published posts
2024-11-27T09:49:55.629+0100 INFO               [http-nio-8081-exec-3]         be.pxl.services.services.PostService - Mapping [Post(id=3, author=niksUpdate, content=moeUpdate, datePublished=2024-11-27T08:48:30.400, isConcept=false, title=zwijgUpdateCheckDate, category=bookUpdate), Post(id=4, author=Lector, content=Leer hoe te werken in C# en .Net., datePublished=2024-11-27T08:45:07.101, isConcept=false, title=Net Essentials, category=AONAfterConceptCommentaar)] To PostResponse
2024-11-27T09:49:56.619+0100 INFO               [http-nio-8081-exec-5]         be.pxl.services.controller.api.PostController - Calling endpoint [GET] /api/post/published
2024-11-27T09:49:56.619+0100 INFO               [http-nio-8081-exec-5]         be.pxl.services.services.PostService - Retrieving all published posts
2024-11-27T09:49:56.624+0100 INFO               [http-nio-8081-exec-5]         be.pxl.services.services.PostService - Mapping [Post(id=3, author=niksUpdate, content=moeUpdate, datePublished=2024-11-27T08:48:30.400, isConcept=false, title=zwijgUpdateCheckDate, category=bookUpdate), Post(id=4, author=Lector, content=Leer hoe te werken in C# en .Net., datePublished=2024-11-27T08:45:07.101, isConcept=false, title=Net Essentials, category=AONAfterConceptCommentaar)] To PostResponse
2024-11-27T09:50:23.620+0100 INFO               [http-nio-8081-exec-4]         be.pxl.services.controller.api.PostController - Calling endpoint [GET] /api/post/published
2024-11-27T09:50:23.622+0100 INFO               [http-nio-8081-exec-4]         be.pxl.services.services.PostService - Retrieving all published posts
2024-11-27T09:50:23.625+0100 INFO               [http-nio-8081-exec-4]         be.pxl.services.services.PostService - Mapping [Post(id=3, author=niksUpdate, content=moeUpdate, datePublished=2024-11-27T08:48:30.400, isConcept=false, title=zwijgUpdateCheckDate, category=bookUpdate), Post(id=4, author=Lector, content=Leer hoe te werken in C# en .Net., datePublished=2024-11-27T08:45:07.101, isConcept=false, title=Net Essentials, category=AONAfterConceptCommentaar)] To PostResponse
2024-11-27T09:50:26.610+0100 INFO               [http-nio-8081-exec-6]         be.pxl.services.controller.api.PostController - Calling endpoint [GET] /api/post/published
2024-11-27T09:50:26.610+0100 INFO               [http-nio-8081-exec-6]         be.pxl.services.services.PostService - Retrieving all published posts
2024-11-27T09:50:26.614+0100 INFO               [http-nio-8081-exec-6]         be.pxl.services.services.PostService - Mapping [Post(id=3, author=niksUpdate, content=moeUpdate, datePublished=2024-11-27T08:48:30.400, isConcept=false, title=zwijgUpdateCheckDate, category=bookUpdate), Post(id=4, author=Lector, content=Leer hoe te werken in C# en .Net., datePublished=2024-11-27T08:45:07.101, isConcept=false, title=Net Essentials, category=AONAfterConceptCommentaar)] To PostResponse
2024-11-27T09:50:30.609+0100 INFO               [http-nio-8081-exec-7]         be.pxl.services.controller.api.PostController - Calling endpoint [GET] /api/post/published
2024-11-27T09:50:30.609+0100 INFO               [http-nio-8081-exec-7]         be.pxl.services.services.PostService - Retrieving all published posts
2024-11-27T09:50:30.612+0100 INFO               [http-nio-8081-exec-7]         be.pxl.services.services.PostService - Mapping [Post(id=3, author=niksUpdate, content=moeUpdate, datePublished=2024-11-27T08:48:30.400, isConcept=false, title=zwijgUpdateCheckDate, category=bookUpdate), Post(id=4, author=Lector, content=Leer hoe te werken in C# en .Net., datePublished=2024-11-27T08:45:07.101, isConcept=false, title=Net Essentials, category=AONAfterConceptCommentaar)] To PostResponse
2024-11-27T09:50:33.609+0100 INFO               [http-nio-8081-exec-8]         be.pxl.services.controller.api.PostController - Calling endpoint [GET] /api/post/published
2024-11-27T09:50:33.609+0100 INFO               [http-nio-8081-exec-8]         be.pxl.services.services.PostService - Retrieving all published posts
2024-11-27T09:50:33.613+0100 INFO               [http-nio-8081-exec-8]         be.pxl.services.services.PostService - Mapping [Post(id=3, author=niksUpdate, content=moeUpdate, datePublished=2024-11-27T08:48:30.400, isConcept=false, title=zwijgUpdateCheckDate, category=bookUpdate), Post(id=4, author=Lector, content=Leer hoe te werken in C# en .Net., datePublished=2024-11-27T08:45:07.101, isConcept=false, title=Net Essentials, category=AONAfterConceptCommentaar)] To PostResponse
2024-11-27T09:50:48.393+0100 INFO               [http-nio-8081-exec-9]         be.pxl.services.controller.api.PostController - Calling endpoint [GET] /api/post/published
2024-11-27T09:50:48.393+0100 INFO               [http-nio-8081-exec-9]         be.pxl.services.services.PostService - Retrieving all published posts
2024-11-27T09:50:48.398+0100 INFO               [http-nio-8081-exec-9]         be.pxl.services.services.PostService - Mapping [Post(id=3, author=niksUpdate, content=moeUpdate, datePublished=2024-11-27T08:48:30.400, isConcept=false, title=zwijgUpdateCheckDate, category=bookUpdate), Post(id=4, author=Lector, content=Leer hoe te werken in C# en .Net., datePublished=2024-11-27T08:45:07.101, isConcept=false, title=Net Essentials, category=AONAfterConceptCommentaar)] To PostResponse
2024-11-27T09:50:49.598+0100 INFO               [http-nio-8081-exec-10]        be.pxl.services.controller.api.PostController - Calling endpoint [GET] /api/post/3 with params: 3 in PathVariable
2024-11-27T09:50:49.598+0100 INFO               [http-nio-8081-exec-10]        be.pxl.services.services.PostService - Finding post with id: 3
2024-11-27T09:50:49.604+0100 INFO               [http-nio-8081-exec-10]        be.pxl.services.services.PostService - Successfully found post with id: 3
2024-11-27T09:50:49.604+0100 INFO               [http-nio-8081-exec-10]        be.pxl.services.services.PostService - Mapping Post(id=3, author=niksUpdate, content=moeUpdate, datePublished=2024-11-27T08:48:30.400, isConcept=false, title=zwijgUpdateCheckDate, category=bookUpdate) To PostResponse
2024-11-27T09:50:50.446+0100 INFO               [http-nio-8081-exec-1]         be.pxl.services.controller.api.PostController - Calling endpoint [GET] /api/post/3 with params: 3 in PathVariable
2024-11-27T09:50:50.447+0100 INFO               [http-nio-8081-exec-1]         be.pxl.services.services.PostService - Finding post with id: 3
2024-11-27T09:50:50.453+0100 INFO               [http-nio-8081-exec-1]         be.pxl.services.services.PostService - Successfully found post with id: 3
2024-11-27T09:50:50.453+0100 INFO               [http-nio-8081-exec-1]         be.pxl.services.services.PostService - Mapping Post(id=3, author=niksUpdate, content=moeUpdate, datePublished=2024-11-27T08:48:30.400, isConcept=false, title=zwijgUpdateCheckDate, category=bookUpdate) To PostResponse
2024-11-27T09:50:51.852+0100 INFO               [http-nio-8081-exec-2]         be.pxl.services.controller.api.PostController - Calling endpoint [PUT] /api/post/3 with params: 3 in PathVariable & with params: PostRequest(id=null, author=niksUpdate, content=moeUpdate, datePublished=2024-11-27T08:50:50.437, isConcept=true, title=zwijgUpdateCheckDate, category=bookUpdate) in RequestBody
2024-11-27T09:50:51.853+0100 INFO               [http-nio-8081-exec-2]         be.pxl.services.services.PostService - Finding post with id: 3
2024-11-27T09:50:51.856+0100 INFO               [http-nio-8081-exec-2]         be.pxl.services.services.PostService - Updating post properties
2024-11-27T09:50:51.856+0100 INFO               [http-nio-8081-exec-2]         be.pxl.services.services.PostService - Saving post (Post(id=3, author=niksUpdate, content=moeUpdate, datePublished=2024-11-27T08:50:50.437, isConcept=true, title=zwijgUpdateCheckDate, category=bookUpdate)) in repository
2024-11-27T09:50:51.870+0100 INFO               [http-nio-8081-exec-2]         be.pxl.services.services.PostService - Successfully saved post with id: 3
2024-11-27T09:50:51.870+0100 INFO               [http-nio-8081-exec-2]         be.pxl.services.services.PostService - Mapping Post(id=3, author=niksUpdate, content=moeUpdate, datePublished=2024-11-27T08:50:50.437, isConcept=true, title=zwijgUpdateCheckDate, category=bookUpdate) To PostResponse
2024-11-27T09:50:51.886+0100 INFO               [http-nio-8081-exec-3]         be.pxl.services.controller.api.PostController - Calling endpoint [GET] /api/post/published
2024-11-27T09:50:51.887+0100 INFO               [http-nio-8081-exec-3]         be.pxl.services.services.PostService - Retrieving all published posts
2024-11-27T09:50:51.888+0100 INFO               [http-nio-8081-exec-3]         be.pxl.services.services.PostService - Mapping [Post(id=4, author=Lector, content=Leer hoe te werken in C# en .Net., datePublished=2024-11-27T08:45:07.101, isConcept=false, title=Net Essentials, category=AONAfterConceptCommentaar)] To PostResponse
2024-11-27T09:50:53.693+0100 INFO               [http-nio-8081-exec-5]         be.pxl.services.controller.api.PostController - Calling endpoint [GET] /api/post/concept
2024-11-27T09:50:53.694+0100 INFO               [http-nio-8081-exec-5]         be.pxl.services.services.PostService - Retrieving all concept posts
2024-11-27T09:50:53.696+0100 INFO               [http-nio-8081-exec-5]         be.pxl.services.services.PostService - Mapping [Post(id=3, author=niksUpdate, content=moeUpdate, datePublished=2024-11-27T08:50:50.437, isConcept=true, title=zwijgUpdateCheckDate, category=bookUpdate)] To PostResponse
2024-11-27T12:11:08.107+0100 INFO               [http-nio-8081-exec-6]         be.pxl.services.controller.api.PostController - Calling endpoint [GET] /api/post/published
2024-11-27T12:11:08.108+0100 INFO               [http-nio-8081-exec-6]         be.pxl.services.services.PostService - Retrieving all published posts
2024-11-27T12:11:08.180+0100 INFO               [http-nio-8081-exec-6]         be.pxl.services.services.PostService - Mapping [Post(id=4, author=Lector, content=Leer hoe te werken in C# en .Net., datePublished=2024-11-27T08:45:07.101, isConcept=false, title=Net Essentials, category=AONAfterConceptCommentaar)] To PostResponse
2024-11-27T12:11:19.173+0100 INFO               [http-nio-8081-exec-7]         be.pxl.services.controller.api.PostController - Calling endpoint [GET] /api/post/published
2024-11-27T12:11:19.173+0100 INFO               [http-nio-8081-exec-7]         be.pxl.services.services.PostService - Retrieving all published posts
2024-11-27T12:11:19.179+0100 INFO               [http-nio-8081-exec-7]         be.pxl.services.services.PostService - Mapping [Post(id=4, author=Lector, content=Leer hoe te werken in C# en .Net., datePublished=2024-11-27T08:45:07.101, isConcept=false, title=Net Essentials, category=AONAfterConceptCommentaar)] To PostResponse
