2024-11-25T12:49:48.335+0100 INFO               [main]                         be.pxl.services.ConfigServiceApplication - Starting ConfigServiceApplication using Java 21.0.2 with PID 23072 (C:\Users\Arne\Documents\PXL_VIERDE_JAAR\1_FullstackJava\Project\project-ArneJanssenPXL\backend-java\FullStackJavaPXL\config-service\target\classes started by Arne in C:\Users\Arne\Documents\PXL_VIERDE_JAAR\1_FullstackJava\Project\project-ArneJanssenPXL\backend-java\FullStackJavaPXL)
2024-11-25T12:49:48.345+0100 DEBUG              [main]                         be.pxl.services.ConfigServiceApplication - Running with Spring Boot v3.3.5, Spring v6.1.14
2024-11-25T12:49:48.346+0100 INFO               [main]                         be.pxl.services.ConfigServiceApplication - The following 1 profile is active: "native"
2024-11-25T12:49:50.894+0100 INFO               [main]                         be.pxl.services.ConfigServiceApplication - Started ConfigServiceApplication in 3.396 seconds (process running for 6.686)
2024-11-25T12:50:07.464+0100 INFO               [main]                         be.pxl.services.DiscoveryServiceApplication - Starting DiscoveryServiceApplication using Java 21.0.2 with PID 356 (C:\Users\Arne\Documents\PXL_VIERDE_JAAR\1_FullstackJava\Project\project-ArneJanssenPXL\backend-java\FullStackJavaPXL\discovery-service\target\classes started by Arne in C:\Users\Arne\Documents\PXL_VIERDE_JAAR\1_FullstackJava\Project\project-ArneJanssenPXL\backend-java\FullStackJavaPXL)
2024-11-25T12:50:07.466+0100 DEBUG              [main]                         be.pxl.services.DiscoveryServiceApplication - Running with Spring Boot v3.3.5, Spring v6.1.14
2024-11-25T12:50:07.466+0100 INFO               [main]                         be.pxl.services.DiscoveryServiceApplication - No active profile set, falling back to 1 default profile: "default"
2024-11-25T12:50:11.980+0100 INFO               [main]                         be.pxl.services.DiscoveryServiceApplication - Started DiscoveryServiceApplication in 5.871 seconds (process running for 10.088)
2024-11-25T12:50:20.215+0100 INFO               [main]                         be.pxl.services.GatewayServiceApplication - Starting GatewayServiceApplication using Java 21.0.2 with PID 27980 (C:\Users\Arne\Documents\PXL_VIERDE_JAAR\1_FullstackJava\Project\project-ArneJanssenPXL\backend-java\FullStackJavaPXL\gateway-service\target\classes started by Arne in C:\Users\Arne\Documents\PXL_VIERDE_JAAR\1_FullstackJava\Project\project-ArneJanssenPXL\backend-java\FullStackJavaPXL)
2024-11-25T12:50:20.217+0100 DEBUG              [main]                         be.pxl.services.GatewayServiceApplication - Running with Spring Boot v3.3.5, Spring v6.1.14
2024-11-25T12:50:20.219+0100 INFO               [main]                         be.pxl.services.GatewayServiceApplication - No active profile set, falling back to 1 default profile: "default"
2024-11-25T12:50:23.643+0100 INFO               [main]                         be.pxl.services.GatewayServiceApplication - Started GatewayServiceApplication in 4.591 seconds (process running for 6.571)
2024-11-25T12:50:32.966+0100 INFO               [main]                         be.pxl.services.PostServiceApplication - Starting PostServiceApplication using Java 21.0.2 with PID 16212 (C:\Users\Arne\Documents\PXL_VIERDE_JAAR\1_FullstackJava\Project\project-ArneJanssenPXL\backend-java\FullStackJavaPXL\post-service\target\classes started by Arne in C:\Users\Arne\Documents\PXL_VIERDE_JAAR\1_FullstackJava\Project\project-ArneJanssenPXL\backend-java\FullStackJavaPXL)
2024-11-25T12:50:32.969+0100 DEBUG              [main]                         be.pxl.services.PostServiceApplication - Running with Spring Boot v3.3.5, Spring v6.1.14
2024-11-25T12:50:32.970+0100 INFO               [main]                         be.pxl.services.PostServiceApplication - No active profile set, falling back to 1 default profile: "default"
2024-11-25T12:50:38.631+0100 INFO               [main]                         be.pxl.services.PostServiceApplication - Started PostServiceApplication in 6.738 seconds (process running for 8.261)
2024-11-25T12:51:41.754+0100 INFO               [http-nio-8081-exec-1]         be.pxl.services.controller.api.PostController - Calling endpoint [GET] /api/post
2024-11-25T12:51:41.754+0100 INFO               [http-nio-8081-exec-1]         be.pxl.services.services.PostService - Retrieving all posts
2024-11-25T12:51:41.932+0100 INFO               [http-nio-8081-exec-1]         be.pxl.services.services.PostService - Mapping [Post(id=3, author=niksUpdate, content=moeUpdate, datePublished=2024-11-23T12:30:50.102, isConcept=false, title=zwijgUpdateCheckDate, category=bookUpdate), Post(id=4, author=Lector, content=Leer hoe te werken in C# en .Net., datePublished=2024-11-20T17:14:48.742, isConcept=true, title=Net Essentials, category=AONAfterConceptCommentaar)] To PostResponse
2024-11-25T12:51:43.156+0100 INFO               [http-nio-8081-exec-2]         be.pxl.services.controller.api.PostController - Calling endpoint [GET] /api/post
2024-11-25T12:51:43.156+0100 INFO               [http-nio-8081-exec-2]         be.pxl.services.services.PostService - Retrieving all posts
2024-11-25T12:51:43.161+0100 INFO               [http-nio-8081-exec-2]         be.pxl.services.services.PostService - Mapping [Post(id=3, author=niksUpdate, content=moeUpdate, datePublished=2024-11-23T12:30:50.102, isConcept=false, title=zwijgUpdateCheckDate, category=bookUpdate), Post(id=4, author=Lector, content=Leer hoe te werken in C# en .Net., datePublished=2024-11-20T17:14:48.742, isConcept=true, title=Net Essentials, category=AONAfterConceptCommentaar)] To PostResponse
2024-11-25T12:52:02.471+0100 INFO               [http-nio-8081-exec-3]         be.pxl.services.controller.api.PostController - Calling endpoint [GET] /api/post
2024-11-25T12:52:02.471+0100 INFO               [http-nio-8081-exec-3]         be.pxl.services.services.PostService - Retrieving all posts
2024-11-25T12:52:02.478+0100 INFO               [http-nio-8081-exec-3]         be.pxl.services.services.PostService - Mapping [Post(id=3, author=niksUpdate, content=moeUpdate, datePublished=2024-11-23T12:30:50.102, isConcept=false, title=zwijgUpdateCheckDate, category=bookUpdate), Post(id=4, author=Lector, content=Leer hoe te werken in C# en .Net., datePublished=2024-11-20T17:14:48.742, isConcept=true, title=Net Essentials, category=AONAfterConceptCommentaar)] To PostResponse
2024-11-25T12:52:05.310+0100 INFO               [http-nio-8081-exec-7]         be.pxl.services.controller.api.PostController - Calling endpoint [GET] /api/post/3 with params: 3 in PathVariable
2024-11-25T12:52:05.310+0100 INFO               [http-nio-8081-exec-7]         be.pxl.services.services.PostService - Finding post with id: 3
2024-11-25T12:52:05.327+0100 INFO               [http-nio-8081-exec-7]         be.pxl.services.services.PostService - Successfully found post with id: 3
2024-11-25T12:52:05.327+0100 INFO               [http-nio-8081-exec-7]         be.pxl.services.services.PostService - Mapping Post(id=3, author=niksUpdate, content=moeUpdate, datePublished=2024-11-23T12:30:50.102, isConcept=false, title=zwijgUpdateCheckDate, category=bookUpdate) To PostResponse
2024-11-25T12:52:06.348+0100 INFO               [http-nio-8081-exec-6]         be.pxl.services.controller.api.PostController - Calling endpoint [GET] /api/post/3 with params: 3 in PathVariable
2024-11-25T12:52:06.348+0100 INFO               [http-nio-8081-exec-6]         be.pxl.services.services.PostService - Finding post with id: 3
2024-11-25T12:52:06.354+0100 INFO               [http-nio-8081-exec-6]         be.pxl.services.services.PostService - Successfully found post with id: 3
2024-11-25T12:52:06.354+0100 INFO               [http-nio-8081-exec-6]         be.pxl.services.services.PostService - Mapping Post(id=3, author=niksUpdate, content=moeUpdate, datePublished=2024-11-23T12:30:50.102, isConcept=false, title=zwijgUpdateCheckDate, category=bookUpdate) To PostResponse
2024-11-25T12:52:12.725+0100 INFO               [http-nio-8081-exec-5]         be.pxl.services.controller.api.PostController - Calling endpoint [GET] /api/post/3 with params: 3 in PathVariable
2024-11-25T12:52:12.725+0100 INFO               [http-nio-8081-exec-5]         be.pxl.services.services.PostService - Finding post with id: 3
2024-11-25T12:52:12.729+0100 INFO               [http-nio-8081-exec-5]         be.pxl.services.services.PostService - Successfully found post with id: 3
2024-11-25T12:52:12.729+0100 INFO               [http-nio-8081-exec-5]         be.pxl.services.services.PostService - Mapping Post(id=3, author=niksUpdate, content=moeUpdate, datePublished=2024-11-23T12:30:50.102, isConcept=false, title=zwijgUpdateCheckDate, category=bookUpdate) To PostResponse
2024-11-25T12:52:16.071+0100 INFO               [http-nio-8081-exec-4]         be.pxl.services.controller.api.PostController - Calling endpoint [GET] /api/post
2024-11-25T12:52:16.071+0100 INFO               [http-nio-8081-exec-4]         be.pxl.services.services.PostService - Retrieving all posts
2024-11-25T12:52:16.076+0100 INFO               [http-nio-8081-exec-4]         be.pxl.services.services.PostService - Mapping [Post(id=3, author=niksUpdate, content=moeUpdate, datePublished=2024-11-23T12:30:50.102, isConcept=false, title=zwijgUpdateCheckDate, category=bookUpdate), Post(id=4, author=Lector, content=Leer hoe te werken in C# en .Net., datePublished=2024-11-20T17:14:48.742, isConcept=true, title=Net Essentials, category=AONAfterConceptCommentaar)] To PostResponse
2024-11-25T13:19:23.161+0100 INFO               [http-nio-8081-exec-9]         be.pxl.services.controller.api.PostController - Calling endpoint [GET] /api/post
2024-11-25T13:19:23.162+0100 INFO               [http-nio-8081-exec-9]         be.pxl.services.services.PostService - Retrieving all posts
2024-11-25T13:19:23.168+0100 INFO               [http-nio-8081-exec-9]         be.pxl.services.services.PostService - Mapping [Post(id=3, author=niksUpdate, content=moeUpdate, datePublished=2024-11-23T12:30:50.102, isConcept=false, title=zwijgUpdateCheckDate, category=bookUpdate), Post(id=4, author=Lector, content=Leer hoe te werken in C# en .Net., datePublished=2024-11-20T17:14:48.742, isConcept=true, title=Net Essentials, category=AONAfterConceptCommentaar)] To PostResponse
2024-11-25T13:46:06.615+0100 INFO               [main]                         be.pxl.services.ConfigServiceApplication - Starting ConfigServiceApplication using Java 21.0.2 with PID 6608 (C:\Users\Arne\Documents\PXL_VIERDE_JAAR\1_FullstackJava\Project\project-ArneJanssenPXL\backend-java\FullStackJavaPXL\config-service\target\classes started by Arne in C:\Users\Arne\Documents\PXL_VIERDE_JAAR\1_FullstackJava\Project\project-ArneJanssenPXL\backend-java\FullStackJavaPXL)
2024-11-25T13:46:06.616+0100 DEBUG              [main]                         be.pxl.services.ConfigServiceApplication - Running with Spring Boot v3.3.5, Spring v6.1.14
2024-11-25T13:46:06.617+0100 INFO               [main]                         be.pxl.services.ConfigServiceApplication - The following 1 profile is active: "native"
2024-11-25T13:46:08.820+0100 INFO               [main]                         be.pxl.services.ConfigServiceApplication - Started ConfigServiceApplication in 2.902 seconds (process running for 3.75)
2024-11-25T13:46:16.882+0100 INFO               [main]                         be.pxl.services.DiscoveryServiceApplication - Starting DiscoveryServiceApplication using Java 21.0.2 with PID 13340 (C:\Users\Arne\Documents\PXL_VIERDE_JAAR\1_FullstackJava\Project\project-ArneJanssenPXL\backend-java\FullStackJavaPXL\discovery-service\target\classes started by Arne in C:\Users\Arne\Documents\PXL_VIERDE_JAAR\1_FullstackJava\Project\project-ArneJanssenPXL\backend-java\FullStackJavaPXL)
2024-11-25T13:46:16.883+0100 DEBUG              [main]                         be.pxl.services.DiscoveryServiceApplication - Running with Spring Boot v3.3.5, Spring v6.1.14
2024-11-25T13:46:16.884+0100 INFO               [main]                         be.pxl.services.DiscoveryServiceApplication - No active profile set, falling back to 1 default profile: "default"
2024-11-25T13:46:20.950+0100 INFO               [main]                         be.pxl.services.DiscoveryServiceApplication - Started DiscoveryServiceApplication in 5.446 seconds (process running for 6.344)
2024-11-25T13:46:31.671+0100 INFO               [main]                         be.pxl.services.GatewayServiceApplication - Starting GatewayServiceApplication using Java 21.0.2 with PID 26936 (C:\Users\Arne\Documents\PXL_VIERDE_JAAR\1_FullstackJava\Project\project-ArneJanssenPXL\backend-java\FullStackJavaPXL\gateway-service\target\classes started by Arne in C:\Users\Arne\Documents\PXL_VIERDE_JAAR\1_FullstackJava\Project\project-ArneJanssenPXL\backend-java\FullStackJavaPXL)
2024-11-25T13:46:31.672+0100 DEBUG              [main]                         be.pxl.services.GatewayServiceApplication - Running with Spring Boot v3.3.5, Spring v6.1.14
2024-11-25T13:46:31.673+0100 INFO               [main]                         be.pxl.services.GatewayServiceApplication - No active profile set, falling back to 1 default profile: "default"
2024-11-25T13:46:34.805+0100 INFO               [main]                         be.pxl.services.GatewayServiceApplication - Started GatewayServiceApplication in 4.286 seconds (process running for 5.05)
2024-11-25T13:46:48.894+0100 INFO               [main]                         be.pxl.services.PostServiceApplication - Starting PostServiceApplication using Java 21.0.2 with PID 8576 (C:\Users\Arne\Documents\PXL_VIERDE_JAAR\1_FullstackJava\Project\project-ArneJanssenPXL\backend-java\FullStackJavaPXL\post-service\target\classes started by Arne in C:\Users\Arne\Documents\PXL_VIERDE_JAAR\1_FullstackJava\Project\project-ArneJanssenPXL\backend-java\FullStackJavaPXL)
2024-11-25T13:46:48.895+0100 DEBUG              [main]                         be.pxl.services.PostServiceApplication - Running with Spring Boot v3.3.5, Spring v6.1.14
2024-11-25T13:46:48.896+0100 INFO               [main]                         be.pxl.services.PostServiceApplication - No active profile set, falling back to 1 default profile: "default"
2024-11-25T13:46:54.178+0100 INFO               [main]                         be.pxl.services.PostServiceApplication - Started PostServiceApplication in 6.384 seconds (process running for 7.13)
2024-11-25T14:00:44.973+0100 INFO               [http-nio-8081-exec-2]         be.pxl.services.controller.api.PostController - Calling endpoint [GET] /api/post
2024-11-25T14:00:44.974+0100 INFO               [http-nio-8081-exec-2]         be.pxl.services.services.PostService - Retrieving all posts
2024-11-25T14:00:45.095+0100 INFO               [http-nio-8081-exec-2]         be.pxl.services.services.PostService - Mapping [Post(id=3, author=niksUpdate, content=moeUpdate, datePublished=2024-11-23T12:30:50.102, isConcept=false, title=zwijgUpdateCheckDate, category=bookUpdate), Post(id=4, author=Lector, content=Leer hoe te werken in C# en .Net., datePublished=2024-11-20T17:14:48.742, isConcept=true, title=Net Essentials, category=AONAfterConceptCommentaar)] To PostResponse
2024-11-25T14:02:07.215+0100 INFO               [http-nio-8081-exec-1]         be.pxl.services.controller.api.PostController - Calling endpoint [GET] /api/post
2024-11-25T14:02:07.216+0100 INFO               [http-nio-8081-exec-1]         be.pxl.services.services.PostService - Retrieving all posts
2024-11-25T14:02:07.220+0100 INFO               [http-nio-8081-exec-1]         be.pxl.services.services.PostService - Mapping [Post(id=3, author=niksUpdate, content=moeUpdate, datePublished=2024-11-23T12:30:50.102, isConcept=false, title=zwijgUpdateCheckDate, category=bookUpdate), Post(id=4, author=Lector, content=Leer hoe te werken in C# en .Net., datePublished=2024-11-20T17:14:48.742, isConcept=true, title=Net Essentials, category=AONAfterConceptCommentaar)] To PostResponse
2024-11-25T14:04:49.744+0100 INFO               [http-nio-8081-exec-5]         be.pxl.services.controller.api.PostController - Calling endpoint [GET] /api/post
2024-11-25T14:04:49.744+0100 INFO               [http-nio-8081-exec-5]         be.pxl.services.services.PostService - Retrieving all posts
2024-11-25T14:04:49.748+0100 INFO               [http-nio-8081-exec-5]         be.pxl.services.services.PostService - Mapping [Post(id=3, author=niksUpdate, content=moeUpdate, datePublished=2024-11-23T12:30:50.102, isConcept=false, title=zwijgUpdateCheckDate, category=bookUpdate), Post(id=4, author=Lector, content=Leer hoe te werken in C# en .Net., datePublished=2024-11-20T17:14:48.742, isConcept=true, title=Net Essentials, category=AONAfterConceptCommentaar)] To PostResponse
2024-11-25T14:05:21.592+0100 INFO               [http-nio-8081-exec-6]         be.pxl.services.controller.api.PostController - Calling endpoint [GET] /api/post
2024-11-25T14:05:21.592+0100 INFO               [http-nio-8081-exec-6]         be.pxl.services.services.PostService - Retrieving all posts
2024-11-25T14:05:21.598+0100 INFO               [http-nio-8081-exec-6]         be.pxl.services.services.PostService - Mapping [Post(id=3, author=niksUpdate, content=moeUpdate, datePublished=2024-11-23T12:30:50.102, isConcept=false, title=zwijgUpdateCheckDate, category=bookUpdate), Post(id=4, author=Lector, content=Leer hoe te werken in C# en .Net., datePublished=2024-11-20T17:14:48.742, isConcept=true, title=Net Essentials, category=AONAfterConceptCommentaar)] To PostResponse
2024-11-25T14:05:58.784+0100 INFO               [http-nio-8081-exec-7]         be.pxl.services.controller.api.PostController - Calling endpoint [GET] /api/post/published
2024-11-25T14:05:58.784+0100 INFO               [http-nio-8081-exec-7]         be.pxl.services.services.PostService - Retrieving all published posts
2024-11-25T14:05:58.817+0100 INFO               [http-nio-8081-exec-7]         be.pxl.services.services.PostService - Mapping [Post(id=3, author=niksUpdate, content=moeUpdate, datePublished=2024-11-23T12:30:50.102, isConcept=false, title=zwijgUpdateCheckDate, category=bookUpdate)] To PostResponse
2024-11-25T14:06:39.838+0100 INFO               [http-nio-8081-exec-8]         be.pxl.services.controller.api.PostController - Calling endpoint [GET] /api/post/published
2024-11-25T14:06:39.838+0100 INFO               [http-nio-8081-exec-8]         be.pxl.services.services.PostService - Retrieving all published posts
2024-11-25T14:06:39.841+0100 INFO               [http-nio-8081-exec-8]         be.pxl.services.services.PostService - Mapping [Post(id=3, author=niksUpdate, content=moeUpdate, datePublished=2024-11-23T12:30:50.102, isConcept=false, title=zwijgUpdateCheckDate, category=bookUpdate)] To PostResponse
2024-11-25T14:13:31.343+0100 INFO               [http-nio-8081-exec-10]        be.pxl.services.controller.api.PostController - Calling endpoint [GET] /api/post/published
2024-11-25T14:13:31.344+0100 INFO               [http-nio-8081-exec-10]        be.pxl.services.services.PostService - Retrieving all published posts
2024-11-25T14:13:31.346+0100 INFO               [http-nio-8081-exec-10]        be.pxl.services.services.PostService - Mapping [Post(id=3, author=niksUpdate, content=moeUpdate, datePublished=2024-11-23T12:30:50.102, isConcept=false, title=zwijgUpdateCheckDate, category=bookUpdate)] To PostResponse
2024-11-25T14:14:10.598+0100 INFO               [http-nio-8081-exec-2]         be.pxl.services.controller.api.PostController - Calling endpoint [GET] /api/post/published
2024-11-25T14:14:10.598+0100 INFO               [http-nio-8081-exec-2]         be.pxl.services.services.PostService - Retrieving all published posts
2024-11-25T14:14:10.601+0100 INFO               [http-nio-8081-exec-2]         be.pxl.services.services.PostService - Mapping [Post(id=3, author=niksUpdate, content=moeUpdate, datePublished=2024-11-23T12:30:50.102, isConcept=false, title=zwijgUpdateCheckDate, category=bookUpdate)] To PostResponse
2024-11-25T14:14:33.590+0100 INFO               [http-nio-8081-exec-3]         be.pxl.services.controller.api.PostController - Calling endpoint [GET] /api/post/published
2024-11-25T14:14:33.590+0100 INFO               [http-nio-8081-exec-3]         be.pxl.services.services.PostService - Retrieving all published posts
2024-11-25T14:14:33.595+0100 INFO               [http-nio-8081-exec-3]         be.pxl.services.services.PostService - Mapping [Post(id=3, author=niksUpdate, content=moeUpdate, datePublished=2024-11-23T12:30:50.102, isConcept=false, title=zwijgUpdateCheckDate, category=bookUpdate)] To PostResponse
2024-11-25T14:14:40.573+0100 INFO               [http-nio-8081-exec-1]         be.pxl.services.controller.api.PostController - Calling endpoint [GET] /api/post/published
2024-11-25T14:14:40.573+0100 INFO               [http-nio-8081-exec-1]         be.pxl.services.services.PostService - Retrieving all published posts
2024-11-25T14:14:40.577+0100 INFO               [http-nio-8081-exec-1]         be.pxl.services.services.PostService - Mapping [Post(id=3, author=niksUpdate, content=moeUpdate, datePublished=2024-11-23T12:30:50.102, isConcept=false, title=zwijgUpdateCheckDate, category=bookUpdate)] To PostResponse
2024-11-25T14:14:43.552+0100 INFO               [http-nio-8081-exec-4]         be.pxl.services.controller.api.PostController - Calling endpoint [GET] /api/post/published
2024-11-25T14:14:43.552+0100 INFO               [http-nio-8081-exec-4]         be.pxl.services.services.PostService - Retrieving all published posts
2024-11-25T14:14:43.556+0100 INFO               [http-nio-8081-exec-4]         be.pxl.services.services.PostService - Mapping [Post(id=3, author=niksUpdate, content=moeUpdate, datePublished=2024-11-23T12:30:50.102, isConcept=false, title=zwijgUpdateCheckDate, category=bookUpdate)] To PostResponse
2024-11-25T14:14:50.326+0100 INFO               [http-nio-8081-exec-5]         be.pxl.services.controller.api.PostController - Calling endpoint [GET] /api/post/published
2024-11-25T14:14:50.326+0100 INFO               [http-nio-8081-exec-5]         be.pxl.services.services.PostService - Retrieving all published posts
2024-11-25T14:14:50.330+0100 INFO               [http-nio-8081-exec-5]         be.pxl.services.services.PostService - Mapping [Post(id=3, author=niksUpdate, content=moeUpdate, datePublished=2024-11-23T12:30:50.102, isConcept=false, title=zwijgUpdateCheckDate, category=bookUpdate)] To PostResponse
2024-11-25T14:15:06.805+0100 INFO               [http-nio-8081-exec-6]         be.pxl.services.controller.api.PostController - Calling endpoint [GET] /api/post/published
2024-11-25T14:15:06.805+0100 INFO               [http-nio-8081-exec-6]         be.pxl.services.services.PostService - Retrieving all published posts
2024-11-25T14:15:06.808+0100 INFO               [http-nio-8081-exec-6]         be.pxl.services.services.PostService - Mapping [Post(id=3, author=niksUpdate, content=moeUpdate, datePublished=2024-11-23T12:30:50.102, isConcept=false, title=zwijgUpdateCheckDate, category=bookUpdate)] To PostResponse
2024-11-25T14:15:11.634+0100 INFO               [http-nio-8081-exec-7]         be.pxl.services.controller.api.PostController - Calling endpoint [GET] /api/post/concept
2024-11-25T14:15:11.634+0100 INFO               [http-nio-8081-exec-7]         be.pxl.services.services.PostService - Retrieving all concept posts
2024-11-25T14:15:11.637+0100 INFO               [http-nio-8081-exec-7]         be.pxl.services.services.PostService - Mapping [Post(id=4, author=Lector, content=Leer hoe te werken in C# en .Net., datePublished=2024-11-20T17:14:48.742, isConcept=true, title=Net Essentials, category=AONAfterConceptCommentaar)] To PostResponse
2024-11-25T14:15:18.257+0100 INFO               [http-nio-8081-exec-8]         be.pxl.services.controller.api.PostController - Calling endpoint [GET] /api/post/concept
2024-11-25T14:15:18.258+0100 INFO               [http-nio-8081-exec-8]         be.pxl.services.services.PostService - Retrieving all concept posts
2024-11-25T14:15:18.261+0100 INFO               [http-nio-8081-exec-8]         be.pxl.services.services.PostService - Mapping [Post(id=4, author=Lector, content=Leer hoe te werken in C# en .Net., datePublished=2024-11-20T17:14:48.742, isConcept=true, title=Net Essentials, category=AONAfterConceptCommentaar)] To PostResponse
2024-11-25T14:15:19.384+0100 INFO               [http-nio-8081-exec-9]         be.pxl.services.controller.api.PostController - Calling endpoint [GET] /api/post/4 with params: 4 in PathVariable
2024-11-25T14:15:19.384+0100 INFO               [http-nio-8081-exec-9]         be.pxl.services.services.PostService - Finding post with id: 4
2024-11-25T14:15:19.396+0100 INFO               [http-nio-8081-exec-9]         be.pxl.services.services.PostService - Successfully found post with id: 4
2024-11-25T14:15:19.396+0100 INFO               [http-nio-8081-exec-9]         be.pxl.services.services.PostService - Mapping Post(id=4, author=Lector, content=Leer hoe te werken in C# en .Net., datePublished=2024-11-20T17:14:48.742, isConcept=true, title=Net Essentials, category=AONAfterConceptCommentaar) To PostResponse
2024-11-25T14:15:20.709+0100 INFO               [http-nio-8081-exec-10]        be.pxl.services.controller.api.PostController - Calling endpoint [GET] /api/post/4 with params: 4 in PathVariable
2024-11-25T14:15:20.710+0100 INFO               [http-nio-8081-exec-10]        be.pxl.services.services.PostService - Finding post with id: 4
2024-11-25T14:15:20.714+0100 INFO               [http-nio-8081-exec-10]        be.pxl.services.services.PostService - Successfully found post with id: 4
2024-11-25T14:15:20.714+0100 INFO               [http-nio-8081-exec-10]        be.pxl.services.services.PostService - Mapping Post(id=4, author=Lector, content=Leer hoe te werken in C# en .Net., datePublished=2024-11-20T17:14:48.742, isConcept=true, title=Net Essentials, category=AONAfterConceptCommentaar) To PostResponse
2024-11-25T14:15:24.304+0100 INFO               [http-nio-8081-exec-2]         be.pxl.services.controller.api.PostController - Calling endpoint [GET] /api/post/published
2024-11-25T14:15:24.304+0100 INFO               [http-nio-8081-exec-2]         be.pxl.services.services.PostService - Retrieving all published posts
2024-11-25T14:15:24.308+0100 INFO               [http-nio-8081-exec-2]         be.pxl.services.services.PostService - Mapping [Post(id=3, author=niksUpdate, content=moeUpdate, datePublished=2024-11-23T12:30:50.102, isConcept=false, title=zwijgUpdateCheckDate, category=bookUpdate)] To PostResponse
2024-11-25T14:15:25.713+0100 INFO               [http-nio-8081-exec-3]         be.pxl.services.controller.api.PostController - Calling endpoint [GET] /api/post/concept
2024-11-25T14:15:25.713+0100 INFO               [http-nio-8081-exec-3]         be.pxl.services.services.PostService - Retrieving all concept posts
2024-11-25T14:15:25.717+0100 INFO               [http-nio-8081-exec-3]         be.pxl.services.services.PostService - Mapping [Post(id=4, author=Lector, content=Leer hoe te werken in C# en .Net., datePublished=2024-11-20T17:14:48.742, isConcept=true, title=Net Essentials, category=AONAfterConceptCommentaar)] To PostResponse
2024-11-25T14:15:31.524+0100 INFO               [http-nio-8081-exec-1]         be.pxl.services.controller.api.PostController - Calling endpoint [GET] /api/post/concept
2024-11-25T14:15:31.526+0100 INFO               [http-nio-8081-exec-1]         be.pxl.services.services.PostService - Retrieving all concept posts
2024-11-25T14:15:31.529+0100 INFO               [http-nio-8081-exec-1]         be.pxl.services.services.PostService - Mapping [Post(id=4, author=Lector, content=Leer hoe te werken in C# en .Net., datePublished=2024-11-20T17:14:48.742, isConcept=true, title=Net Essentials, category=AONAfterConceptCommentaar)] To PostResponse
2024-11-25T14:15:42.334+0100 INFO               [http-nio-8081-exec-4]         be.pxl.services.controller.api.PostController - Calling endpoint [GET] /api/post
2024-11-25T14:15:42.334+0100 INFO               [http-nio-8081-exec-4]         be.pxl.services.services.PostService - Retrieving all posts
2024-11-25T14:15:42.339+0100 INFO               [http-nio-8081-exec-4]         be.pxl.services.services.PostService - Mapping [Post(id=3, author=niksUpdate, content=moeUpdate, datePublished=2024-11-23T12:30:50.102, isConcept=false, title=zwijgUpdateCheckDate, category=bookUpdate), Post(id=4, author=Lector, content=Leer hoe te werken in C# en .Net., datePublished=2024-11-20T17:14:48.742, isConcept=true, title=Net Essentials, category=AONAfterConceptCommentaar)] To PostResponse
2024-11-25T14:15:43.569+0100 INFO               [http-nio-8081-exec-5]         be.pxl.services.controller.api.PostController - Calling endpoint [GET] /api/post
2024-11-25T14:15:43.570+0100 INFO               [http-nio-8081-exec-5]         be.pxl.services.services.PostService - Retrieving all posts
2024-11-25T14:15:43.574+0100 INFO               [http-nio-8081-exec-5]         be.pxl.services.services.PostService - Mapping [Post(id=3, author=niksUpdate, content=moeUpdate, datePublished=2024-11-23T12:30:50.102, isConcept=false, title=zwijgUpdateCheckDate, category=bookUpdate), Post(id=4, author=Lector, content=Leer hoe te werken in C# en .Net., datePublished=2024-11-20T17:14:48.742, isConcept=true, title=Net Essentials, category=AONAfterConceptCommentaar)] To PostResponse
2024-11-25T14:15:53.222+0100 INFO               [http-nio-8081-exec-6]         be.pxl.services.controller.api.PostController - Calling endpoint [GET] /api/post
2024-11-25T14:15:53.222+0100 INFO               [http-nio-8081-exec-6]         be.pxl.services.services.PostService - Retrieving all posts
2024-11-25T14:15:53.226+0100 INFO               [http-nio-8081-exec-6]         be.pxl.services.services.PostService - Mapping [Post(id=3, author=niksUpdate, content=moeUpdate, datePublished=2024-11-23T12:30:50.102, isConcept=false, title=zwijgUpdateCheckDate, category=bookUpdate), Post(id=4, author=Lector, content=Leer hoe te werken in C# en .Net., datePublished=2024-11-20T17:14:48.742, isConcept=true, title=Net Essentials, category=AONAfterConceptCommentaar)] To PostResponse
2024-11-25T14:18:50.407+0100 INFO               [http-nio-8081-exec-8]         be.pxl.services.controller.api.PostController - Calling endpoint [GET] /api/post/concept
2024-11-25T14:18:50.407+0100 INFO               [http-nio-8081-exec-8]         be.pxl.services.services.PostService - Retrieving all concept posts
2024-11-25T14:18:50.414+0100 INFO               [http-nio-8081-exec-8]         be.pxl.services.services.PostService - Mapping [Post(id=4, author=Lector, content=Leer hoe te werken in C# en .Net., datePublished=2024-11-20T17:14:48.742, isConcept=true, title=Net Essentials, category=AONAfterConceptCommentaar)] To PostResponse
2024-11-25T14:19:04.289+0100 INFO               [http-nio-8081-exec-9]         be.pxl.services.controller.api.PostController - Calling endpoint [GET] /api/post/published
2024-11-25T14:19:04.289+0100 INFO               [http-nio-8081-exec-9]         be.pxl.services.services.PostService - Retrieving all published posts
2024-11-25T14:19:04.293+0100 INFO               [http-nio-8081-exec-9]         be.pxl.services.services.PostService - Mapping [Post(id=3, author=niksUpdate, content=moeUpdate, datePublished=2024-11-23T12:30:50.102, isConcept=false, title=zwijgUpdateCheckDate, category=bookUpdate)] To PostResponse
2024-11-25T14:19:13.267+0100 INFO               [http-nio-8081-exec-10]        be.pxl.services.controller.api.PostController - Calling endpoint [GET] /api/post/published
2024-11-25T14:19:13.267+0100 INFO               [http-nio-8081-exec-10]        be.pxl.services.services.PostService - Retrieving all published posts
2024-11-25T14:19:13.270+0100 INFO               [http-nio-8081-exec-10]        be.pxl.services.services.PostService - Mapping [Post(id=3, author=niksUpdate, content=moeUpdate, datePublished=2024-11-23T12:30:50.102, isConcept=false, title=zwijgUpdateCheckDate, category=bookUpdate)] To PostResponse
2024-11-25T14:19:17.157+0100 INFO               [http-nio-8081-exec-2]         be.pxl.services.controller.api.PostController - Calling endpoint [GET] /api/post/published
2024-11-25T14:19:17.157+0100 INFO               [http-nio-8081-exec-2]         be.pxl.services.services.PostService - Retrieving all published posts
2024-11-25T14:19:17.161+0100 INFO               [http-nio-8081-exec-2]         be.pxl.services.services.PostService - Mapping [Post(id=3, author=niksUpdate, content=moeUpdate, datePublished=2024-11-23T12:30:50.102, isConcept=false, title=zwijgUpdateCheckDate, category=bookUpdate)] To PostResponse
2024-11-25T14:19:30.899+0100 INFO               [http-nio-8081-exec-3]         be.pxl.services.controller.api.PostController - Calling endpoint [GET] /api/post/published
2024-11-25T14:19:30.899+0100 INFO               [http-nio-8081-exec-3]         be.pxl.services.services.PostService - Retrieving all published posts
2024-11-25T14:19:30.903+0100 INFO               [http-nio-8081-exec-3]         be.pxl.services.services.PostService - Mapping [Post(id=3, author=niksUpdate, content=moeUpdate, datePublished=2024-11-23T12:30:50.102, isConcept=false, title=zwijgUpdateCheckDate, category=bookUpdate)] To PostResponse
2024-11-25T14:19:34.138+0100 INFO               [http-nio-8081-exec-1]         be.pxl.services.controller.api.PostController - Calling endpoint [GET] /api/post/concept
2024-11-25T14:19:34.138+0100 INFO               [http-nio-8081-exec-1]         be.pxl.services.services.PostService - Retrieving all concept posts
2024-11-25T14:19:34.141+0100 INFO               [http-nio-8081-exec-1]         be.pxl.services.services.PostService - Mapping [Post(id=4, author=Lector, content=Leer hoe te werken in C# en .Net., datePublished=2024-11-20T17:14:48.742, isConcept=true, title=Net Essentials, category=AONAfterConceptCommentaar)] To PostResponse
2024-11-25T14:19:36.268+0100 INFO               [http-nio-8081-exec-4]         be.pxl.services.controller.api.PostController - Calling endpoint [GET] /api/post/published
2024-11-25T14:19:36.268+0100 INFO               [http-nio-8081-exec-4]         be.pxl.services.services.PostService - Retrieving all published posts
2024-11-25T14:19:36.270+0100 INFO               [http-nio-8081-exec-4]         be.pxl.services.services.PostService - Mapping [Post(id=3, author=niksUpdate, content=moeUpdate, datePublished=2024-11-23T12:30:50.102, isConcept=false, title=zwijgUpdateCheckDate, category=bookUpdate)] To PostResponse
2024-11-25T14:19:38.272+0100 INFO               [http-nio-8081-exec-5]         be.pxl.services.controller.api.PostController - Calling endpoint [GET] /api/post/concept
2024-11-25T14:19:38.273+0100 INFO               [http-nio-8081-exec-5]         be.pxl.services.services.PostService - Retrieving all concept posts
2024-11-25T14:19:38.277+0100 INFO               [http-nio-8081-exec-5]         be.pxl.services.services.PostService - Mapping [Post(id=4, author=Lector, content=Leer hoe te werken in C# en .Net., datePublished=2024-11-20T17:14:48.742, isConcept=true, title=Net Essentials, category=AONAfterConceptCommentaar)] To PostResponse
2024-11-25T14:19:42.631+0100 INFO               [http-nio-8081-exec-6]         be.pxl.services.controller.api.PostController - Calling endpoint [GET] /api/post/concept
2024-11-25T14:19:42.631+0100 INFO               [http-nio-8081-exec-6]         be.pxl.services.services.PostService - Retrieving all concept posts
2024-11-25T14:19:42.634+0100 INFO               [http-nio-8081-exec-6]         be.pxl.services.services.PostService - Mapping [Post(id=4, author=Lector, content=Leer hoe te werken in C# en .Net., datePublished=2024-11-20T17:14:48.742, isConcept=true, title=Net Essentials, category=AONAfterConceptCommentaar)] To PostResponse
2024-11-25T14:19:45.848+0100 INFO               [http-nio-8081-exec-7]         be.pxl.services.controller.api.PostController - Calling endpoint [GET] /api/post/concept
2024-11-25T14:19:45.848+0100 INFO               [http-nio-8081-exec-7]         be.pxl.services.services.PostService - Retrieving all concept posts
2024-11-25T14:19:45.851+0100 INFO               [http-nio-8081-exec-7]         be.pxl.services.services.PostService - Mapping [Post(id=4, author=Lector, content=Leer hoe te werken in C# en .Net., datePublished=2024-11-20T17:14:48.742, isConcept=true, title=Net Essentials, category=AONAfterConceptCommentaar)] To PostResponse
2024-11-25T14:21:02.553+0100 INFO               [http-nio-8081-exec-9]         be.pxl.services.controller.api.PostController - Calling endpoint [GET] /api/post/concept
2024-11-25T14:21:02.553+0100 INFO               [http-nio-8081-exec-9]         be.pxl.services.services.PostService - Retrieving all concept posts
2024-11-25T14:21:02.558+0100 INFO               [http-nio-8081-exec-9]         be.pxl.services.services.PostService - Mapping [Post(id=4, author=Lector, content=Leer hoe te werken in C# en .Net., datePublished=2024-11-20T17:14:48.742, isConcept=true, title=Net Essentials, category=AONAfterConceptCommentaar)] To PostResponse
2024-11-25T14:25:40.688+0100 INFO               [http-nio-8081-exec-2]         be.pxl.services.controller.api.PostController - Calling endpoint [GET] /api/post/published
2024-11-25T14:25:40.688+0100 INFO               [http-nio-8081-exec-2]         be.pxl.services.services.PostService - Retrieving all published posts
2024-11-25T14:25:40.692+0100 INFO               [http-nio-8081-exec-2]         be.pxl.services.services.PostService - Mapping [Post(id=3, author=niksUpdate, content=moeUpdate, datePublished=2024-11-23T12:30:50.102, isConcept=false, title=zwijgUpdateCheckDate, category=bookUpdate)] To PostResponse
2024-11-25T14:25:43.349+0100 INFO               [http-nio-8081-exec-3]         be.pxl.services.controller.api.PostController - Calling endpoint [GET] /api/post/3 with params: 3 in PathVariable
2024-11-25T14:25:43.349+0100 INFO               [http-nio-8081-exec-3]         be.pxl.services.services.PostService - Finding post with id: 3
2024-11-25T14:25:43.353+0100 INFO               [http-nio-8081-exec-3]         be.pxl.services.services.PostService - Successfully found post with id: 3
2024-11-25T14:25:43.353+0100 INFO               [http-nio-8081-exec-3]         be.pxl.services.services.PostService - Mapping Post(id=3, author=niksUpdate, content=moeUpdate, datePublished=2024-11-23T12:30:50.102, isConcept=false, title=zwijgUpdateCheckDate, category=bookUpdate) To PostResponse
2024-11-25T14:25:47.112+0100 INFO               [http-nio-8081-exec-1]         be.pxl.services.controller.api.PostController - Calling endpoint [GET] /api/post/3 with params: 3 in PathVariable
2024-11-25T14:25:47.112+0100 INFO               [http-nio-8081-exec-1]         be.pxl.services.services.PostService - Finding post with id: 3
2024-11-25T14:25:47.118+0100 INFO               [http-nio-8081-exec-1]         be.pxl.services.services.PostService - Successfully found post with id: 3
2024-11-25T14:25:47.118+0100 INFO               [http-nio-8081-exec-1]         be.pxl.services.services.PostService - Mapping Post(id=3, author=niksUpdate, content=moeUpdate, datePublished=2024-11-23T12:30:50.102, isConcept=false, title=zwijgUpdateCheckDate, category=bookUpdate) To PostResponse
2024-11-25T14:26:03.157+0100 INFO               [http-nio-8081-exec-4]         be.pxl.services.controller.api.PostController - Calling endpoint [GET] /api/post/published
2024-11-25T14:26:03.157+0100 INFO               [http-nio-8081-exec-4]         be.pxl.services.services.PostService - Retrieving all published posts
2024-11-25T14:26:03.160+0100 INFO               [http-nio-8081-exec-4]         be.pxl.services.services.PostService - Mapping [Post(id=3, author=niksUpdate, content=moeUpdate, datePublished=2024-11-23T12:30:50.102, isConcept=false, title=zwijgUpdateCheckDate, category=bookUpdate)] To PostResponse
2024-11-25T14:26:33.591+0100 INFO               [http-nio-8081-exec-5]         be.pxl.services.controller.api.PostController - Calling endpoint [GET] /api/post/published
2024-11-25T14:26:33.591+0100 INFO               [http-nio-8081-exec-5]         be.pxl.services.services.PostService - Retrieving all published posts
2024-11-25T14:26:33.595+0100 INFO               [http-nio-8081-exec-5]         be.pxl.services.services.PostService - Mapping [Post(id=3, author=niksUpdate, content=moeUpdate, datePublished=2024-11-23T12:30:50.102, isConcept=false, title=zwijgUpdateCheckDate, category=bookUpdate)] To PostResponse
2024-11-25T14:27:04.764+0100 INFO               [http-nio-8081-exec-6]         be.pxl.services.controller.api.PostController - Calling endpoint [GET] /api/post/published
2024-11-25T14:27:04.764+0100 INFO               [http-nio-8081-exec-6]         be.pxl.services.services.PostService - Retrieving all published posts
2024-11-25T14:27:04.768+0100 INFO               [http-nio-8081-exec-6]         be.pxl.services.services.PostService - Mapping [Post(id=3, author=niksUpdate, content=moeUpdate, datePublished=2024-11-23T12:30:50.102, isConcept=false, title=zwijgUpdateCheckDate, category=bookUpdate)] To PostResponse
2024-11-25T14:27:09.572+0100 INFO               [http-nio-8081-exec-7]         be.pxl.services.controller.api.PostController - Calling endpoint [GET] /api/post/published
2024-11-25T14:27:09.573+0100 INFO               [http-nio-8081-exec-7]         be.pxl.services.services.PostService - Retrieving all published posts
2024-11-25T14:27:09.576+0100 INFO               [http-nio-8081-exec-7]         be.pxl.services.services.PostService - Mapping [Post(id=3, author=niksUpdate, content=moeUpdate, datePublished=2024-11-23T12:30:50.102, isConcept=false, title=zwijgUpdateCheckDate, category=bookUpdate)] To PostResponse
2024-11-25T14:27:12.553+0100 INFO               [http-nio-8081-exec-8]         be.pxl.services.controller.api.PostController - Calling endpoint [GET] /api/post/published
2024-11-25T14:27:12.553+0100 INFO               [http-nio-8081-exec-8]         be.pxl.services.services.PostService - Retrieving all published posts
2024-11-25T14:27:12.556+0100 INFO               [http-nio-8081-exec-8]         be.pxl.services.services.PostService - Mapping [Post(id=3, author=niksUpdate, content=moeUpdate, datePublished=2024-11-23T12:30:50.102, isConcept=false, title=zwijgUpdateCheckDate, category=bookUpdate)] To PostResponse
2024-11-25T14:27:31.548+0100 INFO               [http-nio-8081-exec-9]         be.pxl.services.controller.api.PostController - Calling endpoint [GET] /api/post/published
2024-11-25T14:27:31.548+0100 INFO               [http-nio-8081-exec-9]         be.pxl.services.services.PostService - Retrieving all published posts
2024-11-25T14:27:31.552+0100 INFO               [http-nio-8081-exec-9]         be.pxl.services.services.PostService - Mapping [Post(id=3, author=niksUpdate, content=moeUpdate, datePublished=2024-11-23T12:30:50.102, isConcept=false, title=zwijgUpdateCheckDate, category=bookUpdate)] To PostResponse
2024-11-25T14:27:34.583+0100 INFO               [http-nio-8081-exec-10]        be.pxl.services.controller.api.PostController - Calling endpoint [GET] /api/post/published
2024-11-25T14:27:34.583+0100 INFO               [http-nio-8081-exec-10]        be.pxl.services.services.PostService - Retrieving all published posts
2024-11-25T14:27:34.587+0100 INFO               [http-nio-8081-exec-10]        be.pxl.services.services.PostService - Mapping [Post(id=3, author=niksUpdate, content=moeUpdate, datePublished=2024-11-23T12:30:50.102, isConcept=false, title=zwijgUpdateCheckDate, category=bookUpdate)] To PostResponse
2024-11-25T14:27:38.583+0100 INFO               [http-nio-8081-exec-2]         be.pxl.services.controller.api.PostController - Calling endpoint [GET] /api/post/published
2024-11-25T14:27:38.583+0100 INFO               [http-nio-8081-exec-2]         be.pxl.services.services.PostService - Retrieving all published posts
2024-11-25T14:27:38.587+0100 INFO               [http-nio-8081-exec-2]         be.pxl.services.services.PostService - Mapping [Post(id=3, author=niksUpdate, content=moeUpdate, datePublished=2024-11-23T12:30:50.102, isConcept=false, title=zwijgUpdateCheckDate, category=bookUpdate)] To PostResponse
2024-11-25T14:27:45.138+0100 INFO               [http-nio-8081-exec-3]         be.pxl.services.controller.api.PostController - Calling endpoint [GET] /api/post/published
2024-11-25T14:27:45.138+0100 INFO               [http-nio-8081-exec-3]         be.pxl.services.services.PostService - Retrieving all published posts
2024-11-25T14:27:45.142+0100 INFO               [http-nio-8081-exec-3]         be.pxl.services.services.PostService - Mapping [Post(id=3, author=niksUpdate, content=moeUpdate, datePublished=2024-11-23T12:30:50.102, isConcept=false, title=zwijgUpdateCheckDate, category=bookUpdate)] To PostResponse
2024-11-25T14:27:59.980+0100 INFO               [http-nio-8081-exec-1]         be.pxl.services.controller.api.PostController - Calling endpoint [GET] /api/post/published
2024-11-25T14:27:59.980+0100 INFO               [http-nio-8081-exec-1]         be.pxl.services.services.PostService - Retrieving all published posts
2024-11-25T14:27:59.983+0100 INFO               [http-nio-8081-exec-1]         be.pxl.services.services.PostService - Mapping [Post(id=3, author=niksUpdate, content=moeUpdate, datePublished=2024-11-23T12:30:50.102, isConcept=false, title=zwijgUpdateCheckDate, category=bookUpdate)] To PostResponse
2024-11-25T14:28:27.306+0100 INFO               [http-nio-8081-exec-4]         be.pxl.services.controller.api.PostController - Calling endpoint [GET] /api/post/published
2024-11-25T14:28:27.306+0100 INFO               [http-nio-8081-exec-4]         be.pxl.services.services.PostService - Retrieving all published posts
2024-11-25T14:28:27.311+0100 INFO               [http-nio-8081-exec-4]         be.pxl.services.services.PostService - Mapping [Post(id=3, author=niksUpdate, content=moeUpdate, datePublished=2024-11-23T12:30:50.102, isConcept=false, title=zwijgUpdateCheckDate, category=bookUpdate)] To PostResponse
2024-11-25T14:28:31.592+0100 INFO               [http-nio-8081-exec-5]         be.pxl.services.controller.api.PostController - Calling endpoint [GET] /api/post/published
2024-11-25T14:28:31.592+0100 INFO               [http-nio-8081-exec-5]         be.pxl.services.services.PostService - Retrieving all published posts
2024-11-25T14:28:31.595+0100 INFO               [http-nio-8081-exec-5]         be.pxl.services.services.PostService - Mapping [Post(id=3, author=niksUpdate, content=moeUpdate, datePublished=2024-11-23T12:30:50.102, isConcept=false, title=zwijgUpdateCheckDate, category=bookUpdate)] To PostResponse
2024-11-25T14:28:52.146+0100 INFO               [http-nio-8081-exec-6]         be.pxl.services.controller.api.PostController - Calling endpoint [GET] /api/post/published
2024-11-25T14:28:52.146+0100 INFO               [http-nio-8081-exec-6]         be.pxl.services.services.PostService - Retrieving all published posts
2024-11-25T14:28:52.149+0100 INFO               [http-nio-8081-exec-6]         be.pxl.services.services.PostService - Mapping [Post(id=3, author=niksUpdate, content=moeUpdate, datePublished=2024-11-23T12:30:50.102, isConcept=false, title=zwijgUpdateCheckDate, category=bookUpdate)] To PostResponse
2024-11-25T14:28:54.303+0100 INFO               [http-nio-8081-exec-7]         be.pxl.services.controller.api.PostController - Calling endpoint [GET] /api/post/3 with params: 3 in PathVariable
2024-11-25T14:28:54.303+0100 INFO               [http-nio-8081-exec-7]         be.pxl.services.services.PostService - Finding post with id: 3
2024-11-25T14:28:54.307+0100 INFO               [http-nio-8081-exec-7]         be.pxl.services.services.PostService - Successfully found post with id: 3
2024-11-25T14:28:54.307+0100 INFO               [http-nio-8081-exec-7]         be.pxl.services.services.PostService - Mapping Post(id=3, author=niksUpdate, content=moeUpdate, datePublished=2024-11-23T12:30:50.102, isConcept=false, title=zwijgUpdateCheckDate, category=bookUpdate) To PostResponse
2024-11-25T14:29:18.588+0100 INFO               [http-nio-8081-exec-8]         be.pxl.services.controller.api.PostController - Calling endpoint [GET] /api/post/3 with params: 3 in PathVariable
2024-11-25T14:29:18.588+0100 INFO               [http-nio-8081-exec-8]         be.pxl.services.services.PostService - Finding post with id: 3
2024-11-25T14:29:18.594+0100 INFO               [http-nio-8081-exec-8]         be.pxl.services.services.PostService - Successfully found post with id: 3
2024-11-25T14:29:18.594+0100 INFO               [http-nio-8081-exec-8]         be.pxl.services.services.PostService - Mapping Post(id=3, author=niksUpdate, content=moeUpdate, datePublished=2024-11-23T12:30:50.102, isConcept=false, title=zwijgUpdateCheckDate, category=bookUpdate) To PostResponse
2024-11-25T14:29:23.581+0100 INFO               [http-nio-8081-exec-9]         be.pxl.services.controller.api.PostController - Calling endpoint [GET] /api/post/3 with params: 3 in PathVariable
2024-11-25T14:29:23.581+0100 INFO               [http-nio-8081-exec-9]         be.pxl.services.services.PostService - Finding post with id: 3
2024-11-25T14:29:23.585+0100 INFO               [http-nio-8081-exec-9]         be.pxl.services.services.PostService - Successfully found post with id: 3
2024-11-25T14:29:23.585+0100 INFO               [http-nio-8081-exec-9]         be.pxl.services.services.PostService - Mapping Post(id=3, author=niksUpdate, content=moeUpdate, datePublished=2024-11-23T12:30:50.102, isConcept=false, title=zwijgUpdateCheckDate, category=bookUpdate) To PostResponse
2024-11-25T14:29:27.558+0100 INFO               [http-nio-8081-exec-10]        be.pxl.services.controller.api.PostController - Calling endpoint [GET] /api/post/3 with params: 3 in PathVariable
2024-11-25T14:29:27.558+0100 INFO               [http-nio-8081-exec-10]        be.pxl.services.services.PostService - Finding post with id: 3
2024-11-25T14:29:27.562+0100 INFO               [http-nio-8081-exec-10]        be.pxl.services.services.PostService - Successfully found post with id: 3
2024-11-25T14:29:27.562+0100 INFO               [http-nio-8081-exec-10]        be.pxl.services.services.PostService - Mapping Post(id=3, author=niksUpdate, content=moeUpdate, datePublished=2024-11-23T12:30:50.102, isConcept=false, title=zwijgUpdateCheckDate, category=bookUpdate) To PostResponse
2024-11-25T14:29:44.760+0100 INFO               [http-nio-8081-exec-2]         be.pxl.services.controller.api.PostController - Calling endpoint [GET] /api/post/3 with params: 3 in PathVariable
2024-11-25T14:29:44.760+0100 INFO               [http-nio-8081-exec-2]         be.pxl.services.services.PostService - Finding post with id: 3
2024-11-25T14:29:44.764+0100 INFO               [http-nio-8081-exec-2]         be.pxl.services.services.PostService - Successfully found post with id: 3
2024-11-25T14:29:44.764+0100 INFO               [http-nio-8081-exec-2]         be.pxl.services.services.PostService - Mapping Post(id=3, author=niksUpdate, content=moeUpdate, datePublished=2024-11-23T12:30:50.102, isConcept=false, title=zwijgUpdateCheckDate, category=bookUpdate) To PostResponse
2024-11-25T14:29:58.472+0100 INFO               [http-nio-8081-exec-3]         be.pxl.services.controller.api.PostController - Calling endpoint [GET] /api/post/3 with params: 3 in PathVariable
2024-11-25T14:29:58.472+0100 INFO               [http-nio-8081-exec-3]         be.pxl.services.services.PostService - Finding post with id: 3
2024-11-25T14:29:58.476+0100 INFO               [http-nio-8081-exec-3]         be.pxl.services.services.PostService - Successfully found post with id: 3
2024-11-25T14:29:58.477+0100 INFO               [http-nio-8081-exec-3]         be.pxl.services.services.PostService - Mapping Post(id=3, author=niksUpdate, content=moeUpdate, datePublished=2024-11-23T12:30:50.102, isConcept=false, title=zwijgUpdateCheckDate, category=bookUpdate) To PostResponse
2024-11-25T14:30:03.596+0100 INFO               [http-nio-8081-exec-1]         be.pxl.services.controller.api.PostController - Calling endpoint [GET] /api/post/3 with params: 3 in PathVariable
2024-11-25T14:30:03.596+0100 INFO               [http-nio-8081-exec-1]         be.pxl.services.services.PostService - Finding post with id: 3
2024-11-25T14:30:03.601+0100 INFO               [http-nio-8081-exec-1]         be.pxl.services.services.PostService - Successfully found post with id: 3
2024-11-25T14:30:03.601+0100 INFO               [http-nio-8081-exec-1]         be.pxl.services.services.PostService - Mapping Post(id=3, author=niksUpdate, content=moeUpdate, datePublished=2024-11-23T12:30:50.102, isConcept=false, title=zwijgUpdateCheckDate, category=bookUpdate) To PostResponse
2024-11-25T14:30:08.252+0100 INFO               [http-nio-8081-exec-4]         be.pxl.services.controller.api.PostController - Calling endpoint [GET] /api/post/published
2024-11-25T14:30:08.252+0100 INFO               [http-nio-8081-exec-4]         be.pxl.services.services.PostService - Retrieving all published posts
2024-11-25T14:30:08.257+0100 INFO               [http-nio-8081-exec-4]         be.pxl.services.services.PostService - Mapping [Post(id=3, author=niksUpdate, content=moeUpdate, datePublished=2024-11-23T12:30:50.102, isConcept=false, title=zwijgUpdateCheckDate, category=bookUpdate)] To PostResponse
2024-11-25T14:30:09.361+0100 INFO               [http-nio-8081-exec-5]         be.pxl.services.controller.api.PostController - Calling endpoint [GET] /api/post/3 with params: 3 in PathVariable
2024-11-25T14:30:09.361+0100 INFO               [http-nio-8081-exec-5]         be.pxl.services.services.PostService - Finding post with id: 3
2024-11-25T14:30:09.365+0100 INFO               [http-nio-8081-exec-5]         be.pxl.services.services.PostService - Successfully found post with id: 3
2024-11-25T14:30:09.365+0100 INFO               [http-nio-8081-exec-5]         be.pxl.services.services.PostService - Mapping Post(id=3, author=niksUpdate, content=moeUpdate, datePublished=2024-11-23T12:30:50.102, isConcept=false, title=zwijgUpdateCheckDate, category=bookUpdate) To PostResponse
2024-11-25T14:30:23.320+0100 INFO               [http-nio-8081-exec-6]         be.pxl.services.controller.api.PostController - Calling endpoint [GET] /api/post/published
2024-11-25T14:30:23.320+0100 INFO               [http-nio-8081-exec-6]         be.pxl.services.services.PostService - Retrieving all published posts
2024-11-25T14:30:23.324+0100 INFO               [http-nio-8081-exec-6]         be.pxl.services.services.PostService - Mapping [Post(id=3, author=niksUpdate, content=moeUpdate, datePublished=2024-11-23T12:30:50.102, isConcept=false, title=zwijgUpdateCheckDate, category=bookUpdate)] To PostResponse
2024-11-25T14:30:26.299+0100 INFO               [http-nio-8081-exec-7]         be.pxl.services.controller.api.PostController - Calling endpoint [GET] /api/post/3 with params: 3 in PathVariable
2024-11-25T14:30:26.299+0100 INFO               [http-nio-8081-exec-7]         be.pxl.services.services.PostService - Finding post with id: 3
2024-11-25T14:30:26.304+0100 INFO               [http-nio-8081-exec-7]         be.pxl.services.services.PostService - Successfully found post with id: 3
2024-11-25T14:30:26.304+0100 INFO               [http-nio-8081-exec-7]         be.pxl.services.services.PostService - Mapping Post(id=3, author=niksUpdate, content=moeUpdate, datePublished=2024-11-23T12:30:50.102, isConcept=false, title=zwijgUpdateCheckDate, category=bookUpdate) To PostResponse
2024-11-25T14:30:26.971+0100 INFO               [http-nio-8081-exec-8]         be.pxl.services.controller.api.PostController - Calling endpoint [GET] /api/post/3 with params: 3 in PathVariable
2024-11-25T14:30:26.971+0100 INFO               [http-nio-8081-exec-8]         be.pxl.services.services.PostService - Finding post with id: 3
2024-11-25T14:30:26.976+0100 INFO               [http-nio-8081-exec-8]         be.pxl.services.services.PostService - Successfully found post with id: 3
2024-11-25T14:30:26.976+0100 INFO               [http-nio-8081-exec-8]         be.pxl.services.services.PostService - Mapping Post(id=3, author=niksUpdate, content=moeUpdate, datePublished=2024-11-23T12:30:50.102, isConcept=false, title=zwijgUpdateCheckDate, category=bookUpdate) To PostResponse
2024-11-25T14:30:29.240+0100 INFO               [http-nio-8081-exec-9]         be.pxl.services.controller.api.PostController - Calling endpoint [GET] /api/post/published
2024-11-25T14:30:29.241+0100 INFO               [http-nio-8081-exec-9]         be.pxl.services.services.PostService - Retrieving all published posts
2024-11-25T14:30:29.243+0100 INFO               [http-nio-8081-exec-9]         be.pxl.services.services.PostService - Mapping [Post(id=3, author=niksUpdate, content=moeUpdate, datePublished=2024-11-23T12:30:50.102, isConcept=false, title=zwijgUpdateCheckDate, category=bookUpdate)] To PostResponse
2024-11-25T14:30:30.005+0100 INFO               [http-nio-8081-exec-10]        be.pxl.services.controller.api.PostController - Calling endpoint [GET] /api/post/concept
2024-11-25T14:30:30.006+0100 INFO               [http-nio-8081-exec-10]        be.pxl.services.services.PostService - Retrieving all concept posts
2024-11-25T14:30:30.009+0100 INFO               [http-nio-8081-exec-10]        be.pxl.services.services.PostService - Mapping [Post(id=4, author=Lector, content=Leer hoe te werken in C# en .Net., datePublished=2024-11-20T17:14:48.742, isConcept=true, title=Net Essentials, category=AONAfterConceptCommentaar)] To PostResponse
