2024-12-04T09:45:55.902+0100 INFO               [main]                         be.pxl.services.ConfigServiceApplication - Starting ConfigServiceApplication using Java 21.0.2 with PID 13428 (C:\Users\Arne\Documents\PXL_VIERDE_JAAR\1_FullstackJava\Project\project-ArneJanssenPXL\backend-java\FullStackJavaPXL\config-service\target\classes started by Arne in C:\Users\Arne\Documents\PXL_VIERDE_JAAR\1_FullstackJava\Project\project-ArneJanssenPXL\backend-java\FullStackJavaPXL)
2024-12-04T09:45:55.912+0100 DEBUG              [main]                         be.pxl.services.ConfigServiceApplication - Running with Spring Boot v3.3.5, Spring v6.1.14
2024-12-04T09:45:55.914+0100 INFO               [main]                         be.pxl.services.ConfigServiceApplication - The following 1 profile is active: "native"
2024-12-04T09:46:00.637+0100 INFO               [main]                         be.pxl.services.ConfigServiceApplication - Started ConfigServiceApplication in 6.581 seconds (process running for 10.442)
2024-12-04T09:46:16.575+0100 INFO               [main]                         be.pxl.services.DiscoveryServiceApplication - Starting DiscoveryServiceApplication using Java 21.0.2 with PID 16724 (C:\Users\Arne\Documents\PXL_VIERDE_JAAR\1_FullstackJava\Project\project-ArneJanssenPXL\backend-java\FullStackJavaPXL\discovery-service\target\classes started by Arne in C:\Users\Arne\Documents\PXL_VIERDE_JAAR\1_FullstackJava\Project\project-ArneJanssenPXL\backend-java\FullStackJavaPXL)
2024-12-04T09:46:16.577+0100 DEBUG              [main]                         be.pxl.services.DiscoveryServiceApplication - Running with Spring Boot v3.3.5, Spring v6.1.14
2024-12-04T09:46:16.578+0100 INFO               [main]                         be.pxl.services.DiscoveryServiceApplication - No active profile set, falling back to 1 default profile: "default"
2024-12-04T09:46:24.443+0100 INFO               [main]                         be.pxl.services.DiscoveryServiceApplication - Started DiscoveryServiceApplication in 10.343 seconds (process running for 15.272)
2024-12-04T09:46:31.174+0100 INFO               [main]                         be.pxl.services.GatewayServiceApplication - Starting GatewayServiceApplication using Java 21.0.2 with PID 16212 (C:\Users\Arne\Documents\PXL_VIERDE_JAAR\1_FullstackJava\Project\project-ArneJanssenPXL\backend-java\FullStackJavaPXL\gateway-service\target\classes started by Arne in C:\Users\Arne\Documents\PXL_VIERDE_JAAR\1_FullstackJava\Project\project-ArneJanssenPXL\backend-java\FullStackJavaPXL)
2024-12-04T09:46:31.176+0100 DEBUG              [main]                         be.pxl.services.GatewayServiceApplication - Running with Spring Boot v3.3.5, Spring v6.1.14
2024-12-04T09:46:31.177+0100 INFO               [main]                         be.pxl.services.GatewayServiceApplication - No active profile set, falling back to 1 default profile: "default"
2024-12-04T09:46:39.924+0100 INFO               [main]                         be.pxl.services.GatewayServiceApplication - Started GatewayServiceApplication in 11.02 seconds (process running for 13.232)
2024-12-04T09:46:58.927+0100 INFO               [main]                         be.pxl.services.PostServiceApplication - Starting PostServiceApplication using Java 21.0.2 with PID 23876 (C:\Users\Arne\Documents\PXL_VIERDE_JAAR\1_FullstackJava\Project\project-ArneJanssenPXL\backend-java\FullStackJavaPXL\post-service\target\classes started by Arne in C:\Users\Arne\Documents\PXL_VIERDE_JAAR\1_FullstackJava\Project\project-ArneJanssenPXL\backend-java\FullStackJavaPXL)
2024-12-04T09:46:58.927+0100 DEBUG              [main]                         be.pxl.services.PostServiceApplication - Running with Spring Boot v3.3.5, Spring v6.1.14
2024-12-04T09:46:58.929+0100 INFO               [main]                         be.pxl.services.PostServiceApplication - No active profile set, falling back to 1 default profile: "default"
2024-12-04T09:47:08.088+0100 INFO               [main]                         be.pxl.services.PostServiceApplication - Started PostServiceApplication in 11.374 seconds (process running for 13.09)
2024-12-04T10:59:42.274+0100 INFO               [main]                         be.pxl.services.ConfigServiceApplication - Starting ConfigServiceApplication using Java 21.0.2 with PID 5028 (C:\Users\Arne\Documents\PXL_VIERDE_JAAR\1_FullstackJava\Project\project-ArneJanssenPXL\backend-java\FullStackJavaPXL\config-service\target\classes started by Arne in C:\Users\Arne\Documents\PXL_VIERDE_JAAR\1_FullstackJava\Project\project-ArneJanssenPXL\backend-java\FullStackJavaPXL)
2024-12-04T10:59:42.276+0100 DEBUG              [main]                         be.pxl.services.ConfigServiceApplication - Running with Spring Boot v3.3.5, Spring v6.1.14
2024-12-04T10:59:42.276+0100 INFO               [main]                         be.pxl.services.ConfigServiceApplication - The following 1 profile is active: "native"
2024-12-04T10:59:44.954+0100 INFO               [main]                         be.pxl.services.ConfigServiceApplication - Started ConfigServiceApplication in 3.567 seconds (process running for 7.246)
2024-12-04T10:59:56.618+0100 INFO               [main]                         be.pxl.services.DiscoveryServiceApplication - Starting DiscoveryServiceApplication using Java 21.0.2 with PID 8776 (C:\Users\Arne\Documents\PXL_VIERDE_JAAR\1_FullstackJava\Project\project-ArneJanssenPXL\backend-java\FullStackJavaPXL\discovery-service\target\classes started by Arne in C:\Users\Arne\Documents\PXL_VIERDE_JAAR\1_FullstackJava\Project\project-ArneJanssenPXL\backend-java\FullStackJavaPXL)
2024-12-04T10:59:56.620+0100 DEBUG              [main]                         be.pxl.services.DiscoveryServiceApplication - Running with Spring Boot v3.3.5, Spring v6.1.14
2024-12-04T10:59:56.621+0100 INFO               [main]                         be.pxl.services.DiscoveryServiceApplication - No active profile set, falling back to 1 default profile: "default"
2024-12-04T11:00:01.200+0100 INFO               [main]                         be.pxl.services.DiscoveryServiceApplication - Started DiscoveryServiceApplication in 6.018 seconds (process running for 10.534)
2024-12-04T11:00:11.899+0100 INFO               [main]                         be.pxl.services.GatewayServiceApplication - Starting GatewayServiceApplication using Java 21.0.2 with PID 424 (C:\Users\Arne\Documents\PXL_VIERDE_JAAR\1_FullstackJava\Project\project-ArneJanssenPXL\backend-java\FullStackJavaPXL\gateway-service\target\classes started by Arne in C:\Users\Arne\Documents\PXL_VIERDE_JAAR\1_FullstackJava\Project\project-ArneJanssenPXL\backend-java\FullStackJavaPXL)
2024-12-04T11:00:11.901+0100 DEBUG              [main]                         be.pxl.services.GatewayServiceApplication - Running with Spring Boot v3.3.5, Spring v6.1.14
2024-12-04T11:00:11.902+0100 INFO               [main]                         be.pxl.services.GatewayServiceApplication - No active profile set, falling back to 1 default profile: "default"
2024-12-04T11:00:15.553+0100 INFO               [main]                         be.pxl.services.GatewayServiceApplication - Started GatewayServiceApplication in 4.845 seconds (process running for 7.059)
2024-12-04T11:00:23.395+0100 INFO               [main]                         be.pxl.services.PostServiceApplication - Starting PostServiceApplication using Java 21.0.2 with PID 35800 (C:\Users\Arne\Documents\PXL_VIERDE_JAAR\1_FullstackJava\Project\project-ArneJanssenPXL\backend-java\FullStackJavaPXL\post-service\target\classes started by Arne in C:\Users\Arne\Documents\PXL_VIERDE_JAAR\1_FullstackJava\Project\project-ArneJanssenPXL\backend-java\FullStackJavaPXL)
2024-12-04T11:00:23.397+0100 DEBUG              [main]                         be.pxl.services.PostServiceApplication - Running with Spring Boot v3.3.5, Spring v6.1.14
2024-12-04T11:00:23.398+0100 INFO               [main]                         be.pxl.services.PostServiceApplication - No active profile set, falling back to 1 default profile: "default"
2024-12-04T11:00:29.329+0100 INFO               [main]                         be.pxl.services.PostServiceApplication - Started PostServiceApplication in 7.153 seconds (process running for 8.818)
2024-12-04T11:02:38.721+0100 INFO               [http-nio-8081-exec-1]         be.pxl.services.controller.api.PostController - Calling endpoint [GET] /api/post/published
2024-12-04T11:02:38.722+0100 INFO               [http-nio-8081-exec-1]         be.pxl.services.services.PostService - Retrieving all published posts
2024-12-04T11:02:38.914+0100 INFO               [http-nio-8081-exec-1]         be.pxl.services.services.PostService - Mapping [Post(id=4, author=Lector, content=Leer hoe te werken in C# en .Net., datePublished=2024-11-27T08:45:07.101, isConcept=false, title=Net Essentials, category=AONAfterConceptCommentaar)] To PostResponse
2024-12-04T11:34:27.251+0100 INFO               [http-nio-8081-exec-2]         be.pxl.services.controller.api.PostController - Calling endpoint [GET] /api/post/published
2024-12-04T11:34:27.251+0100 INFO               [http-nio-8081-exec-2]         be.pxl.services.services.PostService - Retrieving all published posts
2024-12-04T11:34:27.259+0100 INFO               [http-nio-8081-exec-2]         be.pxl.services.services.PostService - Mapping [Post(id=4, author=Lector, content=Leer hoe te werken in C# en .Net., datePublished=2024-11-27T08:45:07.101, isConcept=false, title=Net Essentials, category=AONAfterConceptCommentaar)] To PostResponse
2024-12-04T11:36:16.984+0100 INFO               [http-nio-8081-exec-5]         be.pxl.services.controller.api.PostController - Calling endpoint [GET] /api/post/published
2024-12-04T11:36:16.984+0100 INFO               [http-nio-8081-exec-5]         be.pxl.services.services.PostService - Retrieving all published posts
2024-12-04T11:36:16.987+0100 INFO               [http-nio-8081-exec-5]         be.pxl.services.services.PostService - Mapping [Post(id=4, author=Lector, content=Leer hoe te werken in C# en .Net., datePublished=2024-11-27T08:45:07.101, isConcept=false, title=Net Essentials, category=AONAfterConceptCommentaar)] To PostResponse
2024-12-04T11:36:17.799+0100 INFO               [http-nio-8081-exec-6]         be.pxl.services.controller.api.PostController - Calling endpoint [GET] /api/post/concept
2024-12-04T11:36:17.799+0100 INFO               [http-nio-8081-exec-6]         be.pxl.services.services.PostService - Retrieving all concept posts
2024-12-04T11:36:17.801+0100 INFO               [http-nio-8081-exec-6]         be.pxl.services.services.PostService - Mapping [Post(id=3, author=niksUpdate, content=moeUpdate, datePublished=2024-11-27T08:50:50.437, isConcept=true, title=zwijgUpdateCheckDate, category=bookUpdate)] To PostResponse
