2025-01-09T21:22:54.724+0100 INFO               [main]                         be.pxl.services.ConfigServiceApplication - Starting ConfigServiceApplication using Java 21.0.2 with PID 23880 (C:\Users\Arne\Documents\PXL_VIERDE_JAAR\1_FullstackJava\Project\project-ArneJanssenPXL\backend-java\FullStackJavaPXL\config-service\target\classes started by Arne in C:\Users\Arne\Documents\PXL_VIERDE_JAAR\1_FullstackJava\Project\project-ArneJanssenPXL\backend-java\FullStackJavaPXL)
2025-01-09T21:22:54.734+0100 DEBUG              [main]                         be.pxl.services.ConfigServiceApplication - Running with Spring Boot v3.3.5, Spring v6.1.14
2025-01-09T21:22:54.735+0100 INFO               [main]                         be.pxl.services.ConfigServiceApplication - The following 1 profile is active: "native"
2025-01-09T21:22:59.924+0100 INFO               [main]                         be.pxl.services.ConfigServiceApplication - Started ConfigServiceApplication in 7.163 seconds (process running for 11.934)
2025-01-09T21:23:19.758+0100 INFO               [main]                         be.pxl.services.DiscoveryServiceApplication - Starting DiscoveryServiceApplication using Java 21.0.2 with PID 20096 (C:\Users\Arne\Documents\PXL_VIERDE_JAAR\1_FullstackJava\Project\project-ArneJanssenPXL\backend-java\FullStackJavaPXL\discovery-service\target\classes started by Arne in C:\Users\Arne\Documents\PXL_VIERDE_JAAR\1_FullstackJava\Project\project-ArneJanssenPXL\backend-java\FullStackJavaPXL)
2025-01-09T21:23:19.760+0100 DEBUG              [main]                         be.pxl.services.DiscoveryServiceApplication - Running with Spring Boot v3.3.5, Spring v6.1.14
2025-01-09T21:23:19.761+0100 INFO               [main]                         be.pxl.services.DiscoveryServiceApplication - No active profile set, falling back to 1 default profile: "default"
2025-01-09T21:23:28.503+0100 INFO               [main]                         be.pxl.services.DiscoveryServiceApplication - Started DiscoveryServiceApplication in 11.398 seconds (process running for 16.698)
2025-01-09T21:23:38.555+0100 INFO               [main]                         be.pxl.services.GatewayServiceApplication - Starting GatewayServiceApplication using Java 21.0.2 with PID 8104 (C:\Users\Arne\Documents\PXL_VIERDE_JAAR\1_FullstackJava\Project\project-ArneJanssenPXL\backend-java\FullStackJavaPXL\gateway-service\target\classes started by Arne in C:\Users\Arne\Documents\PXL_VIERDE_JAAR\1_FullstackJava\Project\project-ArneJanssenPXL\backend-java\FullStackJavaPXL)
2025-01-09T21:23:38.556+0100 DEBUG              [main]                         be.pxl.services.GatewayServiceApplication - Running with Spring Boot v3.3.5, Spring v6.1.14
2025-01-09T21:23:38.557+0100 INFO               [main]                         be.pxl.services.GatewayServiceApplication - No active profile set, falling back to 1 default profile: "default"
2025-01-09T21:23:47.546+0100 INFO               [main]                         be.pxl.services.GatewayServiceApplication - Started GatewayServiceApplication in 11.461 seconds (process running for 13.956)
2025-01-09T21:24:01.783+0100 INFO               [main]                         be.pxl.services.PostServiceApplication - Starting PostServiceApplication using Java 21.0.2 with PID 21964 (C:\Users\Arne\Documents\PXL_VIERDE_JAAR\1_FullstackJava\Project\project-ArneJanssenPXL\backend-java\FullStackJavaPXL\post-service\target\classes started by Arne in C:\Users\Arne\Documents\PXL_VIERDE_JAAR\1_FullstackJava\Project\project-ArneJanssenPXL\backend-java\FullStackJavaPXL)
2025-01-09T21:24:01.784+0100 DEBUG              [main]                         be.pxl.services.PostServiceApplication - Running with Spring Boot v3.3.5, Spring v6.1.14
2025-01-09T21:24:01.785+0100 INFO               [main]                         be.pxl.services.PostServiceApplication - No active profile set, falling back to 1 default profile: "default"
2025-01-09T21:24:11.550+0100 INFO               [main]                         be.pxl.services.PostServiceApplication - Started PostServiceApplication in 11.948 seconds (process running for 13.842)
2025-01-09T21:24:25.335+0100 INFO               [main]                         be.pxl.services.ReviewServiceApplication - Starting ReviewServiceApplication using Java 21.0.2 with PID 28508 (C:\Users\Arne\Documents\PXL_VIERDE_JAAR\1_FullstackJava\Project\project-ArneJanssenPXL\backend-java\FullStackJavaPXL\review-service\target\classes started by Arne in C:\Users\Arne\Documents\PXL_VIERDE_JAAR\1_FullstackJava\Project\project-ArneJanssenPXL\backend-java\FullStackJavaPXL)
2025-01-09T21:24:25.337+0100 DEBUG              [main]                         be.pxl.services.ReviewServiceApplication - Running with Spring Boot v3.3.5, Spring v6.1.14
2025-01-09T21:24:25.337+0100 INFO               [main]                         be.pxl.services.ReviewServiceApplication - No active profile set, falling back to 1 default profile: "default"
2025-01-09T21:24:34.133+0100 INFO               [main]                         be.pxl.services.ReviewServiceApplication - Started ReviewServiceApplication in 10.95 seconds (process running for 12.325)
2025-01-09T21:24:47.271+0100 INFO               [main]                         be.pxl.services.CommentServiceApplication - Starting CommentServiceApplication using Java 21.0.2 with PID 7436 (C:\Users\Arne\Documents\PXL_VIERDE_JAAR\1_FullstackJava\Project\project-ArneJanssenPXL\backend-java\FullStackJavaPXL\comment-service\target\classes started by Arne in C:\Users\Arne\Documents\PXL_VIERDE_JAAR\1_FullstackJava\Project\project-ArneJanssenPXL\backend-java\FullStackJavaPXL)
2025-01-09T21:24:47.272+0100 DEBUG              [main]                         be.pxl.services.CommentServiceApplication - Running with Spring Boot v3.3.5, Spring v6.1.14
2025-01-09T21:24:47.273+0100 INFO               [main]                         be.pxl.services.CommentServiceApplication - No active profile set, falling back to 1 default profile: "default"
2025-01-09T21:24:55.936+0100 INFO               [main]                         be.pxl.services.CommentServiceApplication - Started CommentServiceApplication in 11.011 seconds (process running for 11.821)
2025-01-09T23:25:04.600+0100 INFO               [http-nio-8081-exec-3]         be.pxl.services.controller.api.PostController - Calling endpoint [GET] /api/post/filter/APPROVED
2025-01-09T23:25:04.600+0100 INFO               [http-nio-8081-exec-2]         be.pxl.services.controller.api.PostController - Calling endpoint [GET] /api/post/filter/CONCEPT
2025-01-09T23:25:04.601+0100 INFO               [http-nio-8081-exec-2]         be.pxl.services.services.PostService - Checking the role of the user
2025-01-09T23:25:04.601+0100 INFO               [http-nio-8081-exec-3]         be.pxl.services.services.PostService - Checking the role of the user
2025-01-09T23:25:04.601+0100 INFO               [http-nio-8081-exec-2]         be.pxl.services.services.PostService - Role is: Redacteur
2025-01-09T23:25:04.601+0100 INFO               [http-nio-8081-exec-3]         be.pxl.services.services.PostService - Role is: Redacteur
2025-01-09T23:25:04.601+0100 INFO               [http-nio-8081-exec-2]         be.pxl.services.services.PostService - Retrieving all CONCEPT posts by author: 3
2025-01-09T23:25:04.601+0100 INFO               [http-nio-8081-exec-3]         be.pxl.services.services.PostService - Retrieving all APPROVED posts by author: 3
2025-01-09T23:25:04.886+0100 INFO               [http-nio-8081-exec-3]         be.pxl.services.services.PostService - Mapping [] To PostResponse
2025-01-09T23:25:04.905+0100 INFO               [http-nio-8081-exec-2]         be.pxl.services.services.PostService - Mapping [Post(id=15, author=redacteur1, authorId=3, content=RabbitMQ wordt gebruikt wanneer webservers snel moeten reageren. Met RabbitMQ elimineer je de noodzaak om resource intensieve activiteiten uit te voeren., title=Hoe werk je met RabbitMq?, category=Messaging, datePublished=null, dateCreated=2024-12-23T16:02:11.653742, postStatus=CONCEPT)] To PostResponse
2025-01-09T23:25:04.967+0100 INFO               [http-nio-8081-exec-1]         be.pxl.services.controller.api.PostController - Calling endpoint [GET] /api/post/filter/REJECTED
2025-01-09T23:25:04.967+0100 INFO               [http-nio-8081-exec-1]         be.pxl.services.services.PostService - Checking the role of the user
2025-01-09T23:25:04.967+0100 INFO               [http-nio-8081-exec-1]         be.pxl.services.services.PostService - Role is: Redacteur
2025-01-09T23:25:04.967+0100 INFO               [http-nio-8081-exec-1]         be.pxl.services.services.PostService - Retrieving all REJECTED posts by author: 3
2025-01-09T23:25:04.970+0100 INFO               [http-nio-8081-exec-1]         be.pxl.services.services.PostService - Mapping [] To PostResponse
2025-01-09T23:25:05.770+0100 INFO               [http-nio-8081-exec-4]         be.pxl.services.controller.api.PostController - Calling endpoint [GET] /api/post/submitted
2025-01-09T23:25:05.770+0100 INFO               [http-nio-8081-exec-4]         be.pxl.services.services.PostService - Checking the role of the user
2025-01-09T23:25:05.770+0100 INFO               [http-nio-8081-exec-4]         be.pxl.services.services.PostService - Role is: Redacteur
2025-01-09T23:25:05.770+0100 INFO               [http-nio-8081-exec-4]         be.pxl.services.services.PostService - Retrieving all submitted posts
2025-01-09T23:25:05.774+0100 INFO               [http-nio-8081-exec-4]         be.pxl.services.services.PostService - Mapping [Post(id=16, author=redacteur1, authorId=3, content=Java Spring Boot is een opensource-hulpprogramma waarmee je eenvoudiger op Java gebaseerde frameworks kunt gebruiken om microservices en web-apps te maken., title=Java Spring Boot, category=Framework, datePublished=null, dateCreated=2024-12-23T16:03:32.661594, postStatus=SUBMITTED)] To PostResponse
2025-01-09T23:25:07.463+0100 INFO               [http-nio-8081-exec-5]         be.pxl.services.controller.api.PostController - Calling endpoint [GET] /api/post/16 with params: 16 in PathVariable
2025-01-09T23:25:07.464+0100 INFO               [http-nio-8081-exec-5]         be.pxl.services.services.PostService - Finding post with id: 16
2025-01-09T23:25:07.503+0100 INFO               [http-nio-8081-exec-5]         be.pxl.services.services.PostService - Successfully found post with id: 16
2025-01-09T23:25:07.503+0100 INFO               [http-nio-8081-exec-5]         be.pxl.services.services.PostService - Mapping Post(id=16, author=redacteur1, authorId=3, content=Java Spring Boot is een opensource-hulpprogramma waarmee je eenvoudiger op Java gebaseerde frameworks kunt gebruiken om microservices en web-apps te maken., title=Java Spring Boot, category=Framework, datePublished=null, dateCreated=2024-12-23T16:03:32.661594, postStatus=SUBMITTED) To PostResponse
2025-01-09T23:25:07.757+0100 INFO               [http-nio-8082-exec-1]         be.pxl.services.controller.api.ReviewController - Calling endpoint [GET] /api/review/16
2025-01-09T23:25:07.758+0100 INFO               [http-nio-8082-exec-1]         be.pxl.services.services.ReviewService - Retrieving all review
2025-01-09T23:25:07.814+0100 INFO               [http-nio-8084-exec-1]         be.pxl.services.controller.api.CommentController - Calling endpoint [GET] /api/comment/16
2025-01-09T23:25:07.814+0100 INFO               [http-nio-8084-exec-1]         be.pxl.services.services.CommentService - Retrieving all comments
2025-01-09T23:25:08.012+0100 INFO               [http-nio-8082-exec-1]         be.pxl.services.services.ReviewService - Mapping [Review(id=9, postId=16, feedback=test, dateCreated=2025-01-08T11:01:14.102300, reviewer=redacteur2, reviewerId=4)] To ReviewResponse
2025-01-09T23:25:08.085+0100 INFO               [http-nio-8084-exec-1]         be.pxl.services.services.CommentService - Mapping [] To CommentResponse
2025-01-09T23:25:38.586+0100 INFO               [http-nio-8081-exec-6]         be.pxl.services.controller.api.PostController - Calling endpoint [POST] /api/post with params: PostRequest(content=Ja het was weer nat en warm.., title=Mooie Zomerseregenbui, category=Weer, postStatus=PUBLISHED) in RequestBody
2025-01-09T23:25:38.588+0100 INFO               [http-nio-8081-exec-6]         be.pxl.services.services.PostService - Checking the role of the user
2025-01-09T23:25:38.588+0100 INFO               [http-nio-8081-exec-6]         be.pxl.services.services.PostService - Role is: Redacteur
2025-01-09T23:25:38.588+0100 INFO               [http-nio-8081-exec-6]         be.pxl.services.services.PostService - Creating post with post-request: PostRequest(content=Ja het was weer nat en warm.., title=Mooie Zomerseregenbui, category=Weer, postStatus=PUBLISHED)
2025-01-09T23:25:38.588+0100 INFO               [http-nio-8081-exec-6]         be.pxl.services.services.PostService - Setting author, authorId and dateCreated
2025-01-09T23:25:38.588+0100 INFO               [http-nio-8081-exec-6]         be.pxl.services.services.PostService - Saving post (Post(id=null, author=redacteur1, authorId=3, content=Ja het was weer nat en warm.., title=Mooie Zomerseregenbui, category=Weer, datePublished=2025-01-09T23:25:38.588659300, dateCreated=2025-01-09T23:25:38.588659300, postStatus=PUBLISHED)) in repository
2025-01-09T23:25:38.672+0100 INFO               [http-nio-8081-exec-6]         be.pxl.services.services.PostService - Successfully saved post with id: 19
2025-01-09T23:25:38.672+0100 INFO               [http-nio-8081-exec-6]         be.pxl.services.services.PostService - Mapping Post(id=19, author=redacteur1, authorId=3, content=Ja het was weer nat en warm.., title=Mooie Zomerseregenbui, category=Weer, datePublished=2025-01-09T23:25:38.588659300, dateCreated=2025-01-09T23:25:38.588659300, postStatus=PUBLISHED) To PostResponse
2025-01-09T23:25:38.696+0100 INFO               [http-nio-8081-exec-7]         be.pxl.services.controller.api.PostController - Calling endpoint [GET] /api/post/published
2025-01-09T23:25:38.696+0100 INFO               [http-nio-8081-exec-7]         be.pxl.services.services.PostService - Retrieving all published posts
2025-01-09T23:25:38.700+0100 INFO               [http-nio-8081-exec-7]         be.pxl.services.services.PostService - Mapping [Post(id=17, author=redacteur1, authorId=3, content=Angular is een betere optie dan Vue als het op testen aankomt. Het heeft een uitstekende testmethodologie en biedt veel tools, zoals Jasmine en Karma, die de hele ontwikkelcode afzonderlijk testen., title=Angular beter dan Vue?, category=Frontend, datePublished=2024-12-23T16:04:23.643159, dateCreated=2024-12-23T16:04:23.643159, postStatus=PUBLISHED), Post(id=18, author=redacteur2, authorId=4, content=Beide platforms bieden krachtige tools en frameworks voor het creëren van robuuste en schaalbare API's., title=.Net of Java, category=API, datePublished=2024-12-23T17:16:06.886111, dateCreated=2024-12-23T16:07:56.099955, postStatus=PUBLISHED), Post(id=19, author=redacteur1, authorId=3, content=Ja het was weer nat en warm.., title=Mooie Zomerseregenbui, category=Weer, datePublished=2025-01-09T23:25:38.588659, dateCreated=2025-01-09T23:25:38.588659, postStatus=PUBLISHED)] To PostResponse
2025-01-09T23:25:43.478+0100 INFO               [http-nio-8082-exec-2]         be.pxl.services.controller.api.ReviewController - Calling endpoint [GET] /api/review/19
2025-01-09T23:25:43.478+0100 INFO               [http-nio-8082-exec-2]         be.pxl.services.services.ReviewService - Retrieving all review
2025-01-09T23:25:43.481+0100 INFO               [http-nio-8081-exec-8]         be.pxl.services.controller.api.PostController - Calling endpoint [GET] /api/post/19 with params: 19 in PathVariable
2025-01-09T23:25:43.481+0100 INFO               [http-nio-8081-exec-8]         be.pxl.services.services.PostService - Finding post with id: 19
2025-01-09T23:25:43.481+0100 INFO               [http-nio-8084-exec-2]         be.pxl.services.controller.api.CommentController - Calling endpoint [GET] /api/comment/19
2025-01-09T23:25:43.481+0100 INFO               [http-nio-8084-exec-2]         be.pxl.services.services.CommentService - Retrieving all comments
2025-01-09T23:25:43.483+0100 INFO               [http-nio-8082-exec-2]         be.pxl.services.services.ReviewService - Mapping [] To ReviewResponse
2025-01-09T23:25:43.485+0100 INFO               [http-nio-8084-exec-2]         be.pxl.services.services.CommentService - Mapping [] To CommentResponse
2025-01-09T23:25:43.487+0100 INFO               [http-nio-8081-exec-8]         be.pxl.services.services.PostService - Successfully found post with id: 19
2025-01-09T23:25:43.487+0100 INFO               [http-nio-8081-exec-8]         be.pxl.services.services.PostService - Mapping Post(id=19, author=redacteur1, authorId=3, content=Ja het was weer nat en warm.., title=Mooie Zomerseregenbui, category=Weer, datePublished=2025-01-09T23:25:38.588659, dateCreated=2025-01-09T23:25:38.588659, postStatus=PUBLISHED) To PostResponse
2025-01-09T23:25:43.502+0100 INFO               [http-nio-8084-exec-3]         be.pxl.services.controller.api.CommentController - Calling endpoint [GET] /api/comment/19
2025-01-09T23:25:43.502+0100 INFO               [http-nio-8084-exec-3]         be.pxl.services.services.CommentService - Retrieving all comments
2025-01-09T23:25:43.505+0100 INFO               [http-nio-8084-exec-3]         be.pxl.services.services.CommentService - Mapping [] To CommentResponse
2025-01-09T23:25:50.133+0100 INFO               [http-nio-8084-exec-6]         be.pxl.services.controller.api.CommentController - Calling endpoint [POST] /api/comment/
2025-01-09T23:25:50.133+0100 INFO               [http-nio-8084-exec-6]         be.pxl.services.services.CommentService - Finding post with id: 19
2025-01-09T23:25:50.277+0100 INFO               [http-nio-8081-exec-9]         be.pxl.services.controller.api.PostController - Calling endpoint [GET] /api/post/19 with params: 19 in PathVariable
2025-01-09T23:25:50.277+0100 INFO               [http-nio-8081-exec-9]         be.pxl.services.services.PostService - Finding post with id: 19
2025-01-09T23:25:50.281+0100 INFO               [http-nio-8081-exec-9]         be.pxl.services.services.PostService - Successfully found post with id: 19
2025-01-09T23:25:50.282+0100 INFO               [http-nio-8081-exec-9]         be.pxl.services.services.PostService - Mapping Post(id=19, author=redacteur1, authorId=3, content=Ja het was weer nat en warm.., title=Mooie Zomerseregenbui, category=Weer, datePublished=2025-01-09T23:25:38.588659, dateCreated=2025-01-09T23:25:38.588659, postStatus=PUBLISHED) To PostResponse
2025-01-09T23:25:50.318+0100 INFO               [http-nio-8084-exec-6]         be.pxl.services.services.CommentService - Post with id: 19 found
2025-01-09T23:25:50.319+0100 INFO               [http-nio-8084-exec-6]         be.pxl.services.services.CommentService - Checking for correct permissions.
2025-01-09T23:25:50.319+0100 INFO               [http-nio-8084-exec-6]         be.pxl.services.services.CommentService - User: redacteur1 has the correct permissions
2025-01-09T23:25:50.319+0100 INFO               [http-nio-8084-exec-6]         be.pxl.services.services.CommentService - Create comment
2025-01-09T23:25:50.319+0100 INFO               [http-nio-8084-exec-6]         be.pxl.services.services.CommentService - Comment has been created
2025-01-09T23:25:50.319+0100 INFO               [http-nio-8084-exec-6]         be.pxl.services.services.CommentService - Saving comment (Comment(id=null, postId=19, text=hoi, dateCreated=2025-01-09T23:25:50.319161800, commenter=redacteur1, commenterId=3)) in repository
2025-01-09T23:25:50.396+0100 INFO               [http-nio-8084-exec-6]         be.pxl.services.services.CommentService - Successfully saved comment with id: 7
2025-01-09T23:25:50.396+0100 INFO               [http-nio-8084-exec-6]         be.pxl.services.services.CommentService - Mapping Comment(id=7, postId=19, text=hoi, dateCreated=2025-01-09T23:25:50.319161800, commenter=redacteur1, commenterId=3) To CommentResponse
2025-01-09T23:25:50.421+0100 INFO               [http-nio-8084-exec-5]         be.pxl.services.controller.api.CommentController - Calling endpoint [GET] /api/comment/19
2025-01-09T23:25:50.422+0100 INFO               [http-nio-8084-exec-5]         be.pxl.services.services.CommentService - Retrieving all comments
2025-01-09T23:25:50.427+0100 INFO               [http-nio-8084-exec-5]         be.pxl.services.services.CommentService - Mapping [Comment(id=7, postId=19, text=hoi, dateCreated=2025-01-09T23:25:50.319162, commenter=redacteur1, commenterId=3)] To CommentResponse
2025-01-09T23:25:52.108+0100 INFO               [http-nio-8084-exec-4]         be.pxl.services.controller.api.CommentController - Calling endpoint [DELETE] /api/comment/7
2025-01-09T23:25:52.108+0100 INFO               [http-nio-8084-exec-4]         be.pxl.services.services.CommentService - Finding comment with id 7
2025-01-09T23:25:52.122+0100 INFO               [http-nio-8084-exec-4]         be.pxl.services.services.CommentService - Checking for correct permissions.
2025-01-09T23:25:52.124+0100 INFO               [http-nio-8084-exec-4]         be.pxl.services.services.CommentService - User: redacteur1 has the correct permissions
2025-01-09T23:25:52.124+0100 INFO               [http-nio-8084-exec-4]         be.pxl.services.services.CommentService - Deleting comment with id: 7
2025-01-09T23:25:52.150+0100 INFO               [http-nio-8084-exec-4]         be.pxl.services.services.CommentService - Comment has been deletet
2025-01-09T23:25:52.160+0100 INFO               [http-nio-8084-exec-7]         be.pxl.services.controller.api.CommentController - Calling endpoint [GET] /api/comment/19
2025-01-09T23:25:52.160+0100 INFO               [http-nio-8084-exec-7]         be.pxl.services.services.CommentService - Retrieving all comments
2025-01-09T23:25:52.162+0100 INFO               [http-nio-8084-exec-7]         be.pxl.services.services.CommentService - Mapping [] To CommentResponse
2025-01-09T23:25:55.110+0100 INFO               [http-nio-8081-exec-10]        be.pxl.services.controller.api.PostController - Calling endpoint [GET] /api/post/published
2025-01-09T23:25:55.110+0100 INFO               [http-nio-8081-exec-10]        be.pxl.services.services.PostService - Retrieving all published posts
2025-01-09T23:25:55.114+0100 INFO               [http-nio-8081-exec-10]        be.pxl.services.services.PostService - Mapping [Post(id=17, author=redacteur1, authorId=3, content=Angular is een betere optie dan Vue als het op testen aankomt. Het heeft een uitstekende testmethodologie en biedt veel tools, zoals Jasmine en Karma, die de hele ontwikkelcode afzonderlijk testen., title=Angular beter dan Vue?, category=Frontend, datePublished=2024-12-23T16:04:23.643159, dateCreated=2024-12-23T16:04:23.643159, postStatus=PUBLISHED), Post(id=18, author=redacteur2, authorId=4, content=Beide platforms bieden krachtige tools en frameworks voor het creëren van robuuste en schaalbare API's., title=.Net of Java, category=API, datePublished=2024-12-23T17:16:06.886111, dateCreated=2024-12-23T16:07:56.099955, postStatus=PUBLISHED), Post(id=19, author=redacteur1, authorId=3, content=Ja het was weer nat en warm.., title=Mooie Zomerseregenbui, category=Weer, datePublished=2025-01-09T23:25:38.588659, dateCreated=2025-01-09T23:25:38.588659, postStatus=PUBLISHED)] To PostResponse
2025-01-09T23:25:57.805+0100 INFO               [http-nio-8081-exec-3]         be.pxl.services.controller.api.PostController - Calling endpoint [GET] /api/post/published
2025-01-09T23:25:57.805+0100 INFO               [http-nio-8081-exec-3]         be.pxl.services.services.PostService - Retrieving all published posts
2025-01-09T23:25:57.809+0100 INFO               [http-nio-8081-exec-3]         be.pxl.services.services.PostService - Mapping [Post(id=17, author=redacteur1, authorId=3, content=Angular is een betere optie dan Vue als het op testen aankomt. Het heeft een uitstekende testmethodologie en biedt veel tools, zoals Jasmine en Karma, die de hele ontwikkelcode afzonderlijk testen., title=Angular beter dan Vue?, category=Frontend, datePublished=2024-12-23T16:04:23.643159, dateCreated=2024-12-23T16:04:23.643159, postStatus=PUBLISHED), Post(id=18, author=redacteur2, authorId=4, content=Beide platforms bieden krachtige tools en frameworks voor het creëren van robuuste en schaalbare API's., title=.Net of Java, category=API, datePublished=2024-12-23T17:16:06.886111, dateCreated=2024-12-23T16:07:56.099955, postStatus=PUBLISHED), Post(id=19, author=redacteur1, authorId=3, content=Ja het was weer nat en warm.., title=Mooie Zomerseregenbui, category=Weer, datePublished=2025-01-09T23:25:38.588659, dateCreated=2025-01-09T23:25:38.588659, postStatus=PUBLISHED)] To PostResponse
2025-01-09T23:26:00.559+0100 INFO               [http-nio-8084-exec-8]         be.pxl.services.controller.api.CommentController - Calling endpoint [GET] /api/comment/19
2025-01-09T23:26:00.560+0100 INFO               [http-nio-8084-exec-8]         be.pxl.services.services.CommentService - Retrieving all comments
2025-01-09T23:26:00.560+0100 INFO               [http-nio-8082-exec-7]         be.pxl.services.controller.api.ReviewController - Calling endpoint [GET] /api/review/19
2025-01-09T23:26:00.560+0100 INFO               [http-nio-8082-exec-7]         be.pxl.services.services.ReviewService - Retrieving all review
2025-01-09T23:26:00.562+0100 INFO               [http-nio-8081-exec-2]         be.pxl.services.controller.api.PostController - Calling endpoint [GET] /api/post/19 with params: 19 in PathVariable
2025-01-09T23:26:00.562+0100 INFO               [http-nio-8081-exec-2]         be.pxl.services.services.PostService - Finding post with id: 19
2025-01-09T23:26:00.564+0100 INFO               [http-nio-8084-exec-8]         be.pxl.services.services.CommentService - Mapping [] To CommentResponse
2025-01-09T23:26:00.564+0100 INFO               [http-nio-8082-exec-7]         be.pxl.services.services.ReviewService - Mapping [] To ReviewResponse
2025-01-09T23:26:00.569+0100 INFO               [http-nio-8081-exec-2]         be.pxl.services.services.PostService - Successfully found post with id: 19
2025-01-09T23:26:00.569+0100 INFO               [http-nio-8081-exec-2]         be.pxl.services.services.PostService - Mapping Post(id=19, author=redacteur1, authorId=3, content=Ja het was weer nat en warm.., title=Mooie Zomerseregenbui, category=Weer, datePublished=2025-01-09T23:25:38.588659, dateCreated=2025-01-09T23:25:38.588659, postStatus=PUBLISHED) To PostResponse
2025-01-09T23:26:00.577+0100 INFO               [http-nio-8084-exec-9]         be.pxl.services.controller.api.CommentController - Calling endpoint [GET] /api/comment/19
2025-01-09T23:26:00.577+0100 INFO               [http-nio-8084-exec-9]         be.pxl.services.services.CommentService - Retrieving all comments
2025-01-09T23:26:00.580+0100 INFO               [http-nio-8084-exec-9]         be.pxl.services.services.CommentService - Mapping [] To CommentResponse
