2024-11-20T10:13:44.210+0100 INFO               [main]                         be.pxl.services.ConfigServiceApplication - Starting ConfigServiceApplication using Java 21.0.2 with PID 24520 (C:\Users\Arne\Documents\PXL_VIERDE_JAAR\1_FullstackJava\Project\project-ArneJanssenPXL\backend-java\FullStackJavaPXL\config-service\target\classes started by Arne in C:\Users\Arne\Documents\PXL_VIERDE_JAAR\1_FullstackJava\Project\project-ArneJanssenPXL\backend-java\FullStackJavaPXL)
2024-11-20T10:13:44.219+0100 DEBUG              [main]                         be.pxl.services.ConfigServiceApplication - Running with Spring Boot v3.3.5, Spring v6.1.14
2024-11-20T10:13:44.221+0100 INFO               [main]                         be.pxl.services.ConfigServiceApplication - The following 1 profile is active: "native"
2024-11-20T10:13:48.912+0100 INFO               [main]                         be.pxl.services.ConfigServiceApplication - Started ConfigServiceApplication in 6.504 seconds (process running for 10.001)
2024-11-20T10:14:04.167+0100 INFO               [main]                         be.pxl.services.DiscoveryServiceApplication - Starting DiscoveryServiceApplication using Java 21.0.2 with PID 5752 (C:\Users\Arne\Documents\PXL_VIERDE_JAAR\1_FullstackJava\Project\project-ArneJanssenPXL\backend-java\FullStackJavaPXL\discovery-service\target\classes started by Arne in C:\Users\Arne\Documents\PXL_VIERDE_JAAR\1_FullstackJava\Project\project-ArneJanssenPXL\backend-java\FullStackJavaPXL)
2024-11-20T10:14:04.168+0100 DEBUG              [main]                         be.pxl.services.DiscoveryServiceApplication - Running with Spring Boot v3.3.5, Spring v6.1.14
2024-11-20T10:14:04.170+0100 INFO               [main]                         be.pxl.services.DiscoveryServiceApplication - No active profile set, falling back to 1 default profile: "default"
2024-11-20T10:14:11.540+0100 INFO               [main]                         be.pxl.services.DiscoveryServiceApplication - Started DiscoveryServiceApplication in 9.758 seconds (process running for 14.066)
2024-11-20T10:14:38.548+0100 INFO               [main]                         be.pxl.services.GatewayServiceApplication - Starting GatewayServiceApplication using Java 21.0.2 with PID 32492 (C:\Users\Arne\Documents\PXL_VIERDE_JAAR\1_FullstackJava\Project\project-ArneJanssenPXL\backend-java\FullStackJavaPXL\gateway-service\target\classes started by Arne in C:\Users\Arne\Documents\PXL_VIERDE_JAAR\1_FullstackJava\Project\project-ArneJanssenPXL\backend-java\FullStackJavaPXL)
2024-11-20T10:14:38.550+0100 DEBUG              [main]                         be.pxl.services.GatewayServiceApplication - Running with Spring Boot v3.3.5, Spring v6.1.14
2024-11-20T10:14:38.551+0100 INFO               [main]                         be.pxl.services.GatewayServiceApplication - No active profile set, falling back to 1 default profile: "default"
2024-11-20T10:14:47.061+0100 INFO               [main]                         be.pxl.services.GatewayServiceApplication - Started GatewayServiceApplication in 10.699 seconds (process running for 12.794)
2024-11-20T10:36:31.202+0100 INFO               [main]                         be.pxl.services.PostServiceApplication - Starting PostServiceApplication using Java 21.0.2 with PID 30164 (C:\Users\Arne\Documents\PXL_VIERDE_JAAR\1_FullstackJava\Project\project-ArneJanssenPXL\backend-java\FullStackJavaPXL\post-service\target\classes started by Arne in C:\Users\Arne\Documents\PXL_VIERDE_JAAR\1_FullstackJava\Project\project-ArneJanssenPXL\backend-java\FullStackJavaPXL)
2024-11-20T10:36:31.204+0100 DEBUG              [main]                         be.pxl.services.PostServiceApplication - Running with Spring Boot v3.3.5, Spring v6.1.14
2024-11-20T10:36:31.205+0100 INFO               [main]                         be.pxl.services.PostServiceApplication - No active profile set, falling back to 1 default profile: "default"
2024-11-20T10:36:40.036+0100 INFO               [main]                         be.pxl.services.PostServiceApplication - Started PostServiceApplication in 11.014 seconds (process running for 12.609)
2024-11-20T10:37:42.883+0100 INFO               [http-nio-8081-exec-2]         be.pxl.services.controller.api.PostController - Calling endpoint [POST] /api/post with params: PostRequest(id=null, author=benneke, content=mlkol, datePublished=null, isConcept=false, title=azerty, category=Pop) in RequestBody
2024-11-20T10:37:42.885+0100 INFO               [http-nio-8081-exec-2]         be.pxl.services.services.PostService - Creating post with post-request: PostRequest(id=null, author=benneke, content=mlkol, datePublished=null, isConcept=false, title=azerty, category=Pop)
2024-11-20T10:37:42.887+0100 INFO               [http-nio-8081-exec-2]         be.pxl.services.services.PostService - Saving post (Post(id=null, author=benneke, content=mlkol, datePublished=null, isConcept=false, title=azerty, category=Pop)) in repository
2024-11-20T10:37:42.968+0100 INFO               [http-nio-8081-exec-2]         be.pxl.services.services.PostService - Successfully saved post with id: 1
2024-11-20T10:37:42.968+0100 INFO               [http-nio-8081-exec-2]         be.pxl.services.services.PostService - Mapping Post(id=1, author=benneke, content=mlkol, datePublished=null, isConcept=false, title=azerty, category=Pop) To PostResponse
2024-11-20T10:38:14.542+0100 INFO               [http-nio-8081-exec-1]         be.pxl.services.controller.api.PostController - Calling endpoint [GET] /api/post
2024-11-20T10:38:14.542+0100 INFO               [http-nio-8081-exec-1]         be.pxl.services.services.PostService - Retrieving all posts
2024-11-20T10:38:14.649+0100 INFO               [http-nio-8081-exec-1]         be.pxl.services.services.PostService - Mapping [Post(id=1, author=benneke, content=mlkol, datePublished=null, isConcept=false, title=azerty, category=Pop)] To PostResponse
2024-11-20T10:46:10.417+0100 INFO               [http-nio-8081-exec-4]         be.pxl.services.controller.api.PostController - Calling endpoint [POST] /api/post with params: PostRequest(id=null, author=Litske, content=niet te vinden, datePublished=null, isConcept=false, title=niet leuk, category=Saai) in RequestBody
2024-11-20T10:46:10.417+0100 INFO               [http-nio-8081-exec-4]         be.pxl.services.services.PostService - Creating post with post-request: PostRequest(id=null, author=Litske, content=niet te vinden, datePublished=null, isConcept=false, title=niet leuk, category=Saai)
2024-11-20T10:46:10.417+0100 INFO               [http-nio-8081-exec-4]         be.pxl.services.services.PostService - Saving post (Post(id=null, author=Litske, content=niet te vinden, datePublished=null, isConcept=false, title=niet leuk, category=Saai)) in repository
2024-11-20T10:46:10.430+0100 INFO               [http-nio-8081-exec-4]         be.pxl.services.services.PostService - Successfully saved post with id: 2
2024-11-20T10:46:10.430+0100 INFO               [http-nio-8081-exec-4]         be.pxl.services.services.PostService - Mapping Post(id=2, author=Litske, content=niet te vinden, datePublished=null, isConcept=false, title=niet leuk, category=Saai) To PostResponse
2024-11-20T10:46:12.965+0100 INFO               [http-nio-8081-exec-5]         be.pxl.services.controller.api.PostController - Calling endpoint [GET] /api/post
2024-11-20T10:46:12.965+0100 INFO               [http-nio-8081-exec-5]         be.pxl.services.services.PostService - Retrieving all posts
2024-11-20T10:46:12.969+0100 INFO               [http-nio-8081-exec-5]         be.pxl.services.services.PostService - Mapping [Post(id=1, author=benneke, content=mlkol, datePublished=null, isConcept=false, title=azerty, category=Pop), Post(id=2, author=Litske, content=niet te vinden, datePublished=null, isConcept=false, title=niet leuk, category=Saai)] To PostResponse
2024-11-20T10:47:05.800+0100 INFO               [http-nio-8081-exec-6]         be.pxl.services.controller.api.PostController - Calling endpoint [POST] /api/post with params: PostRequest(id=null, author=niks, content=moe, datePublished=2024-11-20T09:46:43.821, isConcept=false, title=zwijg, category=book) in RequestBody
2024-11-20T10:47:05.801+0100 INFO               [http-nio-8081-exec-6]         be.pxl.services.services.PostService - Creating post with post-request: PostRequest(id=null, author=niks, content=moe, datePublished=2024-11-20T09:46:43.821, isConcept=false, title=zwijg, category=book)
2024-11-20T10:47:05.801+0100 INFO               [http-nio-8081-exec-6]         be.pxl.services.services.PostService - Saving post (Post(id=null, author=niks, content=moe, datePublished=2024-11-20T09:46:43.821, isConcept=false, title=zwijg, category=book)) in repository
2024-11-20T10:47:05.811+0100 INFO               [http-nio-8081-exec-6]         be.pxl.services.services.PostService - Successfully saved post with id: 3
2024-11-20T10:47:05.811+0100 INFO               [http-nio-8081-exec-6]         be.pxl.services.services.PostService - Mapping Post(id=3, author=niks, content=moe, datePublished=2024-11-20T09:46:43.821, isConcept=false, title=zwijg, category=book) To PostResponse
2024-11-20T10:47:09.318+0100 INFO               [http-nio-8081-exec-7]         be.pxl.services.controller.api.PostController - Calling endpoint [GET] /api/post
2024-11-20T10:47:09.318+0100 INFO               [http-nio-8081-exec-7]         be.pxl.services.services.PostService - Retrieving all posts
2024-11-20T10:47:09.324+0100 INFO               [http-nio-8081-exec-7]         be.pxl.services.services.PostService - Mapping [Post(id=1, author=benneke, content=mlkol, datePublished=null, isConcept=false, title=azerty, category=Pop), Post(id=2, author=Litske, content=niet te vinden, datePublished=null, isConcept=false, title=niet leuk, category=Saai), Post(id=3, author=niks, content=moe, datePublished=2024-11-20T09:46:43.821, isConcept=false, title=zwijg, category=book)] To PostResponse
2024-11-20T10:56:06.981+0100 INFO               [http-nio-8081-exec-9]         be.pxl.services.controller.api.PostController - Calling endpoint [GET] /api/post
2024-11-20T10:56:06.981+0100 INFO               [http-nio-8081-exec-9]         be.pxl.services.services.PostService - Retrieving all posts
2024-11-20T10:56:06.986+0100 INFO               [http-nio-8081-exec-9]         be.pxl.services.services.PostService - Mapping [Post(id=3, author=niks, content=moe, datePublished=2024-11-20T09:46:43.821, isConcept=false, title=zwijg, category=book)] To PostResponse
