2025-01-10T12:19:52.357+0100 INFO               [main]                         be.pxl.services.ConfigServiceApplication - Starting ConfigServiceApplication using Java 21.0.2 with PID 31728 (C:\Users\Arne\Documents\PXL_VIERDE_JAAR\1_FullstackJava\Project\project-ArneJanssenPXL\backend-java\FullStackJavaPXL\config-service\target\classes started by Arne in C:\Users\Arne\Documents\PXL_VIERDE_JAAR\1_FullstackJava\Project\project-ArneJanssenPXL\backend-java\FullStackJavaPXL)
2025-01-10T12:19:52.366+0100 DEBUG              [main]                         be.pxl.services.ConfigServiceApplication - Running with Spring Boot v3.3.5, Spring v6.1.14
2025-01-10T12:19:52.366+0100 INFO               [main]                         be.pxl.services.ConfigServiceApplication - The following 1 profile is active: "native"
2025-01-10T12:19:54.918+0100 INFO               [main]                         be.pxl.services.ConfigServiceApplication - Started ConfigServiceApplication in 3.467 seconds (process running for 7.937)
2025-01-10T12:20:08.121+0100 INFO               [main]                         be.pxl.services.DiscoveryServiceApplication - Starting DiscoveryServiceApplication using Java 21.0.2 with PID 33104 (C:\Users\Arne\Documents\PXL_VIERDE_JAAR\1_FullstackJava\Project\project-ArneJanssenPXL\backend-java\FullStackJavaPXL\discovery-service\target\classes started by Arne in C:\Users\Arne\Documents\PXL_VIERDE_JAAR\1_FullstackJava\Project\project-ArneJanssenPXL\backend-java\FullStackJavaPXL)
2025-01-10T12:20:08.123+0100 DEBUG              [main]                         be.pxl.services.DiscoveryServiceApplication - Running with Spring Boot v3.3.5, Spring v6.1.14
2025-01-10T12:20:08.124+0100 INFO               [main]                         be.pxl.services.DiscoveryServiceApplication - No active profile set, falling back to 1 default profile: "default"
2025-01-10T12:20:12.801+0100 INFO               [main]                         be.pxl.services.DiscoveryServiceApplication - Started DiscoveryServiceApplication in 6.097 seconds (process running for 11.001)
2025-01-10T12:20:50.163+0100 INFO               [main]                         be.pxl.services.GatewayServiceApplication - Starting GatewayServiceApplication using Java 21.0.2 with PID 6620 (C:\Users\Arne\Documents\PXL_VIERDE_JAAR\1_FullstackJava\Project\project-ArneJanssenPXL\backend-java\FullStackJavaPXL\gateway-service\target\classes started by Arne in C:\Users\Arne\Documents\PXL_VIERDE_JAAR\1_FullstackJava\Project\project-ArneJanssenPXL\backend-java\FullStackJavaPXL)
2025-01-10T12:20:50.165+0100 DEBUG              [main]                         be.pxl.services.GatewayServiceApplication - Running with Spring Boot v3.3.5, Spring v6.1.14
2025-01-10T12:20:50.166+0100 INFO               [main]                         be.pxl.services.GatewayServiceApplication - No active profile set, falling back to 1 default profile: "default"
2025-01-10T12:20:53.821+0100 INFO               [main]                         be.pxl.services.GatewayServiceApplication - Started GatewayServiceApplication in 4.851 seconds (process running for 7.26)
2025-01-10T12:21:34.642+0100 INFO               [main]                         be.pxl.services.PostServiceApplication - Starting PostServiceApplication using Java 21.0.2 with PID 19540 (C:\Users\Arne\Documents\PXL_VIERDE_JAAR\1_FullstackJava\Project\project-ArneJanssenPXL\backend-java\FullStackJavaPXL\post-service\target\classes started by Arne in C:\Users\Arne\Documents\PXL_VIERDE_JAAR\1_FullstackJava\Project\project-ArneJanssenPXL\backend-java\FullStackJavaPXL)
2025-01-10T12:21:34.643+0100 DEBUG              [main]                         be.pxl.services.PostServiceApplication - Running with Spring Boot v3.3.5, Spring v6.1.14
2025-01-10T12:21:34.643+0100 INFO               [main]                         be.pxl.services.PostServiceApplication - No active profile set, falling back to 1 default profile: "default"
2025-01-10T12:21:41.304+0100 INFO               [main]                         be.pxl.services.PostServiceApplication - Started PostServiceApplication in 7.795 seconds (process running for 9.663)
2025-01-10T12:22:48.422+0100 INFO               [main]                         be.pxl.services.PostServiceApplication - Starting PostServiceApplication using Java 21.0.2 with PID 35100 (C:\Users\Arne\Documents\PXL_VIERDE_JAAR\1_FullstackJava\Project\project-ArneJanssenPXL\backend-java\FullStackJavaPXL\post-service\target\classes started by Arne in C:\Users\Arne\Documents\PXL_VIERDE_JAAR\1_FullstackJava\Project\project-ArneJanssenPXL\backend-java\FullStackJavaPXL)
2025-01-10T12:22:48.425+0100 DEBUG              [main]                         be.pxl.services.PostServiceApplication - Running with Spring Boot v3.3.5, Spring v6.1.14
2025-01-10T12:22:48.426+0100 INFO               [main]                         be.pxl.services.PostServiceApplication - No active profile set, falling back to 1 default profile: "default"
2025-01-10T12:22:54.856+0100 INFO               [main]                         be.pxl.services.PostServiceApplication - Started PostServiceApplication in 7.834 seconds (process running for 8.756)
2025-01-10T12:23:04.040+0100 INFO               [main]                         be.pxl.services.ReviewServiceApplication - Starting ReviewServiceApplication using Java 21.0.2 with PID 35096 (C:\Users\Arne\Documents\PXL_VIERDE_JAAR\1_FullstackJava\Project\project-ArneJanssenPXL\backend-java\FullStackJavaPXL\review-service\target\classes started by Arne in C:\Users\Arne\Documents\PXL_VIERDE_JAAR\1_FullstackJava\Project\project-ArneJanssenPXL\backend-java\FullStackJavaPXL)
2025-01-10T12:23:04.042+0100 DEBUG              [main]                         be.pxl.services.ReviewServiceApplication - Running with Spring Boot v3.3.5, Spring v6.1.14
2025-01-10T12:23:04.042+0100 INFO               [main]                         be.pxl.services.ReviewServiceApplication - No active profile set, falling back to 1 default profile: "default"
2025-01-10T12:23:09.710+0100 INFO               [main]                         be.pxl.services.ReviewServiceApplication - Started ReviewServiceApplication in 6.735 seconds (process running for 8.084)
2025-01-10T12:23:19.137+0100 INFO               [main]                         be.pxl.services.CommentServiceApplication - Starting CommentServiceApplication using Java 21.0.2 with PID 33560 (C:\Users\Arne\Documents\PXL_VIERDE_JAAR\1_FullstackJava\Project\project-ArneJanssenPXL\backend-java\FullStackJavaPXL\comment-service\target\classes started by Arne in C:\Users\Arne\Documents\PXL_VIERDE_JAAR\1_FullstackJava\Project\project-ArneJanssenPXL\backend-java\FullStackJavaPXL)
2025-01-10T12:23:19.138+0100 DEBUG              [main]                         be.pxl.services.CommentServiceApplication - Running with Spring Boot v3.3.5, Spring v6.1.14
2025-01-10T12:23:19.139+0100 INFO               [main]                         be.pxl.services.CommentServiceApplication - No active profile set, falling back to 1 default profile: "default"
2025-01-10T12:23:24.987+0100 INFO               [main]                         be.pxl.services.CommentServiceApplication - Started CommentServiceApplication in 7.059 seconds (process running for 7.891)
2025-01-10T14:20:03.152+0100 INFO               [http-nio-8081-exec-1]         be.pxl.services.controller.api.PostController - Calling endpoint [GET] /api/post/published
2025-01-10T14:20:03.153+0100 INFO               [http-nio-8081-exec-1]         be.pxl.services.services.PostService - Retrieving all published posts
2025-01-10T14:20:03.450+0100 INFO               [http-nio-8081-exec-1]         be.pxl.services.services.PostService - Mapping [Post(id=17, author=redacteur1, authorId=3, content=Angular is een betere optie dan Vue als het op testen aankomt. Het heeft een uitstekende testmethodologie en biedt veel tools, zoals Jasmine en Karma, die de hele ontwikkelcode afzonderlijk testen., title=Angular beter dan Vue?, category=Frontend, datePublished=2024-12-23T16:04:23.643159, dateCreated=2024-12-23T16:04:23.643159, postStatus=PUBLISHED), Post(id=18, author=redacteur2, authorId=4, content=Beide platforms bieden krachtige tools en frameworks voor het creëren van robuuste en schaalbare API's., title=.Net of Java, category=API, datePublished=2024-12-23T17:16:06.886111, dateCreated=2024-12-23T16:07:56.099955, postStatus=PUBLISHED), Post(id=19, author=redacteur1, authorId=3, content=Ja het was weer nat en warm.., title=Mooie Zomerseregenbui, category=Weer, datePublished=2025-01-09T23:25:38.588659, dateCreated=2025-01-09T23:25:38.588659, postStatus=PUBLISHED)] To PostResponse
2025-01-10T14:20:05.325+0100 INFO               [http-nio-8081-exec-2]         be.pxl.services.controller.api.PostController - Calling endpoint [GET] /api/post/17 with params: 17 in PathVariable
2025-01-10T14:20:05.325+0100 INFO               [http-nio-8081-exec-2]         be.pxl.services.services.PostService - Finding post with id: 17
2025-01-10T14:20:05.369+0100 INFO               [http-nio-8081-exec-2]         be.pxl.services.services.PostService - Successfully found post with id: 17
2025-01-10T14:20:05.369+0100 INFO               [http-nio-8081-exec-2]         be.pxl.services.services.PostService - Mapping Post(id=17, author=redacteur1, authorId=3, content=Angular is een betere optie dan Vue als het op testen aankomt. Het heeft een uitstekende testmethodologie en biedt veel tools, zoals Jasmine en Karma, die de hele ontwikkelcode afzonderlijk testen., title=Angular beter dan Vue?, category=Frontend, datePublished=2024-12-23T16:04:23.643159, dateCreated=2024-12-23T16:04:23.643159, postStatus=PUBLISHED) To PostResponse
2025-01-10T14:20:05.450+0100 INFO               [http-nio-8082-exec-1]         be.pxl.services.controller.api.ReviewController - Calling endpoint [GET] /api/review/17
2025-01-10T14:20:05.450+0100 INFO               [http-nio-8082-exec-1]         be.pxl.services.services.ReviewService - Retrieving all review
2025-01-10T14:20:05.468+0100 INFO               [http-nio-8084-exec-1]         be.pxl.services.controller.api.CommentController - Calling endpoint [GET] /api/comment/17
2025-01-10T14:20:05.468+0100 INFO               [http-nio-8084-exec-1]         be.pxl.services.services.CommentService - Retrieving all comments
2025-01-10T14:20:05.633+0100 INFO               [http-nio-8082-exec-1]         be.pxl.services.services.ReviewService - Mapping [] To ReviewResponse
2025-01-10T14:20:05.648+0100 INFO               [http-nio-8084-exec-1]         be.pxl.services.services.CommentService - Mapping [Comment(id=1, postId=17, text=testComment Angular beter dan Vue?, dateCreated=2024-12-31T15:16:01.335088, commenter=gebruiker1, commenterId=1), Comment(id=3, postId=17, text=Deze comment ga ik zodatelijk bijwerken jonge., dateCreated=2024-12-31T15:44:01.886676, commenter=gebruiker2, commenterId=2), Comment(id=4, postId=17, text=Nieuwe comment2233, dateCreated=2024-12-31T16:08:54.700584, commenter=redacteur1, commenterId=3), Comment(id=5, postId=17, text=Commentje, dateCreated=2025-01-08T10:39:56.610885, commenter=redacteur1, commenterId=3)] To CommentResponse
2025-01-10T14:20:05.684+0100 INFO               [http-nio-8084-exec-2]         be.pxl.services.controller.api.CommentController - Calling endpoint [GET] /api/comment/17
2025-01-10T14:20:05.684+0100 INFO               [http-nio-8084-exec-2]         be.pxl.services.services.CommentService - Retrieving all comments
2025-01-10T14:20:05.687+0100 INFO               [http-nio-8084-exec-2]         be.pxl.services.services.CommentService - Mapping [Comment(id=1, postId=17, text=testComment Angular beter dan Vue?, dateCreated=2024-12-31T15:16:01.335088, commenter=gebruiker1, commenterId=1), Comment(id=3, postId=17, text=Deze comment ga ik zodatelijk bijwerken jonge., dateCreated=2024-12-31T15:44:01.886676, commenter=gebruiker2, commenterId=2), Comment(id=4, postId=17, text=Nieuwe comment2233, dateCreated=2024-12-31T16:08:54.700584, commenter=redacteur1, commenterId=3), Comment(id=5, postId=17, text=Commentje, dateCreated=2025-01-08T10:39:56.610885, commenter=redacteur1, commenterId=3)] To CommentResponse
2025-01-10T14:20:10.669+0100 INFO               [http-nio-8081-exec-3]         be.pxl.services.controller.api.PostController - Calling endpoint [GET] /api/post/submitted
2025-01-10T14:20:10.669+0100 INFO               [http-nio-8081-exec-3]         be.pxl.services.services.PostService - Checking the role of the user
2025-01-10T14:20:10.670+0100 INFO               [http-nio-8081-exec-3]         be.pxl.services.services.PostService - Role is: Redacteur
2025-01-10T14:20:10.670+0100 INFO               [http-nio-8081-exec-3]         be.pxl.services.services.PostService - Retrieving all submitted posts
2025-01-10T14:20:10.674+0100 INFO               [http-nio-8081-exec-3]         be.pxl.services.services.PostService - Mapping [Post(id=16, author=redacteur1, authorId=3, content=Java Spring Boot is een opensource-hulpprogramma waarmee je eenvoudiger op Java gebaseerde frameworks kunt gebruiken om microservices en web-apps te maken., title=Java Spring Boot, category=Framework, datePublished=null, dateCreated=2024-12-23T16:03:32.661594, postStatus=SUBMITTED)] To PostResponse
2025-01-10T14:20:11.755+0100 INFO               [http-nio-8082-exec-2]         be.pxl.services.controller.api.ReviewController - Calling endpoint [GET] /api/review/16
2025-01-10T14:20:11.755+0100 INFO               [http-nio-8082-exec-2]         be.pxl.services.services.ReviewService - Retrieving all review
2025-01-10T14:20:11.763+0100 INFO               [http-nio-8084-exec-3]         be.pxl.services.controller.api.CommentController - Calling endpoint [GET] /api/comment/16
2025-01-10T14:20:11.763+0100 INFO               [http-nio-8084-exec-3]         be.pxl.services.services.CommentService - Retrieving all comments
2025-01-10T14:20:11.763+0100 INFO               [http-nio-8081-exec-4]         be.pxl.services.controller.api.PostController - Calling endpoint [GET] /api/post/16 with params: 16 in PathVariable
2025-01-10T14:20:11.763+0100 INFO               [http-nio-8081-exec-4]         be.pxl.services.services.PostService - Finding post with id: 16
2025-01-10T14:20:11.767+0100 INFO               [http-nio-8084-exec-3]         be.pxl.services.services.CommentService - Mapping [] To CommentResponse
2025-01-10T14:20:11.768+0100 INFO               [http-nio-8081-exec-4]         be.pxl.services.services.PostService - Successfully found post with id: 16
2025-01-10T14:20:11.768+0100 INFO               [http-nio-8081-exec-4]         be.pxl.services.services.PostService - Mapping Post(id=16, author=redacteur1, authorId=3, content=Java Spring Boot is een opensource-hulpprogramma waarmee je eenvoudiger op Java gebaseerde frameworks kunt gebruiken om microservices en web-apps te maken., title=Java Spring Boot, category=Framework, datePublished=null, dateCreated=2024-12-23T16:03:32.661594, postStatus=SUBMITTED) To PostResponse
2025-01-10T14:20:11.777+0100 INFO               [http-nio-8082-exec-2]         be.pxl.services.services.ReviewService - Mapping [Review(id=9, postId=16, feedback=test, dateCreated=2025-01-08T11:01:14.102300, reviewer=redacteur2, reviewerId=4)] To ReviewResponse
2025-01-10T14:20:12.936+0100 INFO               [http-nio-8081-exec-5]         be.pxl.services.controller.api.PostController - Calling endpoint [GET] /api/post/published
2025-01-10T14:20:12.937+0100 INFO               [http-nio-8081-exec-5]         be.pxl.services.services.PostService - Retrieving all published posts
2025-01-10T14:20:12.943+0100 INFO               [http-nio-8081-exec-5]         be.pxl.services.services.PostService - Mapping [Post(id=17, author=redacteur1, authorId=3, content=Angular is een betere optie dan Vue als het op testen aankomt. Het heeft een uitstekende testmethodologie en biedt veel tools, zoals Jasmine en Karma, die de hele ontwikkelcode afzonderlijk testen., title=Angular beter dan Vue?, category=Frontend, datePublished=2024-12-23T16:04:23.643159, dateCreated=2024-12-23T16:04:23.643159, postStatus=PUBLISHED), Post(id=18, author=redacteur2, authorId=4, content=Beide platforms bieden krachtige tools en frameworks voor het creëren van robuuste en schaalbare API's., title=.Net of Java, category=API, datePublished=2024-12-23T17:16:06.886111, dateCreated=2024-12-23T16:07:56.099955, postStatus=PUBLISHED), Post(id=19, author=redacteur1, authorId=3, content=Ja het was weer nat en warm.., title=Mooie Zomerseregenbui, category=Weer, datePublished=2025-01-09T23:25:38.588659, dateCreated=2025-01-09T23:25:38.588659, postStatus=PUBLISHED)] To PostResponse
2025-01-10T14:20:20.301+0100 INFO               [http-nio-8081-exec-6]         be.pxl.services.controller.api.PostController - Calling endpoint [GET] /api/post/published
2025-01-10T14:20:20.301+0100 INFO               [http-nio-8081-exec-6]         be.pxl.services.services.PostService - Retrieving all published posts
2025-01-10T14:20:20.307+0100 INFO               [http-nio-8081-exec-6]         be.pxl.services.services.PostService - Mapping [Post(id=17, author=redacteur1, authorId=3, content=Angular is een betere optie dan Vue als het op testen aankomt. Het heeft een uitstekende testmethodologie en biedt veel tools, zoals Jasmine en Karma, die de hele ontwikkelcode afzonderlijk testen., title=Angular beter dan Vue?, category=Frontend, datePublished=2024-12-23T16:04:23.643159, dateCreated=2024-12-23T16:04:23.643159, postStatus=PUBLISHED), Post(id=18, author=redacteur2, authorId=4, content=Beide platforms bieden krachtige tools en frameworks voor het creëren van robuuste en schaalbare API's., title=.Net of Java, category=API, datePublished=2024-12-23T17:16:06.886111, dateCreated=2024-12-23T16:07:56.099955, postStatus=PUBLISHED), Post(id=19, author=redacteur1, authorId=3, content=Ja het was weer nat en warm.., title=Mooie Zomerseregenbui, category=Weer, datePublished=2025-01-09T23:25:38.588659, dateCreated=2025-01-09T23:25:38.588659, postStatus=PUBLISHED)] To PostResponse
2025-01-10T14:20:21.219+0100 INFO               [http-nio-8081-exec-7]         be.pxl.services.controller.api.PostController - Calling endpoint [GET] /api/post/submitted
2025-01-10T14:20:21.219+0100 INFO               [http-nio-8081-exec-7]         be.pxl.services.services.PostService - Checking the role of the user
2025-01-10T14:20:21.219+0100 INFO               [http-nio-8081-exec-7]         be.pxl.services.services.PostService - Role is: Redacteur
2025-01-10T14:20:21.219+0100 INFO               [http-nio-8081-exec-7]         be.pxl.services.services.PostService - Retrieving all submitted posts
2025-01-10T14:20:21.223+0100 INFO               [http-nio-8081-exec-7]         be.pxl.services.services.PostService - Mapping [Post(id=16, author=redacteur1, authorId=3, content=Java Spring Boot is een opensource-hulpprogramma waarmee je eenvoudiger op Java gebaseerde frameworks kunt gebruiken om microservices en web-apps te maken., title=Java Spring Boot, category=Framework, datePublished=null, dateCreated=2024-12-23T16:03:32.661594, postStatus=SUBMITTED)] To PostResponse
2025-01-10T14:20:23.454+0100 INFO               [http-nio-8084-exec-4]         be.pxl.services.controller.api.CommentController - Calling endpoint [GET] /api/comment/16
2025-01-10T14:20:23.455+0100 INFO               [http-nio-8084-exec-4]         be.pxl.services.services.CommentService - Retrieving all comments
2025-01-10T14:20:23.458+0100 INFO               [http-nio-8081-exec-8]         be.pxl.services.controller.api.PostController - Calling endpoint [GET] /api/post/16 with params: 16 in PathVariable
2025-01-10T14:20:23.458+0100 INFO               [http-nio-8081-exec-8]         be.pxl.services.services.PostService - Finding post with id: 16
2025-01-10T14:20:23.458+0100 INFO               [http-nio-8082-exec-3]         be.pxl.services.controller.api.ReviewController - Calling endpoint [GET] /api/review/16
2025-01-10T14:20:23.459+0100 INFO               [http-nio-8082-exec-3]         be.pxl.services.services.ReviewService - Retrieving all review
2025-01-10T14:20:23.459+0100 INFO               [http-nio-8084-exec-4]         be.pxl.services.services.CommentService - Mapping [] To CommentResponse
2025-01-10T14:20:23.462+0100 INFO               [http-nio-8082-exec-3]         be.pxl.services.services.ReviewService - Mapping [Review(id=9, postId=16, feedback=test, dateCreated=2025-01-08T11:01:14.102300, reviewer=redacteur2, reviewerId=4)] To ReviewResponse
2025-01-10T14:20:23.463+0100 INFO               [http-nio-8081-exec-8]         be.pxl.services.services.PostService - Successfully found post with id: 16
2025-01-10T14:20:23.463+0100 INFO               [http-nio-8081-exec-8]         be.pxl.services.services.PostService - Mapping Post(id=16, author=redacteur1, authorId=3, content=Java Spring Boot is een opensource-hulpprogramma waarmee je eenvoudiger op Java gebaseerde frameworks kunt gebruiken om microservices en web-apps te maken., title=Java Spring Boot, category=Framework, datePublished=null, dateCreated=2024-12-23T16:03:32.661594, postStatus=SUBMITTED) To PostResponse
2025-01-10T14:20:27.607+0100 INFO               [http-nio-8081-exec-9]         be.pxl.services.controller.api.PostController - Calling endpoint [GET] /api/post/filter/CONCEPT
2025-01-10T14:20:27.607+0100 INFO               [http-nio-8081-exec-9]         be.pxl.services.services.PostService - Checking the role of the user
2025-01-10T14:20:27.607+0100 INFO               [http-nio-8081-exec-9]         be.pxl.services.services.PostService - Role is: Redacteur
2025-01-10T14:20:27.607+0100 INFO               [http-nio-8081-exec-9]         be.pxl.services.services.PostService - Retrieving all CONCEPT posts by author: 4
2025-01-10T14:20:27.614+0100 INFO               [http-nio-8081-exec-9]         be.pxl.services.services.PostService - Mapping [] To PostResponse
2025-01-10T14:20:28.513+0100 INFO               [http-nio-8081-exec-10]        be.pxl.services.controller.api.PostController - Calling endpoint [GET] /api/post/filter/APPROVED
2025-01-10T14:20:28.513+0100 INFO               [http-nio-8081-exec-10]        be.pxl.services.services.PostService - Checking the role of the user
2025-01-10T14:20:28.513+0100 INFO               [http-nio-8081-exec-10]        be.pxl.services.services.PostService - Role is: Redacteur
2025-01-10T14:20:28.513+0100 INFO               [http-nio-8081-exec-10]        be.pxl.services.services.PostService - Retrieving all APPROVED posts by author: 4
2025-01-10T14:20:28.516+0100 INFO               [http-nio-8081-exec-10]        be.pxl.services.services.PostService - Mapping [] To PostResponse
2025-01-10T14:20:29.366+0100 INFO               [http-nio-8081-exec-1]         be.pxl.services.controller.api.PostController - Calling endpoint [GET] /api/post/filter/REJECTED
2025-01-10T14:20:29.366+0100 INFO               [http-nio-8081-exec-1]         be.pxl.services.services.PostService - Checking the role of the user
2025-01-10T14:20:29.366+0100 INFO               [http-nio-8081-exec-1]         be.pxl.services.services.PostService - Role is: Redacteur
2025-01-10T14:20:29.366+0100 INFO               [http-nio-8081-exec-1]         be.pxl.services.services.PostService - Retrieving all REJECTED posts by author: 4
2025-01-10T14:20:29.369+0100 INFO               [http-nio-8081-exec-1]         be.pxl.services.services.PostService - Mapping [] To PostResponse
2025-01-10T14:20:33.071+0100 INFO               [http-nio-8081-exec-2]         be.pxl.services.controller.api.PostController - Calling endpoint [GET] /api/post/filter/CONCEPT
2025-01-10T14:20:33.071+0100 INFO               [http-nio-8081-exec-2]         be.pxl.services.services.PostService - Checking the role of the user
2025-01-10T14:20:33.071+0100 INFO               [http-nio-8081-exec-2]         be.pxl.services.services.PostService - Role is: Redacteur
2025-01-10T14:20:33.071+0100 INFO               [http-nio-8081-exec-2]         be.pxl.services.services.PostService - Retrieving all CONCEPT posts by author: 4
2025-01-10T14:20:33.074+0100 INFO               [http-nio-8081-exec-2]         be.pxl.services.services.PostService - Mapping [] To PostResponse
2025-01-10T14:20:33.985+0100 INFO               [http-nio-8081-exec-3]         be.pxl.services.controller.api.PostController - Calling endpoint [GET] /api/post/submitted
2025-01-10T14:20:33.985+0100 INFO               [http-nio-8081-exec-3]         be.pxl.services.services.PostService - Checking the role of the user
2025-01-10T14:20:33.985+0100 INFO               [http-nio-8081-exec-3]         be.pxl.services.services.PostService - Role is: Redacteur
2025-01-10T14:20:33.985+0100 INFO               [http-nio-8081-exec-3]         be.pxl.services.services.PostService - Retrieving all submitted posts
2025-01-10T14:20:33.989+0100 INFO               [http-nio-8081-exec-3]         be.pxl.services.services.PostService - Mapping [Post(id=16, author=redacteur1, authorId=3, content=Java Spring Boot is een opensource-hulpprogramma waarmee je eenvoudiger op Java gebaseerde frameworks kunt gebruiken om microservices en web-apps te maken., title=Java Spring Boot, category=Framework, datePublished=null, dateCreated=2024-12-23T16:03:32.661594, postStatus=SUBMITTED)] To PostResponse
2025-01-10T14:20:35.485+0100 INFO               [http-nio-8082-exec-4]         be.pxl.services.controller.api.ReviewController - Calling endpoint [GET] /api/review/16
2025-01-10T14:20:35.485+0100 INFO               [http-nio-8082-exec-4]         be.pxl.services.services.ReviewService - Retrieving all review
2025-01-10T14:20:35.486+0100 INFO               [http-nio-8084-exec-5]         be.pxl.services.controller.api.CommentController - Calling endpoint [GET] /api/comment/16
2025-01-10T14:20:35.486+0100 INFO               [http-nio-8084-exec-5]         be.pxl.services.services.CommentService - Retrieving all comments
2025-01-10T14:20:35.489+0100 INFO               [http-nio-8081-exec-4]         be.pxl.services.controller.api.PostController - Calling endpoint [GET] /api/post/16 with params: 16 in PathVariable
2025-01-10T14:20:35.489+0100 INFO               [http-nio-8081-exec-4]         be.pxl.services.services.PostService - Finding post with id: 16
2025-01-10T14:20:35.490+0100 INFO               [http-nio-8082-exec-4]         be.pxl.services.services.ReviewService - Mapping [Review(id=9, postId=16, feedback=test, dateCreated=2025-01-08T11:01:14.102300, reviewer=redacteur2, reviewerId=4)] To ReviewResponse
2025-01-10T14:20:35.491+0100 INFO               [http-nio-8084-exec-5]         be.pxl.services.services.CommentService - Mapping [] To CommentResponse
2025-01-10T14:20:35.495+0100 INFO               [http-nio-8081-exec-4]         be.pxl.services.services.PostService - Successfully found post with id: 16
2025-01-10T14:20:35.495+0100 INFO               [http-nio-8081-exec-4]         be.pxl.services.services.PostService - Mapping Post(id=16, author=redacteur1, authorId=3, content=Java Spring Boot is een opensource-hulpprogramma waarmee je eenvoudiger op Java gebaseerde frameworks kunt gebruiken om microservices en web-apps te maken., title=Java Spring Boot, category=Framework, datePublished=null, dateCreated=2024-12-23T16:03:32.661594, postStatus=SUBMITTED) To PostResponse
2025-01-10T14:20:40.652+0100 INFO               [http-nio-8081-exec-5]         be.pxl.services.controller.api.PostController - Calling endpoint [GET] /api/post/published
2025-01-10T14:20:40.652+0100 INFO               [http-nio-8081-exec-5]         be.pxl.services.services.PostService - Retrieving all published posts
2025-01-10T14:20:40.657+0100 INFO               [http-nio-8081-exec-5]         be.pxl.services.services.PostService - Mapping [Post(id=17, author=redacteur1, authorId=3, content=Angular is een betere optie dan Vue als het op testen aankomt. Het heeft een uitstekende testmethodologie en biedt veel tools, zoals Jasmine en Karma, die de hele ontwikkelcode afzonderlijk testen., title=Angular beter dan Vue?, category=Frontend, datePublished=2024-12-23T16:04:23.643159, dateCreated=2024-12-23T16:04:23.643159, postStatus=PUBLISHED), Post(id=18, author=redacteur2, authorId=4, content=Beide platforms bieden krachtige tools en frameworks voor het creëren van robuuste en schaalbare API's., title=.Net of Java, category=API, datePublished=2024-12-23T17:16:06.886111, dateCreated=2024-12-23T16:07:56.099955, postStatus=PUBLISHED), Post(id=19, author=redacteur1, authorId=3, content=Ja het was weer nat en warm.., title=Mooie Zomerseregenbui, category=Weer, datePublished=2025-01-09T23:25:38.588659, dateCreated=2025-01-09T23:25:38.588659, postStatus=PUBLISHED)] To PostResponse
2025-01-10T14:20:46.761+0100 INFO               [http-nio-8082-exec-5]         be.pxl.services.controller.api.ReviewController - Calling endpoint [GET] /api/review/19
2025-01-10T14:20:46.761+0100 INFO               [http-nio-8082-exec-5]         be.pxl.services.services.ReviewService - Retrieving all review
2025-01-10T14:20:46.761+0100 INFO               [http-nio-8084-exec-6]         be.pxl.services.controller.api.CommentController - Calling endpoint [GET] /api/comment/19
2025-01-10T14:20:46.761+0100 INFO               [http-nio-8084-exec-6]         be.pxl.services.services.CommentService - Retrieving all comments
2025-01-10T14:20:46.761+0100 INFO               [http-nio-8081-exec-6]         be.pxl.services.controller.api.PostController - Calling endpoint [GET] /api/post/19 with params: 19 in PathVariable
2025-01-10T14:20:46.761+0100 INFO               [http-nio-8081-exec-6]         be.pxl.services.services.PostService - Finding post with id: 19
2025-01-10T14:20:46.765+0100 INFO               [http-nio-8082-exec-5]         be.pxl.services.services.ReviewService - Mapping [] To ReviewResponse
2025-01-10T14:20:46.765+0100 INFO               [http-nio-8084-exec-6]         be.pxl.services.services.CommentService - Mapping [] To CommentResponse
2025-01-10T14:20:46.768+0100 INFO               [http-nio-8081-exec-6]         be.pxl.services.services.PostService - Successfully found post with id: 19
2025-01-10T14:20:46.768+0100 INFO               [http-nio-8081-exec-6]         be.pxl.services.services.PostService - Mapping Post(id=19, author=redacteur1, authorId=3, content=Ja het was weer nat en warm.., title=Mooie Zomerseregenbui, category=Weer, datePublished=2025-01-09T23:25:38.588659, dateCreated=2025-01-09T23:25:38.588659, postStatus=PUBLISHED) To PostResponse
2025-01-10T14:20:46.780+0100 INFO               [http-nio-8084-exec-7]         be.pxl.services.controller.api.CommentController - Calling endpoint [GET] /api/comment/19
2025-01-10T14:20:46.780+0100 INFO               [http-nio-8084-exec-7]         be.pxl.services.services.CommentService - Retrieving all comments
2025-01-10T14:20:46.784+0100 INFO               [http-nio-8084-exec-7]         be.pxl.services.services.CommentService - Mapping [] To CommentResponse
2025-01-10T14:20:48.696+0100 INFO               [http-nio-8081-exec-7]         be.pxl.services.controller.api.PostController - Calling endpoint [GET] /api/post/published
2025-01-10T14:20:48.696+0100 INFO               [http-nio-8081-exec-7]         be.pxl.services.services.PostService - Retrieving all published posts
2025-01-10T14:20:48.701+0100 INFO               [http-nio-8081-exec-7]         be.pxl.services.services.PostService - Mapping [Post(id=17, author=redacteur1, authorId=3, content=Angular is een betere optie dan Vue als het op testen aankomt. Het heeft een uitstekende testmethodologie en biedt veel tools, zoals Jasmine en Karma, die de hele ontwikkelcode afzonderlijk testen., title=Angular beter dan Vue?, category=Frontend, datePublished=2024-12-23T16:04:23.643159, dateCreated=2024-12-23T16:04:23.643159, postStatus=PUBLISHED), Post(id=18, author=redacteur2, authorId=4, content=Beide platforms bieden krachtige tools en frameworks voor het creëren van robuuste en schaalbare API's., title=.Net of Java, category=API, datePublished=2024-12-23T17:16:06.886111, dateCreated=2024-12-23T16:07:56.099955, postStatus=PUBLISHED), Post(id=19, author=redacteur1, authorId=3, content=Ja het was weer nat en warm.., title=Mooie Zomerseregenbui, category=Weer, datePublished=2025-01-09T23:25:38.588659, dateCreated=2025-01-09T23:25:38.588659, postStatus=PUBLISHED)] To PostResponse
2025-01-10T14:20:49.661+0100 INFO               [http-nio-8084-exec-8]         be.pxl.services.controller.api.CommentController - Calling endpoint [GET] /api/comment/17
2025-01-10T14:20:49.662+0100 INFO               [http-nio-8084-exec-8]         be.pxl.services.services.CommentService - Retrieving all comments
2025-01-10T14:20:49.662+0100 INFO               [http-nio-8082-exec-6]         be.pxl.services.controller.api.ReviewController - Calling endpoint [GET] /api/review/17
2025-01-10T14:20:49.662+0100 INFO               [http-nio-8082-exec-6]         be.pxl.services.services.ReviewService - Retrieving all review
2025-01-10T14:20:49.664+0100 INFO               [http-nio-8081-exec-8]         be.pxl.services.controller.api.PostController - Calling endpoint [GET] /api/post/17 with params: 17 in PathVariable
2025-01-10T14:20:49.664+0100 INFO               [http-nio-8081-exec-8]         be.pxl.services.services.PostService - Finding post with id: 17
2025-01-10T14:20:49.665+0100 INFO               [http-nio-8082-exec-6]         be.pxl.services.services.ReviewService - Mapping [] To ReviewResponse
2025-01-10T14:20:49.667+0100 INFO               [http-nio-8084-exec-8]         be.pxl.services.services.CommentService - Mapping [Comment(id=1, postId=17, text=testComment Angular beter dan Vue?, dateCreated=2024-12-31T15:16:01.335088, commenter=gebruiker1, commenterId=1), Comment(id=3, postId=17, text=Deze comment ga ik zodatelijk bijwerken jonge., dateCreated=2024-12-31T15:44:01.886676, commenter=gebruiker2, commenterId=2), Comment(id=4, postId=17, text=Nieuwe comment2233, dateCreated=2024-12-31T16:08:54.700584, commenter=redacteur1, commenterId=3), Comment(id=5, postId=17, text=Commentje, dateCreated=2025-01-08T10:39:56.610885, commenter=redacteur1, commenterId=3)] To CommentResponse
2025-01-10T14:20:49.670+0100 INFO               [http-nio-8081-exec-8]         be.pxl.services.services.PostService - Successfully found post with id: 17
2025-01-10T14:20:49.670+0100 INFO               [http-nio-8081-exec-8]         be.pxl.services.services.PostService - Mapping Post(id=17, author=redacteur1, authorId=3, content=Angular is een betere optie dan Vue als het op testen aankomt. Het heeft een uitstekende testmethodologie en biedt veel tools, zoals Jasmine en Karma, die de hele ontwikkelcode afzonderlijk testen., title=Angular beter dan Vue?, category=Frontend, datePublished=2024-12-23T16:04:23.643159, dateCreated=2024-12-23T16:04:23.643159, postStatus=PUBLISHED) To PostResponse
2025-01-10T14:20:49.680+0100 INFO               [http-nio-8084-exec-9]         be.pxl.services.controller.api.CommentController - Calling endpoint [GET] /api/comment/17
2025-01-10T14:20:49.680+0100 INFO               [http-nio-8084-exec-9]         be.pxl.services.services.CommentService - Retrieving all comments
2025-01-10T14:20:49.683+0100 INFO               [http-nio-8084-exec-9]         be.pxl.services.services.CommentService - Mapping [Comment(id=1, postId=17, text=testComment Angular beter dan Vue?, dateCreated=2024-12-31T15:16:01.335088, commenter=gebruiker1, commenterId=1), Comment(id=3, postId=17, text=Deze comment ga ik zodatelijk bijwerken jonge., dateCreated=2024-12-31T15:44:01.886676, commenter=gebruiker2, commenterId=2), Comment(id=4, postId=17, text=Nieuwe comment2233, dateCreated=2024-12-31T16:08:54.700584, commenter=redacteur1, commenterId=3), Comment(id=5, postId=17, text=Commentje, dateCreated=2025-01-08T10:39:56.610885, commenter=redacteur1, commenterId=3)] To CommentResponse
